ARM GAS  C:\Users\bchir\AppData\Local\Temp\ccvfeZRa.s 			page 1


   1              		.syntax unified
   2              		.cpu cortex-m3
   3              		.fpu softvfp
   4              		.eabi_attribute 20, 1
   5              		.eabi_attribute 21, 1
   6              		.eabi_attribute 23, 3
   7              		.eabi_attribute 24, 1
   8              		.eabi_attribute 25, 1
   9              		.eabi_attribute 26, 1
  10              		.eabi_attribute 30, 1
  11              		.eabi_attribute 34, 1
  12              		.eabi_attribute 18, 4
  13              		.thumb
  14              		.syntax unified
  15              		.file	"BluetoothUART_INT.c"
  16              		.text
  17              	.Ltext0:
  18              		.cfi_sections	.debug_frame
  19              		.global	entryCounter
  20              		.bss
  21              		.align	2
  22              		.type	entryCounter, %object
  23              		.size	entryCounter, 4
  24              	entryCounter:
  25 0000 00000000 		.space	4
  26              		.text
  27              	.Letext0:
  28              		.file 1 "c:\\program files (x86)\\cypress\\psoc creator\\4.4\\psoc creator\\import\\gnu\\arm\\5.4.
  29              		.file 2 "c:\\program files (x86)\\cypress\\psoc creator\\4.4\\psoc creator\\import\\gnu\\arm\\5.4.
  30              		.file 3 "Generated_Source\\PSoC5/core_cm3.h"
  31              		.file 4 "Generated_Source\\PSoC5\\BluetoothUART_INT.c"
  32              		.section	.debug_info,"",%progbits
  33              	.Ldebug_info0:
  34 0000 C0000000 		.4byte	0xc0
  35 0004 0400     		.2byte	0x4
  36 0006 00000000 		.4byte	.Ldebug_abbrev0
  37 000a 04       		.byte	0x4
  38 000b 01       		.uleb128 0x1
  39 000c 2E000000 		.4byte	.LASF18
  40 0010 0C       		.byte	0xc
  41 0011 88010000 		.4byte	.LASF19
  42 0015 15010000 		.4byte	.LASF20
  43 0019 00000000 		.4byte	.Ldebug_line0
  44 001d 02       		.uleb128 0x2
  45 001e 01       		.byte	0x1
  46 001f 06       		.byte	0x6
  47 0020 56010000 		.4byte	.LASF0
  48 0024 02       		.uleb128 0x2
  49 0025 01       		.byte	0x1
  50 0026 08       		.byte	0x8
  51 0027 E5000000 		.4byte	.LASF1
  52 002b 02       		.uleb128 0x2
  53 002c 02       		.byte	0x2
  54 002d 05       		.byte	0x5
  55 002e 7E010000 		.4byte	.LASF2
  56 0032 02       		.uleb128 0x2
  57 0033 02       		.byte	0x2
ARM GAS  C:\Users\bchir\AppData\Local\Temp\ccvfeZRa.s 			page 2


  58 0034 07       		.byte	0x7
  59 0035 0E000000 		.4byte	.LASF3
  60 0039 03       		.uleb128 0x3
  61 003a 6E010000 		.4byte	.LASF9
  62 003e 01       		.byte	0x1
  63 003f 3F       		.byte	0x3f
  64 0040 44000000 		.4byte	0x44
  65 0044 02       		.uleb128 0x2
  66 0045 04       		.byte	0x4
  67 0046 05       		.byte	0x5
  68 0047 05010000 		.4byte	.LASF4
  69 004b 02       		.uleb128 0x2
  70 004c 04       		.byte	0x4
  71 004d 07       		.byte	0x7
  72 004e BC000000 		.4byte	.LASF5
  73 0052 02       		.uleb128 0x2
  74 0053 08       		.byte	0x8
  75 0054 05       		.byte	0x5
  76 0055 00000000 		.4byte	.LASF6
  77 0059 02       		.uleb128 0x2
  78 005a 08       		.byte	0x8
  79 005b 07       		.byte	0x7
  80 005c CE000000 		.4byte	.LASF7
  81 0060 04       		.uleb128 0x4
  82 0061 04       		.byte	0x4
  83 0062 05       		.byte	0x5
  84 0063 696E7400 		.ascii	"int\000"
  85 0067 02       		.uleb128 0x2
  86 0068 04       		.byte	0x4
  87 0069 07       		.byte	0x7
  88 006a 21000000 		.4byte	.LASF8
  89 006e 03       		.uleb128 0x3
  90 006f B3010000 		.4byte	.LASF10
  91 0073 02       		.byte	0x2
  92 0074 2C       		.byte	0x2c
  93 0075 39000000 		.4byte	0x39
  94 0079 02       		.uleb128 0x2
  95 007a 04       		.byte	0x4
  96 007b 04       		.byte	0x4
  97 007c 78010000 		.4byte	.LASF11
  98 0080 02       		.uleb128 0x2
  99 0081 08       		.byte	0x8
 100 0082 04       		.byte	0x4
 101 0083 0E010000 		.4byte	.LASF12
 102 0087 02       		.uleb128 0x2
 103 0088 01       		.byte	0x1
 104 0089 08       		.byte	0x8
 105 008a F3000000 		.4byte	.LASF13
 106 008e 02       		.uleb128 0x2
 107 008f 08       		.byte	0x8
 108 0090 04       		.byte	0x4
 109 0091 62010000 		.4byte	.LASF14
 110 0095 02       		.uleb128 0x2
 111 0096 04       		.byte	0x4
 112 0097 07       		.byte	0x7
 113 0098 BB010000 		.4byte	.LASF15
 114 009c 05       		.uleb128 0x5
ARM GAS  C:\Users\bchir\AppData\Local\Temp\ccvfeZRa.s 			page 3


 115 009d 49010000 		.4byte	.LASF16
 116 00a1 03       		.byte	0x3
 117 00a2 1207     		.2byte	0x712
 118 00a4 A8000000 		.4byte	0xa8
 119 00a8 06       		.uleb128 0x6
 120 00a9 6E000000 		.4byte	0x6e
 121 00ad 07       		.uleb128 0x7
 122 00ae F8000000 		.4byte	.LASF17
 123 00b2 04       		.byte	0x4
 124 00b3 1F       		.byte	0x1f
 125 00b4 BE000000 		.4byte	0xbe
 126 00b8 05       		.uleb128 0x5
 127 00b9 03       		.byte	0x3
 128 00ba 00000000 		.4byte	entryCounter
 129 00be 06       		.uleb128 0x6
 130 00bf 60000000 		.4byte	0x60
 131 00c3 00       		.byte	0
 132              		.section	.debug_abbrev,"",%progbits
 133              	.Ldebug_abbrev0:
 134 0000 01       		.uleb128 0x1
 135 0001 11       		.uleb128 0x11
 136 0002 01       		.byte	0x1
 137 0003 25       		.uleb128 0x25
 138 0004 0E       		.uleb128 0xe
 139 0005 13       		.uleb128 0x13
 140 0006 0B       		.uleb128 0xb
 141 0007 03       		.uleb128 0x3
 142 0008 0E       		.uleb128 0xe
 143 0009 1B       		.uleb128 0x1b
 144 000a 0E       		.uleb128 0xe
 145 000b 10       		.uleb128 0x10
 146 000c 17       		.uleb128 0x17
 147 000d 00       		.byte	0
 148 000e 00       		.byte	0
 149 000f 02       		.uleb128 0x2
 150 0010 24       		.uleb128 0x24
 151 0011 00       		.byte	0
 152 0012 0B       		.uleb128 0xb
 153 0013 0B       		.uleb128 0xb
 154 0014 3E       		.uleb128 0x3e
 155 0015 0B       		.uleb128 0xb
 156 0016 03       		.uleb128 0x3
 157 0017 0E       		.uleb128 0xe
 158 0018 00       		.byte	0
 159 0019 00       		.byte	0
 160 001a 03       		.uleb128 0x3
 161 001b 16       		.uleb128 0x16
 162 001c 00       		.byte	0
 163 001d 03       		.uleb128 0x3
 164 001e 0E       		.uleb128 0xe
 165 001f 3A       		.uleb128 0x3a
 166 0020 0B       		.uleb128 0xb
 167 0021 3B       		.uleb128 0x3b
 168 0022 0B       		.uleb128 0xb
 169 0023 49       		.uleb128 0x49
 170 0024 13       		.uleb128 0x13
 171 0025 00       		.byte	0
ARM GAS  C:\Users\bchir\AppData\Local\Temp\ccvfeZRa.s 			page 4


 172 0026 00       		.byte	0
 173 0027 04       		.uleb128 0x4
 174 0028 24       		.uleb128 0x24
 175 0029 00       		.byte	0
 176 002a 0B       		.uleb128 0xb
 177 002b 0B       		.uleb128 0xb
 178 002c 3E       		.uleb128 0x3e
 179 002d 0B       		.uleb128 0xb
 180 002e 03       		.uleb128 0x3
 181 002f 08       		.uleb128 0x8
 182 0030 00       		.byte	0
 183 0031 00       		.byte	0
 184 0032 05       		.uleb128 0x5
 185 0033 34       		.uleb128 0x34
 186 0034 00       		.byte	0
 187 0035 03       		.uleb128 0x3
 188 0036 0E       		.uleb128 0xe
 189 0037 3A       		.uleb128 0x3a
 190 0038 0B       		.uleb128 0xb
 191 0039 3B       		.uleb128 0x3b
 192 003a 05       		.uleb128 0x5
 193 003b 49       		.uleb128 0x49
 194 003c 13       		.uleb128 0x13
 195 003d 3F       		.uleb128 0x3f
 196 003e 19       		.uleb128 0x19
 197 003f 3C       		.uleb128 0x3c
 198 0040 19       		.uleb128 0x19
 199 0041 00       		.byte	0
 200 0042 00       		.byte	0
 201 0043 06       		.uleb128 0x6
 202 0044 35       		.uleb128 0x35
 203 0045 00       		.byte	0
 204 0046 49       		.uleb128 0x49
 205 0047 13       		.uleb128 0x13
 206 0048 00       		.byte	0
 207 0049 00       		.byte	0
 208 004a 07       		.uleb128 0x7
 209 004b 34       		.uleb128 0x34
 210 004c 00       		.byte	0
 211 004d 03       		.uleb128 0x3
 212 004e 0E       		.uleb128 0xe
 213 004f 3A       		.uleb128 0x3a
 214 0050 0B       		.uleb128 0xb
 215 0051 3B       		.uleb128 0x3b
 216 0052 0B       		.uleb128 0xb
 217 0053 49       		.uleb128 0x49
 218 0054 13       		.uleb128 0x13
 219 0055 3F       		.uleb128 0x3f
 220 0056 19       		.uleb128 0x19
 221 0057 02       		.uleb128 0x2
 222 0058 18       		.uleb128 0x18
 223 0059 00       		.byte	0
 224 005a 00       		.byte	0
 225 005b 00       		.byte	0
 226              		.section	.debug_aranges,"",%progbits
 227 0000 14000000 		.4byte	0x14
 228 0004 0200     		.2byte	0x2
ARM GAS  C:\Users\bchir\AppData\Local\Temp\ccvfeZRa.s 			page 5


 229 0006 00000000 		.4byte	.Ldebug_info0
 230 000a 04       		.byte	0x4
 231 000b 00       		.byte	0
 232 000c 0000     		.2byte	0
 233 000e 0000     		.2byte	0
 234 0010 00000000 		.4byte	0
 235 0014 00000000 		.4byte	0
 236              		.section	.debug_line,"",%progbits
 237              	.Ldebug_line0:
 238 0000 52010000 		.section	.debug_str,"MS",%progbits,1
 238      02004C01 
 238      00000201 
 238      FB0E0D00 
 238      01010101 
 239              	.LASF6:
 240 0000 6C6F6E67 		.ascii	"long long int\000"
 240      206C6F6E 
 240      6720696E 
 240      7400
 241              	.LASF3:
 242 000e 73686F72 		.ascii	"short unsigned int\000"
 242      7420756E 
 242      7369676E 
 242      65642069 
 242      6E7400
 243              	.LASF8:
 244 0021 756E7369 		.ascii	"unsigned int\000"
 244      676E6564 
 244      20696E74 
 244      00
 245              	.LASF18:
 246 002e 474E5520 		.ascii	"GNU C11 5.4.1 20160609 (release) [ARM/embedded-5-br"
 246      43313120 
 246      352E342E 
 246      31203230 
 246      31363036 
 247 0061 616E6368 		.ascii	"anch revision 237715] -mcpu=cortex-m3 -mthumb -g -O"
 247      20726576 
 247      6973696F 
 247      6E203233 
 247      37373135 
 248 0094 67202D66 		.ascii	"g -ffunction-sections -ffat-lto-objects\000"
 248      66756E63 
 248      74696F6E 
 248      2D736563 
 248      74696F6E 
 249              	.LASF5:
 250 00bc 6C6F6E67 		.ascii	"long unsigned int\000"
 250      20756E73 
 250      69676E65 
 250      6420696E 
 250      7400
 251              	.LASF7:
 252 00ce 6C6F6E67 		.ascii	"long long unsigned int\000"
 252      206C6F6E 
 252      6720756E 
 252      7369676E 
ARM GAS  C:\Users\bchir\AppData\Local\Temp\ccvfeZRa.s 			page 6


 252      65642069 
 253              	.LASF1:
 254 00e5 756E7369 		.ascii	"unsigned char\000"
 254      676E6564 
 254      20636861 
 254      7200
 255              	.LASF13:
 256 00f3 63686172 		.ascii	"char\000"
 256      00
 257              	.LASF17:
 258 00f8 656E7472 		.ascii	"entryCounter\000"
 258      79436F75 
 258      6E746572 
 258      00
 259              	.LASF4:
 260 0105 6C6F6E67 		.ascii	"long int\000"
 260      20696E74 
 260      00
 261              	.LASF12:
 262 010e 646F7562 		.ascii	"double\000"
 262      6C6500
 263              	.LASF20:
 264 0115 453A5C47 		.ascii	"E:\\GIT Hub Project\\protocov\\Protocov\\Protocov.c"
 264      49542048 
 264      75622050 
 264      726F6A65 
 264      63745C70 
 265 0144 7964736E 		.ascii	"ydsn\000"
 265      00
 266              	.LASF16:
 267 0149 49544D5F 		.ascii	"ITM_RxBuffer\000"
 267      52784275 
 267      66666572 
 267      00
 268              	.LASF0:
 269 0156 7369676E 		.ascii	"signed char\000"
 269      65642063 
 269      68617200 
 270              	.LASF14:
 271 0162 6C6F6E67 		.ascii	"long double\000"
 271      20646F75 
 271      626C6500 
 272              	.LASF9:
 273 016e 5F5F696E 		.ascii	"__int32_t\000"
 273      7433325F 
 273      7400
 274              	.LASF11:
 275 0178 666C6F61 		.ascii	"float\000"
 275      7400
 276              	.LASF2:
 277 017e 73686F72 		.ascii	"short int\000"
 277      7420696E 
 277      7400
 278              	.LASF19:
 279 0188 47656E65 		.ascii	"Generated_Source\\PSoC5\\BluetoothUART_INT.c\000"
 279      72617465 
 279      645F536F 
ARM GAS  C:\Users\bchir\AppData\Local\Temp\ccvfeZRa.s 			page 7


 279      75726365 
 279      5C50536F 
 280              	.LASF10:
 281 01b3 696E7433 		.ascii	"int32_t\000"
 281      325F7400 
 282              	.LASF15:
 283 01bb 73697A65 		.ascii	"sizetype\000"
 283      74797065 
 283      00
 284              		.ident	"GCC: (GNU Tools for ARM Embedded Processors) 5.4.1 20160609 (release) [ARM/embedded-5-bran
