ARM GAS  C:\Users\bchir\AppData\Local\Temp\cctkW418.s 			page 1


   1              		.syntax unified
   2              		.cpu cortex-m3
   3              		.fpu softvfp
   4              		.eabi_attribute 20, 1
   5              		.eabi_attribute 21, 1
   6              		.eabi_attribute 23, 3
   7              		.eabi_attribute 24, 1
   8              		.eabi_attribute 25, 1
   9              		.eabi_attribute 26, 1
  10              		.eabi_attribute 30, 1
  11              		.eabi_attribute 34, 1
  12              		.eabi_attribute 18, 4
  13              		.thumb
  14              		.syntax unified
  15              		.file	"CanBusMessageRead.c"
  16              		.text
  17              	.Ltext0:
  18              		.cfi_sections	.debug_frame
  19              		.section	.text.TaskCanbusMessageRead,"ax",%progbits
  20              		.align	2
  21              		.thumb
  22              		.thumb_func
  23              		.type	TaskCanbusMessageRead, %function
  24              	TaskCanbusMessageRead:
  25              	.LFB68:
  26              		.file 1 "CanBusMessageRead.c"
   1:CanBusMessageRead.c **** /* ========================================
   2:CanBusMessageRead.c ****  *
   3:CanBusMessageRead.c ****  * Copyright YOUR COMPANY, THE YEAR
   4:CanBusMessageRead.c ****  * All Rights Reserved
   5:CanBusMessageRead.c ****  * UNPUBLISHED, LICENSED SOFTWARE.
   6:CanBusMessageRead.c ****  *
   7:CanBusMessageRead.c ****  * CONFIDENTIAL AND PROPRIETARY INFORMATION
   8:CanBusMessageRead.c ****  * WHICH IS THE PROPERTY OF your company.
   9:CanBusMessageRead.c ****  *
  10:CanBusMessageRead.c ****  * ========================================
  11:CanBusMessageRead.c **** */
  12:CanBusMessageRead.c **** 
  13:CanBusMessageRead.c **** 
  14:CanBusMessageRead.c ****  /*SG_ Telephone : 0|1@0+ (1,0) [0|1] "" RAD
  15:CanBusMessageRead.c ****  SG_ IncVolume : 2|1@0+ (1,0) [0|1] "" RAD
  16:CanBusMessageRead.c ****  SG_ DecVolume : 3|1@0+ (1,0) [0|1] "" RAD
  17:CanBusMessageRead.c ****  SG_ PrevArrow : 4|1@0+ (1,0) [0|1] "" RAD
  18:CanBusMessageRead.c ****  SG_ NextArrow : 5|1@0+ (1,0) [0|1] "" RAD
  19:CanBusMessageRead.c ****  SG_ VoiceCmd : 8|1@0+ (1,0) [0|1] "" TEL
  20:CanBusMessageRead.c ****  SG_ AirRecirc : 12|1@0+ (1,0) [0|1] ""  IHKA
  21:CanBusMessageRead.c ****  SG_ RT_button : 14|1@0+ (1,0) [0|1] "" RAD
  22:CanBusMessageRead.c **** 
  23:CanBusMessageRead.c **** CM_ BO_ 470 "0x1D6 MFL (SZL): Steering Wheel Controls";
  24:CanBusMessageRead.c **** CM_  SG_ 470 Telephone "Telephone Button (answer/end call)";
  25:CanBusMessageRead.c **** CM_  SG_ 470 IncVolume "Increase Volume";
  26:CanBusMessageRead.c **** CM_  SG_ 470 DecVolume "Decrease Volume";
  27:CanBusMessageRead.c **** CM_  SG_ 470 NextArrow "Previous Track";
  28:CanBusMessageRead.c **** CM_  SG_ 470 PrevArrow "Next Track";
  29:CanBusMessageRead.c **** CM_  SG_ 470 VoiceCmd "Voice Command Button";
  30:CanBusMessageRead.c **** CM_  SG_ 470 AirRecirc "Air Recirculation Control (IHKA)";
  31:CanBusMessageRead.c **** CM_  SG_ 470 RT_button "Radio/Telephone Button";
ARM GAS  C:\Users\bchir\AppData\Local\Temp\cctkW418.s 			page 2


  32:CanBusMessageRead.c **** */
  33:CanBusMessageRead.c **** 
  34:CanBusMessageRead.c **** 
  35:CanBusMessageRead.c **** #include "CanbusMessageRead.h"
  36:CanBusMessageRead.c **** #include "VehicleCAN.h"
  37:CanBusMessageRead.c **** 
  38:CanBusMessageRead.c **** extern CANBusRXMessage_t canbusRecMgsBuffer[20];
  39:CanBusMessageRead.c **** 
  40:CanBusMessageRead.c **** static void TaskCanbusMessageRead( void *pvParameters )
  41:CanBusMessageRead.c **** {
  27              		.loc 1 41 0
  28              		.cfi_startproc
  29              		@ args = 0, pretend = 0, frame = 0
  30              		@ frame_needed = 0, uses_anonymous_args = 0
  31              	.LVL0:
  32 0000 10B5     		push	{r4, lr}
  33              		.cfi_def_cfa_offset 8
  34              		.cfi_offset 4, -8
  35              		.cfi_offset 14, -4
  42:CanBusMessageRead.c **** 	
  43:CanBusMessageRead.c ****     (void)pvParameters;
  44:CanBusMessageRead.c ****     
  45:CanBusMessageRead.c ****     VehicleCAN_Start();
  36              		.loc 1 45 0
  37 0002 FFF7FEFF 		bl	VehicleCAN_Start
  38              	.LVL1:
  46:CanBusMessageRead.c ****     
  47:CanBusMessageRead.c ****     uint8_t recMsgBufferPos = 0;
  39              		.loc 1 47 0
  40 0006 0024     		movs	r4, #0
  41              	.LVL2:
  42              	.L2:
  48:CanBusMessageRead.c ****     
  49:CanBusMessageRead.c **** 	for( ;; )
  50:CanBusMessageRead.c **** 	{
  51:CanBusMessageRead.c **** 		
  52:CanBusMessageRead.c ****         if( (uint16_t)canbusRecMgsBuffer[recMsgBufferPos].rxid.byte == 0 )
  43              		.loc 1 52 0
  44 0008 04EB4403 		add	r3, r4, r4, lsl #1
  45 000c 04EB8303 		add	r3, r4, r3, lsl #2
  46 0010 084A     		ldr	r2, .L8
  47 0012 1344     		add	r3, r3, r2
  48 0014 9BB2     		uxth	r3, r3
  49 0016 13B9     		cbnz	r3, .L3
  53:CanBusMessageRead.c ****         {
  54:CanBusMessageRead.c ****  
  55:CanBusMessageRead.c ****             recMsgBufferPos++; 
  50              		.loc 1 55 0
  51 0018 0134     		adds	r4, r4, #1
  52              	.LVL3:
  53 001a E4B2     		uxtb	r4, r4
  54              	.LVL4:
  56:CanBusMessageRead.c ****             continue;  
  55              		.loc 1 56 0
  56 001c F4E7     		b	.L2
  57              	.L3:
  57:CanBusMessageRead.c ****         }
ARM GAS  C:\Users\bchir\AppData\Local\Temp\cctkW418.s 			page 3


  58:CanBusMessageRead.c ****         
  59:CanBusMessageRead.c ****         
  60:CanBusMessageRead.c ****         
  61:CanBusMessageRead.c ****         if( recMsgBufferPos < ( sizeof(canbusRecMgsBuffer)/sizeof(CANBusRXMessage_t)) -1 )
  58              		.loc 1 61 0
  59 001e 122C     		cmp	r4, #18
  60 0020 02D8     		bhi	.L6
  62:CanBusMessageRead.c ****         {
  63:CanBusMessageRead.c ****            recMsgBufferPos++; 
  61              		.loc 1 63 0
  62 0022 0134     		adds	r4, r4, #1
  63              	.LVL5:
  64 0024 E4B2     		uxtb	r4, r4
  65              	.LVL6:
  66 0026 00E0     		b	.L5
  67              	.L6:
  64:CanBusMessageRead.c ****         }
  65:CanBusMessageRead.c ****         else
  66:CanBusMessageRead.c ****         {
  67:CanBusMessageRead.c ****            recMsgBufferPos = 0;
  68              		.loc 1 67 0
  69 0028 0024     		movs	r4, #0
  70              	.LVL7:
  71              	.L5:
  68:CanBusMessageRead.c ****         }
  69:CanBusMessageRead.c ****         
  70:CanBusMessageRead.c ****         vTaskDelay(10);
  72              		.loc 1 70 0
  73 002a 0A20     		movs	r0, #10
  74 002c FFF7FEFF 		bl	vTaskDelay
  75              	.LVL8:
  76 0030 EAE7     		b	.L2
  77              	.L9:
  78 0032 00BF     		.align	2
  79              	.L8:
  80 0034 00000000 		.word	canbusRecMgsBuffer
  81              		.cfi_endproc
  82              	.LFE68:
  83              		.size	TaskCanbusMessageRead, .-TaskCanbusMessageRead
  84              		.section	.text.startTasCanbusMessageRead,"ax",%progbits
  85              		.align	2
  86              		.global	startTasCanbusMessageRead
  87              		.thumb
  88              		.thumb_func
  89              		.type	startTasCanbusMessageRead, %function
  90              	startTasCanbusMessageRead:
  91              	.LFB69:
  71:CanBusMessageRead.c **** 	}
  72:CanBusMessageRead.c **** 
  73:CanBusMessageRead.c **** }
  74:CanBusMessageRead.c **** 
  75:CanBusMessageRead.c **** 
  76:CanBusMessageRead.c **** void startTasCanbusMessageRead()
  77:CanBusMessageRead.c **** {
  92              		.loc 1 77 0
  93              		.cfi_startproc
  94              		@ args = 0, pretend = 0, frame = 8
ARM GAS  C:\Users\bchir\AppData\Local\Temp\cctkW418.s 			page 4


  95              		@ frame_needed = 0, uses_anonymous_args = 0
  96 0000 00B5     		push	{lr}
  97              		.cfi_def_cfa_offset 4
  98              		.cfi_offset 14, -4
  99 0002 85B0     		sub	sp, sp, #20
 100              		.cfi_def_cfa_offset 24
  78:CanBusMessageRead.c ****     TaskHandle_t xHandle = NULL; 
 101              		.loc 1 78 0
 102 0004 0022     		movs	r2, #0
 103 0006 04AB     		add	r3, sp, #16
 104 0008 43F8042D 		str	r2, [r3, #-4]!
  79:CanBusMessageRead.c ****  	/* Create the task, storing the handle. */ 
  80:CanBusMessageRead.c **** 	xTaskCreate(
 105              		.loc 1 80 0
 106 000c 0193     		str	r3, [sp, #4]
 107 000e 0092     		str	r2, [sp]
 108 0010 0123     		movs	r3, #1
 109 0012 8022     		movs	r2, #128
 110 0014 0349     		ldr	r1, .L12
 111 0016 0448     		ldr	r0, .L12+4
 112 0018 FFF7FEFF 		bl	xTaskCreate
 113              	.LVL9:
  81:CanBusMessageRead.c **** 		TaskCanbusMessageRead,    /* Function that implements the task. */ 
  82:CanBusMessageRead.c **** 		"rrupt",  /* Text name for the task. */ 
  83:CanBusMessageRead.c **** 		128,                        /* Stack size in words, not bytes. */ 
  84:CanBusMessageRead.c **** 		( void * ) 1,               /* Parameter passed into the task. */ 
  85:CanBusMessageRead.c **** 		tskIDLE_PRIORITY,           /* Priority at which the task is created. */ 
  86:CanBusMessageRead.c **** 	&xHandle );                     /* Used to pass out the created task's handle. */ 
  87:CanBusMessageRead.c ****     
  88:CanBusMessageRead.c ****     
  89:CanBusMessageRead.c **** }
 114              		.loc 1 89 0
 115 001c 05B0     		add	sp, sp, #20
 116              		.cfi_def_cfa_offset 4
 117              		@ sp needed
 118 001e 5DF804FB 		ldr	pc, [sp], #4
 119              	.L13:
 120 0022 00BF     		.align	2
 121              	.L12:
 122 0024 00000000 		.word	.LC0
 123 0028 00000000 		.word	TaskCanbusMessageRead
 124              		.cfi_endproc
 125              	.LFE69:
 126              		.size	startTasCanbusMessageRead, .-startTasCanbusMessageRead
 127              		.section	.rodata.str1.4,"aMS",%progbits,1
 128              		.align	2
 129              	.LC0:
 130 0000 72727570 		.ascii	"rrupt\000"
 130      7400
 131              		.text
 132              	.Letext0:
 133              		.file 2 "c:\\program files (x86)\\cypress\\psoc creator\\4.4\\psoc creator\\import\\gnu\\arm\\5.4.
 134              		.file 3 "c:\\program files (x86)\\cypress\\psoc creator\\4.4\\psoc creator\\import\\gnu\\arm\\5.4.
 135              		.file 4 "Generated_Source\\PSoC5/cytypes.h"
 136              		.file 5 "Generated_Source\\PSoC5/VehicleCAN.h"
 137              		.file 6 "..\\..\\..\\FreeRTOS\\FreeRTOS-Kernel\\portable\\GCC\\ARM_CM3/portmacro.h"
 138              		.file 7 "..\\..\\..\\FreeRTOS\\FreeRTOS-Kernel\\include/task.h"
ARM GAS  C:\Users\bchir\AppData\Local\Temp\cctkW418.s 			page 5


 139              		.file 8 "CanbusMessageRead.h"
 140              		.file 9 "Generated_Source\\PSoC5/core_cm3.h"
 141              		.section	.debug_info,"",%progbits
 142              	.Ldebug_info0:
 143 0000 A2020000 		.4byte	0x2a2
 144 0004 0400     		.2byte	0x4
 145 0006 00000000 		.4byte	.Ldebug_abbrev0
 146 000a 04       		.byte	0x4
 147 000b 01       		.uleb128 0x1
 148 000c 6D000000 		.4byte	.LASF37
 149 0010 0C       		.byte	0xc
 150 0011 59000000 		.4byte	.LASF38
 151 0015 3B020000 		.4byte	.LASF39
 152 0019 00000000 		.4byte	.Ldebug_ranges0+0
 153 001d 00000000 		.4byte	0
 154 0021 00000000 		.4byte	.Ldebug_line0
 155 0025 02       		.uleb128 0x2
 156 0026 01       		.byte	0x1
 157 0027 06       		.byte	0x6
 158 0028 E8010000 		.4byte	.LASF0
 159 002c 03       		.uleb128 0x3
 160 002d 06000000 		.4byte	.LASF3
 161 0031 02       		.byte	0x2
 162 0032 1D       		.byte	0x1d
 163 0033 37000000 		.4byte	0x37
 164 0037 02       		.uleb128 0x2
 165 0038 01       		.byte	0x1
 166 0039 08       		.byte	0x8
 167 003a 58010000 		.4byte	.LASF1
 168 003e 02       		.uleb128 0x2
 169 003f 02       		.byte	0x2
 170 0040 05       		.byte	0x5
 171 0041 6F020000 		.4byte	.LASF2
 172 0045 03       		.uleb128 0x3
 173 0046 80010000 		.4byte	.LASF4
 174 004a 02       		.byte	0x2
 175 004b 2B       		.byte	0x2b
 176 004c 50000000 		.4byte	0x50
 177 0050 02       		.uleb128 0x2
 178 0051 02       		.byte	0x2
 179 0052 07       		.byte	0x7
 180 0053 23010000 		.4byte	.LASF5
 181 0057 03       		.uleb128 0x3
 182 0058 22000000 		.4byte	.LASF6
 183 005c 02       		.byte	0x2
 184 005d 3F       		.byte	0x3f
 185 005e 62000000 		.4byte	0x62
 186 0062 02       		.uleb128 0x2
 187 0063 04       		.byte	0x4
 188 0064 05       		.byte	0x5
 189 0065 3E000000 		.4byte	.LASF7
 190 0069 02       		.uleb128 0x2
 191 006a 04       		.byte	0x4
 192 006b 07       		.byte	0x7
 193 006c 11010000 		.4byte	.LASF8
 194 0070 02       		.uleb128 0x2
 195 0071 08       		.byte	0x8
ARM GAS  C:\Users\bchir\AppData\Local\Temp\cctkW418.s 			page 6


 196 0072 05       		.byte	0x5
 197 0073 05020000 		.4byte	.LASF9
 198 0077 02       		.uleb128 0x2
 199 0078 08       		.byte	0x8
 200 0079 07       		.byte	0x7
 201 007a C9010000 		.4byte	.LASF10
 202 007e 04       		.uleb128 0x4
 203 007f 04       		.byte	0x4
 204 0080 05       		.byte	0x5
 205 0081 696E7400 		.ascii	"int\000"
 206 0085 02       		.uleb128 0x2
 207 0086 04       		.byte	0x4
 208 0087 07       		.byte	0x7
 209 0088 BC010000 		.4byte	.LASF11
 210 008c 03       		.uleb128 0x3
 211 008d E0010000 		.4byte	.LASF12
 212 0091 03       		.byte	0x3
 213 0092 18       		.byte	0x18
 214 0093 2C000000 		.4byte	0x2c
 215 0097 03       		.uleb128 0x3
 216 0098 79020000 		.4byte	.LASF13
 217 009c 03       		.byte	0x3
 218 009d 24       		.byte	0x24
 219 009e 45000000 		.4byte	0x45
 220 00a2 03       		.uleb128 0x3
 221 00a3 F4010000 		.4byte	.LASF14
 222 00a7 03       		.byte	0x3
 223 00a8 2C       		.byte	0x2c
 224 00a9 57000000 		.4byte	0x57
 225 00ad 05       		.uleb128 0x5
 226 00ae 00000000 		.4byte	.LASF15
 227 00b2 04       		.byte	0x4
 228 00b3 E901     		.2byte	0x1e9
 229 00b5 37000000 		.4byte	0x37
 230 00b9 02       		.uleb128 0x2
 231 00ba 04       		.byte	0x4
 232 00bb 04       		.byte	0x4
 233 00bc 53000000 		.4byte	.LASF16
 234 00c0 02       		.uleb128 0x2
 235 00c1 08       		.byte	0x8
 236 00c2 04       		.byte	0x4
 237 00c3 8B010000 		.4byte	.LASF17
 238 00c7 02       		.uleb128 0x2
 239 00c8 01       		.byte	0x1
 240 00c9 08       		.byte	0x8
 241 00ca 29020000 		.4byte	.LASF18
 242 00ce 05       		.uleb128 0x5
 243 00cf FB000000 		.4byte	.LASF19
 244 00d3 04       		.byte	0x4
 245 00d4 9302     		.2byte	0x293
 246 00d6 DA000000 		.4byte	0xda
 247 00da 06       		.uleb128 0x6
 248 00db AD000000 		.4byte	0xad
 249 00df 02       		.uleb128 0x2
 250 00e0 08       		.byte	0x8
 251 00e1 04       		.byte	0x4
 252 00e2 9A020000 		.4byte	.LASF20
ARM GAS  C:\Users\bchir\AppData\Local\Temp\cctkW418.s 			page 7


 253 00e6 02       		.uleb128 0x2
 254 00e7 04       		.byte	0x4
 255 00e8 07       		.byte	0x7
 256 00e9 FC010000 		.4byte	.LASF21
 257 00ed 07       		.uleb128 0x7
 258 00ee 04       		.byte	0x4
 259 00ef 08       		.uleb128 0x8
 260 00f0 08       		.byte	0x8
 261 00f1 05       		.byte	0x5
 262 00f2 75       		.byte	0x75
 263 00f3 04010000 		.4byte	0x104
 264 00f7 09       		.uleb128 0x9
 265 00f8 47000000 		.4byte	.LASF23
 266 00fc 05       		.byte	0x5
 267 00fd 77       		.byte	0x77
 268 00fe 14010000 		.4byte	0x114
 269 0102 00       		.byte	0
 270 0103 00       		.byte	0
 271 0104 0A       		.uleb128 0xa
 272 0105 CE000000 		.4byte	0xce
 273 0109 14010000 		.4byte	0x114
 274 010d 0B       		.uleb128 0xb
 275 010e E6000000 		.4byte	0xe6
 276 0112 07       		.byte	0x7
 277 0113 00       		.byte	0
 278 0114 06       		.uleb128 0x6
 279 0115 04010000 		.4byte	0x104
 280 0119 03       		.uleb128 0x3
 281 011a 13020000 		.4byte	.LASF22
 282 011e 05       		.byte	0x5
 283 011f 78       		.byte	0x78
 284 0120 EF000000 		.4byte	0xef
 285 0124 08       		.uleb128 0x8
 286 0125 04       		.byte	0x4
 287 0126 05       		.byte	0x5
 288 0127 7B       		.byte	0x7b
 289 0128 39010000 		.4byte	0x139
 290 012c 09       		.uleb128 0x9
 291 012d 47000000 		.4byte	.LASF23
 292 0131 05       		.byte	0x5
 293 0132 7D       		.byte	0x7d
 294 0133 49010000 		.4byte	0x149
 295 0137 00       		.byte	0
 296 0138 00       		.byte	0
 297 0139 0A       		.uleb128 0xa
 298 013a CE000000 		.4byte	0xce
 299 013e 49010000 		.4byte	0x149
 300 0142 0B       		.uleb128 0xb
 301 0143 E6000000 		.4byte	0xe6
 302 0147 03       		.byte	0x3
 303 0148 00       		.byte	0
 304 0149 06       		.uleb128 0x6
 305 014a 39010000 		.4byte	0x139
 306 014e 03       		.uleb128 0x3
 307 014f 10000000 		.4byte	.LASF24
 308 0153 05       		.byte	0x5
 309 0154 7E       		.byte	0x7e
ARM GAS  C:\Users\bchir\AppData\Local\Temp\cctkW418.s 			page 8


 310 0155 24010000 		.4byte	0x124
 311 0159 03       		.uleb128 0x3
 312 015a B9020000 		.4byte	.LASF25
 313 015e 06       		.byte	0x6
 314 015f 3C       		.byte	0x3c
 315 0160 69000000 		.4byte	0x69
 316 0164 03       		.uleb128 0x3
 317 0165 82020000 		.4byte	.LASF26
 318 0169 07       		.byte	0x7
 319 016a 57       		.byte	0x57
 320 016b 6F010000 		.4byte	0x16f
 321 016f 0C       		.uleb128 0xc
 322 0170 04       		.byte	0x4
 323 0171 75010000 		.4byte	0x175
 324 0175 0D       		.uleb128 0xd
 325 0176 A8010000 		.4byte	.LASF40
 326 017a 08       		.uleb128 0x8
 327 017b 0D       		.byte	0xd
 328 017c 08       		.byte	0x8
 329 017d 13       		.byte	0x13
 330 017e A7010000 		.4byte	0x1a7
 331 0182 09       		.uleb128 0x9
 332 0183 53010000 		.4byte	.LASF27
 333 0187 08       		.byte	0x8
 334 0188 15       		.byte	0x15
 335 0189 4E010000 		.4byte	0x14e
 336 018d 00       		.byte	0
 337 018e 09       		.uleb128 0x9
 338 018f 4C000000 		.4byte	.LASF28
 339 0193 08       		.byte	0x8
 340 0194 16       		.byte	0x16
 341 0195 19010000 		.4byte	0x119
 342 0199 04       		.byte	0x4
 343 019a 0E       		.uleb128 0xe
 344 019b 646C6300 		.ascii	"dlc\000"
 345 019f 08       		.byte	0x8
 346 01a0 17       		.byte	0x17
 347 01a1 8C000000 		.4byte	0x8c
 348 01a5 0C       		.byte	0xc
 349 01a6 00       		.byte	0
 350 01a7 03       		.uleb128 0x3
 351 01a8 2C000000 		.4byte	.LASF29
 352 01ac 08       		.byte	0x8
 353 01ad 19       		.byte	0x19
 354 01ae 7A010000 		.4byte	0x17a
 355 01b2 0F       		.uleb128 0xf
 356 01b3 92010000 		.4byte	.LASF41
 357 01b7 01       		.byte	0x1
 358 01b8 28       		.byte	0x28
 359 01b9 00000000 		.4byte	.LFB68
 360 01bd 38000000 		.4byte	.LFE68-.LFB68
 361 01c1 01       		.uleb128 0x1
 362 01c2 9C       		.byte	0x9c
 363 01c3 FE010000 		.4byte	0x1fe
 364 01c7 10       		.uleb128 0x10
 365 01c8 2E020000 		.4byte	.LASF42
 366 01cc 01       		.byte	0x1
ARM GAS  C:\Users\bchir\AppData\Local\Temp\cctkW418.s 			page 9


 367 01cd 28       		.byte	0x28
 368 01ce ED000000 		.4byte	0xed
 369 01d2 00000000 		.4byte	.LLST0
 370 01d6 11       		.uleb128 0x11
 371 01d7 36010000 		.4byte	.LASF30
 372 01db 01       		.byte	0x1
 373 01dc 2F       		.byte	0x2f
 374 01dd 8C000000 		.4byte	0x8c
 375 01e1 21000000 		.4byte	.LLST1
 376 01e5 12       		.uleb128 0x12
 377 01e6 06000000 		.4byte	.LVL1
 378 01ea 82020000 		.4byte	0x282
 379 01ee 13       		.uleb128 0x13
 380 01ef 30000000 		.4byte	.LVL8
 381 01f3 8D020000 		.4byte	0x28d
 382 01f7 14       		.uleb128 0x14
 383 01f8 01       		.uleb128 0x1
 384 01f9 50       		.byte	0x50
 385 01fa 01       		.uleb128 0x1
 386 01fb 3A       		.byte	0x3a
 387 01fc 00       		.byte	0
 388 01fd 00       		.byte	0
 389 01fe 15       		.uleb128 0x15
 390 01ff 66010000 		.4byte	.LASF43
 391 0203 01       		.byte	0x1
 392 0204 4C       		.byte	0x4c
 393 0205 00000000 		.4byte	.LFB69
 394 0209 2C000000 		.4byte	.LFE69-.LFB69
 395 020d 01       		.uleb128 0x1
 396 020e 9C       		.byte	0x9c
 397 020f 56020000 		.4byte	0x256
 398 0213 16       		.uleb128 0x16
 399 0214 D1020000 		.4byte	.LASF31
 400 0218 01       		.byte	0x1
 401 0219 4E       		.byte	0x4e
 402 021a 64010000 		.4byte	0x164
 403 021e 02       		.uleb128 0x2
 404 021f 91       		.byte	0x91
 405 0220 74       		.sleb128 -12
 406 0221 13       		.uleb128 0x13
 407 0222 1C000000 		.4byte	.LVL9
 408 0226 99020000 		.4byte	0x299
 409 022a 14       		.uleb128 0x14
 410 022b 01       		.uleb128 0x1
 411 022c 50       		.byte	0x50
 412 022d 05       		.uleb128 0x5
 413 022e 03       		.byte	0x3
 414 022f 00000000 		.4byte	TaskCanbusMessageRead
 415 0233 14       		.uleb128 0x14
 416 0234 01       		.uleb128 0x1
 417 0235 51       		.byte	0x51
 418 0236 05       		.uleb128 0x5
 419 0237 03       		.byte	0x3
 420 0238 00000000 		.4byte	.LC0
 421 023c 14       		.uleb128 0x14
 422 023d 01       		.uleb128 0x1
 423 023e 52       		.byte	0x52
ARM GAS  C:\Users\bchir\AppData\Local\Temp\cctkW418.s 			page 10


 424 023f 02       		.uleb128 0x2
 425 0240 08       		.byte	0x8
 426 0241 80       		.byte	0x80
 427 0242 14       		.uleb128 0x14
 428 0243 01       		.uleb128 0x1
 429 0244 53       		.byte	0x53
 430 0245 01       		.uleb128 0x1
 431 0246 31       		.byte	0x31
 432 0247 14       		.uleb128 0x14
 433 0248 02       		.uleb128 0x2
 434 0249 7D       		.byte	0x7d
 435 024a 00       		.sleb128 0
 436 024b 01       		.uleb128 0x1
 437 024c 30       		.byte	0x30
 438 024d 14       		.uleb128 0x14
 439 024e 02       		.uleb128 0x2
 440 024f 7D       		.byte	0x7d
 441 0250 04       		.sleb128 4
 442 0251 02       		.uleb128 0x2
 443 0252 91       		.byte	0x91
 444 0253 74       		.sleb128 -12
 445 0254 00       		.byte	0
 446 0255 00       		.byte	0
 447 0256 17       		.uleb128 0x17
 448 0257 46010000 		.4byte	.LASF32
 449 025b 09       		.byte	0x9
 450 025c 1207     		.2byte	0x712
 451 025e 62020000 		.4byte	0x262
 452 0262 06       		.uleb128 0x6
 453 0263 A2000000 		.4byte	0xa2
 454 0267 0A       		.uleb128 0xa
 455 0268 A7010000 		.4byte	0x1a7
 456 026c 77020000 		.4byte	0x277
 457 0270 0B       		.uleb128 0xb
 458 0271 E6000000 		.4byte	0xe6
 459 0275 13       		.byte	0x13
 460 0276 00       		.byte	0
 461 0277 18       		.uleb128 0x18
 462 0278 A6020000 		.4byte	.LASF33
 463 027c 01       		.byte	0x1
 464 027d 26       		.byte	0x26
 465 027e 67020000 		.4byte	0x267
 466 0282 19       		.uleb128 0x19
 467 0283 00010000 		.4byte	.LASF34
 468 0287 00010000 		.4byte	.LASF34
 469 028b 05       		.byte	0x5
 470 028c C5       		.byte	0xc5
 471 028d 1A       		.uleb128 0x1a
 472 028e 8F020000 		.4byte	.LASF35
 473 0292 8F020000 		.4byte	.LASF35
 474 0296 07       		.byte	0x7
 475 0297 1A03     		.2byte	0x31a
 476 0299 1A       		.uleb128 0x1a
 477 029a C5020000 		.4byte	.LASF36
 478 029e C5020000 		.4byte	.LASF36
 479 02a2 07       		.byte	0x7
 480 02a3 6301     		.2byte	0x163
ARM GAS  C:\Users\bchir\AppData\Local\Temp\cctkW418.s 			page 11


 481 02a5 00       		.byte	0
 482              		.section	.debug_abbrev,"",%progbits
 483              	.Ldebug_abbrev0:
 484 0000 01       		.uleb128 0x1
 485 0001 11       		.uleb128 0x11
 486 0002 01       		.byte	0x1
 487 0003 25       		.uleb128 0x25
 488 0004 0E       		.uleb128 0xe
 489 0005 13       		.uleb128 0x13
 490 0006 0B       		.uleb128 0xb
 491 0007 03       		.uleb128 0x3
 492 0008 0E       		.uleb128 0xe
 493 0009 1B       		.uleb128 0x1b
 494 000a 0E       		.uleb128 0xe
 495 000b 55       		.uleb128 0x55
 496 000c 17       		.uleb128 0x17
 497 000d 11       		.uleb128 0x11
 498 000e 01       		.uleb128 0x1
 499 000f 10       		.uleb128 0x10
 500 0010 17       		.uleb128 0x17
 501 0011 00       		.byte	0
 502 0012 00       		.byte	0
 503 0013 02       		.uleb128 0x2
 504 0014 24       		.uleb128 0x24
 505 0015 00       		.byte	0
 506 0016 0B       		.uleb128 0xb
 507 0017 0B       		.uleb128 0xb
 508 0018 3E       		.uleb128 0x3e
 509 0019 0B       		.uleb128 0xb
 510 001a 03       		.uleb128 0x3
 511 001b 0E       		.uleb128 0xe
 512 001c 00       		.byte	0
 513 001d 00       		.byte	0
 514 001e 03       		.uleb128 0x3
 515 001f 16       		.uleb128 0x16
 516 0020 00       		.byte	0
 517 0021 03       		.uleb128 0x3
 518 0022 0E       		.uleb128 0xe
 519 0023 3A       		.uleb128 0x3a
 520 0024 0B       		.uleb128 0xb
 521 0025 3B       		.uleb128 0x3b
 522 0026 0B       		.uleb128 0xb
 523 0027 49       		.uleb128 0x49
 524 0028 13       		.uleb128 0x13
 525 0029 00       		.byte	0
 526 002a 00       		.byte	0
 527 002b 04       		.uleb128 0x4
 528 002c 24       		.uleb128 0x24
 529 002d 00       		.byte	0
 530 002e 0B       		.uleb128 0xb
 531 002f 0B       		.uleb128 0xb
 532 0030 3E       		.uleb128 0x3e
 533 0031 0B       		.uleb128 0xb
 534 0032 03       		.uleb128 0x3
 535 0033 08       		.uleb128 0x8
 536 0034 00       		.byte	0
 537 0035 00       		.byte	0
ARM GAS  C:\Users\bchir\AppData\Local\Temp\cctkW418.s 			page 12


 538 0036 05       		.uleb128 0x5
 539 0037 16       		.uleb128 0x16
 540 0038 00       		.byte	0
 541 0039 03       		.uleb128 0x3
 542 003a 0E       		.uleb128 0xe
 543 003b 3A       		.uleb128 0x3a
 544 003c 0B       		.uleb128 0xb
 545 003d 3B       		.uleb128 0x3b
 546 003e 05       		.uleb128 0x5
 547 003f 49       		.uleb128 0x49
 548 0040 13       		.uleb128 0x13
 549 0041 00       		.byte	0
 550 0042 00       		.byte	0
 551 0043 06       		.uleb128 0x6
 552 0044 35       		.uleb128 0x35
 553 0045 00       		.byte	0
 554 0046 49       		.uleb128 0x49
 555 0047 13       		.uleb128 0x13
 556 0048 00       		.byte	0
 557 0049 00       		.byte	0
 558 004a 07       		.uleb128 0x7
 559 004b 0F       		.uleb128 0xf
 560 004c 00       		.byte	0
 561 004d 0B       		.uleb128 0xb
 562 004e 0B       		.uleb128 0xb
 563 004f 00       		.byte	0
 564 0050 00       		.byte	0
 565 0051 08       		.uleb128 0x8
 566 0052 13       		.uleb128 0x13
 567 0053 01       		.byte	0x1
 568 0054 0B       		.uleb128 0xb
 569 0055 0B       		.uleb128 0xb
 570 0056 3A       		.uleb128 0x3a
 571 0057 0B       		.uleb128 0xb
 572 0058 3B       		.uleb128 0x3b
 573 0059 0B       		.uleb128 0xb
 574 005a 01       		.uleb128 0x1
 575 005b 13       		.uleb128 0x13
 576 005c 00       		.byte	0
 577 005d 00       		.byte	0
 578 005e 09       		.uleb128 0x9
 579 005f 0D       		.uleb128 0xd
 580 0060 00       		.byte	0
 581 0061 03       		.uleb128 0x3
 582 0062 0E       		.uleb128 0xe
 583 0063 3A       		.uleb128 0x3a
 584 0064 0B       		.uleb128 0xb
 585 0065 3B       		.uleb128 0x3b
 586 0066 0B       		.uleb128 0xb
 587 0067 49       		.uleb128 0x49
 588 0068 13       		.uleb128 0x13
 589 0069 38       		.uleb128 0x38
 590 006a 0B       		.uleb128 0xb
 591 006b 00       		.byte	0
 592 006c 00       		.byte	0
 593 006d 0A       		.uleb128 0xa
 594 006e 01       		.uleb128 0x1
ARM GAS  C:\Users\bchir\AppData\Local\Temp\cctkW418.s 			page 13


 595 006f 01       		.byte	0x1
 596 0070 49       		.uleb128 0x49
 597 0071 13       		.uleb128 0x13
 598 0072 01       		.uleb128 0x1
 599 0073 13       		.uleb128 0x13
 600 0074 00       		.byte	0
 601 0075 00       		.byte	0
 602 0076 0B       		.uleb128 0xb
 603 0077 21       		.uleb128 0x21
 604 0078 00       		.byte	0
 605 0079 49       		.uleb128 0x49
 606 007a 13       		.uleb128 0x13
 607 007b 2F       		.uleb128 0x2f
 608 007c 0B       		.uleb128 0xb
 609 007d 00       		.byte	0
 610 007e 00       		.byte	0
 611 007f 0C       		.uleb128 0xc
 612 0080 0F       		.uleb128 0xf
 613 0081 00       		.byte	0
 614 0082 0B       		.uleb128 0xb
 615 0083 0B       		.uleb128 0xb
 616 0084 49       		.uleb128 0x49
 617 0085 13       		.uleb128 0x13
 618 0086 00       		.byte	0
 619 0087 00       		.byte	0
 620 0088 0D       		.uleb128 0xd
 621 0089 13       		.uleb128 0x13
 622 008a 00       		.byte	0
 623 008b 03       		.uleb128 0x3
 624 008c 0E       		.uleb128 0xe
 625 008d 3C       		.uleb128 0x3c
 626 008e 19       		.uleb128 0x19
 627 008f 00       		.byte	0
 628 0090 00       		.byte	0
 629 0091 0E       		.uleb128 0xe
 630 0092 0D       		.uleb128 0xd
 631 0093 00       		.byte	0
 632 0094 03       		.uleb128 0x3
 633 0095 08       		.uleb128 0x8
 634 0096 3A       		.uleb128 0x3a
 635 0097 0B       		.uleb128 0xb
 636 0098 3B       		.uleb128 0x3b
 637 0099 0B       		.uleb128 0xb
 638 009a 49       		.uleb128 0x49
 639 009b 13       		.uleb128 0x13
 640 009c 38       		.uleb128 0x38
 641 009d 0B       		.uleb128 0xb
 642 009e 00       		.byte	0
 643 009f 00       		.byte	0
 644 00a0 0F       		.uleb128 0xf
 645 00a1 2E       		.uleb128 0x2e
 646 00a2 01       		.byte	0x1
 647 00a3 03       		.uleb128 0x3
 648 00a4 0E       		.uleb128 0xe
 649 00a5 3A       		.uleb128 0x3a
 650 00a6 0B       		.uleb128 0xb
 651 00a7 3B       		.uleb128 0x3b
ARM GAS  C:\Users\bchir\AppData\Local\Temp\cctkW418.s 			page 14


 652 00a8 0B       		.uleb128 0xb
 653 00a9 27       		.uleb128 0x27
 654 00aa 19       		.uleb128 0x19
 655 00ab 8701     		.uleb128 0x87
 656 00ad 19       		.uleb128 0x19
 657 00ae 11       		.uleb128 0x11
 658 00af 01       		.uleb128 0x1
 659 00b0 12       		.uleb128 0x12
 660 00b1 06       		.uleb128 0x6
 661 00b2 40       		.uleb128 0x40
 662 00b3 18       		.uleb128 0x18
 663 00b4 9742     		.uleb128 0x2117
 664 00b6 19       		.uleb128 0x19
 665 00b7 01       		.uleb128 0x1
 666 00b8 13       		.uleb128 0x13
 667 00b9 00       		.byte	0
 668 00ba 00       		.byte	0
 669 00bb 10       		.uleb128 0x10
 670 00bc 05       		.uleb128 0x5
 671 00bd 00       		.byte	0
 672 00be 03       		.uleb128 0x3
 673 00bf 0E       		.uleb128 0xe
 674 00c0 3A       		.uleb128 0x3a
 675 00c1 0B       		.uleb128 0xb
 676 00c2 3B       		.uleb128 0x3b
 677 00c3 0B       		.uleb128 0xb
 678 00c4 49       		.uleb128 0x49
 679 00c5 13       		.uleb128 0x13
 680 00c6 02       		.uleb128 0x2
 681 00c7 17       		.uleb128 0x17
 682 00c8 00       		.byte	0
 683 00c9 00       		.byte	0
 684 00ca 11       		.uleb128 0x11
 685 00cb 34       		.uleb128 0x34
 686 00cc 00       		.byte	0
 687 00cd 03       		.uleb128 0x3
 688 00ce 0E       		.uleb128 0xe
 689 00cf 3A       		.uleb128 0x3a
 690 00d0 0B       		.uleb128 0xb
 691 00d1 3B       		.uleb128 0x3b
 692 00d2 0B       		.uleb128 0xb
 693 00d3 49       		.uleb128 0x49
 694 00d4 13       		.uleb128 0x13
 695 00d5 02       		.uleb128 0x2
 696 00d6 17       		.uleb128 0x17
 697 00d7 00       		.byte	0
 698 00d8 00       		.byte	0
 699 00d9 12       		.uleb128 0x12
 700 00da 898201   		.uleb128 0x4109
 701 00dd 00       		.byte	0
 702 00de 11       		.uleb128 0x11
 703 00df 01       		.uleb128 0x1
 704 00e0 31       		.uleb128 0x31
 705 00e1 13       		.uleb128 0x13
 706 00e2 00       		.byte	0
 707 00e3 00       		.byte	0
 708 00e4 13       		.uleb128 0x13
ARM GAS  C:\Users\bchir\AppData\Local\Temp\cctkW418.s 			page 15


 709 00e5 898201   		.uleb128 0x4109
 710 00e8 01       		.byte	0x1
 711 00e9 11       		.uleb128 0x11
 712 00ea 01       		.uleb128 0x1
 713 00eb 31       		.uleb128 0x31
 714 00ec 13       		.uleb128 0x13
 715 00ed 00       		.byte	0
 716 00ee 00       		.byte	0
 717 00ef 14       		.uleb128 0x14
 718 00f0 8A8201   		.uleb128 0x410a
 719 00f3 00       		.byte	0
 720 00f4 02       		.uleb128 0x2
 721 00f5 18       		.uleb128 0x18
 722 00f6 9142     		.uleb128 0x2111
 723 00f8 18       		.uleb128 0x18
 724 00f9 00       		.byte	0
 725 00fa 00       		.byte	0
 726 00fb 15       		.uleb128 0x15
 727 00fc 2E       		.uleb128 0x2e
 728 00fd 01       		.byte	0x1
 729 00fe 3F       		.uleb128 0x3f
 730 00ff 19       		.uleb128 0x19
 731 0100 03       		.uleb128 0x3
 732 0101 0E       		.uleb128 0xe
 733 0102 3A       		.uleb128 0x3a
 734 0103 0B       		.uleb128 0xb
 735 0104 3B       		.uleb128 0x3b
 736 0105 0B       		.uleb128 0xb
 737 0106 11       		.uleb128 0x11
 738 0107 01       		.uleb128 0x1
 739 0108 12       		.uleb128 0x12
 740 0109 06       		.uleb128 0x6
 741 010a 40       		.uleb128 0x40
 742 010b 18       		.uleb128 0x18
 743 010c 9742     		.uleb128 0x2117
 744 010e 19       		.uleb128 0x19
 745 010f 01       		.uleb128 0x1
 746 0110 13       		.uleb128 0x13
 747 0111 00       		.byte	0
 748 0112 00       		.byte	0
 749 0113 16       		.uleb128 0x16
 750 0114 34       		.uleb128 0x34
 751 0115 00       		.byte	0
 752 0116 03       		.uleb128 0x3
 753 0117 0E       		.uleb128 0xe
 754 0118 3A       		.uleb128 0x3a
 755 0119 0B       		.uleb128 0xb
 756 011a 3B       		.uleb128 0x3b
 757 011b 0B       		.uleb128 0xb
 758 011c 49       		.uleb128 0x49
 759 011d 13       		.uleb128 0x13
 760 011e 02       		.uleb128 0x2
 761 011f 18       		.uleb128 0x18
 762 0120 00       		.byte	0
 763 0121 00       		.byte	0
 764 0122 17       		.uleb128 0x17
 765 0123 34       		.uleb128 0x34
ARM GAS  C:\Users\bchir\AppData\Local\Temp\cctkW418.s 			page 16


 766 0124 00       		.byte	0
 767 0125 03       		.uleb128 0x3
 768 0126 0E       		.uleb128 0xe
 769 0127 3A       		.uleb128 0x3a
 770 0128 0B       		.uleb128 0xb
 771 0129 3B       		.uleb128 0x3b
 772 012a 05       		.uleb128 0x5
 773 012b 49       		.uleb128 0x49
 774 012c 13       		.uleb128 0x13
 775 012d 3F       		.uleb128 0x3f
 776 012e 19       		.uleb128 0x19
 777 012f 3C       		.uleb128 0x3c
 778 0130 19       		.uleb128 0x19
 779 0131 00       		.byte	0
 780 0132 00       		.byte	0
 781 0133 18       		.uleb128 0x18
 782 0134 34       		.uleb128 0x34
 783 0135 00       		.byte	0
 784 0136 03       		.uleb128 0x3
 785 0137 0E       		.uleb128 0xe
 786 0138 3A       		.uleb128 0x3a
 787 0139 0B       		.uleb128 0xb
 788 013a 3B       		.uleb128 0x3b
 789 013b 0B       		.uleb128 0xb
 790 013c 49       		.uleb128 0x49
 791 013d 13       		.uleb128 0x13
 792 013e 3F       		.uleb128 0x3f
 793 013f 19       		.uleb128 0x19
 794 0140 3C       		.uleb128 0x3c
 795 0141 19       		.uleb128 0x19
 796 0142 00       		.byte	0
 797 0143 00       		.byte	0
 798 0144 19       		.uleb128 0x19
 799 0145 2E       		.uleb128 0x2e
 800 0146 00       		.byte	0
 801 0147 3F       		.uleb128 0x3f
 802 0148 19       		.uleb128 0x19
 803 0149 3C       		.uleb128 0x3c
 804 014a 19       		.uleb128 0x19
 805 014b 6E       		.uleb128 0x6e
 806 014c 0E       		.uleb128 0xe
 807 014d 03       		.uleb128 0x3
 808 014e 0E       		.uleb128 0xe
 809 014f 3A       		.uleb128 0x3a
 810 0150 0B       		.uleb128 0xb
 811 0151 3B       		.uleb128 0x3b
 812 0152 0B       		.uleb128 0xb
 813 0153 00       		.byte	0
 814 0154 00       		.byte	0
 815 0155 1A       		.uleb128 0x1a
 816 0156 2E       		.uleb128 0x2e
 817 0157 00       		.byte	0
 818 0158 3F       		.uleb128 0x3f
 819 0159 19       		.uleb128 0x19
 820 015a 3C       		.uleb128 0x3c
 821 015b 19       		.uleb128 0x19
 822 015c 6E       		.uleb128 0x6e
ARM GAS  C:\Users\bchir\AppData\Local\Temp\cctkW418.s 			page 17


 823 015d 0E       		.uleb128 0xe
 824 015e 03       		.uleb128 0x3
 825 015f 0E       		.uleb128 0xe
 826 0160 3A       		.uleb128 0x3a
 827 0161 0B       		.uleb128 0xb
 828 0162 3B       		.uleb128 0x3b
 829 0163 05       		.uleb128 0x5
 830 0164 00       		.byte	0
 831 0165 00       		.byte	0
 832 0166 00       		.byte	0
 833              		.section	.debug_loc,"",%progbits
 834              	.Ldebug_loc0:
 835              	.LLST0:
 836 0000 00000000 		.4byte	.LVL0
 837 0004 05000000 		.4byte	.LVL1-1
 838 0008 0100     		.2byte	0x1
 839 000a 50       		.byte	0x50
 840 000b 05000000 		.4byte	.LVL1-1
 841 000f 38000000 		.4byte	.LFE68
 842 0013 0400     		.2byte	0x4
 843 0015 F3       		.byte	0xf3
 844 0016 01       		.uleb128 0x1
 845 0017 50       		.byte	0x50
 846 0018 9F       		.byte	0x9f
 847 0019 00000000 		.4byte	0
 848 001d 00000000 		.4byte	0
 849              	.LLST1:
 850 0021 06000000 		.4byte	.LVL1
 851 0025 08000000 		.4byte	.LVL2
 852 0029 0200     		.2byte	0x2
 853 002b 30       		.byte	0x30
 854 002c 9F       		.byte	0x9f
 855 002d 08000000 		.4byte	.LVL2
 856 0031 1A000000 		.4byte	.LVL3
 857 0035 0100     		.2byte	0x1
 858 0037 54       		.byte	0x54
 859 0038 1C000000 		.4byte	.LVL4
 860 003c 24000000 		.4byte	.LVL5
 861 0040 0100     		.2byte	0x1
 862 0042 54       		.byte	0x54
 863 0043 26000000 		.4byte	.LVL6
 864 0047 38000000 		.4byte	.LFE68
 865 004b 0100     		.2byte	0x1
 866 004d 54       		.byte	0x54
 867 004e 00000000 		.4byte	0
 868 0052 00000000 		.4byte	0
 869              		.section	.debug_aranges,"",%progbits
 870 0000 24000000 		.4byte	0x24
 871 0004 0200     		.2byte	0x2
 872 0006 00000000 		.4byte	.Ldebug_info0
 873 000a 04       		.byte	0x4
 874 000b 00       		.byte	0
 875 000c 0000     		.2byte	0
 876 000e 0000     		.2byte	0
 877 0010 00000000 		.4byte	.LFB68
 878 0014 38000000 		.4byte	.LFE68-.LFB68
 879 0018 00000000 		.4byte	.LFB69
ARM GAS  C:\Users\bchir\AppData\Local\Temp\cctkW418.s 			page 18


 880 001c 2C000000 		.4byte	.LFE69-.LFB69
 881 0020 00000000 		.4byte	0
 882 0024 00000000 		.4byte	0
 883              		.section	.debug_ranges,"",%progbits
 884              	.Ldebug_ranges0:
 885 0000 00000000 		.4byte	.LFB68
 886 0004 38000000 		.4byte	.LFE68
 887 0008 00000000 		.4byte	.LFB69
 888 000c 2C000000 		.4byte	.LFE69
 889 0010 00000000 		.4byte	0
 890 0014 00000000 		.4byte	0
 891              		.section	.debug_line,"",%progbits
 892              	.Ldebug_line0:
 893 0000 2D020000 		.section	.debug_str,"MS",%progbits,1
 893      0200FA01 
 893      00000201 
 893      FB0E0D00 
 893      01010101 
 894              	.LASF15:
 895 0000 75696E74 		.ascii	"uint8\000"
 895      3800
 896              	.LASF3:
 897 0006 5F5F7569 		.ascii	"__uint8_t\000"
 897      6E74385F 
 897      7400
 898              	.LASF24:
 899 0010 56656869 		.ascii	"VehicleCAN_REG_32\000"
 899      636C6543 
 899      414E5F52 
 899      45475F33 
 899      3200
 900              	.LASF6:
 901 0022 5F5F696E 		.ascii	"__int32_t\000"
 901      7433325F 
 901      7400
 902              	.LASF29:
 903 002c 43414E42 		.ascii	"CANBusRXMessage_t\000"
 903      75735258 
 903      4D657373 
 903      6167655F 
 903      7400
 904              	.LASF7:
 905 003e 6C6F6E67 		.ascii	"long int\000"
 905      20696E74 
 905      00
 906              	.LASF23:
 907 0047 62797465 		.ascii	"byte\000"
 907      00
 908              	.LASF28:
 909 004c 72786461 		.ascii	"rxdata\000"
 909      746100
 910              	.LASF16:
 911 0053 666C6F61 		.ascii	"float\000"
 911      7400
 912              	.LASF38:
 913 0059 43616E42 		.ascii	"CanBusMessageRead.c\000"
 913      75734D65 
ARM GAS  C:\Users\bchir\AppData\Local\Temp\cctkW418.s 			page 19


 913      73736167 
 913      65526561 
 913      642E6300 
 914              	.LASF37:
 915 006d 474E5520 		.ascii	"GNU C11 5.4.1 20160609 (release) [ARM/embedded-5-br"
 915      43313120 
 915      352E342E 
 915      31203230 
 915      31363036 
 916 00a0 616E6368 		.ascii	"anch revision 237715] -mcpu=cortex-m3 -mthumb -g -O"
 916      20726576 
 916      6973696F 
 916      6E203233 
 916      37373135 
 917 00d3 67202D66 		.ascii	"g -ffunction-sections -ffat-lto-objects\000"
 917      66756E63 
 917      74696F6E 
 917      2D736563 
 917      74696F6E 
 918              	.LASF19:
 919 00fb 72656738 		.ascii	"reg8\000"
 919      00
 920              	.LASF34:
 921 0100 56656869 		.ascii	"VehicleCAN_Start\000"
 921      636C6543 
 921      414E5F53 
 921      74617274 
 921      00
 922              	.LASF8:
 923 0111 6C6F6E67 		.ascii	"long unsigned int\000"
 923      20756E73 
 923      69676E65 
 923      6420696E 
 923      7400
 924              	.LASF5:
 925 0123 73686F72 		.ascii	"short unsigned int\000"
 925      7420756E 
 925      7369676E 
 925      65642069 
 925      6E7400
 926              	.LASF30:
 927 0136 7265634D 		.ascii	"recMsgBufferPos\000"
 927      73674275 
 927      66666572 
 927      506F7300 
 928              	.LASF32:
 929 0146 49544D5F 		.ascii	"ITM_RxBuffer\000"
 929      52784275 
 929      66666572 
 929      00
 930              	.LASF27:
 931 0153 72786964 		.ascii	"rxid\000"
 931      00
 932              	.LASF1:
 933 0158 756E7369 		.ascii	"unsigned char\000"
 933      676E6564 
 933      20636861 
ARM GAS  C:\Users\bchir\AppData\Local\Temp\cctkW418.s 			page 20


 933      7200
 934              	.LASF43:
 935 0166 73746172 		.ascii	"startTasCanbusMessageRead\000"
 935      74546173 
 935      43616E62 
 935      75734D65 
 935      73736167 
 936              	.LASF4:
 937 0180 5F5F7569 		.ascii	"__uint16_t\000"
 937      6E743136 
 937      5F7400
 938              	.LASF17:
 939 018b 646F7562 		.ascii	"double\000"
 939      6C6500
 940              	.LASF41:
 941 0192 5461736B 		.ascii	"TaskCanbusMessageRead\000"
 941      43616E62 
 941      75734D65 
 941      73736167 
 941      65526561 
 942              	.LASF40:
 943 01a8 74736B54 		.ascii	"tskTaskControlBlock\000"
 943      61736B43 
 943      6F6E7472 
 943      6F6C426C 
 943      6F636B00 
 944              	.LASF11:
 945 01bc 756E7369 		.ascii	"unsigned int\000"
 945      676E6564 
 945      20696E74 
 945      00
 946              	.LASF10:
 947 01c9 6C6F6E67 		.ascii	"long long unsigned int\000"
 947      206C6F6E 
 947      6720756E 
 947      7369676E 
 947      65642069 
 948              	.LASF12:
 949 01e0 75696E74 		.ascii	"uint8_t\000"
 949      385F7400 
 950              	.LASF0:
 951 01e8 7369676E 		.ascii	"signed char\000"
 951      65642063 
 951      68617200 
 952              	.LASF14:
 953 01f4 696E7433 		.ascii	"int32_t\000"
 953      325F7400 
 954              	.LASF21:
 955 01fc 73697A65 		.ascii	"sizetype\000"
 955      74797065 
 955      00
 956              	.LASF9:
 957 0205 6C6F6E67 		.ascii	"long long int\000"
 957      206C6F6E 
 957      6720696E 
 957      7400
 958              	.LASF22:
ARM GAS  C:\Users\bchir\AppData\Local\Temp\cctkW418.s 			page 21


 959 0213 56656869 		.ascii	"VehicleCAN_DATA_BYTES\000"
 959      636C6543 
 959      414E5F44 
 959      4154415F 
 959      42595445 
 960              	.LASF18:
 961 0229 63686172 		.ascii	"char\000"
 961      00
 962              	.LASF42:
 963 022e 70765061 		.ascii	"pvParameters\000"
 963      72616D65 
 963      74657273 
 963      00
 964              	.LASF39:
 965 023b 453A5C47 		.ascii	"E:\\GIT Hub Project\\protocov\\Protocov\\Protocov.c"
 965      49542048 
 965      75622050 
 965      726F6A65 
 965      63745C70 
 966 026a 7964736E 		.ascii	"ydsn\000"
 966      00
 967              	.LASF2:
 968 026f 73686F72 		.ascii	"short int\000"
 968      7420696E 
 968      7400
 969              	.LASF13:
 970 0279 75696E74 		.ascii	"uint16_t\000"
 970      31365F74 
 970      00
 971              	.LASF26:
 972 0282 5461736B 		.ascii	"TaskHandle_t\000"
 972      48616E64 
 972      6C655F74 
 972      00
 973              	.LASF35:
 974 028f 76546173 		.ascii	"vTaskDelay\000"
 974      6B44656C 
 974      617900
 975              	.LASF20:
 976 029a 6C6F6E67 		.ascii	"long double\000"
 976      20646F75 
 976      626C6500 
 977              	.LASF33:
 978 02a6 63616E62 		.ascii	"canbusRecMgsBuffer\000"
 978      75735265 
 978      634D6773 
 978      42756666 
 978      657200
 979              	.LASF25:
 980 02b9 55426173 		.ascii	"UBaseType_t\000"
 980      65547970 
 980      655F7400 
 981              	.LASF36:
 982 02c5 78546173 		.ascii	"xTaskCreate\000"
 982      6B437265 
 982      61746500 
 983              	.LASF31:
ARM GAS  C:\Users\bchir\AppData\Local\Temp\cctkW418.s 			page 22


 984 02d1 7848616E 		.ascii	"xHandle\000"
 984      646C6500 
 985              		.ident	"GCC: (GNU Tools for ARM Embedded Processors) 5.4.1 20160609 (release) [ARM/embedded-5-bran
