ARM GAS  C:\Users\bchir\AppData\Local\Temp\ccjBYznj.s 			page 1


   1              		.syntax unified
   2              		.cpu cortex-m3
   3              		.fpu softvfp
   4              		.eabi_attribute 20, 1
   5              		.eabi_attribute 21, 1
   6              		.eabi_attribute 23, 3
   7              		.eabi_attribute 24, 1
   8              		.eabi_attribute 25, 1
   9              		.eabi_attribute 26, 1
  10              		.eabi_attribute 30, 1
  11              		.eabi_attribute 34, 1
  12              		.eabi_attribute 18, 4
  13              		.thumb
  14              		.syntax unified
  15              		.file	"cymetadata.c"
  16              		.text
  17              	.Ltext0:
  18              		.cfi_sections	.debug_frame
  19              		.global	cy_metadata
  20              		.global	cy_meta_flashprotect
  21              		.global	cy_meta_wonvl
  22              		.global	cy_meta_custnvl
  23              		.global	cy_meta_configecc
  24              		.section	.cyconfigecc,"a",%progbits
  25              		.align	2
  26              		.type	cy_meta_configecc, %object
  27              		.size	cy_meta_configecc, 1632
  28              	cy_meta_configecc:
  29 0000 01       		.byte	1
  30 0001 45       		.byte	69
  31 0002 00       		.byte	0
  32 0003 40       		.byte	64
  33 0004 03       		.byte	3
  34 0005 52       		.byte	82
  35 0006 00       		.byte	0
  36 0007 40       		.byte	64
  37 0008 02       		.byte	2
  38 0009 64       		.byte	100
  39 000a 00       		.byte	0
  40 000b 40       		.byte	64
  41 000c 02       		.byte	2
  42 000d 65       		.byte	101
  43 000e 00       		.byte	0
  44 000f 40       		.byte	64
  45 0010 5F       		.byte	95
  46 0011 04       		.byte	4
  47 0012 01       		.byte	1
  48 0013 40       		.byte	64
  49 0014 34       		.byte	52
  50 0015 05       		.byte	5
  51 0016 01       		.byte	1
  52 0017 40       		.byte	64
  53 0018 5B       		.byte	91
  54 0019 06       		.byte	6
  55 001a 01       		.byte	1
  56 001b 40       		.byte	64
  57 001c 4A       		.byte	74
ARM GAS  C:\Users\bchir\AppData\Local\Temp\ccjBYznj.s 			page 2


  58 001d 07       		.byte	7
  59 001e 01       		.byte	1
  60 001f 40       		.byte	64
  61 0020 01       		.byte	1
  62 0021 09       		.byte	9
  63 0022 01       		.byte	1
  64 0023 40       		.byte	64
  65 0024 01       		.byte	1
  66 0025 0B       		.byte	11
  67 0026 01       		.byte	1
  68 0027 40       		.byte	64
  69 0028 15       		.byte	21
  70 0029 14       		.byte	20
  71 002a 01       		.byte	1
  72 002b 40       		.byte	64
  73 002c 47       		.byte	71
  74 002d 15       		.byte	21
  75 002e 01       		.byte	1
  76 002f 40       		.byte	64
  77 0030 33       		.byte	51
  78 0031 16       		.byte	22
  79 0032 01       		.byte	1
  80 0033 40       		.byte	64
  81 0034 55       		.byte	85
  82 0035 17       		.byte	23
  83 0036 01       		.byte	1
  84 0037 40       		.byte	64
  85 0038 02       		.byte	2
  86 0039 19       		.byte	25
  87 003a 01       		.byte	1
  88 003b 40       		.byte	64
  89 003c 01       		.byte	1
  90 003d 1B       		.byte	27
  91 003e 01       		.byte	1
  92 003f 40       		.byte	64
  93 0040 03       		.byte	3
  94 0041 40       		.byte	64
  95 0042 01       		.byte	1
  96 0043 40       		.byte	64
  97 0044 06       		.byte	6
  98 0045 41       		.byte	65
  99 0046 01       		.byte	1
 100 0047 40       		.byte	64
 101 0048 04       		.byte	4
 102 0049 42       		.byte	66
 103 004a 01       		.byte	1
 104 004b 40       		.byte	64
 105 004c 05       		.byte	5
 106 004d 43       		.byte	67
 107 004e 01       		.byte	1
 108 004f 40       		.byte	64
 109 0050 05       		.byte	5
 110 0051 46       		.byte	70
 111 0052 01       		.byte	1
 112 0053 40       		.byte	64
 113 0054 04       		.byte	4
 114 0055 47       		.byte	71
ARM GAS  C:\Users\bchir\AppData\Local\Temp\ccjBYznj.s 			page 3


 115 0056 01       		.byte	1
 116 0057 40       		.byte	64
 117 0058 07       		.byte	7
 118 0059 48       		.byte	72
 119 005a 01       		.byte	1
 120 005b 40       		.byte	64
 121 005c 02       		.byte	2
 122 005d 49       		.byte	73
 123 005e 01       		.byte	1
 124 005f 40       		.byte	64
 125 0060 06       		.byte	6
 126 0061 4C       		.byte	76
 127 0062 01       		.byte	1
 128 0063 40       		.byte	64
 129 0064 07       		.byte	7
 130 0065 4D       		.byte	77
 131 0066 01       		.byte	1
 132 0067 40       		.byte	64
 133 0068 08       		.byte	8
 134 0069 50       		.byte	80
 135 006a 01       		.byte	1
 136 006b 40       		.byte	64
 137 006c 01       		.byte	1
 138 006d 51       		.byte	81
 139 006e 01       		.byte	1
 140 006f 40       		.byte	64
 141 0070 7E       		.byte	126
 142 0071 02       		.byte	2
 143 0072 78       		.byte	120
 144 0073 10       		.byte	16
 145 0074 79       		.byte	121
 146 0075 10       		.byte	16
 147 0076 7C       		.byte	124
 148 0077 40       		.byte	64
 149 0078 86       		.byte	-122
 150 0079 0F       		.byte	15
 151 007a 87       		.byte	-121
 152 007b 6B       		.byte	107
 153 007c 84       		.byte	-124
 154 007d 38       		.byte	56
 155 007e 87       		.byte	-121
 156 007f 76       		.byte	118
 157 0080 01       		.byte	1
 158 0081 08       		.byte	8
 159 0082 02       		.byte	2
 160 0083 05       		.byte	5
 161 0084 03       		.byte	3
 162 0085 07       		.byte	7
 163 0086 06       		.byte	6
 164 0087 1D       		.byte	29
 165 0088 07       		.byte	7
 166 0089 15       		.byte	21
 167 008a 09       		.byte	9
 168 008b 11       		.byte	17
 169 008c 0A       		.byte	10
 170 008d 1D       		.byte	29
 171 008e 0B       		.byte	11
ARM GAS  C:\Users\bchir\AppData\Local\Temp\ccjBYznj.s 			page 4


 172 008f 06       		.byte	6
 173 0090 0E       		.byte	14
 174 0091 01       		.byte	1
 175 0092 10       		.byte	16
 176 0093 01       		.byte	1
 177 0094 12       		.byte	18
 178 0095 1C       		.byte	28
 179 0096 16       		.byte	22
 180 0097 02       		.byte	2
 181 0098 17       		.byte	23
 182 0099 11       		.byte	17
 183 009a 19       		.byte	25
 184 009b 40       		.byte	64
 185 009c 1A       		.byte	26
 186 009d 15       		.byte	21
 187 009e 1B       		.byte	27
 188 009f 07       		.byte	7
 189 00a0 1C       		.byte	28
 190 00a1 01       		.byte	1
 191 00a2 1D       		.byte	29
 192 00a3 11       		.byte	17
 193 00a4 1E       		.byte	30
 194 00a5 1C       		.byte	28
 195 00a6 1F       		.byte	31
 196 00a7 06       		.byte	6
 197 00a8 23       		.byte	35
 198 00a9 17       		.byte	23
 199 00aa 25       		.byte	37
 200 00ab 20       		.byte	32
 201 00ac 26       		.byte	38
 202 00ad 05       		.byte	5
 203 00ae 27       		.byte	39
 204 00af 07       		.byte	7
 205 00b0 2A       		.byte	42
 206 00b1 05       		.byte	5
 207 00b2 2B       		.byte	43
 208 00b3 17       		.byte	23
 209 00b4 2E       		.byte	46
 210 00b5 1B       		.byte	27
 211 00b6 2F       		.byte	47
 212 00b7 11       		.byte	17
 213 00b8 30       		.byte	48
 214 00b9 11       		.byte	17
 215 00ba 32       		.byte	50
 216 00bb 04       		.byte	4
 217 00bc 33       		.byte	51
 218 00bd 05       		.byte	5
 219 00be 34       		.byte	52
 220 00bf 09       		.byte	9
 221 00c0 35       		.byte	53
 222 00c1 03       		.byte	3
 223 00c2 36       		.byte	54
 224 00c3 03       		.byte	3
 225 00c4 37       		.byte	55
 226 00c5 78       		.byte	120
 227 00c6 39       		.byte	57
 228 00c7 02       		.byte	2
ARM GAS  C:\Users\bchir\AppData\Local\Temp\ccjBYznj.s 			page 5


 229 00c8 3A       		.byte	58
 230 00c9 A2       		.byte	-94
 231 00ca 3B       		.byte	59
 232 00cb E8       		.byte	-24
 233 00cc 3E       		.byte	62
 234 00cd 04       		.byte	4
 235 00ce 58       		.byte	88
 236 00cf 04       		.byte	4
 237 00d0 59       		.byte	89
 238 00d1 04       		.byte	4
 239 00d2 5C       		.byte	92
 240 00d3 11       		.byte	17
 241 00d4 5F       		.byte	95
 242 00d5 01       		.byte	1
 243 00d6 80       		.byte	-128
 244 00d7 09       		.byte	9
 245 00d8 81       		.byte	-127
 246 00d9 80       		.byte	-128
 247 00da 82       		.byte	-126
 248 00db D0       		.byte	-48
 249 00dc 83       		.byte	-125
 250 00dd 13       		.byte	19
 251 00de 84       		.byte	-124
 252 00df 10       		.byte	16
 253 00e0 86       		.byte	-122
 254 00e1 AC       		.byte	-84
 255 00e2 88       		.byte	-120
 256 00e3 DC       		.byte	-36
 257 00e4 8A       		.byte	-118
 258 00e5 22       		.byte	34
 259 00e6 8C       		.byte	-116
 260 00e7 14       		.byte	20
 261 00e8 95       		.byte	-107
 262 00e9 2C       		.byte	44
 263 00ea 96       		.byte	-106
 264 00eb 03       		.byte	3
 265 00ec 97       		.byte	-105
 266 00ed 43       		.byte	67
 267 00ee 99       		.byte	-103
 268 00ef 71       		.byte	113
 269 00f0 9B       		.byte	-101
 270 00f1 06       		.byte	6
 271 00f2 9C       		.byte	-100
 272 00f3 0C       		.byte	12
 273 00f4 9E       		.byte	-98
 274 00f5 71       		.byte	113
 275 00f6 9F       		.byte	-97
 276 00f7 0C       		.byte	12
 277 00f8 A1       		.byte	-95
 278 00f9 71       		.byte	113
 279 00fa A2       		.byte	-94
 280 00fb 20       		.byte	32
 281 00fc A3       		.byte	-93
 282 00fd 0E       		.byte	14
 283 00fe A4       		.byte	-92
 284 00ff 10       		.byte	16
 285 0100 A6       		.byte	-90
ARM GAS  C:\Users\bchir\AppData\Local\Temp\ccjBYznj.s 			page 6


 286 0101 40       		.byte	64
 287 0102 A7       		.byte	-89
 288 0103 08       		.byte	8
 289 0104 B2       		.byte	-78
 290 0105 1F       		.byte	31
 291 0106 B3       		.byte	-77
 292 0107 30       		.byte	48
 293 0108 B5       		.byte	-75
 294 0109 0F       		.byte	15
 295 010a B6       		.byte	-74
 296 010b E0       		.byte	-32
 297 010c B7       		.byte	-73
 298 010d C0       		.byte	-64
 299 010e B9       		.byte	-71
 300 010f 88       		.byte	-120
 301 0110 BA       		.byte	-70
 302 0111 A0       		.byte	-96
 303 0112 BB       		.byte	-69
 304 0113 20       		.byte	32
 305 0114 BF       		.byte	-65
 306 0115 04       		.byte	4
 307 0116 C0       		.byte	-64
 308 0117 02       		.byte	2
 309 0118 C6       		.byte	-58
 310 0119 40       		.byte	64
 311 011a C9       		.byte	-55
 312 011b FF       		.byte	-1
 313 011c CA       		.byte	-54
 314 011d 0F       		.byte	15
 315 011e CB       		.byte	-53
 316 011f FF       		.byte	-1
 317 0120 CC       		.byte	-52
 318 0121 40       		.byte	64
 319 0122 CD       		.byte	-51
 320 0123 20       		.byte	32
 321 0124 CE       		.byte	-50
 322 0125 F0       		.byte	-16
 323 0126 CF       		.byte	-49
 324 0127 05       		.byte	5
 325 0128 D0       		.byte	-48
 326 0129 08       		.byte	8
 327 012a D8       		.byte	-40
 328 012b 04       		.byte	4
 329 012c D9       		.byte	-39
 330 012d 04       		.byte	4
 331 012e DA       		.byte	-38
 332 012f 04       		.byte	4
 333 0130 DC       		.byte	-36
 334 0131 22       		.byte	34
 335 0132 DD       		.byte	-35
 336 0133 02       		.byte	2
 337 0134 DF       		.byte	-33
 338 0135 01       		.byte	1
 339 0136 E0       		.byte	-32
 340 0137 40       		.byte	64
 341 0138 E1       		.byte	-31
 342 0139 A8       		.byte	-88
ARM GAS  C:\Users\bchir\AppData\Local\Temp\ccjBYznj.s 			page 7


 343 013a E2       		.byte	-30
 344 013b 40       		.byte	64
 345 013c E3       		.byte	-29
 346 013d 20       		.byte	32
 347 013e 00       		.byte	0
 348 013f 28       		.byte	40
 349 0140 01       		.byte	1
 350 0141 82       		.byte	-126
 351 0142 02       		.byte	2
 352 0143 20       		.byte	32
 353 0144 04       		.byte	4
 354 0145 02       		.byte	2
 355 0146 06       		.byte	6
 356 0147 01       		.byte	1
 357 0148 07       		.byte	7
 358 0149 18       		.byte	24
 359 014a 0A       		.byte	10
 360 014b A5       		.byte	-91
 361 014c 0B       		.byte	11
 362 014d 01       		.byte	1
 363 014e 0C       		.byte	12
 364 014f 40       		.byte	64
 365 0150 0E       		.byte	14
 366 0151 20       		.byte	32
 367 0152 12       		.byte	18
 368 0153 0A       		.byte	10
 369 0154 13       		.byte	19
 370 0155 04       		.byte	4
 371 0156 15       		.byte	21
 372 0157 01       		.byte	1
 373 0158 16       		.byte	22
 374 0159 10       		.byte	16
 375 015a 18       		.byte	24
 376 015b 80       		.byte	-128
 377 015c 19       		.byte	25
 378 015d A2       		.byte	-94
 379 015e 1A       		.byte	26
 380 015f 24       		.byte	36
 381 0160 1E       		.byte	30
 382 0161 28       		.byte	40
 383 0162 1F       		.byte	31
 384 0163 48       		.byte	72
 385 0164 21       		.byte	33
 386 0165 01       		.byte	1
 387 0166 22       		.byte	34
 388 0167 0E       		.byte	14
 389 0168 23       		.byte	35
 390 0169 05       		.byte	5
 391 016a 24       		.byte	36
 392 016b 02       		.byte	2
 393 016c 25       		.byte	37
 394 016d 10       		.byte	16
 395 016e 26       		.byte	38
 396 016f 80       		.byte	-128
 397 0170 27       		.byte	39
 398 0171 28       		.byte	40
 399 0172 29       		.byte	41
ARM GAS  C:\Users\bchir\AppData\Local\Temp\ccjBYznj.s 			page 8


 400 0173 A2       		.byte	-94
 401 0174 2B       		.byte	43
 402 0175 10       		.byte	16
 403 0176 2C       		.byte	44
 404 0177 40       		.byte	64
 405 0178 2F       		.byte	47
 406 0179 60       		.byte	96
 407 017a 32       		.byte	50
 408 017b 64       		.byte	100
 409 017c 36       		.byte	54
 410 017d 80       		.byte	-128
 411 017e 37       		.byte	55
 412 017f 18       		.byte	24
 413 0180 39       		.byte	57
 414 0181 02       		.byte	2
 415 0182 3A       		.byte	58
 416 0183 28       		.byte	40
 417 0184 3B       		.byte	59
 418 0185 04       		.byte	4
 419 0186 3C       		.byte	60
 420 0187 20       		.byte	32
 421 0188 3E       		.byte	62
 422 0189 02       		.byte	2
 423 018a 3F       		.byte	63
 424 018b 22       		.byte	34
 425 018c 47       		.byte	71
 426 018d 20       		.byte	32
 427 018e 4D       		.byte	77
 428 018f 01       		.byte	1
 429 0190 4F       		.byte	79
 430 0191 02       		.byte	2
 431 0192 56       		.byte	86
 432 0193 10       		.byte	16
 433 0194 57       		.byte	87
 434 0195 20       		.byte	32
 435 0196 C0       		.byte	-64
 436 0197 FF       		.byte	-1
 437 0198 C2       		.byte	-62
 438 0199 AF       		.byte	-81
 439 019a C4       		.byte	-60
 440 019b 37       		.byte	55
 441 019c CA       		.byte	-54
 442 019d CF       		.byte	-49
 443 019e CC       		.byte	-52
 444 019f 7E       		.byte	126
 445 01a0 CE       		.byte	-50
 446 01a1 87       		.byte	-121
 447 01a2 D0       		.byte	-48
 448 01a3 20       		.byte	32
 449 01a4 E8       		.byte	-24
 450 01a5 40       		.byte	64
 451 01a6 00       		.byte	0
 452 01a7 25       		.byte	37
 453 01a8 02       		.byte	2
 454 01a9 DA       		.byte	-38
 455 01aa 05       		.byte	5
 456 01ab 05       		.byte	5
ARM GAS  C:\Users\bchir\AppData\Local\Temp\ccjBYznj.s 			page 9


 457 01ac 07       		.byte	7
 458 01ad 08       		.byte	8
 459 01ae 08       		.byte	8
 460 01af 48       		.byte	72
 461 01b0 0A       		.byte	10
 462 01b1 25       		.byte	37
 463 01b2 0D       		.byte	13
 464 01b3 01       		.byte	1
 465 01b4 10       		.byte	16
 466 01b5 1F       		.byte	31
 467 01b6 11       		.byte	17
 468 01b7 04       		.byte	4
 469 01b8 12       		.byte	18
 470 01b9 E0       		.byte	-32
 471 01ba 13       		.byte	19
 472 01bb 08       		.byte	8
 473 01bc 17       		.byte	23
 474 01bd 01       		.byte	1
 475 01be 18       		.byte	24
 476 01bf E3       		.byte	-29
 477 01c0 1A       		.byte	26
 478 01c1 1C       		.byte	28
 479 01c2 1C       		.byte	28
 480 01c3 03       		.byte	3
 481 01c4 1E       		.byte	30
 482 01c5 FC       		.byte	-4
 483 01c6 20       		.byte	32
 484 01c7 E0       		.byte	-32
 485 01c8 21       		.byte	33
 486 01c9 05       		.byte	5
 487 01ca 22       		.byte	34
 488 01cb 1C       		.byte	28
 489 01cc 23       		.byte	35
 490 01cd 08       		.byte	8
 491 01ce 27       		.byte	39
 492 01cf 02       		.byte	2
 493 01d0 28       		.byte	40
 494 01d1 E3       		.byte	-29
 495 01d2 29       		.byte	41
 496 01d3 05       		.byte	5
 497 01d4 2A       		.byte	42
 498 01d5 1C       		.byte	28
 499 01d6 2B       		.byte	43
 500 01d7 08       		.byte	8
 501 01d8 2C       		.byte	44
 502 01d9 92       		.byte	-110
 503 01da 2D       		.byte	45
 504 01db 0D       		.byte	13
 505 01dc 2E       		.byte	46
 506 01dd 25       		.byte	37
 507 01de 31       		.byte	49
 508 01df 0C       		.byte	12
 509 01e0 34       		.byte	52
 510 01e1 FF       		.byte	-1
 511 01e2 35       		.byte	53
 512 01e3 03       		.byte	3
 513 01e4 3E       		.byte	62
ARM GAS  C:\Users\bchir\AppData\Local\Temp\ccjBYznj.s 			page 10


 514 01e5 10       		.byte	16
 515 01e6 40       		.byte	64
 516 01e7 21       		.byte	33
 517 01e8 41       		.byte	65
 518 01e9 04       		.byte	4
 519 01ea 45       		.byte	69
 520 01eb 0E       		.byte	14
 521 01ec 47       		.byte	71
 522 01ed BC       		.byte	-68
 523 01ee 48       		.byte	72
 524 01ef 31       		.byte	49
 525 01f0 49       		.byte	73
 526 01f1 FF       		.byte	-1
 527 01f2 4A       		.byte	74
 528 01f3 FF       		.byte	-1
 529 01f4 4B       		.byte	75
 530 01f5 FF       		.byte	-1
 531 01f6 4E       		.byte	78
 532 01f7 F0       		.byte	-16
 533 01f8 4F       		.byte	79
 534 01f9 44       		.byte	68
 535 01fa 50       		.byte	80
 536 01fb 0C       		.byte	12
 537 01fc 54       		.byte	84
 538 01fd 01       		.byte	1
 539 01fe 58       		.byte	88
 540 01ff 04       		.byte	4
 541 0200 59       		.byte	89
 542 0201 04       		.byte	4
 543 0202 5A       		.byte	90
 544 0203 04       		.byte	4
 545 0204 5B       		.byte	91
 546 0205 04       		.byte	4
 547 0206 5C       		.byte	92
 548 0207 20       		.byte	32
 549 0208 5D       		.byte	93
 550 0209 22       		.byte	34
 551 020a 5F       		.byte	95
 552 020b 01       		.byte	1
 553 020c 66       		.byte	102
 554 020d C0       		.byte	-64
 555 020e 6A       		.byte	106
 556 020f 40       		.byte	64
 557 0210 6B       		.byte	107
 558 0211 02       		.byte	2
 559 0212 81       		.byte	-127
 560 0213 3C       		.byte	60
 561 0214 82       		.byte	-126
 562 0215 03       		.byte	3
 563 0216 83       		.byte	-125
 564 0217 C0       		.byte	-64
 565 0218 88       		.byte	-120
 566 0219 01       		.byte	1
 567 021a 89       		.byte	-119
 568 021b CC       		.byte	-52
 569 021c 8B       		.byte	-117
 570 021d 30       		.byte	48
ARM GAS  C:\Users\bchir\AppData\Local\Temp\ccjBYznj.s 			page 11


 571 021e 8C       		.byte	-116
 572 021f 04       		.byte	4
 573 0220 8D       		.byte	-115
 574 0221 54       		.byte	84
 575 0222 8F       		.byte	-113
 576 0223 A8       		.byte	-88
 577 0224 91       		.byte	-111
 578 0225 C0       		.byte	-64
 579 0226 93       		.byte	-109
 580 0227 30       		.byte	48
 581 0228 95       		.byte	-107
 582 0229 01       		.byte	1
 583 022a 99       		.byte	-103
 584 022b CC       		.byte	-52
 585 022c 9B       		.byte	-101
 586 022d 30       		.byte	48
 587 022e 9C       		.byte	-100
 588 022f 04       		.byte	4
 589 0230 9D       		.byte	-99
 590 0231 0C       		.byte	12
 591 0232 9F       		.byte	-97
 592 0233 F0       		.byte	-16
 593 0234 AD       		.byte	-83
 594 0235 A8       		.byte	-88
 595 0236 AF       		.byte	-81
 596 0237 56       		.byte	86
 597 0238 B1       		.byte	-79
 598 0239 FC       		.byte	-4
 599 023a B2       		.byte	-78
 600 023b 02       		.byte	2
 601 023c B3       		.byte	-77
 602 023d 02       		.byte	2
 603 023e B4       		.byte	-76
 604 023f 04       		.byte	4
 605 0240 B5       		.byte	-75
 606 0241 01       		.byte	1
 607 0242 B6       		.byte	-74
 608 0243 01       		.byte	1
 609 0244 B8       		.byte	-72
 610 0245 20       		.byte	32
 611 0246 BE       		.byte	-66
 612 0247 50       		.byte	80
 613 0248 BF       		.byte	-65
 614 0249 10       		.byte	16
 615 024a D2       		.byte	-46
 616 024b 80       		.byte	-128
 617 024c D4       		.byte	-44
 618 024d 0B       		.byte	11
 619 024e D6       		.byte	-42
 620 024f 04       		.byte	4
 621 0250 D8       		.byte	-40
 622 0251 04       		.byte	4
 623 0252 D9       		.byte	-39
 624 0253 04       		.byte	4
 625 0254 DB       		.byte	-37
 626 0255 04       		.byte	4
 627 0256 DC       		.byte	-36
ARM GAS  C:\Users\bchir\AppData\Local\Temp\ccjBYznj.s 			page 12


 628 0257 20       		.byte	32
 629 0258 DE       		.byte	-34
 630 0259 80       		.byte	-128
 631 025a DF       		.byte	-33
 632 025b 05       		.byte	5
 633 025c 00       		.byte	0
 634 025d 50       		.byte	80
 635 025e 01       		.byte	1
 636 025f 02       		.byte	2
 637 0260 06       		.byte	6
 638 0261 44       		.byte	68
 639 0262 08       		.byte	8
 640 0263 80       		.byte	-128
 641 0264 0C       		.byte	12
 642 0265 A0       		.byte	-96
 643 0266 0D       		.byte	13
 644 0267 01       		.byte	1
 645 0268 0E       		.byte	14
 646 0269 46       		.byte	70
 647 026a 10       		.byte	16
 648 026b 08       		.byte	8
 649 026c 13       		.byte	19
 650 026d 20       		.byte	32
 651 026e 14       		.byte	20
 652 026f 05       		.byte	5
 653 0270 15       		.byte	21
 654 0271 20       		.byte	32
 655 0272 17       		.byte	23
 656 0273 01       		.byte	1
 657 0274 18       		.byte	24
 658 0275 10       		.byte	16
 659 0276 19       		.byte	25
 660 0277 50       		.byte	80
 661 0278 1F       		.byte	31
 662 0279 20       		.byte	32
 663 027a 20       		.byte	32
 664 027b 84       		.byte	-124
 665 027c 23       		.byte	35
 666 027d 10       		.byte	16
 667 027e 25       		.byte	37
 668 027f 21       		.byte	33
 669 0280 27       		.byte	39
 670 0281 04       		.byte	4
 671 0282 28       		.byte	40
 672 0283 01       		.byte	1
 673 0284 2C       		.byte	44
 674 0285 84       		.byte	-124
 675 0286 2E       		.byte	46
 676 0287 40       		.byte	64
 677 0288 2F       		.byte	47
 678 0289 20       		.byte	32
 679 028a 30       		.byte	48
 680 028b A0       		.byte	-96
 681 028c 33       		.byte	51
 682 028d 09       		.byte	9
 683 028e 37       		.byte	55
 684 028f 05       		.byte	5
ARM GAS  C:\Users\bchir\AppData\Local\Temp\ccjBYznj.s 			page 13


 685 0290 39       		.byte	57
 686 0291 22       		.byte	34
 687 0292 3A       		.byte	58
 688 0293 80       		.byte	-128
 689 0294 3C       		.byte	60
 690 0295 80       		.byte	-128
 691 0296 3E       		.byte	62
 692 0297 84       		.byte	-124
 693 0298 44       		.byte	68
 694 0299 40       		.byte	64
 695 029a 46       		.byte	70
 696 029b 02       		.byte	2
 697 029c 47       		.byte	71
 698 029d 10       		.byte	16
 699 029e 4D       		.byte	77
 700 029f 08       		.byte	8
 701 02a0 4E       		.byte	78
 702 02a1 20       		.byte	32
 703 02a2 56       		.byte	86
 704 02a3 01       		.byte	1
 705 02a4 57       		.byte	87
 706 02a5 04       		.byte	4
 707 02a6 59       		.byte	89
 708 02a7 41       		.byte	65
 709 02a8 5B       		.byte	91
 710 02a9 20       		.byte	32
 711 02aa 5C       		.byte	92
 712 02ab 22       		.byte	34
 713 02ac 5E       		.byte	94
 714 02ad 80       		.byte	-128
 715 02ae 5F       		.byte	95
 716 02af 04       		.byte	4
 717 02b0 60       		.byte	96
 718 02b1 80       		.byte	-128
 719 02b2 61       		.byte	97
 720 02b3 04       		.byte	4
 721 02b4 62       		.byte	98
 722 02b5 10       		.byte	16
 723 02b6 73       		.byte	115
 724 02b7 40       		.byte	64
 725 02b8 78       		.byte	120
 726 02b9 01       		.byte	1
 727 02ba 82       		.byte	-126
 728 02bb 84       		.byte	-124
 729 02bc 90       		.byte	-112
 730 02bd 80       		.byte	-128
 731 02be 91       		.byte	-111
 732 02bf 01       		.byte	1
 733 02c0 92       		.byte	-110
 734 02c1 08       		.byte	8
 735 02c2 93       		.byte	-109
 736 02c3 80       		.byte	-128
 737 02c4 96       		.byte	-106
 738 02c5 80       		.byte	-128
 739 02c6 98       		.byte	-104
 740 02c7 40       		.byte	64
 741 02c8 99       		.byte	-103
ARM GAS  C:\Users\bchir\AppData\Local\Temp\ccjBYznj.s 			page 14


 742 02c9 A0       		.byte	-96
 743 02ca 9A       		.byte	-102
 744 02cb 2A       		.byte	42
 745 02cc 9E       		.byte	-98
 746 02cd 01       		.byte	1
 747 02ce 9F       		.byte	-97
 748 02cf 10       		.byte	16
 749 02d0 A1       		.byte	-95
 750 02d1 10       		.byte	16
 751 02d2 A2       		.byte	-94
 752 02d3 86       		.byte	-122
 753 02d4 A3       		.byte	-93
 754 02d5 08       		.byte	8
 755 02d6 A4       		.byte	-92
 756 02d7 14       		.byte	20
 757 02d8 AE       		.byte	-82
 758 02d9 21       		.byte	33
 759 02da C0       		.byte	-64
 760 02db 5B       		.byte	91
 761 02dc C2       		.byte	-62
 762 02dd D1       		.byte	-47
 763 02de C4       		.byte	-60
 764 02df D0       		.byte	-48
 765 02e0 CA       		.byte	-54
 766 02e1 F8       		.byte	-8
 767 02e2 CC       		.byte	-52
 768 02e3 CF       		.byte	-49
 769 02e4 CE       		.byte	-50
 770 02e5 5D       		.byte	93
 771 02e6 D0       		.byte	-48
 772 02e7 B0       		.byte	-80
 773 02e8 D6       		.byte	-42
 774 02e9 FD       		.byte	-3
 775 02ea D8       		.byte	-40
 776 02eb 07       		.byte	7
 777 02ec DE       		.byte	-34
 778 02ed 01       		.byte	1
 779 02ee EE       		.byte	-18
 780 02ef 01       		.byte	1
 781 02f0 EE       		.byte	-18
 782 02f1 01       		.byte	1
 783 02f2 E8       		.byte	-24
 784 02f3 40       		.byte	64
 785 02f4 02       		.byte	2
 786 02f5 04       		.byte	4
 787 02f6 08       		.byte	8
 788 02f7 01       		.byte	1
 789 02f8 12       		.byte	18
 790 02f9 02       		.byte	2
 791 02fa 25       		.byte	37
 792 02fb 01       		.byte	1
 793 02fc 26       		.byte	38
 794 02fd 02       		.byte	2
 795 02fe 2A       		.byte	42
 796 02ff 09       		.byte	9
 797 0300 2E       		.byte	46
 798 0301 04       		.byte	4
ARM GAS  C:\Users\bchir\AppData\Local\Temp\ccjBYznj.s 			page 15


 799 0302 30       		.byte	48
 800 0303 01       		.byte	1
 801 0304 32       		.byte	50
 802 0305 08       		.byte	8
 803 0306 34       		.byte	52
 804 0307 04       		.byte	4
 805 0308 35       		.byte	53
 806 0309 01       		.byte	1
 807 030a 36       		.byte	54
 808 030b 02       		.byte	2
 809 030c 3E       		.byte	62
 810 030d 51       		.byte	81
 811 030e 3F       		.byte	63
 812 030f 10       		.byte	16
 813 0310 54       		.byte	84
 814 0311 18       		.byte	24
 815 0312 56       		.byte	86
 816 0313 04       		.byte	4
 817 0314 58       		.byte	88
 818 0315 04       		.byte	4
 819 0316 59       		.byte	89
 820 0317 04       		.byte	4
 821 0318 5B       		.byte	91
 822 0319 04       		.byte	4
 823 031a 5D       		.byte	93
 824 031b 20       		.byte	32
 825 031c 5F       		.byte	95
 826 031d 01       		.byte	1
 827 031e 00       		.byte	0
 828 031f 10       		.byte	16
 829 0320 03       		.byte	3
 830 0321 80       		.byte	-128
 831 0322 04       		.byte	4
 832 0323 28       		.byte	40
 833 0324 05       		.byte	5
 834 0325 C0       		.byte	-64
 835 0326 06       		.byte	6
 836 0327 40       		.byte	64
 837 0328 07       		.byte	7
 838 0329 40       		.byte	64
 839 032a 0A       		.byte	10
 840 032b 40       		.byte	64
 841 032c 0B       		.byte	11
 842 032d 40       		.byte	64
 843 032e 0D       		.byte	13
 844 032f 02       		.byte	2
 845 0330 0E       		.byte	14
 846 0331 06       		.byte	6
 847 0332 0F       		.byte	15
 848 0333 12       		.byte	18
 849 0334 10       		.byte	16
 850 0335 28       		.byte	40
 851 0336 11       		.byte	17
 852 0337 80       		.byte	-128
 853 0338 14       		.byte	20
 854 0339 50       		.byte	80
 855 033a 16       		.byte	22
ARM GAS  C:\Users\bchir\AppData\Local\Temp\ccjBYznj.s 			page 16


 856 033b 8A       		.byte	-118
 857 033c 17       		.byte	23
 858 033d 20       		.byte	32
 859 033e 18       		.byte	24
 860 033f 15       		.byte	21
 861 0340 19       		.byte	25
 862 0341 01       		.byte	1
 863 0342 1D       		.byte	29
 864 0343 20       		.byte	32
 865 0344 1E       		.byte	30
 866 0345 60       		.byte	96
 867 0346 1F       		.byte	31
 868 0347 08       		.byte	8
 869 0348 23       		.byte	35
 870 0349 04       		.byte	4
 871 034a 24       		.byte	36
 872 034b 28       		.byte	40
 873 034c 25       		.byte	37
 874 034d 40       		.byte	64
 875 034e 26       		.byte	38
 876 034f 02       		.byte	2
 877 0350 27       		.byte	39
 878 0351 04       		.byte	4
 879 0352 29       		.byte	41
 880 0353 08       		.byte	8
 881 0354 2C       		.byte	44
 882 0355 40       		.byte	64
 883 0356 2D       		.byte	45
 884 0357 80       		.byte	-128
 885 0358 2E       		.byte	46
 886 0359 08       		.byte	8
 887 035a 2F       		.byte	47
 888 035b 08       		.byte	8
 889 035c 32       		.byte	50
 890 035d 03       		.byte	3
 891 035e 34       		.byte	52
 892 035f 10       		.byte	16
 893 0360 37       		.byte	55
 894 0361 45       		.byte	69
 895 0362 3E       		.byte	62
 896 0363 04       		.byte	4
 897 0364 3F       		.byte	63
 898 0365 82       		.byte	-126
 899 0366 44       		.byte	68
 900 0367 10       		.byte	16
 901 0368 45       		.byte	69
 902 0369 23       		.byte	35
 903 036a 47       		.byte	71
 904 036b 01       		.byte	1
 905 036c 4C       		.byte	76
 906 036d 24       		.byte	36
 907 036e 4F       		.byte	79
 908 036f 40       		.byte	64
 909 0370 57       		.byte	87
 910 0371 80       		.byte	-128
 911 0372 5A       		.byte	90
 912 0373 02       		.byte	2
ARM GAS  C:\Users\bchir\AppData\Local\Temp\ccjBYznj.s 			page 17


 913 0374 60       		.byte	96
 914 0375 45       		.byte	69
 915 0376 80       		.byte	-128
 916 0377 10       		.byte	16
 917 0378 83       		.byte	-125
 918 0379 40       		.byte	64
 919 037a 86       		.byte	-122
 920 037b 12       		.byte	18
 921 037c 92       		.byte	-110
 922 037d 04       		.byte	4
 923 037e 93       		.byte	-109
 924 037f 10       		.byte	16
 925 0380 94       		.byte	-108
 926 0381 68       		.byte	104
 927 0382 97       		.byte	-105
 928 0383 04       		.byte	4
 929 0384 98       		.byte	-104
 930 0385 10       		.byte	16
 931 0386 99       		.byte	-103
 932 0387 48       		.byte	72
 933 0388 9A       		.byte	-102
 934 0389 C0       		.byte	-64
 935 038a 9B       		.byte	-101
 936 038b 20       		.byte	32
 937 038c 9D       		.byte	-99
 938 038d 01       		.byte	1
 939 038e A0       		.byte	-96
 940 038f 08       		.byte	8
 941 0390 A1       		.byte	-95
 942 0391 01       		.byte	1
 943 0392 A2       		.byte	-94
 944 0393 01       		.byte	1
 945 0394 A6       		.byte	-90
 946 0395 10       		.byte	16
 947 0396 C0       		.byte	-64
 948 0397 FA       		.byte	-6
 949 0398 C2       		.byte	-62
 950 0399 F8       		.byte	-8
 951 039a C4       		.byte	-60
 952 039b F7       		.byte	-9
 953 039c CA       		.byte	-54
 954 039d F2       		.byte	-14
 955 039e CC       		.byte	-52
 956 039f F0       		.byte	-16
 957 03a0 CE       		.byte	-50
 958 03a1 D0       		.byte	-48
 959 03a2 D0       		.byte	-48
 960 03a3 E0       		.byte	-32
 961 03a4 D2       		.byte	-46
 962 03a5 30       		.byte	48
 963 03a6 D6       		.byte	-42
 964 03a7 01       		.byte	1
 965 03a8 D8       		.byte	-40
 966 03a9 0D       		.byte	13
 967 03aa E2       		.byte	-30
 968 03ab 80       		.byte	-128
 969 03ac 00       		.byte	0
ARM GAS  C:\Users\bchir\AppData\Local\Temp\ccjBYznj.s 			page 18


 970 03ad 02       		.byte	2
 971 03ae 03       		.byte	3
 972 03af 15       		.byte	21
 973 03b0 04       		.byte	4
 974 03b1 01       		.byte	1
 975 03b2 05       		.byte	5
 976 03b3 03       		.byte	3
 977 03b4 07       		.byte	7
 978 03b5 14       		.byte	20
 979 03b6 08       		.byte	8
 980 03b7 01       		.byte	1
 981 03b8 09       		.byte	9
 982 03b9 0A       		.byte	10
 983 03ba 0B       		.byte	11
 984 03bb 14       		.byte	20
 985 03bc 14       		.byte	20
 986 03bd 01       		.byte	1
 987 03be 18       		.byte	24
 988 03bf 01       		.byte	1
 989 03c0 19       		.byte	25
 990 03c1 13       		.byte	19
 991 03c2 1B       		.byte	27
 992 03c3 0C       		.byte	12
 993 03c4 1C       		.byte	28
 994 03c5 02       		.byte	2
 995 03c6 1F       		.byte	31
 996 03c7 08       		.byte	8
 997 03c8 21       		.byte	33
 998 03c9 13       		.byte	19
 999 03ca 23       		.byte	35
 1000 03cb 04       		.byte	4
 1001 03cc 30       		.byte	48
 1002 03cd 01       		.byte	1
 1003 03ce 33       		.byte	51
 1004 03cf 0F       		.byte	15
 1005 03d0 36       		.byte	54
 1006 03d1 03       		.byte	3
 1007 03d2 37       		.byte	55
 1008 03d3 10       		.byte	16
 1009 03d4 38       		.byte	56
 1010 03d5 80       		.byte	-128
 1011 03d6 3B       		.byte	59
 1012 03d7 08       		.byte	8
 1013 03d8 3E       		.byte	62
 1014 03d9 01       		.byte	1
 1015 03da 3F       		.byte	63
 1016 03db 40       		.byte	64
 1017 03dc 40       		.byte	64
 1018 03dd 56       		.byte	86
 1019 03de 49       		.byte	73
 1020 03df FF       		.byte	-1
 1021 03e0 4A       		.byte	74
 1022 03e1 FF       		.byte	-1
 1023 03e2 4B       		.byte	75
 1024 03e3 FF       		.byte	-1
 1025 03e4 4D       		.byte	77
 1026 03e5 A0       		.byte	-96
ARM GAS  C:\Users\bchir\AppData\Local\Temp\ccjBYznj.s 			page 19


 1027 03e6 4F       		.byte	79
 1028 03e7 01       		.byte	1
 1029 03e8 50       		.byte	80
 1030 03e9 18       		.byte	24
 1031 03ea 56       		.byte	86
 1032 03eb 08       		.byte	8
 1033 03ec 58       		.byte	88
 1034 03ed 04       		.byte	4
 1035 03ee 59       		.byte	89
 1036 03ef 04       		.byte	4
 1037 03f0 5A       		.byte	90
 1038 03f1 04       		.byte	4
 1039 03f2 5B       		.byte	91
 1040 03f3 04       		.byte	4
 1041 03f4 5C       		.byte	92
 1042 03f5 22       		.byte	34
 1043 03f6 5D       		.byte	93
 1044 03f7 90       		.byte	-112
 1045 03f8 5F       		.byte	95
 1046 03f9 01       		.byte	1
 1047 03fa 60       		.byte	96
 1048 03fb 40       		.byte	64
 1049 03fc 62       		.byte	98
 1050 03fd 80       		.byte	-128
 1051 03fe 64       		.byte	100
 1052 03ff 40       		.byte	64
 1053 0400 65       		.byte	101
 1054 0401 40       		.byte	64
 1055 0402 66       		.byte	102
 1056 0403 80       		.byte	-128
 1057 0404 68       		.byte	104
 1058 0405 40       		.byte	64
 1059 0406 6A       		.byte	106
 1060 0407 50       		.byte	80
 1061 0408 6B       		.byte	107
 1062 0409 A8       		.byte	-88
 1063 040a 6C       		.byte	108
 1064 040b 40       		.byte	64
 1065 040c 6D       		.byte	109
 1066 040d 20       		.byte	32
 1067 040e 6E       		.byte	110
 1068 040f 50       		.byte	80
 1069 0410 6F       		.byte	111
 1070 0411 A8       		.byte	-88
 1071 0412 00       		.byte	0
 1072 0413 90       		.byte	-112
 1073 0414 02       		.byte	2
 1074 0415 01       		.byte	1
 1075 0416 04       		.byte	4
 1076 0417 2A       		.byte	42
 1077 0418 08       		.byte	8
 1078 0419 01       		.byte	1
 1079 041a 0C       		.byte	12
 1080 041b 10       		.byte	16
 1081 041c 0E       		.byte	14
 1082 041d 2A       		.byte	42
 1083 041e 10       		.byte	16
ARM GAS  C:\Users\bchir\AppData\Local\Temp\ccjBYznj.s 			page 20


 1084 041f 08       		.byte	8
 1085 0420 13       		.byte	19
 1086 0421 40       		.byte	64
 1087 0422 18       		.byte	24
 1088 0423 14       		.byte	20
 1089 0424 1A       		.byte	26
 1090 0425 03       		.byte	3
 1091 0426 1B       		.byte	27
 1092 0427 10       		.byte	16
 1093 0428 1E       		.byte	30
 1094 0429 42       		.byte	66
 1095 042a 20       		.byte	32
 1096 042b A8       		.byte	-88
 1097 042c 21       		.byte	33
 1098 042d 04       		.byte	4
 1099 042e 22       		.byte	34
 1100 042f 60       		.byte	96
 1101 0430 26       		.byte	38
 1102 0431 40       		.byte	64
 1103 0432 27       		.byte	39
 1104 0433 10       		.byte	16
 1105 0434 29       		.byte	41
 1106 0435 A0       		.byte	-96
 1107 0436 2A       		.byte	42
 1108 0437 09       		.byte	9
 1109 0438 2F       		.byte	47
 1110 0439 40       		.byte	64
 1111 043a 32       		.byte	50
 1112 043b 66       		.byte	102
 1113 043c 36       		.byte	54
 1114 043d 80       		.byte	-128
 1115 043e 37       		.byte	55
 1116 043f 10       		.byte	16
 1117 0440 38       		.byte	56
 1118 0441 80       		.byte	-128
 1119 0442 39       		.byte	57
 1120 0443 08       		.byte	8
 1121 0444 3A       		.byte	58
 1122 0445 20       		.byte	32
 1123 0446 3D       		.byte	61
 1124 0447 21       		.byte	33
 1125 0448 3F       		.byte	63
 1126 0449 08       		.byte	8
 1127 044a 40       		.byte	64
 1128 044b 04       		.byte	4
 1129 044c 42       		.byte	66
 1130 044d 01       		.byte	1
 1131 044e 49       		.byte	73
 1132 044f 06       		.byte	6
 1133 0450 4E       		.byte	78
 1134 0451 01       		.byte	1
 1135 0452 4F       		.byte	79
 1136 0453 20       		.byte	32
 1137 0454 50       		.byte	80
 1138 0455 08       		.byte	8
 1139 0456 52       		.byte	82
 1140 0457 10       		.byte	16
ARM GAS  C:\Users\bchir\AppData\Local\Temp\ccjBYznj.s 			page 21


 1141 0458 5A       		.byte	90
 1142 0459 40       		.byte	64
 1143 045a 5D       		.byte	93
 1144 045b 40       		.byte	64
 1145 045c 64       		.byte	100
 1146 045d 01       		.byte	1
 1147 045e 65       		.byte	101
 1148 045f 40       		.byte	64
 1149 0460 68       		.byte	104
 1150 0461 20       		.byte	32
 1151 0462 69       		.byte	105
 1152 0463 22       		.byte	34
 1153 0464 6B       		.byte	107
 1154 0465 01       		.byte	1
 1155 0466 70       		.byte	112
 1156 0467 01       		.byte	1
 1157 0468 72       		.byte	114
 1158 0469 04       		.byte	4
 1159 046a 73       		.byte	115
 1160 046b 20       		.byte	32
 1161 046c 8D       		.byte	-115
 1162 046d 40       		.byte	64
 1163 046e 90       		.byte	-112
 1164 046f 80       		.byte	-128
 1165 0470 91       		.byte	-111
 1166 0471 01       		.byte	1
 1167 0472 92       		.byte	-110
 1168 0473 08       		.byte	8
 1169 0474 93       		.byte	-109
 1170 0475 D0       		.byte	-48
 1171 0476 94       		.byte	-108
 1172 0477 40       		.byte	64
 1173 0478 95       		.byte	-107
 1174 0479 22       		.byte	34
 1175 047a 96       		.byte	-106
 1176 047b 80       		.byte	-128
 1177 047c 97       		.byte	-105
 1178 047d 04       		.byte	4
 1179 047e 99       		.byte	-103
 1180 047f A8       		.byte	-88
 1181 0480 9A       		.byte	-102
 1182 0481 E8       		.byte	-24
 1183 0482 9C       		.byte	-100
 1184 0483 01       		.byte	1
 1185 0484 9D       		.byte	-99
 1186 0485 07       		.byte	7
 1187 0486 9E       		.byte	-98
 1188 0487 10       		.byte	16
 1189 0488 9F       		.byte	-97
 1190 0489 11       		.byte	17
 1191 048a A1       		.byte	-95
 1192 048b 11       		.byte	17
 1193 048c A2       		.byte	-94
 1194 048d 86       		.byte	-122
 1195 048e A3       		.byte	-93
 1196 048f 04       		.byte	4
 1197 0490 A4       		.byte	-92
ARM GAS  C:\Users\bchir\AppData\Local\Temp\ccjBYznj.s 			page 22


 1198 0491 3C       		.byte	60
 1199 0492 A6       		.byte	-90
 1200 0493 41       		.byte	65
 1201 0494 A8       		.byte	-88
 1202 0495 06       		.byte	6
 1203 0496 A9       		.byte	-87
 1204 0497 10       		.byte	16
 1205 0498 AA       		.byte	-86
 1206 0499 20       		.byte	32
 1207 049a AD       		.byte	-83
 1208 049b 20       		.byte	32
 1209 049c AE       		.byte	-82
 1210 049d 40       		.byte	64
 1211 049e B4       		.byte	-76
 1212 049f 20       		.byte	32
 1213 04a0 B7       		.byte	-73
 1214 04a1 04       		.byte	4
 1215 04a2 C0       		.byte	-64
 1216 04a3 73       		.byte	115
 1217 04a4 C2       		.byte	-62
 1218 04a5 E8       		.byte	-24
 1219 04a6 C4       		.byte	-60
 1220 04a7 03       		.byte	3
 1221 04a8 CA       		.byte	-54
 1222 04a9 8F       		.byte	-113
 1223 04aa CC       		.byte	-52
 1224 04ab 3F       		.byte	63
 1225 04ac CE       		.byte	-50
 1226 04ad EE       		.byte	-18
 1227 04ae D0       		.byte	-48
 1228 04af 0C       		.byte	12
 1229 04b0 D2       		.byte	-46
 1230 04b1 30       		.byte	48
 1231 04b2 D6       		.byte	-42
 1232 04b3 18       		.byte	24
 1233 04b4 D8       		.byte	-40
 1234 04b5 10       		.byte	16
 1235 04b6 E0       		.byte	-32
 1236 04b7 40       		.byte	64
 1237 04b8 E8       		.byte	-24
 1238 04b9 04       		.byte	4
 1239 04ba EE       		.byte	-18
 1240 04bb 02       		.byte	2
 1241 04bc E8       		.byte	-24
 1242 04bd 04       		.byte	4
 1243 04be EE       		.byte	-18
 1244 04bf 02       		.byte	2
 1245 04c0 E2       		.byte	-30
 1246 04c1 80       		.byte	-128
 1247 04c2 33       		.byte	51
 1248 04c3 88       		.byte	-120
 1249 04c4 36       		.byte	54
 1250 04c5 40       		.byte	64
 1251 04c6 CC       		.byte	-52
 1252 04c7 70       		.byte	112
 1253 04c8 00       		.byte	0
 1254 04c9 40       		.byte	64
ARM GAS  C:\Users\bchir\AppData\Local\Temp\ccjBYznj.s 			page 23


 1255 04ca 53       		.byte	83
 1256 04cb 04       		.byte	4
 1257 04cc A6       		.byte	-90
 1258 04cd 40       		.byte	64
 1259 04ce A7       		.byte	-89
 1260 04cf 88       		.byte	-120
 1261 04d0 C0       		.byte	-64
 1262 04d1 40       		.byte	64
 1263 04d2 D4       		.byte	-44
 1264 04d3 20       		.byte	32
 1265 04d4 97       		.byte	-105
 1266 04d5 08       		.byte	8
 1267 04d6 A6       		.byte	-90
 1268 04d7 40       		.byte	64
 1269 04d8 A7       		.byte	-89
 1270 04d9 88       		.byte	-120
 1271 04da B4       		.byte	-76
 1272 04db 40       		.byte	64
 1273 04dc 97       		.byte	-105
 1274 04dd 08       		.byte	8
 1275 04de A6       		.byte	-90
 1276 04df 40       		.byte	64
 1277 04e0 A7       		.byte	-89
 1278 04e1 80       		.byte	-128
 1279 04e2 AB       		.byte	-85
 1280 04e3 08       		.byte	8
 1281 04e4 EE       		.byte	-18
 1282 04e5 80       		.byte	-128
 1283 04e6 1A       		.byte	26
 1284 04e7 80       		.byte	-128
 1285 04e8 98       		.byte	-104
 1286 04e9 20       		.byte	32
 1287 04ea B4       		.byte	-76
 1288 04eb 20       		.byte	32
 1289 04ec C6       		.byte	-58
 1290 04ed 08       		.byte	8
 1291 04ee E8       		.byte	-24
 1292 04ef 02       		.byte	2
 1293 04f0 0B       		.byte	11
 1294 04f1 40       		.byte	64
 1295 04f2 98       		.byte	-104
 1296 04f3 20       		.byte	32
 1297 04f4 AA       		.byte	-86
 1298 04f5 40       		.byte	64
 1299 04f6 C2       		.byte	-62
 1300 04f7 08       		.byte	8
 1301 04f8 04       		.byte	4
 1302 04f9 40       		.byte	64
 1303 04fa 8C       		.byte	-116
 1304 04fb 40       		.byte	64
 1305 04fc 97       		.byte	-105
 1306 04fd 08       		.byte	8
 1307 04fe AB       		.byte	-85
 1308 04ff 80       		.byte	-128
 1309 0500 AE       		.byte	-82
 1310 0501 40       		.byte	64
 1311 0502 C0       		.byte	-64
ARM GAS  C:\Users\bchir\AppData\Local\Temp\ccjBYznj.s 			page 24


 1312 0503 80       		.byte	-128
 1313 0504 EE       		.byte	-18
 1314 0505 60       		.byte	96
 1315 0506 8B       		.byte	-117
 1316 0507 04       		.byte	4
 1317 0508 97       		.byte	-105
 1318 0509 08       		.byte	8
 1319 050a 7F       		.byte	127
 1320 050b 02       		.byte	2
 1321 050c 98       		.byte	-104
 1322 050d 20       		.byte	32
 1323 050e A3       		.byte	-93
 1324 050f 02       		.byte	2
 1325 0510 AB       		.byte	-85
 1326 0511 02       		.byte	2
 1327 0512 AF       		.byte	-81
 1328 0513 40       		.byte	64
 1329 0514 DE       		.byte	-34
 1330 0515 04       		.byte	4
 1331 0516 19       		.byte	25
 1332 0517 02       		.byte	2
 1333 0518 78       		.byte	120
 1334 0519 20       		.byte	32
 1335 051a 89       		.byte	-119
 1336 051b 02       		.byte	2
 1337 051c 98       		.byte	-104
 1338 051d 20       		.byte	32
 1339 051e C6       		.byte	-58
 1340 051f 08       		.byte	8
 1341 0520 DE       		.byte	-34
 1342 0521 02       		.byte	2
 1343 0522 E2       		.byte	-30
 1344 0523 01       		.byte	1
 1345 0524 00       		.byte	0
 1346 0525 07       		.byte	7
 1347 0526 02       		.byte	2
 1348 0527 14       		.byte	20
 1349 0528 0A       		.byte	10
 1350 0529 07       		.byte	7
 1351 052a 10       		.byte	16
 1352 052b 07       		.byte	7
 1353 052c 11       		.byte	17
 1354 052d 01       		.byte	1
 1355 052e 12       		.byte	18
 1356 052f 14       		.byte	20
 1357 0530 1A       		.byte	26
 1358 0531 07       		.byte	7
 1359 0532 1B       		.byte	27
 1360 0533 01       		.byte	1
 1361 0534 00       		.byte	0
 1362 0535 3B       		.byte	59
 1363 0536 00       		.byte	0
 1364 0537 00       		.byte	0
 1365 0538 00       		.byte	0
 1366 0539 00       		.byte	0
 1367 053a 01       		.byte	1
 1368 053b 0C       		.byte	12
ARM GAS  C:\Users\bchir\AppData\Local\Temp\ccjBYznj.s 			page 25


 1369 053c 9C       		.byte	-100
 1370 053d 08       		.byte	8
 1371 053e 60       		.byte	96
 1372 053f 00       		.byte	0
 1373 0540 70       		.byte	112
 1374 0541 00       		.byte	0
 1375 0542 84       		.byte	-124
 1376 0543 00       		.byte	0
 1377 0544 10       		.byte	16
 1378 0545 0F       		.byte	15
 1379 0546 02       		.byte	2
 1380 0547 F0       		.byte	-16
 1381 0548 00       		.byte	0
 1382 0549 00       		.byte	0
 1383 054a 8C       		.byte	-116
 1384 054b 73       		.byte	115
 1385 054c 00       		.byte	0
 1386 054d F3       		.byte	-13
 1387 054e 10       		.byte	16
 1388 054f 0C       		.byte	12
 1389 0550 40       		.byte	64
 1390 0551 FF       		.byte	-1
 1391 0552 00       		.byte	0
 1392 0553 00       		.byte	0
 1393 0554 00       		.byte	0
 1394 0555 33       		.byte	51
 1395 0556 60       		.byte	96
 1396 0557 00       		.byte	0
 1397 0558 00       		.byte	0
 1398 0559 11       		.byte	17
 1399 055a 02       		.byte	2
 1400 055b 00       		.byte	0
 1401 055c FC       		.byte	-4
 1402 055d 04       		.byte	4
 1403 055e 00       		.byte	0
 1404 055f 00       		.byte	0
 1405 0560 20       		.byte	32
 1406 0561 0C       		.byte	12
 1407 0562 00       		.byte	0
 1408 0563 F3       		.byte	-13
 1409 0564 F0       		.byte	-16
 1410 0565 22       		.byte	34
 1411 0566 08       		.byte	8
 1412 0567 00       		.byte	0
 1413 0568 E0       		.byte	-32
 1414 0569 30       		.byte	48
 1415 056a 7C       		.byte	124
 1416 056b 4C       		.byte	76
 1417 056c 03       		.byte	3
 1418 056d 0F       		.byte	15
 1419 056e 00       		.byte	0
 1420 056f 80       		.byte	-128
 1421 0570 00       		.byte	0
 1422 0571 80       		.byte	-128
 1423 0572 08       		.byte	8
 1424 0573 28       		.byte	40
 1425 0574 00       		.byte	0
ARM GAS  C:\Users\bchir\AppData\Local\Temp\ccjBYznj.s 			page 26


 1426 0575 00       		.byte	0
 1427 0576 10       		.byte	16
 1428 0577 00       		.byte	0
 1429 0578 64       		.byte	100
 1430 0579 03       		.byte	3
 1431 057a 05       		.byte	5
 1432 057b 00       		.byte	0
 1433 057c 02       		.byte	2
 1434 057d 0C       		.byte	12
 1435 057e 0E       		.byte	14
 1436 057f 00       		.byte	0
 1437 0580 05       		.byte	5
 1438 0581 FF       		.byte	-1
 1439 0582 FF       		.byte	-1
 1440 0583 FF       		.byte	-1
 1441 0584 62       		.byte	98
 1442 0585 A0       		.byte	-96
 1443 0586 F0       		.byte	-16
 1444 0587 41       		.byte	65
 1445 0588 0C       		.byte	12
 1446 0589 00       		.byte	0
 1447 058a 00       		.byte	0
 1448 058b 00       		.byte	0
 1449 058c 00       		.byte	0
 1450 058d 00       		.byte	0
 1451 058e 00       		.byte	0
 1452 058f 00       		.byte	0
 1453 0590 04       		.byte	4
 1454 0591 04       		.byte	4
 1455 0592 04       		.byte	4
 1456 0593 00       		.byte	0
 1457 0594 22       		.byte	34
 1458 0595 02       		.byte	2
 1459 0596 00       		.byte	0
 1460 0597 01       		.byte	1
 1461 0598 00       		.byte	0
 1462 0599 00       		.byte	0
 1463 059a 00       		.byte	0
 1464 059b 00       		.byte	0
 1465 059c 00       		.byte	0
 1466 059d 00       		.byte	0
 1467 059e 40       		.byte	64
 1468 059f 02       		.byte	2
 1469 05a0 00       		.byte	0
 1470 05a1 10       		.byte	16
 1471 05a2 30       		.byte	48
 1472 05a3 10       		.byte	16
 1473 05a4 00       		.byte	0
 1474 05a5 10       		.byte	16
 1475 05a6 10       		.byte	16
 1476 05a7 12       		.byte	18
 1477 05a8 00       		.byte	0
 1478 05a9 00       		.byte	0
 1479 05aa 00       		.byte	0
 1480 05ab 00       		.byte	0
 1481 05ac 00       		.byte	0
 1482 05ad 00       		.byte	0
ARM GAS  C:\Users\bchir\AppData\Local\Temp\ccjBYznj.s 			page 27


 1483 05ae 00       		.byte	0
 1484 05af 00       		.byte	0
 1485 05b0 00       		.byte	0
 1486 05b1 00       		.byte	0
 1487 05b2 00       		.byte	0
 1488 05b3 00       		.byte	0
 1489 05b4 00       		.byte	0
 1490 05b5 00       		.byte	0
 1491 05b6 00       		.byte	0
 1492 05b7 00       		.byte	0
 1493 05b8 00       		.byte	0
 1494 05b9 00       		.byte	0
 1495 05ba 00       		.byte	0
 1496 05bb 00       		.byte	0
 1497 05bc 00       		.byte	0
 1498 05bd 04       		.byte	4
 1499 05be 00       		.byte	0
 1500 05bf 22       		.byte	34
 1501 05c0 02       		.byte	2
 1502 05c1 06       		.byte	6
 1503 05c2 00       		.byte	0
 1504 05c3 20       		.byte	32
 1505 05c4 00       		.byte	0
 1506 05c5 00       		.byte	0
 1507 05c6 06       		.byte	6
 1508 05c7 06       		.byte	6
 1509 05c8 00       		.byte	0
 1510 05c9 01       		.byte	1
 1511 05ca 01       		.byte	1
 1512 05cb 3C       		.byte	60
 1513 05cc 00       		.byte	0
 1514 05cd 00       		.byte	0
 1515 05ce 00       		.byte	0
 1516 05cf 06       		.byte	6
 1517 05d0 00       		.byte	0
 1518 05d1 00       		.byte	0
 1519 05d2 00       		.byte	0
 1520 05d3 2E       		.byte	46
 1521 05d4 00       		.byte	0
 1522 05d5 02       		.byte	2
 1523 05d6 00       		.byte	0
 1524 05d7 04       		.byte	4
 1525 05d8 00       		.byte	0
 1526 05d9 03       		.byte	3
 1527 05da 00       		.byte	0
 1528 05db 04       		.byte	4
 1529 05dc 00       		.byte	0
 1530 05dd 00       		.byte	0
 1531 05de 00       		.byte	0
 1532 05df 06       		.byte	6
 1533 05e0 01       		.byte	1
 1534 05e1 00       		.byte	0
 1535 05e2 00       		.byte	0
 1536 05e3 06       		.byte	6
 1537 05e4 00       		.byte	0
 1538 05e5 04       		.byte	4
 1539 05e6 02       		.byte	2
ARM GAS  C:\Users\bchir\AppData\Local\Temp\ccjBYznj.s 			page 28


 1540 05e7 02       		.byte	2
 1541 05e8 00       		.byte	0
 1542 05e9 07       		.byte	7
 1543 05ea 04       		.byte	4
 1544 05eb 08       		.byte	8
 1545 05ec 01       		.byte	1
 1546 05ed 10       		.byte	16
 1547 05ee 02       		.byte	2
 1548 05ef 20       		.byte	32
 1549 05f0 20       		.byte	32
 1550 05f1 00       		.byte	0
 1551 05f2 00       		.byte	0
 1552 05f3 AA       		.byte	-86
 1553 05f4 00       		.byte	0
 1554 05f5 00       		.byte	0
 1555 05f6 50       		.byte	80
 1556 05f7 00       		.byte	0
 1557 05f8 12       		.byte	18
 1558 05f9 00       		.byte	0
 1559 05fa 00       		.byte	0
 1560 05fb 00       		.byte	0
 1561 05fc 00       		.byte	0
 1562 05fd 5E       		.byte	94
 1563 05fe C0       		.byte	-64
 1564 05ff 02       		.byte	2
 1565 0600 1B       		.byte	27
 1566 0601 FF       		.byte	-1
 1567 0602 FF       		.byte	-1
 1568 0603 FF       		.byte	-1
 1569 0604 00       		.byte	0
 1570 0605 AF       		.byte	-81
 1571 0606 07       		.byte	7
 1572 0607 01       		.byte	1
 1573 0608 18       		.byte	24
 1574 0609 00       		.byte	0
 1575 060a 00       		.byte	0
 1576 060b 00       		.byte	0
 1577 060c 00       		.byte	0
 1578 060d 00       		.byte	0
 1579 060e 02       		.byte	2
 1580 060f 10       		.byte	16
 1581 0610 04       		.byte	4
 1582 0611 04       		.byte	4
 1583 0612 04       		.byte	4
 1584 0613 04       		.byte	4
 1585 0614 10       		.byte	16
 1586 0615 20       		.byte	32
 1587 0616 00       		.byte	0
 1588 0617 01       		.byte	1
 1589 0618 40       		.byte	64
 1590 0619 00       		.byte	0
 1591 061a 80       		.byte	-128
 1592 061b 00       		.byte	0
 1593 061c 40       		.byte	64
 1594 061d 40       		.byte	64
 1595 061e 80       		.byte	-128
 1596 061f 00       		.byte	0
ARM GAS  C:\Users\bchir\AppData\Local\Temp\ccjBYznj.s 			page 29


 1597 0620 40       		.byte	64
 1598 0621 00       		.byte	0
 1599 0622 50       		.byte	80
 1600 0623 A8       		.byte	-88
 1601 0624 40       		.byte	64
 1602 0625 20       		.byte	32
 1603 0626 50       		.byte	80
 1604 0627 A8       		.byte	-88
 1605 0628 00       		.byte	0
 1606 0629 00       		.byte	0
 1607 062a 00       		.byte	0
 1608 062b 00       		.byte	0
 1609 062c 00       		.byte	0
 1610 062d 00       		.byte	0
 1611 062e 00       		.byte	0
 1612 062f 00       		.byte	0
 1613 0630 00       		.byte	0
 1614 0631 00       		.byte	0
 1615 0632 00       		.byte	0
 1616 0633 00       		.byte	0
 1617 0634 00       		.byte	0
 1618 0635 00       		.byte	0
 1619 0636 00       		.byte	0
 1620 0637 00       		.byte	0
 1621 0638 04       		.byte	4
 1622 0639 C3       		.byte	-61
 1623 063a FB       		.byte	-5
 1624 063b 00       		.byte	0
 1625 063c 02       		.byte	2
 1626 063d 00       		.byte	0
 1627 063e 00       		.byte	0
 1628 063f 00       		.byte	0
 1629 0640 50       		.byte	80
 1630 0641 00       		.byte	0
 1631 0642 08       		.byte	8
 1632 0643 10       		.byte	16
 1633 0644 10       		.byte	16
 1634 0645 00       		.byte	0
 1635 0646 10       		.byte	16
 1636 0647 00       		.byte	0
 1637 0648 E0       		.byte	-32
 1638 0649 00       		.byte	0
 1639 064a 00       		.byte	0
 1640 064b 00       		.byte	0
 1641 064c 00       		.byte	0
 1642 064d 0B       		.byte	11
 1643 064e 0B       		.byte	11
 1644 064f 00       		.byte	0
 1645 0650 00       		.byte	0
 1646 0651 00       		.byte	0
 1647 0652 00       		.byte	0
 1648 0653 00       		.byte	0
 1649 0654 00       		.byte	0
 1650 0655 02       		.byte	2
 1651 0656 02       		.byte	2
 1652 0657 00       		.byte	0
 1653 0658 00       		.byte	0
ARM GAS  C:\Users\bchir\AppData\Local\Temp\ccjBYznj.s 			page 30


 1654 0659 00       		.byte	0
 1655 065a 00       		.byte	0
 1656 065b 00       		.byte	0
 1657 065c 3C       		.byte	60
 1658 065d 00       		.byte	0
 1659 065e 18       		.byte	24
 1660 065f 01       		.byte	1
 1661              		.section	.cywolatch,"a",%progbits
 1662              		.align	2
 1663              		.type	cy_meta_wonvl, %object
 1664              		.size	cy_meta_wonvl, 4
 1665              	cy_meta_wonvl:
 1666 0000 BC       		.byte	-68
 1667 0001 90       		.byte	-112
 1668 0002 AC       		.byte	-84
 1669 0003 AF       		.byte	-81
 1670              		.section	.cycustnvl,"a",%progbits
 1671              		.align	2
 1672              		.type	cy_meta_custnvl, %object
 1673              		.size	cy_meta_custnvl, 4
 1674              	cy_meta_custnvl:
 1675 0000 00       		.byte	0
 1676 0001 00       		.byte	0
 1677 0002 40       		.byte	64
 1678 0003 05       		.byte	5
 1679              		.section	.cymeta,"a",%progbits
 1680              		.align	2
 1681              		.type	cy_metadata, %object
 1682              		.size	cy_metadata, 12
 1683              	cy_metadata:
 1684 0000 00       		.byte	0
 1685 0001 01       		.byte	1
 1686 0002 2E       		.byte	46
 1687 0003 16       		.byte	22
 1688 0004 10       		.byte	16
 1689 0005 69       		.byte	105
 1690 0006 00       		.byte	0
 1691 0007 01       		.byte	1
 1692 0008 00       		.byte	0
 1693 0009 00       		.byte	0
 1694 000a 00       		.byte	0
 1695 000b 00       		.byte	0
 1696              		.section	.cyflashprotect,"a",%progbits
 1697              		.align	2
 1698              		.type	cy_meta_flashprotect, %object
 1699              		.size	cy_meta_flashprotect, 256
 1700              	cy_meta_flashprotect:
 1701 0000 00000000 		.space	256
 1701      00000000 
 1701      00000000 
 1701      00000000 
 1701      00000000 
 1702              		.text
 1703              	.Letext0:
 1704              		.file 1 "c:\\program files (x86)\\cypress\\psoc creator\\4.4\\psoc creator\\import\\gnu\\arm\\5.4.
 1705              		.file 2 "c:\\program files (x86)\\cypress\\psoc creator\\4.4\\psoc creator\\import\\gnu\\arm\\5.4.
 1706              		.file 3 "Generated_Source\\PSoC5\\cymetadata.c"
ARM GAS  C:\Users\bchir\AppData\Local\Temp\ccjBYznj.s 			page 31


 1707              		.section	.debug_info,"",%progbits
 1708              	.Ldebug_info0:
 1709 0000 34010000 		.4byte	0x134
 1710 0004 0400     		.2byte	0x4
 1711 0006 00000000 		.4byte	.Ldebug_abbrev0
 1712 000a 04       		.byte	0x4
 1713 000b 01       		.uleb128 0x1
 1714 000c 24000000 		.4byte	.LASF17
 1715 0010 0C       		.byte	0xc
 1716 0011 B2010000 		.4byte	.LASF18
 1717 0015 5F010000 		.4byte	.LASF19
 1718 0019 00000000 		.4byte	.Ldebug_line0
 1719 001d 02       		.uleb128 0x2
 1720 001e 01       		.byte	0x1
 1721 001f 06       		.byte	0x6
 1722 0020 A6010000 		.4byte	.LASF0
 1723 0024 03       		.uleb128 0x3
 1724 0025 00000000 		.4byte	.LASF9
 1725 0029 01       		.byte	0x1
 1726 002a 1D       		.byte	0x1d
 1727 002b 2F000000 		.4byte	0x2f
 1728 002f 02       		.uleb128 0x2
 1729 0030 01       		.byte	0x1
 1730 0031 08       		.byte	0x8
 1731 0032 16000000 		.4byte	.LASF1
 1732 0036 02       		.uleb128 0x2
 1733 0037 02       		.byte	0x2
 1734 0038 05       		.byte	0x5
 1735 0039 93010000 		.4byte	.LASF2
 1736 003d 02       		.uleb128 0x2
 1737 003e 02       		.byte	0x2
 1738 003f 07       		.byte	0x7
 1739 0040 C4000000 		.4byte	.LASF3
 1740 0044 02       		.uleb128 0x2
 1741 0045 04       		.byte	0x4
 1742 0046 05       		.byte	0x5
 1743 0047 9D010000 		.4byte	.LASF4
 1744 004b 02       		.uleb128 0x2
 1745 004c 04       		.byte	0x4
 1746 004d 07       		.byte	0x7
 1747 004e B2000000 		.4byte	.LASF5
 1748 0052 02       		.uleb128 0x2
 1749 0053 08       		.byte	0x8
 1750 0054 05       		.byte	0x5
 1751 0055 51010000 		.4byte	.LASF6
 1752 0059 02       		.uleb128 0x2
 1753 005a 08       		.byte	0x8
 1754 005b 07       		.byte	0x7
 1755 005c 06010000 		.4byte	.LASF7
 1756 0060 04       		.uleb128 0x4
 1757 0061 04       		.byte	0x4
 1758 0062 05       		.byte	0x5
 1759 0063 696E7400 		.ascii	"int\000"
 1760 0067 02       		.uleb128 0x2
 1761 0068 04       		.byte	0x4
 1762 0069 07       		.byte	0x7
 1763 006a F9000000 		.4byte	.LASF8
ARM GAS  C:\Users\bchir\AppData\Local\Temp\ccjBYznj.s 			page 32


 1764 006e 03       		.uleb128 0x3
 1765 006f 1D010000 		.4byte	.LASF10
 1766 0073 02       		.byte	0x2
 1767 0074 18       		.byte	0x18
 1768 0075 24000000 		.4byte	0x24
 1769 0079 05       		.uleb128 0x5
 1770 007a 91000000 		.4byte	0x91
 1771 007e 8A000000 		.4byte	0x8a
 1772 0082 06       		.uleb128 0x6
 1773 0083 8A000000 		.4byte	0x8a
 1774 0087 5F06     		.2byte	0x65f
 1775 0089 00       		.byte	0
 1776 008a 02       		.uleb128 0x2
 1777 008b 04       		.byte	0x4
 1778 008c 07       		.byte	0x7
 1779 008d 48010000 		.4byte	.LASF11
 1780 0091 07       		.uleb128 0x7
 1781 0092 6E000000 		.4byte	0x6e
 1782 0096 08       		.uleb128 0x8
 1783 0097 E7000000 		.4byte	.LASF12
 1784 009b 03       		.byte	0x3
 1785 009c 1F       		.byte	0x1f
 1786 009d A7000000 		.4byte	0xa7
 1787 00a1 05       		.uleb128 0x5
 1788 00a2 03       		.byte	0x3
 1789 00a3 00000000 		.4byte	cy_meta_configecc
 1790 00a7 07       		.uleb128 0x7
 1791 00a8 79000000 		.4byte	0x79
 1792 00ac 05       		.uleb128 0x5
 1793 00ad 91000000 		.4byte	0x91
 1794 00b1 BC000000 		.4byte	0xbc
 1795 00b5 09       		.uleb128 0x9
 1796 00b6 8A000000 		.4byte	0x8a
 1797 00ba 03       		.byte	0x3
 1798 00bb 00       		.byte	0
 1799 00bc 08       		.uleb128 0x8
 1800 00bd D7000000 		.4byte	.LASF13
 1801 00c1 03       		.byte	0x3
 1802 00c2 F8       		.byte	0xf8
 1803 00c3 CD000000 		.4byte	0xcd
 1804 00c7 05       		.uleb128 0x5
 1805 00c8 03       		.byte	0x3
 1806 00c9 00000000 		.4byte	cy_meta_custnvl
 1807 00cd 07       		.uleb128 0x7
 1808 00ce AC000000 		.4byte	0xac
 1809 00d2 0A       		.uleb128 0xa
 1810 00d3 3A010000 		.4byte	.LASF14
 1811 00d7 03       		.byte	0x3
 1812 00d8 0601     		.2byte	0x106
 1813 00da E4000000 		.4byte	0xe4
 1814 00de 05       		.uleb128 0x5
 1815 00df 03       		.byte	0x3
 1816 00e0 00000000 		.4byte	cy_meta_wonvl
 1817 00e4 07       		.uleb128 0x7
 1818 00e5 AC000000 		.4byte	0xac
 1819 00e9 05       		.uleb128 0x5
 1820 00ea 91000000 		.4byte	0x91
ARM GAS  C:\Users\bchir\AppData\Local\Temp\ccjBYznj.s 			page 33


 1821 00ee F9000000 		.4byte	0xf9
 1822 00f2 09       		.uleb128 0x9
 1823 00f3 8A000000 		.4byte	0x8a
 1824 00f7 FF       		.byte	0xff
 1825 00f8 00       		.byte	0
 1826 00f9 0A       		.uleb128 0xa
 1827 00fa 25010000 		.4byte	.LASF15
 1828 00fe 03       		.byte	0x3
 1829 00ff 1401     		.2byte	0x114
 1830 0101 0B010000 		.4byte	0x10b
 1831 0105 05       		.uleb128 0x5
 1832 0106 03       		.byte	0x3
 1833 0107 00000000 		.4byte	cy_meta_flashprotect
 1834 010b 07       		.uleb128 0x7
 1835 010c E9000000 		.4byte	0xe9
 1836 0110 05       		.uleb128 0x5
 1837 0111 91000000 		.4byte	0x91
 1838 0115 20010000 		.4byte	0x120
 1839 0119 09       		.uleb128 0x9
 1840 011a 8A000000 		.4byte	0x8a
 1841 011e 0B       		.byte	0xb
 1842 011f 00       		.byte	0
 1843 0120 0A       		.uleb128 0xa
 1844 0121 0A000000 		.4byte	.LASF16
 1845 0125 03       		.byte	0x3
 1846 0126 4101     		.2byte	0x141
 1847 0128 32010000 		.4byte	0x132
 1848 012c 05       		.uleb128 0x5
 1849 012d 03       		.byte	0x3
 1850 012e 00000000 		.4byte	cy_metadata
 1851 0132 07       		.uleb128 0x7
 1852 0133 10010000 		.4byte	0x110
 1853 0137 00       		.byte	0
 1854              		.section	.debug_abbrev,"",%progbits
 1855              	.Ldebug_abbrev0:
 1856 0000 01       		.uleb128 0x1
 1857 0001 11       		.uleb128 0x11
 1858 0002 01       		.byte	0x1
 1859 0003 25       		.uleb128 0x25
 1860 0004 0E       		.uleb128 0xe
 1861 0005 13       		.uleb128 0x13
 1862 0006 0B       		.uleb128 0xb
 1863 0007 03       		.uleb128 0x3
 1864 0008 0E       		.uleb128 0xe
 1865 0009 1B       		.uleb128 0x1b
 1866 000a 0E       		.uleb128 0xe
 1867 000b 10       		.uleb128 0x10
 1868 000c 17       		.uleb128 0x17
 1869 000d 00       		.byte	0
 1870 000e 00       		.byte	0
 1871 000f 02       		.uleb128 0x2
 1872 0010 24       		.uleb128 0x24
 1873 0011 00       		.byte	0
 1874 0012 0B       		.uleb128 0xb
 1875 0013 0B       		.uleb128 0xb
 1876 0014 3E       		.uleb128 0x3e
 1877 0015 0B       		.uleb128 0xb
ARM GAS  C:\Users\bchir\AppData\Local\Temp\ccjBYznj.s 			page 34


 1878 0016 03       		.uleb128 0x3
 1879 0017 0E       		.uleb128 0xe
 1880 0018 00       		.byte	0
 1881 0019 00       		.byte	0
 1882 001a 03       		.uleb128 0x3
 1883 001b 16       		.uleb128 0x16
 1884 001c 00       		.byte	0
 1885 001d 03       		.uleb128 0x3
 1886 001e 0E       		.uleb128 0xe
 1887 001f 3A       		.uleb128 0x3a
 1888 0020 0B       		.uleb128 0xb
 1889 0021 3B       		.uleb128 0x3b
 1890 0022 0B       		.uleb128 0xb
 1891 0023 49       		.uleb128 0x49
 1892 0024 13       		.uleb128 0x13
 1893 0025 00       		.byte	0
 1894 0026 00       		.byte	0
 1895 0027 04       		.uleb128 0x4
 1896 0028 24       		.uleb128 0x24
 1897 0029 00       		.byte	0
 1898 002a 0B       		.uleb128 0xb
 1899 002b 0B       		.uleb128 0xb
 1900 002c 3E       		.uleb128 0x3e
 1901 002d 0B       		.uleb128 0xb
 1902 002e 03       		.uleb128 0x3
 1903 002f 08       		.uleb128 0x8
 1904 0030 00       		.byte	0
 1905 0031 00       		.byte	0
 1906 0032 05       		.uleb128 0x5
 1907 0033 01       		.uleb128 0x1
 1908 0034 01       		.byte	0x1
 1909 0035 49       		.uleb128 0x49
 1910 0036 13       		.uleb128 0x13
 1911 0037 01       		.uleb128 0x1
 1912 0038 13       		.uleb128 0x13
 1913 0039 00       		.byte	0
 1914 003a 00       		.byte	0
 1915 003b 06       		.uleb128 0x6
 1916 003c 21       		.uleb128 0x21
 1917 003d 00       		.byte	0
 1918 003e 49       		.uleb128 0x49
 1919 003f 13       		.uleb128 0x13
 1920 0040 2F       		.uleb128 0x2f
 1921 0041 05       		.uleb128 0x5
 1922 0042 00       		.byte	0
 1923 0043 00       		.byte	0
 1924 0044 07       		.uleb128 0x7
 1925 0045 26       		.uleb128 0x26
 1926 0046 00       		.byte	0
 1927 0047 49       		.uleb128 0x49
 1928 0048 13       		.uleb128 0x13
 1929 0049 00       		.byte	0
 1930 004a 00       		.byte	0
 1931 004b 08       		.uleb128 0x8
 1932 004c 34       		.uleb128 0x34
 1933 004d 00       		.byte	0
 1934 004e 03       		.uleb128 0x3
ARM GAS  C:\Users\bchir\AppData\Local\Temp\ccjBYznj.s 			page 35


 1935 004f 0E       		.uleb128 0xe
 1936 0050 3A       		.uleb128 0x3a
 1937 0051 0B       		.uleb128 0xb
 1938 0052 3B       		.uleb128 0x3b
 1939 0053 0B       		.uleb128 0xb
 1940 0054 49       		.uleb128 0x49
 1941 0055 13       		.uleb128 0x13
 1942 0056 3F       		.uleb128 0x3f
 1943 0057 19       		.uleb128 0x19
 1944 0058 02       		.uleb128 0x2
 1945 0059 18       		.uleb128 0x18
 1946 005a 00       		.byte	0
 1947 005b 00       		.byte	0
 1948 005c 09       		.uleb128 0x9
 1949 005d 21       		.uleb128 0x21
 1950 005e 00       		.byte	0
 1951 005f 49       		.uleb128 0x49
 1952 0060 13       		.uleb128 0x13
 1953 0061 2F       		.uleb128 0x2f
 1954 0062 0B       		.uleb128 0xb
 1955 0063 00       		.byte	0
 1956 0064 00       		.byte	0
 1957 0065 0A       		.uleb128 0xa
 1958 0066 34       		.uleb128 0x34
 1959 0067 00       		.byte	0
 1960 0068 03       		.uleb128 0x3
 1961 0069 0E       		.uleb128 0xe
 1962 006a 3A       		.uleb128 0x3a
 1963 006b 0B       		.uleb128 0xb
 1964 006c 3B       		.uleb128 0x3b
 1965 006d 05       		.uleb128 0x5
 1966 006e 49       		.uleb128 0x49
 1967 006f 13       		.uleb128 0x13
 1968 0070 3F       		.uleb128 0x3f
 1969 0071 19       		.uleb128 0x19
 1970 0072 02       		.uleb128 0x2
 1971 0073 18       		.uleb128 0x18
 1972 0074 00       		.byte	0
 1973 0075 00       		.byte	0
 1974 0076 00       		.byte	0
 1975              		.section	.debug_aranges,"",%progbits
 1976 0000 14000000 		.4byte	0x14
 1977 0004 0200     		.2byte	0x2
 1978 0006 00000000 		.4byte	.Ldebug_info0
 1979 000a 04       		.byte	0x4
 1980 000b 00       		.byte	0
 1981 000c 0000     		.2byte	0
 1982 000e 0000     		.2byte	0
 1983 0010 00000000 		.4byte	0
 1984 0014 00000000 		.4byte	0
 1985              		.section	.debug_line,"",%progbits
 1986              	.Ldebug_line0:
 1987 0000 3D010000 		.section	.debug_str,"MS",%progbits,1
 1987      02003701 
 1987      00000201 
 1987      FB0E0D00 
 1987      01010101 
ARM GAS  C:\Users\bchir\AppData\Local\Temp\ccjBYznj.s 			page 36


 1988              	.LASF9:
 1989 0000 5F5F7569 		.ascii	"__uint8_t\000"
 1989      6E74385F 
 1989      7400
 1990              	.LASF16:
 1991 000a 63795F6D 		.ascii	"cy_metadata\000"
 1991      65746164 
 1991      61746100 
 1992              	.LASF1:
 1993 0016 756E7369 		.ascii	"unsigned char\000"
 1993      676E6564 
 1993      20636861 
 1993      7200
 1994              	.LASF17:
 1995 0024 474E5520 		.ascii	"GNU C11 5.4.1 20160609 (release) [ARM/embedded-5-br"
 1995      43313120 
 1995      352E342E 
 1995      31203230 
 1995      31363036 
 1996 0057 616E6368 		.ascii	"anch revision 237715] -mcpu=cortex-m3 -mthumb -g -O"
 1996      20726576 
 1996      6973696F 
 1996      6E203233 
 1996      37373135 
 1997 008a 67202D66 		.ascii	"g -ffunction-sections -ffat-lto-objects\000"
 1997      66756E63 
 1997      74696F6E 
 1997      2D736563 
 1997      74696F6E 
 1998              	.LASF5:
 1999 00b2 6C6F6E67 		.ascii	"long unsigned int\000"
 1999      20756E73 
 1999      69676E65 
 1999      6420696E 
 1999      7400
 2000              	.LASF3:
 2001 00c4 73686F72 		.ascii	"short unsigned int\000"
 2001      7420756E 
 2001      7369676E 
 2001      65642069 
 2001      6E7400
 2002              	.LASF13:
 2003 00d7 63795F6D 		.ascii	"cy_meta_custnvl\000"
 2003      6574615F 
 2003      63757374 
 2003      6E766C00 
 2004              	.LASF12:
 2005 00e7 63795F6D 		.ascii	"cy_meta_configecc\000"
 2005      6574615F 
 2005      636F6E66 
 2005      69676563 
 2005      6300
 2006              	.LASF8:
 2007 00f9 756E7369 		.ascii	"unsigned int\000"
 2007      676E6564 
 2007      20696E74 
 2007      00
ARM GAS  C:\Users\bchir\AppData\Local\Temp\ccjBYznj.s 			page 37


 2008              	.LASF7:
 2009 0106 6C6F6E67 		.ascii	"long long unsigned int\000"
 2009      206C6F6E 
 2009      6720756E 
 2009      7369676E 
 2009      65642069 
 2010              	.LASF10:
 2011 011d 75696E74 		.ascii	"uint8_t\000"
 2011      385F7400 
 2012              	.LASF15:
 2013 0125 63795F6D 		.ascii	"cy_meta_flashprotect\000"
 2013      6574615F 
 2013      666C6173 
 2013      6870726F 
 2013      74656374 
 2014              	.LASF14:
 2015 013a 63795F6D 		.ascii	"cy_meta_wonvl\000"
 2015      6574615F 
 2015      776F6E76 
 2015      6C00
 2016              	.LASF11:
 2017 0148 73697A65 		.ascii	"sizetype\000"
 2017      74797065 
 2017      00
 2018              	.LASF6:
 2019 0151 6C6F6E67 		.ascii	"long long int\000"
 2019      206C6F6E 
 2019      6720696E 
 2019      7400
 2020              	.LASF19:
 2021 015f 453A5C47 		.ascii	"E:\\GIT Hub Project\\protocov\\Protocov\\Protocov.c"
 2021      49542048 
 2021      75622050 
 2021      726F6A65 
 2021      63745C70 
 2022 018e 7964736E 		.ascii	"ydsn\000"
 2022      00
 2023              	.LASF2:
 2024 0193 73686F72 		.ascii	"short int\000"
 2024      7420696E 
 2024      7400
 2025              	.LASF4:
 2026 019d 6C6F6E67 		.ascii	"long int\000"
 2026      20696E74 
 2026      00
 2027              	.LASF0:
 2028 01a6 7369676E 		.ascii	"signed char\000"
 2028      65642063 
 2028      68617200 
 2029              	.LASF18:
 2030 01b2 47656E65 		.ascii	"Generated_Source\\PSoC5\\cymetadata.c\000"
 2030      72617465 
 2030      645F536F 
 2030      75726365 
 2030      5C50536F 
 2031              		.ident	"GCC: (GNU Tools for ARM Embedded Processors) 5.4.1 20160609 (release) [ARM/embedded-5-bran
