ARM GAS  C:\Users\bchir\AppData\Local\Temp\ccELuvJK.s 			page 1


   1              		.syntax unified
   2              		.cpu cortex-m3
   3              		.fpu softvfp
   4              		.eabi_attribute 20, 1
   5              		.eabi_attribute 21, 1
   6              		.eabi_attribute 23, 3
   7              		.eabi_attribute 24, 1
   8              		.eabi_attribute 25, 1
   9              		.eabi_attribute 26, 1
  10              		.eabi_attribute 30, 1
  11              		.eabi_attribute 34, 1
  12              		.eabi_attribute 18, 4
  13              		.thumb
  14              		.syntax unified
  15              		.file	"main.c"
  16              		.text
  17              	.Ltext0:
  18              		.cfi_sections	.debug_frame
  19              		.section	.text.prvHardwareSetup,"ax",%progbits
  20              		.align	2
  21              		.thumb
  22              		.thumb_func
  23              		.type	prvHardwareSetup, %function
  24              	prvHardwareSetup:
  25              	.LFB69:
  26              		.file 1 "main.c"
   1:main.c        **** /* ========================================
   2:main.c        **** 	*
   3:main.c        **** 	* Copyright YOUR COMPANY, THE YEAR
   4:main.c        **** 	* All Rights Reserved
   5:main.c        **** 	* UNPUBLISHED, LICENSED SOFTWARE.
   6:main.c        **** 	*
   7:main.c        **** 	* CONFIDENTIAL AND PROPRIETARY INFORMATION
   8:main.c        **** 	* WHICH IS THE PROPERTY OF your company.
   9:main.c        **** 	*
  10:main.c        **** 	* ========================================
  11:main.c        **** */
  12:main.c        **** #include "project.h"
  13:main.c        **** #include "FreeRTOS.h"
  14:main.c        **** #include "task.h"
  15:main.c        **** 
  16:main.c        **** #include "BluetoothComms.h"
  17:main.c        **** #include "UserButtonControl.h"
  18:main.c        **** #include "VehicleBatteryVoltage.h"
  19:main.c        **** #include "SystemMessenger.h"
  20:main.c        **** #include "PowerMonitoringAndControl.h"
  21:main.c        **** 
  22:main.c        **** static void prvHardwareSetup( void );
  23:main.c        **** 
  24:main.c        **** 
  25:main.c        **** 
  26:main.c        **** static void startSystemTasks();
  27:main.c        **** 
  28:main.c        **** int main(void)
  29:main.c        **** 
  30:main.c        **** 
  31:main.c        **** {
ARM GAS  C:\Users\bchir\AppData\Local\Temp\ccELuvJK.s 			page 2


  32:main.c        ****     CyDelay(500);
  33:main.c        ****     
  34:main.c        ****     BlueLedd_Write(1);
  35:main.c        ****     
  36:main.c        **** 	CyGlobalIntEnable; /* Enable global interrupts. */
  37:main.c        **** 	
  38:main.c        **** 	prvHardwareSetup();
  39:main.c        **** 	
  40:main.c        ****     /*Place all stasts to run in this function*/
  41:main.c        ****     startSystemTasks();
  42:main.c        **** 	
  43:main.c        **** 	vTaskStartScheduler();
  44:main.c        **** 	
  45:main.c        **** 	
  46:main.c        **** 	for(;;)
  47:main.c        **** 	
  48:main.c        **** 	{
  49:main.c        **** 		/* Place your application code here. */
  50:main.c        **** 		
  51:main.c        **** 	}
  52:main.c        **** }
  53:main.c        **** 
  54:main.c        **** static void prvHardwareSetup( void )
  55:main.c        **** {
  27              		.loc 1 55 0
  28              		.cfi_startproc
  29              		@ args = 0, pretend = 0, frame = 0
  30              		@ frame_needed = 0, uses_anonymous_args = 0
  31              		@ link register save eliminated.
  56:main.c        **** 	
  57:main.c        **** 	/* Port layer functions that need to be copied into the vector table. */
  58:main.c        **** 	
  59:main.c        **** 	extern void xPortPendSVHandler( void );
  60:main.c        **** 	extern void xPortSysTickHandler( void );
  61:main.c        **** 	extern void vPortSVCHandler( void );
  62:main.c        **** 	extern cyisraddress CyRamVectors[];
  63:main.c        **** 	
  64:main.c        **** 	/* Install the OS Interrupt Handlers. */
  65:main.c        **** 	CyRamVectors[ 11 ] = ( cyisraddress ) vPortSVCHandler;
  32              		.loc 1 65 0
  33 0000 034B     		ldr	r3, .L2
  34 0002 044A     		ldr	r2, .L2+4
  35 0004 DA62     		str	r2, [r3, #44]
  66:main.c        **** 	CyRamVectors[ 14 ] = ( cyisraddress ) xPortPendSVHandler;
  36              		.loc 1 66 0
  37 0006 044A     		ldr	r2, .L2+8
  38 0008 9A63     		str	r2, [r3, #56]
  67:main.c        **** 	CyRamVectors[ 15 ] = ( cyisraddress ) xPortSysTickHandler;
  39              		.loc 1 67 0
  40 000a 044A     		ldr	r2, .L2+12
  41 000c DA63     		str	r2, [r3, #60]
  42 000e 7047     		bx	lr
  43              	.L3:
  44              		.align	2
  45              	.L2:
  46 0010 00000000 		.word	CyRamVectors
  47 0014 00000000 		.word	vPortSVCHandler
ARM GAS  C:\Users\bchir\AppData\Local\Temp\ccELuvJK.s 			page 3


  48 0018 00000000 		.word	xPortPendSVHandler
  49 001c 00000000 		.word	xPortSysTickHandler
  50              		.cfi_endproc
  51              	.LFE69:
  52              		.size	prvHardwareSetup, .-prvHardwareSetup
  53              		.section	.text.startSystemTasks,"ax",%progbits
  54              		.align	2
  55              		.thumb
  56              		.thumb_func
  57              		.type	startSystemTasks, %function
  58              	startSystemTasks:
  59              	.LFB71:
  68:main.c        **** 	
  69:main.c        **** 	/* Start-up the peripherals. */
  70:main.c        **** 	
  71:main.c        **** 	
  72:main.c        **** }
  73:main.c        **** /*---------------------------------------------------------------------------*/
  74:main.c        **** 
  75:main.c        **** void vApplicationStackOverflowHook( TaskHandle_t pxTask, char *pcTaskName )
  76:main.c        **** {
  77:main.c        **** 	/* The stack space has been exceeded for a task, considering allocating more. */
  78:main.c        **** 	taskDISABLE_INTERRUPTS();
  79:main.c        **** 	for( ;; );
  80:main.c        **** }
  81:main.c        **** /*---------------------------------------------------------------------------*/
  82:main.c        **** 
  83:main.c        **** 
  84:main.c        **** static void startSystemTasks()
  85:main.c        **** {
  60              		.loc 1 85 0
  61              		.cfi_startproc
  62              		@ args = 0, pretend = 0, frame = 0
  63              		@ frame_needed = 0, uses_anonymous_args = 0
  64 0000 08B5     		push	{r3, lr}
  65              		.cfi_def_cfa_offset 8
  66              		.cfi_offset 3, -8
  67              		.cfi_offset 14, -4
  86:main.c        ****     startTaskBluetoothComms();
  68              		.loc 1 86 0
  69 0002 FFF7FEFF 		bl	startTaskBluetoothComms
  70              	.LVL0:
  87:main.c        ****     startTaskUserButtonControl();
  71              		.loc 1 87 0
  72 0006 FFF7FEFF 		bl	startTaskUserButtonControl
  73              	.LVL1:
  88:main.c        ****     startTaskVehicleBatteryVoltage();
  74              		.loc 1 88 0
  75 000a FFF7FEFF 		bl	startTaskVehicleBatteryVoltage
  76              	.LVL2:
  89:main.c        ****     startTaskSystemMessenger();
  77              		.loc 1 89 0
  78 000e FFF7FEFF 		bl	startTaskSystemMessenger
  79              	.LVL3:
  90:main.c        ****     startTaskPowerMonitoringAndControl();
  80              		.loc 1 90 0
  81 0012 FFF7FEFF 		bl	startTaskPowerMonitoringAndControl
ARM GAS  C:\Users\bchir\AppData\Local\Temp\ccELuvJK.s 			page 4


  82              	.LVL4:
  83 0016 08BD     		pop	{r3, pc}
  84              		.cfi_endproc
  85              	.LFE71:
  86              		.size	startSystemTasks, .-startSystemTasks
  87              		.section	.text.main,"ax",%progbits
  88              		.align	2
  89              		.global	main
  90              		.thumb
  91              		.thumb_func
  92              		.type	main, %function
  93              	main:
  94              	.LFB68:
  31:main.c        ****     CyDelay(500);
  95              		.loc 1 31 0
  96              		.cfi_startproc
  97              		@ Volatile: function does not return.
  98              		@ args = 0, pretend = 0, frame = 0
  99              		@ frame_needed = 0, uses_anonymous_args = 0
 100 0000 08B5     		push	{r3, lr}
 101              		.cfi_def_cfa_offset 8
 102              		.cfi_offset 3, -8
 103              		.cfi_offset 14, -4
  32:main.c        ****     
 104              		.loc 1 32 0
 105 0002 4FF4FA70 		mov	r0, #500
 106 0006 FFF7FEFF 		bl	CyDelay
 107              	.LVL5:
  34:main.c        ****     
 108              		.loc 1 34 0
 109 000a 0120     		movs	r0, #1
 110 000c FFF7FEFF 		bl	BlueLedd_Write
 111              	.LVL6:
  36:main.c        **** 	
 112              		.loc 1 36 0
 113              		.syntax unified
 114              	@ 36 "main.c" 1
 115 0010 62B6     		CPSIE   i
 116              	@ 0 "" 2
  38:main.c        **** 	
 117              		.loc 1 38 0
 118              		.thumb
 119              		.syntax unified
 120 0012 FFF7FEFF 		bl	prvHardwareSetup
 121              	.LVL7:
  41:main.c        **** 	
 122              		.loc 1 41 0
 123 0016 FFF7FEFF 		bl	startSystemTasks
 124              	.LVL8:
  43:main.c        **** 	
 125              		.loc 1 43 0
 126 001a FFF7FEFF 		bl	vTaskStartScheduler
 127              	.LVL9:
 128              	.L7:
 129 001e FEE7     		b	.L7
 130              		.cfi_endproc
 131              	.LFE68:
ARM GAS  C:\Users\bchir\AppData\Local\Temp\ccELuvJK.s 			page 5


 132              		.size	main, .-main
 133              		.section	.text.vApplicationStackOverflowHook,"ax",%progbits
 134              		.align	2
 135              		.global	vApplicationStackOverflowHook
 136              		.thumb
 137              		.thumb_func
 138              		.type	vApplicationStackOverflowHook, %function
 139              	vApplicationStackOverflowHook:
 140              	.LFB70:
  76:main.c        **** 	/* The stack space has been exceeded for a task, considering allocating more. */
 141              		.loc 1 76 0
 142              		.cfi_startproc
 143              		@ Volatile: function does not return.
 144              		@ args = 0, pretend = 0, frame = 0
 145              		@ frame_needed = 0, uses_anonymous_args = 0
 146              		@ link register save eliminated.
 147              	.LVL10:
 148              	.LBB4:
 149              	.LBB5:
 150              		.file 2 "..\\..\\..\\FreeRTOS\\FreeRTOS-Kernel\\portable\\GCC\\ARM_CM3/portmacro.h"
   1:..\..\..\FreeRTOS\FreeRTOS-Kernel\portable\GCC\ARM_CM3/portmacro.h **** /*
   2:..\..\..\FreeRTOS\FreeRTOS-Kernel\portable\GCC\ARM_CM3/portmacro.h ****  * FreeRTOS Kernel <DEVELOPMENT BRANCH>
   3:..\..\..\FreeRTOS\FreeRTOS-Kernel\portable\GCC\ARM_CM3/portmacro.h ****  * Copyright (C) 2021 Amazon.com, Inc. or its affiliates.  All Rights Reserved.
   4:..\..\..\FreeRTOS\FreeRTOS-Kernel\portable\GCC\ARM_CM3/portmacro.h ****  *
   5:..\..\..\FreeRTOS\FreeRTOS-Kernel\portable\GCC\ARM_CM3/portmacro.h ****  * SPDX-License-Identifier: MIT
   6:..\..\..\FreeRTOS\FreeRTOS-Kernel\portable\GCC\ARM_CM3/portmacro.h ****  *
   7:..\..\..\FreeRTOS\FreeRTOS-Kernel\portable\GCC\ARM_CM3/portmacro.h ****  * Permission is hereby granted, free of charge, to any person obtaining a copy of
   8:..\..\..\FreeRTOS\FreeRTOS-Kernel\portable\GCC\ARM_CM3/portmacro.h ****  * this software and associated documentation files (the "Software"), to deal in
   9:..\..\..\FreeRTOS\FreeRTOS-Kernel\portable\GCC\ARM_CM3/portmacro.h ****  * the Software without restriction, including without limitation the rights to
  10:..\..\..\FreeRTOS\FreeRTOS-Kernel\portable\GCC\ARM_CM3/portmacro.h ****  * use, copy, modify, merge, publish, distribute, sublicense, and/or sell copies of
  11:..\..\..\FreeRTOS\FreeRTOS-Kernel\portable\GCC\ARM_CM3/portmacro.h ****  * the Software, and to permit persons to whom the Software is furnished to do so,
  12:..\..\..\FreeRTOS\FreeRTOS-Kernel\portable\GCC\ARM_CM3/portmacro.h ****  * subject to the following conditions:
  13:..\..\..\FreeRTOS\FreeRTOS-Kernel\portable\GCC\ARM_CM3/portmacro.h ****  *
  14:..\..\..\FreeRTOS\FreeRTOS-Kernel\portable\GCC\ARM_CM3/portmacro.h ****  * The above copyright notice and this permission notice shall be included in all
  15:..\..\..\FreeRTOS\FreeRTOS-Kernel\portable\GCC\ARM_CM3/portmacro.h ****  * copies or substantial portions of the Software.
  16:..\..\..\FreeRTOS\FreeRTOS-Kernel\portable\GCC\ARM_CM3/portmacro.h ****  *
  17:..\..\..\FreeRTOS\FreeRTOS-Kernel\portable\GCC\ARM_CM3/portmacro.h ****  * THE SOFTWARE IS PROVIDED "AS IS", WITHOUT WARRANTY OF ANY KIND, EXPRESS OR
  18:..\..\..\FreeRTOS\FreeRTOS-Kernel\portable\GCC\ARM_CM3/portmacro.h ****  * IMPLIED, INCLUDING BUT NOT LIMITED TO THE WARRANTIES OF MERCHANTABILITY, FITNESS
  19:..\..\..\FreeRTOS\FreeRTOS-Kernel\portable\GCC\ARM_CM3/portmacro.h ****  * FOR A PARTICULAR PURPOSE AND NONINFRINGEMENT. IN NO EVENT SHALL THE AUTHORS OR
  20:..\..\..\FreeRTOS\FreeRTOS-Kernel\portable\GCC\ARM_CM3/portmacro.h ****  * COPYRIGHT HOLDERS BE LIABLE FOR ANY CLAIM, DAMAGES OR OTHER LIABILITY, WHETHER
  21:..\..\..\FreeRTOS\FreeRTOS-Kernel\portable\GCC\ARM_CM3/portmacro.h ****  * IN AN ACTION OF CONTRACT, TORT OR OTHERWISE, ARISING FROM, OUT OF OR IN
  22:..\..\..\FreeRTOS\FreeRTOS-Kernel\portable\GCC\ARM_CM3/portmacro.h ****  * CONNECTION WITH THE SOFTWARE OR THE USE OR OTHER DEALINGS IN THE SOFTWARE.
  23:..\..\..\FreeRTOS\FreeRTOS-Kernel\portable\GCC\ARM_CM3/portmacro.h ****  *
  24:..\..\..\FreeRTOS\FreeRTOS-Kernel\portable\GCC\ARM_CM3/portmacro.h ****  * https://www.FreeRTOS.org
  25:..\..\..\FreeRTOS\FreeRTOS-Kernel\portable\GCC\ARM_CM3/portmacro.h ****  * https://github.com/FreeRTOS
  26:..\..\..\FreeRTOS\FreeRTOS-Kernel\portable\GCC\ARM_CM3/portmacro.h ****  *
  27:..\..\..\FreeRTOS\FreeRTOS-Kernel\portable\GCC\ARM_CM3/portmacro.h ****  */
  28:..\..\..\FreeRTOS\FreeRTOS-Kernel\portable\GCC\ARM_CM3/portmacro.h **** 
  29:..\..\..\FreeRTOS\FreeRTOS-Kernel\portable\GCC\ARM_CM3/portmacro.h **** 
  30:..\..\..\FreeRTOS\FreeRTOS-Kernel\portable\GCC\ARM_CM3/portmacro.h **** #ifndef PORTMACRO_H
  31:..\..\..\FreeRTOS\FreeRTOS-Kernel\portable\GCC\ARM_CM3/portmacro.h ****     #define PORTMACRO_H
  32:..\..\..\FreeRTOS\FreeRTOS-Kernel\portable\GCC\ARM_CM3/portmacro.h **** 
  33:..\..\..\FreeRTOS\FreeRTOS-Kernel\portable\GCC\ARM_CM3/portmacro.h **** /* *INDENT-OFF* */
  34:..\..\..\FreeRTOS\FreeRTOS-Kernel\portable\GCC\ARM_CM3/portmacro.h **** #ifdef __cplusplus
  35:..\..\..\FreeRTOS\FreeRTOS-Kernel\portable\GCC\ARM_CM3/portmacro.h ****     extern "C" {
  36:..\..\..\FreeRTOS\FreeRTOS-Kernel\portable\GCC\ARM_CM3/portmacro.h **** #endif
  37:..\..\..\FreeRTOS\FreeRTOS-Kernel\portable\GCC\ARM_CM3/portmacro.h **** /* *INDENT-ON* */
ARM GAS  C:\Users\bchir\AppData\Local\Temp\ccELuvJK.s 			page 6


  38:..\..\..\FreeRTOS\FreeRTOS-Kernel\portable\GCC\ARM_CM3/portmacro.h **** 
  39:..\..\..\FreeRTOS\FreeRTOS-Kernel\portable\GCC\ARM_CM3/portmacro.h **** /*-----------------------------------------------------------
  40:..\..\..\FreeRTOS\FreeRTOS-Kernel\portable\GCC\ARM_CM3/portmacro.h ****  * Port specific definitions.
  41:..\..\..\FreeRTOS\FreeRTOS-Kernel\portable\GCC\ARM_CM3/portmacro.h ****  *
  42:..\..\..\FreeRTOS\FreeRTOS-Kernel\portable\GCC\ARM_CM3/portmacro.h ****  * The settings in this file configure FreeRTOS correctly for the
  43:..\..\..\FreeRTOS\FreeRTOS-Kernel\portable\GCC\ARM_CM3/portmacro.h ****  * given hardware and compiler.
  44:..\..\..\FreeRTOS\FreeRTOS-Kernel\portable\GCC\ARM_CM3/portmacro.h ****  *
  45:..\..\..\FreeRTOS\FreeRTOS-Kernel\portable\GCC\ARM_CM3/portmacro.h ****  * These settings should not be altered.
  46:..\..\..\FreeRTOS\FreeRTOS-Kernel\portable\GCC\ARM_CM3/portmacro.h ****  *-----------------------------------------------------------
  47:..\..\..\FreeRTOS\FreeRTOS-Kernel\portable\GCC\ARM_CM3/portmacro.h ****  */
  48:..\..\..\FreeRTOS\FreeRTOS-Kernel\portable\GCC\ARM_CM3/portmacro.h **** 
  49:..\..\..\FreeRTOS\FreeRTOS-Kernel\portable\GCC\ARM_CM3/portmacro.h **** /* Type definitions. */
  50:..\..\..\FreeRTOS\FreeRTOS-Kernel\portable\GCC\ARM_CM3/portmacro.h ****     #define portCHAR          char
  51:..\..\..\FreeRTOS\FreeRTOS-Kernel\portable\GCC\ARM_CM3/portmacro.h ****     #define portFLOAT         float
  52:..\..\..\FreeRTOS\FreeRTOS-Kernel\portable\GCC\ARM_CM3/portmacro.h ****     #define portDOUBLE        double
  53:..\..\..\FreeRTOS\FreeRTOS-Kernel\portable\GCC\ARM_CM3/portmacro.h ****     #define portLONG          long
  54:..\..\..\FreeRTOS\FreeRTOS-Kernel\portable\GCC\ARM_CM3/portmacro.h ****     #define portSHORT         short
  55:..\..\..\FreeRTOS\FreeRTOS-Kernel\portable\GCC\ARM_CM3/portmacro.h ****     #define portSTACK_TYPE    uint32_t
  56:..\..\..\FreeRTOS\FreeRTOS-Kernel\portable\GCC\ARM_CM3/portmacro.h ****     #define portBASE_TYPE     long
  57:..\..\..\FreeRTOS\FreeRTOS-Kernel\portable\GCC\ARM_CM3/portmacro.h **** 
  58:..\..\..\FreeRTOS\FreeRTOS-Kernel\portable\GCC\ARM_CM3/portmacro.h ****     typedef portSTACK_TYPE   StackType_t;
  59:..\..\..\FreeRTOS\FreeRTOS-Kernel\portable\GCC\ARM_CM3/portmacro.h ****     typedef long             BaseType_t;
  60:..\..\..\FreeRTOS\FreeRTOS-Kernel\portable\GCC\ARM_CM3/portmacro.h ****     typedef unsigned long    UBaseType_t;
  61:..\..\..\FreeRTOS\FreeRTOS-Kernel\portable\GCC\ARM_CM3/portmacro.h **** 
  62:..\..\..\FreeRTOS\FreeRTOS-Kernel\portable\GCC\ARM_CM3/portmacro.h ****     #if ( configTICK_TYPE_WIDTH_IN_BITS == TICK_TYPE_WIDTH_16_BITS )
  63:..\..\..\FreeRTOS\FreeRTOS-Kernel\portable\GCC\ARM_CM3/portmacro.h ****         typedef uint16_t     TickType_t;
  64:..\..\..\FreeRTOS\FreeRTOS-Kernel\portable\GCC\ARM_CM3/portmacro.h ****         #define portMAX_DELAY              ( TickType_t ) 0xffff
  65:..\..\..\FreeRTOS\FreeRTOS-Kernel\portable\GCC\ARM_CM3/portmacro.h ****     #elif ( configTICK_TYPE_WIDTH_IN_BITS == TICK_TYPE_WIDTH_32_BITS )
  66:..\..\..\FreeRTOS\FreeRTOS-Kernel\portable\GCC\ARM_CM3/portmacro.h ****         typedef uint32_t     TickType_t;
  67:..\..\..\FreeRTOS\FreeRTOS-Kernel\portable\GCC\ARM_CM3/portmacro.h ****         #define portMAX_DELAY              ( TickType_t ) 0xffffffffUL
  68:..\..\..\FreeRTOS\FreeRTOS-Kernel\portable\GCC\ARM_CM3/portmacro.h **** 
  69:..\..\..\FreeRTOS\FreeRTOS-Kernel\portable\GCC\ARM_CM3/portmacro.h **** /* 32-bit tick type on a 32-bit architecture, so reads of the tick count do
  70:..\..\..\FreeRTOS\FreeRTOS-Kernel\portable\GCC\ARM_CM3/portmacro.h ****  * not need to be guarded with a critical section. */
  71:..\..\..\FreeRTOS\FreeRTOS-Kernel\portable\GCC\ARM_CM3/portmacro.h ****         #define portTICK_TYPE_IS_ATOMIC    1
  72:..\..\..\FreeRTOS\FreeRTOS-Kernel\portable\GCC\ARM_CM3/portmacro.h ****     #else
  73:..\..\..\FreeRTOS\FreeRTOS-Kernel\portable\GCC\ARM_CM3/portmacro.h ****         #error configTICK_TYPE_WIDTH_IN_BITS set to unsupported tick type width.
  74:..\..\..\FreeRTOS\FreeRTOS-Kernel\portable\GCC\ARM_CM3/portmacro.h ****     #endif
  75:..\..\..\FreeRTOS\FreeRTOS-Kernel\portable\GCC\ARM_CM3/portmacro.h **** /*-----------------------------------------------------------*/
  76:..\..\..\FreeRTOS\FreeRTOS-Kernel\portable\GCC\ARM_CM3/portmacro.h **** 
  77:..\..\..\FreeRTOS\FreeRTOS-Kernel\portable\GCC\ARM_CM3/portmacro.h **** /* Architecture specifics. */
  78:..\..\..\FreeRTOS\FreeRTOS-Kernel\portable\GCC\ARM_CM3/portmacro.h ****     #define portSTACK_GROWTH      ( -1 )
  79:..\..\..\FreeRTOS\FreeRTOS-Kernel\portable\GCC\ARM_CM3/portmacro.h ****     #define portTICK_PERIOD_MS    ( ( TickType_t ) 1000 / configTICK_RATE_HZ )
  80:..\..\..\FreeRTOS\FreeRTOS-Kernel\portable\GCC\ARM_CM3/portmacro.h ****     #define portBYTE_ALIGNMENT    8
  81:..\..\..\FreeRTOS\FreeRTOS-Kernel\portable\GCC\ARM_CM3/portmacro.h ****     #define portDONT_DISCARD      __attribute__( ( used ) )
  82:..\..\..\FreeRTOS\FreeRTOS-Kernel\portable\GCC\ARM_CM3/portmacro.h **** /*-----------------------------------------------------------*/
  83:..\..\..\FreeRTOS\FreeRTOS-Kernel\portable\GCC\ARM_CM3/portmacro.h **** 
  84:..\..\..\FreeRTOS\FreeRTOS-Kernel\portable\GCC\ARM_CM3/portmacro.h **** /* Scheduler utilities. */
  85:..\..\..\FreeRTOS\FreeRTOS-Kernel\portable\GCC\ARM_CM3/portmacro.h ****     #define portYIELD()                                 \
  86:..\..\..\FreeRTOS\FreeRTOS-Kernel\portable\GCC\ARM_CM3/portmacro.h ****     {                                                   \
  87:..\..\..\FreeRTOS\FreeRTOS-Kernel\portable\GCC\ARM_CM3/portmacro.h ****         /* Set a PendSV to request a context switch. */ \
  88:..\..\..\FreeRTOS\FreeRTOS-Kernel\portable\GCC\ARM_CM3/portmacro.h ****         portNVIC_INT_CTRL_REG = portNVIC_PENDSVSET_BIT; \
  89:..\..\..\FreeRTOS\FreeRTOS-Kernel\portable\GCC\ARM_CM3/portmacro.h ****                                                         \
  90:..\..\..\FreeRTOS\FreeRTOS-Kernel\portable\GCC\ARM_CM3/portmacro.h ****         /* Barriers are normally not required but do ensure the code is completely \
  91:..\..\..\FreeRTOS\FreeRTOS-Kernel\portable\GCC\ARM_CM3/portmacro.h ****          * within the specified behaviour for the architecture. */ \
  92:..\..\..\FreeRTOS\FreeRTOS-Kernel\portable\GCC\ARM_CM3/portmacro.h ****         __asm volatile ( "dsb" ::: "memory" );                     \
  93:..\..\..\FreeRTOS\FreeRTOS-Kernel\portable\GCC\ARM_CM3/portmacro.h ****         __asm volatile ( "isb" );                                  \
  94:..\..\..\FreeRTOS\FreeRTOS-Kernel\portable\GCC\ARM_CM3/portmacro.h ****     }
ARM GAS  C:\Users\bchir\AppData\Local\Temp\ccELuvJK.s 			page 7


  95:..\..\..\FreeRTOS\FreeRTOS-Kernel\portable\GCC\ARM_CM3/portmacro.h **** 
  96:..\..\..\FreeRTOS\FreeRTOS-Kernel\portable\GCC\ARM_CM3/portmacro.h ****     #define portNVIC_INT_CTRL_REG     ( *( ( volatile uint32_t * ) 0xe000ed04 ) )
  97:..\..\..\FreeRTOS\FreeRTOS-Kernel\portable\GCC\ARM_CM3/portmacro.h ****     #define portNVIC_PENDSVSET_BIT    ( 1UL << 28UL )
  98:..\..\..\FreeRTOS\FreeRTOS-Kernel\portable\GCC\ARM_CM3/portmacro.h ****     #define portEND_SWITCHING_ISR( xSwitchRequired )    do { if( xSwitchRequired != pdFALSE ) portY
  99:..\..\..\FreeRTOS\FreeRTOS-Kernel\portable\GCC\ARM_CM3/portmacro.h ****     #define portYIELD_FROM_ISR( x )                     portEND_SWITCHING_ISR( x )
 100:..\..\..\FreeRTOS\FreeRTOS-Kernel\portable\GCC\ARM_CM3/portmacro.h **** /*-----------------------------------------------------------*/
 101:..\..\..\FreeRTOS\FreeRTOS-Kernel\portable\GCC\ARM_CM3/portmacro.h **** 
 102:..\..\..\FreeRTOS\FreeRTOS-Kernel\portable\GCC\ARM_CM3/portmacro.h **** /* Critical section management. */
 103:..\..\..\FreeRTOS\FreeRTOS-Kernel\portable\GCC\ARM_CM3/portmacro.h ****     extern void vPortEnterCritical( void );
 104:..\..\..\FreeRTOS\FreeRTOS-Kernel\portable\GCC\ARM_CM3/portmacro.h ****     extern void vPortExitCritical( void );
 105:..\..\..\FreeRTOS\FreeRTOS-Kernel\portable\GCC\ARM_CM3/portmacro.h ****     #define portSET_INTERRUPT_MASK_FROM_ISR()         ulPortRaiseBASEPRI()
 106:..\..\..\FreeRTOS\FreeRTOS-Kernel\portable\GCC\ARM_CM3/portmacro.h ****     #define portCLEAR_INTERRUPT_MASK_FROM_ISR( x )    vPortSetBASEPRI( x )
 107:..\..\..\FreeRTOS\FreeRTOS-Kernel\portable\GCC\ARM_CM3/portmacro.h ****     #define portDISABLE_INTERRUPTS()                  vPortRaiseBASEPRI()
 108:..\..\..\FreeRTOS\FreeRTOS-Kernel\portable\GCC\ARM_CM3/portmacro.h ****     #define portENABLE_INTERRUPTS()                   vPortSetBASEPRI( 0 )
 109:..\..\..\FreeRTOS\FreeRTOS-Kernel\portable\GCC\ARM_CM3/portmacro.h ****     #define portENTER_CRITICAL()                      vPortEnterCritical()
 110:..\..\..\FreeRTOS\FreeRTOS-Kernel\portable\GCC\ARM_CM3/portmacro.h ****     #define portEXIT_CRITICAL()                       vPortExitCritical()
 111:..\..\..\FreeRTOS\FreeRTOS-Kernel\portable\GCC\ARM_CM3/portmacro.h **** 
 112:..\..\..\FreeRTOS\FreeRTOS-Kernel\portable\GCC\ARM_CM3/portmacro.h **** /*-----------------------------------------------------------*/
 113:..\..\..\FreeRTOS\FreeRTOS-Kernel\portable\GCC\ARM_CM3/portmacro.h **** 
 114:..\..\..\FreeRTOS\FreeRTOS-Kernel\portable\GCC\ARM_CM3/portmacro.h **** /* Task function macros as described on the FreeRTOS.org WEB site.  These are
 115:..\..\..\FreeRTOS\FreeRTOS-Kernel\portable\GCC\ARM_CM3/portmacro.h ****  * not necessary for to use this port.  They are defined so the common demo files
 116:..\..\..\FreeRTOS\FreeRTOS-Kernel\portable\GCC\ARM_CM3/portmacro.h ****  * (which build with all the ports) will build. */
 117:..\..\..\FreeRTOS\FreeRTOS-Kernel\portable\GCC\ARM_CM3/portmacro.h ****     #define portTASK_FUNCTION_PROTO( vFunction, pvParameters )    void vFunction( void * pvParamete
 118:..\..\..\FreeRTOS\FreeRTOS-Kernel\portable\GCC\ARM_CM3/portmacro.h ****     #define portTASK_FUNCTION( vFunction, pvParameters )          void vFunction( void * pvParamete
 119:..\..\..\FreeRTOS\FreeRTOS-Kernel\portable\GCC\ARM_CM3/portmacro.h **** /*-----------------------------------------------------------*/
 120:..\..\..\FreeRTOS\FreeRTOS-Kernel\portable\GCC\ARM_CM3/portmacro.h **** 
 121:..\..\..\FreeRTOS\FreeRTOS-Kernel\portable\GCC\ARM_CM3/portmacro.h **** /* Tickless idle/low power functionality. */
 122:..\..\..\FreeRTOS\FreeRTOS-Kernel\portable\GCC\ARM_CM3/portmacro.h ****     #ifndef portSUPPRESS_TICKS_AND_SLEEP
 123:..\..\..\FreeRTOS\FreeRTOS-Kernel\portable\GCC\ARM_CM3/portmacro.h ****         extern void vPortSuppressTicksAndSleep( TickType_t xExpectedIdleTime );
 124:..\..\..\FreeRTOS\FreeRTOS-Kernel\portable\GCC\ARM_CM3/portmacro.h ****         #define portSUPPRESS_TICKS_AND_SLEEP( xExpectedIdleTime )    vPortSuppressTicksAndSleep( xE
 125:..\..\..\FreeRTOS\FreeRTOS-Kernel\portable\GCC\ARM_CM3/portmacro.h ****     #endif
 126:..\..\..\FreeRTOS\FreeRTOS-Kernel\portable\GCC\ARM_CM3/portmacro.h **** /*-----------------------------------------------------------*/
 127:..\..\..\FreeRTOS\FreeRTOS-Kernel\portable\GCC\ARM_CM3/portmacro.h **** 
 128:..\..\..\FreeRTOS\FreeRTOS-Kernel\portable\GCC\ARM_CM3/portmacro.h **** /* Architecture specific optimisations. */
 129:..\..\..\FreeRTOS\FreeRTOS-Kernel\portable\GCC\ARM_CM3/portmacro.h ****     #ifndef configUSE_PORT_OPTIMISED_TASK_SELECTION
 130:..\..\..\FreeRTOS\FreeRTOS-Kernel\portable\GCC\ARM_CM3/portmacro.h ****         #define configUSE_PORT_OPTIMISED_TASK_SELECTION    1
 131:..\..\..\FreeRTOS\FreeRTOS-Kernel\portable\GCC\ARM_CM3/portmacro.h ****     #endif
 132:..\..\..\FreeRTOS\FreeRTOS-Kernel\portable\GCC\ARM_CM3/portmacro.h **** 
 133:..\..\..\FreeRTOS\FreeRTOS-Kernel\portable\GCC\ARM_CM3/portmacro.h ****     #if configUSE_PORT_OPTIMISED_TASK_SELECTION == 1
 134:..\..\..\FreeRTOS\FreeRTOS-Kernel\portable\GCC\ARM_CM3/portmacro.h **** 
 135:..\..\..\FreeRTOS\FreeRTOS-Kernel\portable\GCC\ARM_CM3/portmacro.h **** /* Generic helper function. */
 136:..\..\..\FreeRTOS\FreeRTOS-Kernel\portable\GCC\ARM_CM3/portmacro.h ****         __attribute__( ( always_inline ) ) static inline uint8_t ucPortCountLeadingZeros( uint32_t 
 137:..\..\..\FreeRTOS\FreeRTOS-Kernel\portable\GCC\ARM_CM3/portmacro.h ****         {
 138:..\..\..\FreeRTOS\FreeRTOS-Kernel\portable\GCC\ARM_CM3/portmacro.h ****             uint8_t ucReturn;
 139:..\..\..\FreeRTOS\FreeRTOS-Kernel\portable\GCC\ARM_CM3/portmacro.h **** 
 140:..\..\..\FreeRTOS\FreeRTOS-Kernel\portable\GCC\ARM_CM3/portmacro.h ****             __asm volatile ( "clz %0, %1" : "=r" ( ucReturn ) : "r" ( ulBitmap ) : "memory" );
 141:..\..\..\FreeRTOS\FreeRTOS-Kernel\portable\GCC\ARM_CM3/portmacro.h **** 
 142:..\..\..\FreeRTOS\FreeRTOS-Kernel\portable\GCC\ARM_CM3/portmacro.h ****             return ucReturn;
 143:..\..\..\FreeRTOS\FreeRTOS-Kernel\portable\GCC\ARM_CM3/portmacro.h ****         }
 144:..\..\..\FreeRTOS\FreeRTOS-Kernel\portable\GCC\ARM_CM3/portmacro.h **** 
 145:..\..\..\FreeRTOS\FreeRTOS-Kernel\portable\GCC\ARM_CM3/portmacro.h **** /* Check the configuration. */
 146:..\..\..\FreeRTOS\FreeRTOS-Kernel\portable\GCC\ARM_CM3/portmacro.h ****         #if ( configMAX_PRIORITIES > 32 )
 147:..\..\..\FreeRTOS\FreeRTOS-Kernel\portable\GCC\ARM_CM3/portmacro.h ****             #error configUSE_PORT_OPTIMISED_TASK_SELECTION can only be set to 1 when configMAX_PRIO
 148:..\..\..\FreeRTOS\FreeRTOS-Kernel\portable\GCC\ARM_CM3/portmacro.h ****         #endif
 149:..\..\..\FreeRTOS\FreeRTOS-Kernel\portable\GCC\ARM_CM3/portmacro.h **** 
 150:..\..\..\FreeRTOS\FreeRTOS-Kernel\portable\GCC\ARM_CM3/portmacro.h **** /* Store/clear the ready priorities in a bit map. */
 151:..\..\..\FreeRTOS\FreeRTOS-Kernel\portable\GCC\ARM_CM3/portmacro.h ****         #define portRECORD_READY_PRIORITY( uxPriority, uxReadyPriorities )    ( uxReadyPriorities )
ARM GAS  C:\Users\bchir\AppData\Local\Temp\ccELuvJK.s 			page 8


 152:..\..\..\FreeRTOS\FreeRTOS-Kernel\portable\GCC\ARM_CM3/portmacro.h ****         #define portRESET_READY_PRIORITY( uxPriority, uxReadyPriorities )     ( uxReadyPriorities )
 153:..\..\..\FreeRTOS\FreeRTOS-Kernel\portable\GCC\ARM_CM3/portmacro.h **** 
 154:..\..\..\FreeRTOS\FreeRTOS-Kernel\portable\GCC\ARM_CM3/portmacro.h **** /*-----------------------------------------------------------*/
 155:..\..\..\FreeRTOS\FreeRTOS-Kernel\portable\GCC\ARM_CM3/portmacro.h **** 
 156:..\..\..\FreeRTOS\FreeRTOS-Kernel\portable\GCC\ARM_CM3/portmacro.h ****         #define portGET_HIGHEST_PRIORITY( uxTopPriority, uxReadyPriorities )    uxTopPriority = ( 3
 157:..\..\..\FreeRTOS\FreeRTOS-Kernel\portable\GCC\ARM_CM3/portmacro.h **** 
 158:..\..\..\FreeRTOS\FreeRTOS-Kernel\portable\GCC\ARM_CM3/portmacro.h ****     #endif /* configUSE_PORT_OPTIMISED_TASK_SELECTION */
 159:..\..\..\FreeRTOS\FreeRTOS-Kernel\portable\GCC\ARM_CM3/portmacro.h **** 
 160:..\..\..\FreeRTOS\FreeRTOS-Kernel\portable\GCC\ARM_CM3/portmacro.h **** /*-----------------------------------------------------------*/
 161:..\..\..\FreeRTOS\FreeRTOS-Kernel\portable\GCC\ARM_CM3/portmacro.h **** 
 162:..\..\..\FreeRTOS\FreeRTOS-Kernel\portable\GCC\ARM_CM3/portmacro.h ****     #ifdef configASSERT
 163:..\..\..\FreeRTOS\FreeRTOS-Kernel\portable\GCC\ARM_CM3/portmacro.h ****         void vPortValidateInterruptPriority( void );
 164:..\..\..\FreeRTOS\FreeRTOS-Kernel\portable\GCC\ARM_CM3/portmacro.h ****         #define portASSERT_IF_INTERRUPT_PRIORITY_INVALID()    vPortValidateInterruptPriority()
 165:..\..\..\FreeRTOS\FreeRTOS-Kernel\portable\GCC\ARM_CM3/portmacro.h ****     #endif
 166:..\..\..\FreeRTOS\FreeRTOS-Kernel\portable\GCC\ARM_CM3/portmacro.h **** 
 167:..\..\..\FreeRTOS\FreeRTOS-Kernel\portable\GCC\ARM_CM3/portmacro.h **** /* portNOP() is not required by this port. */
 168:..\..\..\FreeRTOS\FreeRTOS-Kernel\portable\GCC\ARM_CM3/portmacro.h ****     #define portNOP()
 169:..\..\..\FreeRTOS\FreeRTOS-Kernel\portable\GCC\ARM_CM3/portmacro.h **** 
 170:..\..\..\FreeRTOS\FreeRTOS-Kernel\portable\GCC\ARM_CM3/portmacro.h ****     #define portINLINE              __inline
 171:..\..\..\FreeRTOS\FreeRTOS-Kernel\portable\GCC\ARM_CM3/portmacro.h **** 
 172:..\..\..\FreeRTOS\FreeRTOS-Kernel\portable\GCC\ARM_CM3/portmacro.h ****     #ifndef portFORCE_INLINE
 173:..\..\..\FreeRTOS\FreeRTOS-Kernel\portable\GCC\ARM_CM3/portmacro.h ****         #define portFORCE_INLINE    inline __attribute__( ( always_inline ) )
 174:..\..\..\FreeRTOS\FreeRTOS-Kernel\portable\GCC\ARM_CM3/portmacro.h ****     #endif
 175:..\..\..\FreeRTOS\FreeRTOS-Kernel\portable\GCC\ARM_CM3/portmacro.h **** 
 176:..\..\..\FreeRTOS\FreeRTOS-Kernel\portable\GCC\ARM_CM3/portmacro.h **** /*-----------------------------------------------------------*/
 177:..\..\..\FreeRTOS\FreeRTOS-Kernel\portable\GCC\ARM_CM3/portmacro.h **** 
 178:..\..\..\FreeRTOS\FreeRTOS-Kernel\portable\GCC\ARM_CM3/portmacro.h ****     portFORCE_INLINE static BaseType_t xPortIsInsideInterrupt( void )
 179:..\..\..\FreeRTOS\FreeRTOS-Kernel\portable\GCC\ARM_CM3/portmacro.h ****     {
 180:..\..\..\FreeRTOS\FreeRTOS-Kernel\portable\GCC\ARM_CM3/portmacro.h ****         uint32_t ulCurrentInterrupt;
 181:..\..\..\FreeRTOS\FreeRTOS-Kernel\portable\GCC\ARM_CM3/portmacro.h ****         BaseType_t xReturn;
 182:..\..\..\FreeRTOS\FreeRTOS-Kernel\portable\GCC\ARM_CM3/portmacro.h **** 
 183:..\..\..\FreeRTOS\FreeRTOS-Kernel\portable\GCC\ARM_CM3/portmacro.h ****         /* Obtain the number of the currently executing interrupt. */
 184:..\..\..\FreeRTOS\FreeRTOS-Kernel\portable\GCC\ARM_CM3/portmacro.h ****         __asm volatile ( "mrs %0, ipsr" : "=r" ( ulCurrentInterrupt )::"memory" );
 185:..\..\..\FreeRTOS\FreeRTOS-Kernel\portable\GCC\ARM_CM3/portmacro.h **** 
 186:..\..\..\FreeRTOS\FreeRTOS-Kernel\portable\GCC\ARM_CM3/portmacro.h ****         if( ulCurrentInterrupt == 0 )
 187:..\..\..\FreeRTOS\FreeRTOS-Kernel\portable\GCC\ARM_CM3/portmacro.h ****         {
 188:..\..\..\FreeRTOS\FreeRTOS-Kernel\portable\GCC\ARM_CM3/portmacro.h ****             xReturn = pdFALSE;
 189:..\..\..\FreeRTOS\FreeRTOS-Kernel\portable\GCC\ARM_CM3/portmacro.h ****         }
 190:..\..\..\FreeRTOS\FreeRTOS-Kernel\portable\GCC\ARM_CM3/portmacro.h ****         else
 191:..\..\..\FreeRTOS\FreeRTOS-Kernel\portable\GCC\ARM_CM3/portmacro.h ****         {
 192:..\..\..\FreeRTOS\FreeRTOS-Kernel\portable\GCC\ARM_CM3/portmacro.h ****             xReturn = pdTRUE;
 193:..\..\..\FreeRTOS\FreeRTOS-Kernel\portable\GCC\ARM_CM3/portmacro.h ****         }
 194:..\..\..\FreeRTOS\FreeRTOS-Kernel\portable\GCC\ARM_CM3/portmacro.h **** 
 195:..\..\..\FreeRTOS\FreeRTOS-Kernel\portable\GCC\ARM_CM3/portmacro.h ****         return xReturn;
 196:..\..\..\FreeRTOS\FreeRTOS-Kernel\portable\GCC\ARM_CM3/portmacro.h ****     }
 197:..\..\..\FreeRTOS\FreeRTOS-Kernel\portable\GCC\ARM_CM3/portmacro.h **** 
 198:..\..\..\FreeRTOS\FreeRTOS-Kernel\portable\GCC\ARM_CM3/portmacro.h **** /*-----------------------------------------------------------*/
 199:..\..\..\FreeRTOS\FreeRTOS-Kernel\portable\GCC\ARM_CM3/portmacro.h **** 
 200:..\..\..\FreeRTOS\FreeRTOS-Kernel\portable\GCC\ARM_CM3/portmacro.h ****     portFORCE_INLINE static void vPortRaiseBASEPRI( void )
 201:..\..\..\FreeRTOS\FreeRTOS-Kernel\portable\GCC\ARM_CM3/portmacro.h ****     {
 202:..\..\..\FreeRTOS\FreeRTOS-Kernel\portable\GCC\ARM_CM3/portmacro.h ****         uint32_t ulNewBASEPRI;
 203:..\..\..\FreeRTOS\FreeRTOS-Kernel\portable\GCC\ARM_CM3/portmacro.h **** 
 204:..\..\..\FreeRTOS\FreeRTOS-Kernel\portable\GCC\ARM_CM3/portmacro.h ****         __asm volatile
 151              		.loc 2 204 0
 152              		.syntax unified
 153              	@ 204 "..\..\..\FreeRTOS\FreeRTOS-Kernel\portable\GCC\ARM_CM3/portmacro.h" 1
 154 0000 4FF0A003 		   mov r3, #160                                              
ARM GAS  C:\Users\bchir\AppData\Local\Temp\ccELuvJK.s 			page 9


 155 0004 83F31188 	   msr basepri, r3                                         
 156 0008 BFF36F8F 	   isb                                                     
 157 000c BFF34F8F 	   dsb                                                     
 158              	
 159              	@ 0 "" 2
 160              	.LVL11:
 161              		.thumb
 162              		.syntax unified
 163              	.L10:
 164 0010 FEE7     		b	.L10
 165              	.LBE5:
 166              	.LBE4:
 167              		.cfi_endproc
 168              	.LFE70:
 169              		.size	vApplicationStackOverflowHook, .-vApplicationStackOverflowHook
 170              		.comm	powerMonConMessegesQ,4,4
 171              		.comm	taskMessegesQ,4,4
 172 0012 00BF     		.text
 173              	.Letext0:
 174              		.file 3 "c:\\program files (x86)\\cypress\\psoc creator\\4.4\\psoc creator\\import\\gnu\\arm\\5.4.
 175              		.file 4 "c:\\program files (x86)\\cypress\\psoc creator\\4.4\\psoc creator\\import\\gnu\\arm\\5.4.
 176              		.file 5 "Generated_Source\\PSoC5/cytypes.h"
 177              		.file 6 "..\\..\\..\\FreeRTOS\\FreeRTOS-Kernel\\include/task.h"
 178              		.file 7 "..\\..\\..\\FreeRTOS\\FreeRTOS-Kernel\\include/queue.h"
 179              		.file 8 "Generated_Source\\PSoC5/core_cm3.h"
 180              		.file 9 "SystemMessenger.h"
 181              		.file 10 "BluetoothComms.h"
 182              		.file 11 "UserButtonControl.h"
 183              		.file 12 "VehicleBatteryVoltage.h"
 184              		.file 13 "PowerMonitoringAndControl.h"
 185              		.file 14 "Generated_Source\\PSoC5/CyLib.h"
 186              		.file 15 "Generated_Source\\PSoC5/BlueLedd.h"
 187              		.section	.debug_info,"",%progbits
 188              	.Ldebug_info0:
 189 0000 DB020000 		.4byte	0x2db
 190 0004 0400     		.2byte	0x4
 191 0006 00000000 		.4byte	.Ldebug_abbrev0
 192 000a 04       		.byte	0x4
 193 000b 01       		.uleb128 0x1
 194 000c 9F000000 		.4byte	.LASF40
 195 0010 0C       		.byte	0xc
 196 0011 64020000 		.4byte	.LASF41
 197 0015 A0020000 		.4byte	.LASF42
 198 0019 00000000 		.4byte	.Ldebug_ranges0+0
 199 001d 00000000 		.4byte	0
 200 0021 00000000 		.4byte	.Ldebug_line0
 201 0025 02       		.uleb128 0x2
 202 0026 01       		.byte	0x1
 203 0027 06       		.byte	0x6
 204 0028 23030000 		.4byte	.LASF0
 205 002c 02       		.uleb128 0x2
 206 002d 01       		.byte	0x1
 207 002e 08       		.byte	0x8
 208 002f 91000000 		.4byte	.LASF1
 209 0033 02       		.uleb128 0x2
 210 0034 02       		.byte	0x2
 211 0035 05       		.byte	0x5
ARM GAS  C:\Users\bchir\AppData\Local\Temp\ccELuvJK.s 			page 10


 212 0036 D4020000 		.4byte	.LASF2
 213 003a 02       		.uleb128 0x2
 214 003b 02       		.byte	0x2
 215 003c 07       		.byte	0x7
 216 003d 4A010000 		.4byte	.LASF3
 217 0041 03       		.uleb128 0x3
 218 0042 2C000000 		.4byte	.LASF5
 219 0046 03       		.byte	0x3
 220 0047 3F       		.byte	0x3f
 221 0048 4C000000 		.4byte	0x4c
 222 004c 02       		.uleb128 0x2
 223 004d 04       		.byte	0x4
 224 004e 05       		.byte	0x5
 225 004f FF020000 		.4byte	.LASF4
 226 0053 03       		.uleb128 0x3
 227 0054 2D010000 		.4byte	.LASF6
 228 0058 03       		.byte	0x3
 229 0059 41       		.byte	0x41
 230 005a 5E000000 		.4byte	0x5e
 231 005e 02       		.uleb128 0x2
 232 005f 04       		.byte	0x4
 233 0060 07       		.byte	0x7
 234 0061 38010000 		.4byte	.LASF7
 235 0065 02       		.uleb128 0x2
 236 0066 08       		.byte	0x8
 237 0067 05       		.byte	0x5
 238 0068 56020000 		.4byte	.LASF8
 239 006c 02       		.uleb128 0x2
 240 006d 08       		.byte	0x8
 241 006e 07       		.byte	0x7
 242 006f 06020000 		.4byte	.LASF9
 243 0073 04       		.uleb128 0x4
 244 0074 04       		.byte	0x4
 245 0075 05       		.byte	0x5
 246 0076 696E7400 		.ascii	"int\000"
 247 007a 02       		.uleb128 0x2
 248 007b 04       		.byte	0x4
 249 007c 07       		.byte	0x7
 250 007d EA010000 		.4byte	.LASF10
 251 0081 03       		.uleb128 0x3
 252 0082 83000000 		.4byte	.LASF11
 253 0086 04       		.byte	0x4
 254 0087 2C       		.byte	0x2c
 255 0088 41000000 		.4byte	0x41
 256 008c 03       		.uleb128 0x3
 257 008d F6020000 		.4byte	.LASF12
 258 0091 04       		.byte	0x4
 259 0092 30       		.byte	0x30
 260 0093 53000000 		.4byte	0x53
 261 0097 02       		.uleb128 0x2
 262 0098 04       		.byte	0x4
 263 0099 04       		.byte	0x4
 264 009a 8B000000 		.4byte	.LASF13
 265 009e 02       		.uleb128 0x2
 266 009f 08       		.byte	0x8
 267 00a0 04       		.byte	0x4
 268 00a1 9E010000 		.4byte	.LASF14
ARM GAS  C:\Users\bchir\AppData\Local\Temp\ccELuvJK.s 			page 11


 269 00a5 02       		.uleb128 0x2
 270 00a6 01       		.byte	0x1
 271 00a7 08       		.byte	0x8
 272 00a8 6B020000 		.4byte	.LASF15
 273 00ac 05       		.uleb128 0x5
 274 00ad 2F020000 		.4byte	.LASF16
 275 00b1 05       		.byte	0x5
 276 00b2 A502     		.2byte	0x2a5
 277 00b4 B8000000 		.4byte	0xb8
 278 00b8 06       		.uleb128 0x6
 279 00b9 04       		.byte	0x4
 280 00ba BE000000 		.4byte	0xbe
 281 00be 07       		.uleb128 0x7
 282 00bf 02       		.uleb128 0x2
 283 00c0 08       		.byte	0x8
 284 00c1 04       		.byte	0x4
 285 00c2 41020000 		.4byte	.LASF17
 286 00c6 02       		.uleb128 0x2
 287 00c7 04       		.byte	0x4
 288 00c8 07       		.byte	0x7
 289 00c9 4D020000 		.4byte	.LASF18
 290 00cd 06       		.uleb128 0x6
 291 00ce 04       		.byte	0x4
 292 00cf A5000000 		.4byte	0xa5
 293 00d3 03       		.uleb128 0x3
 294 00d4 E9020000 		.4byte	.LASF19
 295 00d8 06       		.byte	0x6
 296 00d9 57       		.byte	0x57
 297 00da DE000000 		.4byte	0xde
 298 00de 06       		.uleb128 0x6
 299 00df 04       		.byte	0x4
 300 00e0 E4000000 		.4byte	0xe4
 301 00e4 08       		.uleb128 0x8
 302 00e5 B2010000 		.4byte	.LASF21
 303 00e9 03       		.uleb128 0x3
 304 00ea 36000000 		.4byte	.LASF20
 305 00ee 07       		.byte	0x7
 306 00ef 33       		.byte	0x33
 307 00f0 F4000000 		.4byte	0xf4
 308 00f4 06       		.uleb128 0x6
 309 00f5 04       		.byte	0x4
 310 00f6 FA000000 		.4byte	0xfa
 311 00fa 08       		.uleb128 0x8
 312 00fb C6010000 		.4byte	.LASF22
 313 00ff 09       		.uleb128 0x9
 314 0100 1D020000 		.4byte	.LASF43
 315 0104 02       		.byte	0x2
 316 0105 C8       		.byte	0xc8
 317 0106 03       		.byte	0x3
 318 0107 17010000 		.4byte	0x117
 319 010b 0A       		.uleb128 0xa
 320 010c A5010000 		.4byte	.LASF44
 321 0110 02       		.byte	0x2
 322 0111 CA       		.byte	0xca
 323 0112 8C000000 		.4byte	0x8c
 324 0116 00       		.byte	0
 325 0117 0B       		.uleb128 0xb
ARM GAS  C:\Users\bchir\AppData\Local\Temp\ccELuvJK.s 			page 12


 326 0118 70030000 		.4byte	.LASF45
 327 011c 01       		.byte	0x1
 328 011d 36       		.byte	0x36
 329 011e 00000000 		.4byte	.LFB69
 330 0122 20000000 		.4byte	.LFE69-.LFB69
 331 0126 01       		.uleb128 0x1
 332 0127 9C       		.byte	0x9c
 333 0128 4D010000 		.4byte	0x14d
 334 012c 0C       		.uleb128 0xc
 335 012d 70000000 		.4byte	.LASF23
 336 0131 01       		.byte	0x1
 337 0132 3B       		.byte	0x3b
 338 0133 0C       		.uleb128 0xc
 339 0134 D6010000 		.4byte	.LASF24
 340 0138 01       		.byte	0x1
 341 0139 3C       		.byte	0x3c
 342 013a 0C       		.uleb128 0xc
 343 013b 70020000 		.4byte	.LASF25
 344 013f 01       		.byte	0x1
 345 0140 3D       		.byte	0x3d
 346 0141 0D       		.uleb128 0xd
 347 0142 1F000000 		.4byte	.LASF28
 348 0146 01       		.byte	0x1
 349 0147 3E       		.byte	0x3e
 350 0148 4D010000 		.4byte	0x14d
 351 014c 00       		.byte	0
 352 014d 0E       		.uleb128 0xe
 353 014e AC000000 		.4byte	0xac
 354 0152 58010000 		.4byte	0x158
 355 0156 0F       		.uleb128 0xf
 356 0157 00       		.byte	0
 357 0158 10       		.uleb128 0x10
 358 0159 00000000 		.4byte	.LASF46
 359 015d 01       		.byte	0x1
 360 015e 54       		.byte	0x54
 361 015f 00000000 		.4byte	.LFB71
 362 0163 18000000 		.4byte	.LFE71-.LFB71
 363 0167 01       		.uleb128 0x1
 364 0168 9C       		.byte	0x9c
 365 0169 9B010000 		.4byte	0x19b
 366 016d 11       		.uleb128 0x11
 367 016e 06000000 		.4byte	.LVL0
 368 0172 85020000 		.4byte	0x285
 369 0176 11       		.uleb128 0x11
 370 0177 0A000000 		.4byte	.LVL1
 371 017b 90020000 		.4byte	0x290
 372 017f 11       		.uleb128 0x11
 373 0180 0E000000 		.4byte	.LVL2
 374 0184 9B020000 		.4byte	0x29b
 375 0188 11       		.uleb128 0x11
 376 0189 12000000 		.4byte	.LVL3
 377 018d A6020000 		.4byte	0x2a6
 378 0191 11       		.uleb128 0x11
 379 0192 16000000 		.4byte	.LVL4
 380 0196 B1020000 		.4byte	0x2b1
 381 019a 00       		.byte	0
 382 019b 12       		.uleb128 0x12
ARM GAS  C:\Users\bchir\AppData\Local\Temp\ccELuvJK.s 			page 13


 383 019c 3C020000 		.4byte	.LASF47
 384 01a0 01       		.byte	0x1
 385 01a1 1C       		.byte	0x1c
 386 01a2 73000000 		.4byte	0x73
 387 01a6 00000000 		.4byte	.LFB68
 388 01aa 20000000 		.4byte	.LFE68-.LFB68
 389 01ae 01       		.uleb128 0x1
 390 01af 9C       		.byte	0x9c
 391 01b0 F8010000 		.4byte	0x1f8
 392 01b4 13       		.uleb128 0x13
 393 01b5 0A000000 		.4byte	.LVL5
 394 01b9 BC020000 		.4byte	0x2bc
 395 01bd C9010000 		.4byte	0x1c9
 396 01c1 14       		.uleb128 0x14
 397 01c2 01       		.uleb128 0x1
 398 01c3 50       		.byte	0x50
 399 01c4 03       		.uleb128 0x3
 400 01c5 0A       		.byte	0xa
 401 01c6 F401     		.2byte	0x1f4
 402 01c8 00       		.byte	0
 403 01c9 13       		.uleb128 0x13
 404 01ca 10000000 		.4byte	.LVL6
 405 01ce C7020000 		.4byte	0x2c7
 406 01d2 DC010000 		.4byte	0x1dc
 407 01d6 14       		.uleb128 0x14
 408 01d7 01       		.uleb128 0x1
 409 01d8 50       		.byte	0x50
 410 01d9 01       		.uleb128 0x1
 411 01da 31       		.byte	0x31
 412 01db 00       		.byte	0
 413 01dc 11       		.uleb128 0x11
 414 01dd 16000000 		.4byte	.LVL7
 415 01e1 17010000 		.4byte	0x117
 416 01e5 11       		.uleb128 0x11
 417 01e6 1A000000 		.4byte	.LVL8
 418 01ea 58010000 		.4byte	0x158
 419 01ee 11       		.uleb128 0x11
 420 01ef 1E000000 		.4byte	.LVL9
 421 01f3 D2020000 		.4byte	0x2d2
 422 01f7 00       		.byte	0
 423 01f8 15       		.uleb128 0x15
 424 01f9 52030000 		.4byte	.LASF48
 425 01fd 01       		.byte	0x1
 426 01fe 4B       		.byte	0x4b
 427 01ff 00000000 		.4byte	.LFB70
 428 0203 12000000 		.4byte	.LFE70-.LFB70
 429 0207 01       		.uleb128 0x1
 430 0208 9C       		.byte	0x9c
 431 0209 47020000 		.4byte	0x247
 432 020d 16       		.uleb128 0x16
 433 020e 99020000 		.4byte	.LASF26
 434 0212 01       		.byte	0x1
 435 0213 4B       		.byte	0x4b
 436 0214 D3000000 		.4byte	0xd3
 437 0218 01       		.uleb128 0x1
 438 0219 50       		.byte	0x50
 439 021a 16       		.uleb128 0x16
ARM GAS  C:\Users\bchir\AppData\Local\Temp\ccELuvJK.s 			page 14


 440 021b DE020000 		.4byte	.LASF27
 441 021f 01       		.byte	0x1
 442 0220 4B       		.byte	0x4b
 443 0221 CD000000 		.4byte	0xcd
 444 0225 01       		.uleb128 0x1
 445 0226 51       		.byte	0x51
 446 0227 17       		.uleb128 0x17
 447 0228 FF000000 		.4byte	0xff
 448 022c 00000000 		.4byte	.LBB4
 449 0230 12000000 		.4byte	.LBE4-.LBB4
 450 0234 01       		.byte	0x1
 451 0235 4E       		.byte	0x4e
 452 0236 18       		.uleb128 0x18
 453 0237 00000000 		.4byte	.LBB5
 454 023b 12000000 		.4byte	.LBE5-.LBB5
 455 023f 19       		.uleb128 0x19
 456 0240 0B010000 		.4byte	0x10b
 457 0244 00       		.byte	0
 458 0245 00       		.byte	0
 459 0246 00       		.byte	0
 460 0247 1A       		.uleb128 0x1a
 461 0248 72010000 		.4byte	.LASF29
 462 024c 08       		.byte	0x8
 463 024d 1207     		.2byte	0x712
 464 024f 53020000 		.4byte	0x253
 465 0253 1B       		.uleb128 0x1b
 466 0254 81000000 		.4byte	0x81
 467 0258 1C       		.uleb128 0x1c
 468 0259 11000000 		.4byte	.LASF30
 469 025d 09       		.byte	0x9
 470 025e 3F       		.byte	0x3f
 471 025f E9000000 		.4byte	0xe9
 472 0263 05       		.uleb128 0x5
 473 0264 03       		.byte	0x3
 474 0265 00000000 		.4byte	taskMessegesQ
 475 0269 1C       		.uleb128 0x1c
 476 026a 5D010000 		.4byte	.LASF31
 477 026e 09       		.byte	0x9
 478 026f 40       		.byte	0x40
 479 0270 E9000000 		.4byte	0xe9
 480 0274 05       		.uleb128 0x5
 481 0275 03       		.byte	0x3
 482 0276 00000000 		.4byte	powerMonConMessegesQ
 483 027a 0D       		.uleb128 0xd
 484 027b 1F000000 		.4byte	.LASF28
 485 027f 01       		.byte	0x1
 486 0280 3E       		.byte	0x3e
 487 0281 4D010000 		.4byte	0x14d
 488 0285 1D       		.uleb128 0x1d
 489 0286 58000000 		.4byte	.LASF32
 490 028a 58000000 		.4byte	.LASF32
 491 028e 0A       		.byte	0xa
 492 028f 13       		.byte	0x13
 493 0290 1D       		.uleb128 0x1d
 494 0291 08030000 		.4byte	.LASF33
 495 0295 08030000 		.4byte	.LASF33
 496 0299 0B       		.byte	0xb
ARM GAS  C:\Users\bchir\AppData\Local\Temp\ccELuvJK.s 			page 15


 497 029a 14       		.byte	0x14
 498 029b 1D       		.uleb128 0x1d
 499 029c 7F010000 		.4byte	.LASF34
 500 02a0 7F010000 		.4byte	.LASF34
 501 02a4 0C       		.byte	0xc
 502 02a5 14       		.byte	0x14
 503 02a6 1D       		.uleb128 0x1d
 504 02a7 80020000 		.4byte	.LASF35
 505 02ab 80020000 		.4byte	.LASF35
 506 02af 09       		.byte	0x9
 507 02b0 44       		.byte	0x44
 508 02b1 1D       		.uleb128 0x1d
 509 02b2 2F030000 		.4byte	.LASF36
 510 02b6 2F030000 		.4byte	.LASF36
 511 02ba 0D       		.byte	0xd
 512 02bb 14       		.byte	0x14
 513 02bc 1D       		.uleb128 0x1d
 514 02bd 81030000 		.4byte	.LASF37
 515 02c1 81030000 		.4byte	.LASF37
 516 02c5 0E       		.byte	0xe
 517 02c6 76       		.byte	0x76
 518 02c7 1D       		.uleb128 0x1d
 519 02c8 F7010000 		.4byte	.LASF38
 520 02cc F7010000 		.4byte	.LASF38
 521 02d0 0F       		.byte	0xf
 522 02d1 26       		.byte	0x26
 523 02d2 1E       		.uleb128 0x1e
 524 02d3 44000000 		.4byte	.LASF39
 525 02d7 44000000 		.4byte	.LASF39
 526 02db 06       		.byte	0x6
 527 02dc EB04     		.2byte	0x4eb
 528 02de 00       		.byte	0
 529              		.section	.debug_abbrev,"",%progbits
 530              	.Ldebug_abbrev0:
 531 0000 01       		.uleb128 0x1
 532 0001 11       		.uleb128 0x11
 533 0002 01       		.byte	0x1
 534 0003 25       		.uleb128 0x25
 535 0004 0E       		.uleb128 0xe
 536 0005 13       		.uleb128 0x13
 537 0006 0B       		.uleb128 0xb
 538 0007 03       		.uleb128 0x3
 539 0008 0E       		.uleb128 0xe
 540 0009 1B       		.uleb128 0x1b
 541 000a 0E       		.uleb128 0xe
 542 000b 55       		.uleb128 0x55
 543 000c 17       		.uleb128 0x17
 544 000d 11       		.uleb128 0x11
 545 000e 01       		.uleb128 0x1
 546 000f 10       		.uleb128 0x10
 547 0010 17       		.uleb128 0x17
 548 0011 00       		.byte	0
 549 0012 00       		.byte	0
 550 0013 02       		.uleb128 0x2
 551 0014 24       		.uleb128 0x24
 552 0015 00       		.byte	0
 553 0016 0B       		.uleb128 0xb
ARM GAS  C:\Users\bchir\AppData\Local\Temp\ccELuvJK.s 			page 16


 554 0017 0B       		.uleb128 0xb
 555 0018 3E       		.uleb128 0x3e
 556 0019 0B       		.uleb128 0xb
 557 001a 03       		.uleb128 0x3
 558 001b 0E       		.uleb128 0xe
 559 001c 00       		.byte	0
 560 001d 00       		.byte	0
 561 001e 03       		.uleb128 0x3
 562 001f 16       		.uleb128 0x16
 563 0020 00       		.byte	0
 564 0021 03       		.uleb128 0x3
 565 0022 0E       		.uleb128 0xe
 566 0023 3A       		.uleb128 0x3a
 567 0024 0B       		.uleb128 0xb
 568 0025 3B       		.uleb128 0x3b
 569 0026 0B       		.uleb128 0xb
 570 0027 49       		.uleb128 0x49
 571 0028 13       		.uleb128 0x13
 572 0029 00       		.byte	0
 573 002a 00       		.byte	0
 574 002b 04       		.uleb128 0x4
 575 002c 24       		.uleb128 0x24
 576 002d 00       		.byte	0
 577 002e 0B       		.uleb128 0xb
 578 002f 0B       		.uleb128 0xb
 579 0030 3E       		.uleb128 0x3e
 580 0031 0B       		.uleb128 0xb
 581 0032 03       		.uleb128 0x3
 582 0033 08       		.uleb128 0x8
 583 0034 00       		.byte	0
 584 0035 00       		.byte	0
 585 0036 05       		.uleb128 0x5
 586 0037 16       		.uleb128 0x16
 587 0038 00       		.byte	0
 588 0039 03       		.uleb128 0x3
 589 003a 0E       		.uleb128 0xe
 590 003b 3A       		.uleb128 0x3a
 591 003c 0B       		.uleb128 0xb
 592 003d 3B       		.uleb128 0x3b
 593 003e 05       		.uleb128 0x5
 594 003f 49       		.uleb128 0x49
 595 0040 13       		.uleb128 0x13
 596 0041 00       		.byte	0
 597 0042 00       		.byte	0
 598 0043 06       		.uleb128 0x6
 599 0044 0F       		.uleb128 0xf
 600 0045 00       		.byte	0
 601 0046 0B       		.uleb128 0xb
 602 0047 0B       		.uleb128 0xb
 603 0048 49       		.uleb128 0x49
 604 0049 13       		.uleb128 0x13
 605 004a 00       		.byte	0
 606 004b 00       		.byte	0
 607 004c 07       		.uleb128 0x7
 608 004d 15       		.uleb128 0x15
 609 004e 00       		.byte	0
 610 004f 27       		.uleb128 0x27
ARM GAS  C:\Users\bchir\AppData\Local\Temp\ccELuvJK.s 			page 17


 611 0050 19       		.uleb128 0x19
 612 0051 00       		.byte	0
 613 0052 00       		.byte	0
 614 0053 08       		.uleb128 0x8
 615 0054 13       		.uleb128 0x13
 616 0055 00       		.byte	0
 617 0056 03       		.uleb128 0x3
 618 0057 0E       		.uleb128 0xe
 619 0058 3C       		.uleb128 0x3c
 620 0059 19       		.uleb128 0x19
 621 005a 00       		.byte	0
 622 005b 00       		.byte	0
 623 005c 09       		.uleb128 0x9
 624 005d 2E       		.uleb128 0x2e
 625 005e 01       		.byte	0x1
 626 005f 03       		.uleb128 0x3
 627 0060 0E       		.uleb128 0xe
 628 0061 3A       		.uleb128 0x3a
 629 0062 0B       		.uleb128 0xb
 630 0063 3B       		.uleb128 0x3b
 631 0064 0B       		.uleb128 0xb
 632 0065 27       		.uleb128 0x27
 633 0066 19       		.uleb128 0x19
 634 0067 20       		.uleb128 0x20
 635 0068 0B       		.uleb128 0xb
 636 0069 01       		.uleb128 0x1
 637 006a 13       		.uleb128 0x13
 638 006b 00       		.byte	0
 639 006c 00       		.byte	0
 640 006d 0A       		.uleb128 0xa
 641 006e 34       		.uleb128 0x34
 642 006f 00       		.byte	0
 643 0070 03       		.uleb128 0x3
 644 0071 0E       		.uleb128 0xe
 645 0072 3A       		.uleb128 0x3a
 646 0073 0B       		.uleb128 0xb
 647 0074 3B       		.uleb128 0x3b
 648 0075 0B       		.uleb128 0xb
 649 0076 49       		.uleb128 0x49
 650 0077 13       		.uleb128 0x13
 651 0078 00       		.byte	0
 652 0079 00       		.byte	0
 653 007a 0B       		.uleb128 0xb
 654 007b 2E       		.uleb128 0x2e
 655 007c 01       		.byte	0x1
 656 007d 03       		.uleb128 0x3
 657 007e 0E       		.uleb128 0xe
 658 007f 3A       		.uleb128 0x3a
 659 0080 0B       		.uleb128 0xb
 660 0081 3B       		.uleb128 0x3b
 661 0082 0B       		.uleb128 0xb
 662 0083 27       		.uleb128 0x27
 663 0084 19       		.uleb128 0x19
 664 0085 11       		.uleb128 0x11
 665 0086 01       		.uleb128 0x1
 666 0087 12       		.uleb128 0x12
 667 0088 06       		.uleb128 0x6
ARM GAS  C:\Users\bchir\AppData\Local\Temp\ccELuvJK.s 			page 18


 668 0089 40       		.uleb128 0x40
 669 008a 18       		.uleb128 0x18
 670 008b 9742     		.uleb128 0x2117
 671 008d 19       		.uleb128 0x19
 672 008e 01       		.uleb128 0x1
 673 008f 13       		.uleb128 0x13
 674 0090 00       		.byte	0
 675 0091 00       		.byte	0
 676 0092 0C       		.uleb128 0xc
 677 0093 2E       		.uleb128 0x2e
 678 0094 00       		.byte	0
 679 0095 3F       		.uleb128 0x3f
 680 0096 19       		.uleb128 0x19
 681 0097 03       		.uleb128 0x3
 682 0098 0E       		.uleb128 0xe
 683 0099 3A       		.uleb128 0x3a
 684 009a 0B       		.uleb128 0xb
 685 009b 3B       		.uleb128 0x3b
 686 009c 0B       		.uleb128 0xb
 687 009d 27       		.uleb128 0x27
 688 009e 19       		.uleb128 0x19
 689 009f 3C       		.uleb128 0x3c
 690 00a0 19       		.uleb128 0x19
 691 00a1 00       		.byte	0
 692 00a2 00       		.byte	0
 693 00a3 0D       		.uleb128 0xd
 694 00a4 34       		.uleb128 0x34
 695 00a5 00       		.byte	0
 696 00a6 03       		.uleb128 0x3
 697 00a7 0E       		.uleb128 0xe
 698 00a8 3A       		.uleb128 0x3a
 699 00a9 0B       		.uleb128 0xb
 700 00aa 3B       		.uleb128 0x3b
 701 00ab 0B       		.uleb128 0xb
 702 00ac 49       		.uleb128 0x49
 703 00ad 13       		.uleb128 0x13
 704 00ae 3F       		.uleb128 0x3f
 705 00af 19       		.uleb128 0x19
 706 00b0 3C       		.uleb128 0x3c
 707 00b1 19       		.uleb128 0x19
 708 00b2 00       		.byte	0
 709 00b3 00       		.byte	0
 710 00b4 0E       		.uleb128 0xe
 711 00b5 01       		.uleb128 0x1
 712 00b6 01       		.byte	0x1
 713 00b7 49       		.uleb128 0x49
 714 00b8 13       		.uleb128 0x13
 715 00b9 01       		.uleb128 0x1
 716 00ba 13       		.uleb128 0x13
 717 00bb 00       		.byte	0
 718 00bc 00       		.byte	0
 719 00bd 0F       		.uleb128 0xf
 720 00be 21       		.uleb128 0x21
 721 00bf 00       		.byte	0
 722 00c0 00       		.byte	0
 723 00c1 00       		.byte	0
 724 00c2 10       		.uleb128 0x10
ARM GAS  C:\Users\bchir\AppData\Local\Temp\ccELuvJK.s 			page 19


 725 00c3 2E       		.uleb128 0x2e
 726 00c4 01       		.byte	0x1
 727 00c5 03       		.uleb128 0x3
 728 00c6 0E       		.uleb128 0xe
 729 00c7 3A       		.uleb128 0x3a
 730 00c8 0B       		.uleb128 0xb
 731 00c9 3B       		.uleb128 0x3b
 732 00ca 0B       		.uleb128 0xb
 733 00cb 11       		.uleb128 0x11
 734 00cc 01       		.uleb128 0x1
 735 00cd 12       		.uleb128 0x12
 736 00ce 06       		.uleb128 0x6
 737 00cf 40       		.uleb128 0x40
 738 00d0 18       		.uleb128 0x18
 739 00d1 9742     		.uleb128 0x2117
 740 00d3 19       		.uleb128 0x19
 741 00d4 01       		.uleb128 0x1
 742 00d5 13       		.uleb128 0x13
 743 00d6 00       		.byte	0
 744 00d7 00       		.byte	0
 745 00d8 11       		.uleb128 0x11
 746 00d9 898201   		.uleb128 0x4109
 747 00dc 00       		.byte	0
 748 00dd 11       		.uleb128 0x11
 749 00de 01       		.uleb128 0x1
 750 00df 31       		.uleb128 0x31
 751 00e0 13       		.uleb128 0x13
 752 00e1 00       		.byte	0
 753 00e2 00       		.byte	0
 754 00e3 12       		.uleb128 0x12
 755 00e4 2E       		.uleb128 0x2e
 756 00e5 01       		.byte	0x1
 757 00e6 3F       		.uleb128 0x3f
 758 00e7 19       		.uleb128 0x19
 759 00e8 03       		.uleb128 0x3
 760 00e9 0E       		.uleb128 0xe
 761 00ea 3A       		.uleb128 0x3a
 762 00eb 0B       		.uleb128 0xb
 763 00ec 3B       		.uleb128 0x3b
 764 00ed 0B       		.uleb128 0xb
 765 00ee 27       		.uleb128 0x27
 766 00ef 19       		.uleb128 0x19
 767 00f0 49       		.uleb128 0x49
 768 00f1 13       		.uleb128 0x13
 769 00f2 8701     		.uleb128 0x87
 770 00f4 19       		.uleb128 0x19
 771 00f5 11       		.uleb128 0x11
 772 00f6 01       		.uleb128 0x1
 773 00f7 12       		.uleb128 0x12
 774 00f8 06       		.uleb128 0x6
 775 00f9 40       		.uleb128 0x40
 776 00fa 18       		.uleb128 0x18
 777 00fb 9742     		.uleb128 0x2117
 778 00fd 19       		.uleb128 0x19
 779 00fe 01       		.uleb128 0x1
 780 00ff 13       		.uleb128 0x13
 781 0100 00       		.byte	0
ARM GAS  C:\Users\bchir\AppData\Local\Temp\ccELuvJK.s 			page 20


 782 0101 00       		.byte	0
 783 0102 13       		.uleb128 0x13
 784 0103 898201   		.uleb128 0x4109
 785 0106 01       		.byte	0x1
 786 0107 11       		.uleb128 0x11
 787 0108 01       		.uleb128 0x1
 788 0109 31       		.uleb128 0x31
 789 010a 13       		.uleb128 0x13
 790 010b 01       		.uleb128 0x1
 791 010c 13       		.uleb128 0x13
 792 010d 00       		.byte	0
 793 010e 00       		.byte	0
 794 010f 14       		.uleb128 0x14
 795 0110 8A8201   		.uleb128 0x410a
 796 0113 00       		.byte	0
 797 0114 02       		.uleb128 0x2
 798 0115 18       		.uleb128 0x18
 799 0116 9142     		.uleb128 0x2111
 800 0118 18       		.uleb128 0x18
 801 0119 00       		.byte	0
 802 011a 00       		.byte	0
 803 011b 15       		.uleb128 0x15
 804 011c 2E       		.uleb128 0x2e
 805 011d 01       		.byte	0x1
 806 011e 3F       		.uleb128 0x3f
 807 011f 19       		.uleb128 0x19
 808 0120 03       		.uleb128 0x3
 809 0121 0E       		.uleb128 0xe
 810 0122 3A       		.uleb128 0x3a
 811 0123 0B       		.uleb128 0xb
 812 0124 3B       		.uleb128 0x3b
 813 0125 0B       		.uleb128 0xb
 814 0126 27       		.uleb128 0x27
 815 0127 19       		.uleb128 0x19
 816 0128 8701     		.uleb128 0x87
 817 012a 19       		.uleb128 0x19
 818 012b 11       		.uleb128 0x11
 819 012c 01       		.uleb128 0x1
 820 012d 12       		.uleb128 0x12
 821 012e 06       		.uleb128 0x6
 822 012f 40       		.uleb128 0x40
 823 0130 18       		.uleb128 0x18
 824 0131 9742     		.uleb128 0x2117
 825 0133 19       		.uleb128 0x19
 826 0134 01       		.uleb128 0x1
 827 0135 13       		.uleb128 0x13
 828 0136 00       		.byte	0
 829 0137 00       		.byte	0
 830 0138 16       		.uleb128 0x16
 831 0139 05       		.uleb128 0x5
 832 013a 00       		.byte	0
 833 013b 03       		.uleb128 0x3
 834 013c 0E       		.uleb128 0xe
 835 013d 3A       		.uleb128 0x3a
 836 013e 0B       		.uleb128 0xb
 837 013f 3B       		.uleb128 0x3b
 838 0140 0B       		.uleb128 0xb
ARM GAS  C:\Users\bchir\AppData\Local\Temp\ccELuvJK.s 			page 21


 839 0141 49       		.uleb128 0x49
 840 0142 13       		.uleb128 0x13
 841 0143 02       		.uleb128 0x2
 842 0144 18       		.uleb128 0x18
 843 0145 00       		.byte	0
 844 0146 00       		.byte	0
 845 0147 17       		.uleb128 0x17
 846 0148 1D       		.uleb128 0x1d
 847 0149 01       		.byte	0x1
 848 014a 31       		.uleb128 0x31
 849 014b 13       		.uleb128 0x13
 850 014c 11       		.uleb128 0x11
 851 014d 01       		.uleb128 0x1
 852 014e 12       		.uleb128 0x12
 853 014f 06       		.uleb128 0x6
 854 0150 58       		.uleb128 0x58
 855 0151 0B       		.uleb128 0xb
 856 0152 59       		.uleb128 0x59
 857 0153 0B       		.uleb128 0xb
 858 0154 00       		.byte	0
 859 0155 00       		.byte	0
 860 0156 18       		.uleb128 0x18
 861 0157 0B       		.uleb128 0xb
 862 0158 01       		.byte	0x1
 863 0159 11       		.uleb128 0x11
 864 015a 01       		.uleb128 0x1
 865 015b 12       		.uleb128 0x12
 866 015c 06       		.uleb128 0x6
 867 015d 00       		.byte	0
 868 015e 00       		.byte	0
 869 015f 19       		.uleb128 0x19
 870 0160 34       		.uleb128 0x34
 871 0161 00       		.byte	0
 872 0162 31       		.uleb128 0x31
 873 0163 13       		.uleb128 0x13
 874 0164 00       		.byte	0
 875 0165 00       		.byte	0
 876 0166 1A       		.uleb128 0x1a
 877 0167 34       		.uleb128 0x34
 878 0168 00       		.byte	0
 879 0169 03       		.uleb128 0x3
 880 016a 0E       		.uleb128 0xe
 881 016b 3A       		.uleb128 0x3a
 882 016c 0B       		.uleb128 0xb
 883 016d 3B       		.uleb128 0x3b
 884 016e 05       		.uleb128 0x5
 885 016f 49       		.uleb128 0x49
 886 0170 13       		.uleb128 0x13
 887 0171 3F       		.uleb128 0x3f
 888 0172 19       		.uleb128 0x19
 889 0173 3C       		.uleb128 0x3c
 890 0174 19       		.uleb128 0x19
 891 0175 00       		.byte	0
 892 0176 00       		.byte	0
 893 0177 1B       		.uleb128 0x1b
 894 0178 35       		.uleb128 0x35
 895 0179 00       		.byte	0
ARM GAS  C:\Users\bchir\AppData\Local\Temp\ccELuvJK.s 			page 22


 896 017a 49       		.uleb128 0x49
 897 017b 13       		.uleb128 0x13
 898 017c 00       		.byte	0
 899 017d 00       		.byte	0
 900 017e 1C       		.uleb128 0x1c
 901 017f 34       		.uleb128 0x34
 902 0180 00       		.byte	0
 903 0181 03       		.uleb128 0x3
 904 0182 0E       		.uleb128 0xe
 905 0183 3A       		.uleb128 0x3a
 906 0184 0B       		.uleb128 0xb
 907 0185 3B       		.uleb128 0x3b
 908 0186 0B       		.uleb128 0xb
 909 0187 49       		.uleb128 0x49
 910 0188 13       		.uleb128 0x13
 911 0189 3F       		.uleb128 0x3f
 912 018a 19       		.uleb128 0x19
 913 018b 02       		.uleb128 0x2
 914 018c 18       		.uleb128 0x18
 915 018d 00       		.byte	0
 916 018e 00       		.byte	0
 917 018f 1D       		.uleb128 0x1d
 918 0190 2E       		.uleb128 0x2e
 919 0191 00       		.byte	0
 920 0192 3F       		.uleb128 0x3f
 921 0193 19       		.uleb128 0x19
 922 0194 3C       		.uleb128 0x3c
 923 0195 19       		.uleb128 0x19
 924 0196 6E       		.uleb128 0x6e
 925 0197 0E       		.uleb128 0xe
 926 0198 03       		.uleb128 0x3
 927 0199 0E       		.uleb128 0xe
 928 019a 3A       		.uleb128 0x3a
 929 019b 0B       		.uleb128 0xb
 930 019c 3B       		.uleb128 0x3b
 931 019d 0B       		.uleb128 0xb
 932 019e 00       		.byte	0
 933 019f 00       		.byte	0
 934 01a0 1E       		.uleb128 0x1e
 935 01a1 2E       		.uleb128 0x2e
 936 01a2 00       		.byte	0
 937 01a3 3F       		.uleb128 0x3f
 938 01a4 19       		.uleb128 0x19
 939 01a5 3C       		.uleb128 0x3c
 940 01a6 19       		.uleb128 0x19
 941 01a7 6E       		.uleb128 0x6e
 942 01a8 0E       		.uleb128 0xe
 943 01a9 03       		.uleb128 0x3
 944 01aa 0E       		.uleb128 0xe
 945 01ab 3A       		.uleb128 0x3a
 946 01ac 0B       		.uleb128 0xb
 947 01ad 3B       		.uleb128 0x3b
 948 01ae 05       		.uleb128 0x5
 949 01af 00       		.byte	0
 950 01b0 00       		.byte	0
 951 01b1 00       		.byte	0
 952              		.section	.debug_aranges,"",%progbits
ARM GAS  C:\Users\bchir\AppData\Local\Temp\ccELuvJK.s 			page 23


 953 0000 34000000 		.4byte	0x34
 954 0004 0200     		.2byte	0x2
 955 0006 00000000 		.4byte	.Ldebug_info0
 956 000a 04       		.byte	0x4
 957 000b 00       		.byte	0
 958 000c 0000     		.2byte	0
 959 000e 0000     		.2byte	0
 960 0010 00000000 		.4byte	.LFB69
 961 0014 20000000 		.4byte	.LFE69-.LFB69
 962 0018 00000000 		.4byte	.LFB71
 963 001c 18000000 		.4byte	.LFE71-.LFB71
 964 0020 00000000 		.4byte	.LFB68
 965 0024 20000000 		.4byte	.LFE68-.LFB68
 966 0028 00000000 		.4byte	.LFB70
 967 002c 12000000 		.4byte	.LFE70-.LFB70
 968 0030 00000000 		.4byte	0
 969 0034 00000000 		.4byte	0
 970              		.section	.debug_ranges,"",%progbits
 971              	.Ldebug_ranges0:
 972 0000 00000000 		.4byte	.LFB69
 973 0004 20000000 		.4byte	.LFE69
 974 0008 00000000 		.4byte	.LFB71
 975 000c 18000000 		.4byte	.LFE71
 976 0010 00000000 		.4byte	.LFB68
 977 0014 20000000 		.4byte	.LFE68
 978 0018 00000000 		.4byte	.LFB70
 979 001c 12000000 		.4byte	.LFE70
 980 0020 00000000 		.4byte	0
 981 0024 00000000 		.4byte	0
 982              		.section	.debug_line,"",%progbits
 983              	.Ldebug_line0:
 984 0000 BE020000 		.section	.debug_str,"MS",%progbits,1
 984      02006402 
 984      00000201 
 984      FB0E0D00 
 984      01010101 
 985              	.LASF46:
 986 0000 73746172 		.ascii	"startSystemTasks\000"
 986      74537973 
 986      74656D54 
 986      61736B73 
 986      00
 987              	.LASF30:
 988 0011 7461736B 		.ascii	"taskMessegesQ\000"
 988      4D657373 
 988      65676573 
 988      5100
 989              	.LASF28:
 990 001f 43795261 		.ascii	"CyRamVectors\000"
 990      6D566563 
 990      746F7273 
 990      00
 991              	.LASF5:
 992 002c 5F5F696E 		.ascii	"__int32_t\000"
 992      7433325F 
 992      7400
 993              	.LASF20:
ARM GAS  C:\Users\bchir\AppData\Local\Temp\ccELuvJK.s 			page 24


 994 0036 51756575 		.ascii	"QueueHandle_t\000"
 994      6548616E 
 994      646C655F 
 994      7400
 995              	.LASF39:
 996 0044 76546173 		.ascii	"vTaskStartScheduler\000"
 996      6B537461 
 996      72745363 
 996      68656475 
 996      6C657200 
 997              	.LASF32:
 998 0058 73746172 		.ascii	"startTaskBluetoothComms\000"
 998      74546173 
 998      6B426C75 
 998      65746F6F 
 998      7468436F 
 999              	.LASF23:
 1000 0070 78506F72 		.ascii	"xPortPendSVHandler\000"
 1000      7450656E 
 1000      64535648 
 1000      616E646C 
 1000      657200
 1001              	.LASF11:
 1002 0083 696E7433 		.ascii	"int32_t\000"
 1002      325F7400 
 1003              	.LASF13:
 1004 008b 666C6F61 		.ascii	"float\000"
 1004      7400
 1005              	.LASF1:
 1006 0091 756E7369 		.ascii	"unsigned char\000"
 1006      676E6564 
 1006      20636861 
 1006      7200
 1007              	.LASF40:
 1008 009f 474E5520 		.ascii	"GNU C11 5.4.1 20160609 (release) [ARM/embedded-5-br"
 1008      43313120 
 1008      352E342E 
 1008      31203230 
 1008      31363036 
 1009 00d2 616E6368 		.ascii	"anch revision 237715] -mcpu=cortex-m3 -mthumb -g -O"
 1009      20726576 
 1009      6973696F 
 1009      6E203233 
 1009      37373135 
 1010 0105 67202D66 		.ascii	"g -ffunction-sections -ffat-lto-objects\000"
 1010      66756E63 
 1010      74696F6E 
 1010      2D736563 
 1010      74696F6E 
 1011              	.LASF6:
 1012 012d 5F5F7569 		.ascii	"__uint32_t\000"
 1012      6E743332 
 1012      5F7400
 1013              	.LASF7:
 1014 0138 6C6F6E67 		.ascii	"long unsigned int\000"
 1014      20756E73 
 1014      69676E65 
ARM GAS  C:\Users\bchir\AppData\Local\Temp\ccELuvJK.s 			page 25


 1014      6420696E 
 1014      7400
 1015              	.LASF3:
 1016 014a 73686F72 		.ascii	"short unsigned int\000"
 1016      7420756E 
 1016      7369676E 
 1016      65642069 
 1016      6E7400
 1017              	.LASF31:
 1018 015d 706F7765 		.ascii	"powerMonConMessegesQ\000"
 1018      724D6F6E 
 1018      436F6E4D 
 1018      65737365 
 1018      67657351 
 1019              	.LASF29:
 1020 0172 49544D5F 		.ascii	"ITM_RxBuffer\000"
 1020      52784275 
 1020      66666572 
 1020      00
 1021              	.LASF34:
 1022 017f 73746172 		.ascii	"startTaskVehicleBatteryVoltage\000"
 1022      74546173 
 1022      6B566568 
 1022      69636C65 
 1022      42617474 
 1023              	.LASF14:
 1024 019e 646F7562 		.ascii	"double\000"
 1024      6C6500
 1025              	.LASF44:
 1026 01a5 756C4E65 		.ascii	"ulNewBASEPRI\000"
 1026      77424153 
 1026      45505249 
 1026      00
 1027              	.LASF21:
 1028 01b2 74736B54 		.ascii	"tskTaskControlBlock\000"
 1028      61736B43 
 1028      6F6E7472 
 1028      6F6C426C 
 1028      6F636B00 
 1029              	.LASF22:
 1030 01c6 51756575 		.ascii	"QueueDefinition\000"
 1030      65446566 
 1030      696E6974 
 1030      696F6E00 
 1031              	.LASF24:
 1032 01d6 78506F72 		.ascii	"xPortSysTickHandler\000"
 1032      74537973 
 1032      5469636B 
 1032      48616E64 
 1032      6C657200 
 1033              	.LASF10:
 1034 01ea 756E7369 		.ascii	"unsigned int\000"
 1034      676E6564 
 1034      20696E74 
 1034      00
 1035              	.LASF38:
 1036 01f7 426C7565 		.ascii	"BlueLedd_Write\000"
ARM GAS  C:\Users\bchir\AppData\Local\Temp\ccELuvJK.s 			page 26


 1036      4C656464 
 1036      5F577269 
 1036      746500
 1037              	.LASF9:
 1038 0206 6C6F6E67 		.ascii	"long long unsigned int\000"
 1038      206C6F6E 
 1038      6720756E 
 1038      7369676E 
 1038      65642069 
 1039              	.LASF43:
 1040 021d 76506F72 		.ascii	"vPortRaiseBASEPRI\000"
 1040      74526169 
 1040      73654241 
 1040      53455052 
 1040      4900
 1041              	.LASF16:
 1042 022f 63796973 		.ascii	"cyisraddress\000"
 1042      72616464 
 1042      72657373 
 1042      00
 1043              	.LASF47:
 1044 023c 6D61696E 		.ascii	"main\000"
 1044      00
 1045              	.LASF17:
 1046 0241 6C6F6E67 		.ascii	"long double\000"
 1046      20646F75 
 1046      626C6500 
 1047              	.LASF18:
 1048 024d 73697A65 		.ascii	"sizetype\000"
 1048      74797065 
 1048      00
 1049              	.LASF8:
 1050 0256 6C6F6E67 		.ascii	"long long int\000"
 1050      206C6F6E 
 1050      6720696E 
 1050      7400
 1051              	.LASF41:
 1052 0264 6D61696E 		.ascii	"main.c\000"
 1052      2E6300
 1053              	.LASF15:
 1054 026b 63686172 		.ascii	"char\000"
 1054      00
 1055              	.LASF25:
 1056 0270 76506F72 		.ascii	"vPortSVCHandler\000"
 1056      74535643 
 1056      48616E64 
 1056      6C657200 
 1057              	.LASF35:
 1058 0280 73746172 		.ascii	"startTaskSystemMessenger\000"
 1058      74546173 
 1058      6B537973 
 1058      74656D4D 
 1058      65737365 
 1059              	.LASF26:
 1060 0299 70785461 		.ascii	"pxTask\000"
 1060      736B00
 1061              	.LASF42:
ARM GAS  C:\Users\bchir\AppData\Local\Temp\ccELuvJK.s 			page 27


 1062 02a0 453A5C47 		.ascii	"E:\\GIT Hub Project\\protocov\\Protocov\\Protocov.c"
 1062      49542048 
 1062      75622050 
 1062      726F6A65 
 1062      63745C70 
 1063 02cf 7964736E 		.ascii	"ydsn\000"
 1063      00
 1064              	.LASF2:
 1065 02d4 73686F72 		.ascii	"short int\000"
 1065      7420696E 
 1065      7400
 1066              	.LASF27:
 1067 02de 70635461 		.ascii	"pcTaskName\000"
 1067      736B4E61 
 1067      6D6500
 1068              	.LASF19:
 1069 02e9 5461736B 		.ascii	"TaskHandle_t\000"
 1069      48616E64 
 1069      6C655F74 
 1069      00
 1070              	.LASF12:
 1071 02f6 75696E74 		.ascii	"uint32_t\000"
 1071      33325F74 
 1071      00
 1072              	.LASF4:
 1073 02ff 6C6F6E67 		.ascii	"long int\000"
 1073      20696E74 
 1073      00
 1074              	.LASF33:
 1075 0308 73746172 		.ascii	"startTaskUserButtonControl\000"
 1075      74546173 
 1075      6B557365 
 1075      72427574 
 1075      746F6E43 
 1076              	.LASF0:
 1077 0323 7369676E 		.ascii	"signed char\000"
 1077      65642063 
 1077      68617200 
 1078              	.LASF36:
 1079 032f 73746172 		.ascii	"startTaskPowerMonitoringAndControl\000"
 1079      74546173 
 1079      6B506F77 
 1079      65724D6F 
 1079      6E69746F 
 1080              	.LASF48:
 1081 0352 76417070 		.ascii	"vApplicationStackOverflowHook\000"
 1081      6C696361 
 1081      74696F6E 
 1081      53746163 
 1081      6B4F7665 
 1082              	.LASF45:
 1083 0370 70727648 		.ascii	"prvHardwareSetup\000"
 1083      61726477 
 1083      61726553 
 1083      65747570 
 1083      00
 1084              	.LASF37:
ARM GAS  C:\Users\bchir\AppData\Local\Temp\ccELuvJK.s 			page 28


 1085 0381 43794465 		.ascii	"CyDelay\000"
 1085      6C617900 
 1086              		.ident	"GCC: (GNU Tools for ARM Embedded Processors) 5.4.1 20160609 (release) [ARM/embedded-5-bran
