ARM GAS  C:\Users\bchir\AppData\Local\Temp\ccNB6fuo.s 			page 1


   1              		.syntax unified
   2              		.cpu cortex-m3
   3              		.fpu softvfp
   4              		.eabi_attribute 20, 1
   5              		.eabi_attribute 21, 1
   6              		.eabi_attribute 23, 3
   7              		.eabi_attribute 24, 1
   8              		.eabi_attribute 25, 1
   9              		.eabi_attribute 26, 1
  10              		.eabi_attribute 30, 1
  11              		.eabi_attribute 34, 1
  12              		.eabi_attribute 18, 4
  13              		.thumb
  14              		.syntax unified
  15              		.file	"MessageConstructor.c"
  16              		.text
  17              	.Ltext0:
  18              		.cfi_sections	.debug_frame
  19              		.section	.text.TaskMessageConstructor,"ax",%progbits
  20              		.align	2
  21              		.thumb
  22              		.thumb_func
  23              		.type	TaskMessageConstructor, %function
  24              	TaskMessageConstructor:
  25              	.LFB68:
  26              		.file 1 "MessageConstructor.c"
   1:MessageConstructor.c **** /* ========================================
   2:MessageConstructor.c ****  *
   3:MessageConstructor.c ****  * Copyright YOUR COMPANY, THE YEAR
   4:MessageConstructor.c ****  * All Rights Reserved
   5:MessageConstructor.c ****  * UNPUBLISHED, LICENSED SOFTWARE.
   6:MessageConstructor.c ****  *
   7:MessageConstructor.c ****  * CONFIDENTIAL AND PROPRIETARY INFORMATION
   8:MessageConstructor.c ****  * WHICH IS THE PROPERTY OF your company.
   9:MessageConstructor.c ****  *
  10:MessageConstructor.c ****  * ========================================
  11:MessageConstructor.c **** */
  12:MessageConstructor.c **** 
  13:MessageConstructor.c **** //CAN_1_RX[rxMailbox].rxdata ;
  14:MessageConstructor.c **** #include "MessageConstructor.h"
  15:MessageConstructor.c **** 
  16:MessageConstructor.c **** static TaskHandle_t xHandle = NULL;
  17:MessageConstructor.c **** 
  18:MessageConstructor.c **** static void TaskMessageConstructor( void *pvParameters )
  19:MessageConstructor.c **** {
  27              		.loc 1 19 0
  28              		.cfi_startproc
  29              		@ Volatile: function does not return.
  30              		@ args = 0, pretend = 0, frame = 0
  31              		@ frame_needed = 0, uses_anonymous_args = 0
  32              		@ link register save eliminated.
  33              	.LVL0:
  34              	.L2:
  35 0000 FEE7     		b	.L2
  36              		.cfi_endproc
  37              	.LFE68:
  38              		.size	TaskMessageConstructor, .-TaskMessageConstructor
ARM GAS  C:\Users\bchir\AppData\Local\Temp\ccNB6fuo.s 			page 2


  39 0002 00BF     		.section	.text.getMessageConstructorTaskHandle,"ax",%progbits
  40              		.align	2
  41              		.global	getMessageConstructorTaskHandle
  42              		.thumb
  43              		.thumb_func
  44              		.type	getMessageConstructorTaskHandle, %function
  45              	getMessageConstructorTaskHandle:
  46              	.LFB69:
  20:MessageConstructor.c **** 	
  21:MessageConstructor.c ****     (void)pvParameters;
  22:MessageConstructor.c ****     
  23:MessageConstructor.c **** 	for( ;; )
  24:MessageConstructor.c **** 	{
  25:MessageConstructor.c **** 		//ulTaskNotifyTake( pdTRUE, portMAX_DELAY );
  26:MessageConstructor.c ****         
  27:MessageConstructor.c ****        
  28:MessageConstructor.c ****         
  29:MessageConstructor.c **** 	}
  30:MessageConstructor.c **** 	
  31:MessageConstructor.c **** 	/* Tasks must not attempt to return from their implementing
  32:MessageConstructor.c **** 		function or otherwise exit.  In newer FreeRTOS port
  33:MessageConstructor.c **** 		attempting to do so will result in an configASSERT() being
  34:MessageConstructor.c **** 		called if it is defined.  If it is necessary for a task to
  35:MessageConstructor.c **** 		exit then have the task call vTaskDelete( NULL ) to ensure
  36:MessageConstructor.c **** 	its exit is clean. */
  37:MessageConstructor.c **** 	vTaskDelete( NULL );
  38:MessageConstructor.c **** }
  39:MessageConstructor.c **** 
  40:MessageConstructor.c **** 
  41:MessageConstructor.c **** 
  42:MessageConstructor.c **** TaskHandle_t getMessageConstructorTaskHandle()
  43:MessageConstructor.c **** {
  47              		.loc 1 43 0
  48              		.cfi_startproc
  49              		@ args = 0, pretend = 0, frame = 0
  50              		@ frame_needed = 0, uses_anonymous_args = 0
  51              		@ link register save eliminated.
  44:MessageConstructor.c ****     
  45:MessageConstructor.c ****     return xHandle; 
  46:MessageConstructor.c **** }
  52              		.loc 1 46 0
  53 0000 014B     		ldr	r3, .L4
  54 0002 1868     		ldr	r0, [r3]
  55 0004 7047     		bx	lr
  56              	.L5:
  57 0006 00BF     		.align	2
  58              	.L4:
  59 0008 00000000 		.word	.LANCHOR0
  60              		.cfi_endproc
  61              	.LFE69:
  62              		.size	getMessageConstructorTaskHandle, .-getMessageConstructorTaskHandle
  63              		.section	.text.startTaskMessageConstructor,"ax",%progbits
  64              		.align	2
  65              		.global	startTaskMessageConstructor
  66              		.thumb
  67              		.thumb_func
  68              		.type	startTaskMessageConstructor, %function
ARM GAS  C:\Users\bchir\AppData\Local\Temp\ccNB6fuo.s 			page 3


  69              	startTaskMessageConstructor:
  70              	.LFB70:
  47:MessageConstructor.c **** 
  48:MessageConstructor.c **** void startTaskMessageConstructor()
  49:MessageConstructor.c **** {
  71              		.loc 1 49 0
  72              		.cfi_startproc
  73              		@ args = 0, pretend = 0, frame = 0
  74              		@ frame_needed = 0, uses_anonymous_args = 0
  75 0000 00B5     		push	{lr}
  76              		.cfi_def_cfa_offset 4
  77              		.cfi_offset 14, -4
  78 0002 83B0     		sub	sp, sp, #12
  79              		.cfi_def_cfa_offset 16
  50:MessageConstructor.c ****     
  51:MessageConstructor.c ****     /* Create the task, storing the handle. */ 
  52:MessageConstructor.c **** 	xTaskCreate(
  80              		.loc 1 52 0
  81 0004 064B     		ldr	r3, .L8
  82 0006 0193     		str	r3, [sp, #4]
  83 0008 0023     		movs	r3, #0
  84 000a 0093     		str	r3, [sp]
  85 000c 0123     		movs	r3, #1
  86 000e 8022     		movs	r2, #128
  87 0010 0449     		ldr	r1, .L8+4
  88 0012 0548     		ldr	r0, .L8+8
  89 0014 FFF7FEFF 		bl	xTaskCreate
  90              	.LVL1:
  53:MessageConstructor.c **** 		TaskMessageConstructor,      /* Function that implements the task. */ 
  54:MessageConstructor.c **** 		"TaskMessageConstructor",    /* Text name for the task. */ 
  55:MessageConstructor.c **** 		128,                        /* Stack size in words, not bytes. */ 
  56:MessageConstructor.c **** 		( void * ) 1,               /* Parameter passed into the task. */ 
  57:MessageConstructor.c **** 		tskIDLE_PRIORITY,           /* Priority at which the task is created. */ 
  58:MessageConstructor.c **** 	&xHandle );                     /* Used to pass out the created task's handle. */ 
  59:MessageConstructor.c ****     
  60:MessageConstructor.c **** }
  91              		.loc 1 60 0
  92 0018 03B0     		add	sp, sp, #12
  93              		.cfi_def_cfa_offset 4
  94              		@ sp needed
  95 001a 5DF804FB 		ldr	pc, [sp], #4
  96              	.L9:
  97 001e 00BF     		.align	2
  98              	.L8:
  99 0020 00000000 		.word	.LANCHOR0
 100 0024 00000000 		.word	.LC0
 101 0028 00000000 		.word	TaskMessageConstructor
 102              		.cfi_endproc
 103              	.LFE70:
 104              		.size	startTaskMessageConstructor, .-startTaskMessageConstructor
 105              		.section	.rodata.str1.4,"aMS",%progbits,1
 106              		.align	2
 107              	.LC0:
 108 0000 5461736B 		.ascii	"TaskMessageConstructor\000"
 108      4D657373 
 108      61676543 
 108      6F6E7374 
ARM GAS  C:\Users\bchir\AppData\Local\Temp\ccNB6fuo.s 			page 4


 108      72756374 
 109              		.bss
 110              		.align	2
 111              		.set	.LANCHOR0,. + 0
 112              		.type	xHandle, %object
 113              		.size	xHandle, 4
 114              	xHandle:
 115 0000 00000000 		.space	4
 116              		.text
 117              	.Letext0:
 118              		.file 2 "c:\\program files (x86)\\cypress\\psoc creator\\4.4\\psoc creator\\import\\gnu\\arm\\5.4.
 119              		.file 3 "c:\\program files (x86)\\cypress\\psoc creator\\4.4\\psoc creator\\import\\gnu\\arm\\5.4.
 120              		.file 4 "..\\..\\..\\FreeRTOS\\FreeRTOS-Kernel\\portable\\GCC\\ARM_CM3/portmacro.h"
 121              		.file 5 "..\\..\\..\\FreeRTOS\\FreeRTOS-Kernel\\include/task.h"
 122              		.file 6 "Generated_Source\\PSoC5/core_cm3.h"
 123              		.section	.debug_info,"",%progbits
 124              	.Ldebug_info0:
 125 0000 77010000 		.4byte	0x177
 126 0004 0400     		.2byte	0x4
 127 0006 00000000 		.4byte	.Ldebug_abbrev0
 128 000a 04       		.byte	0x4
 129 000b 01       		.uleb128 0x1
 130 000c 6D000000 		.4byte	.LASF18
 131 0010 0C       		.byte	0xc
 132 0011 3C000000 		.4byte	.LASF19
 133 0015 AA010000 		.4byte	.LASF20
 134 0019 00000000 		.4byte	.Ldebug_ranges0+0
 135 001d 00000000 		.4byte	0
 136 0021 00000000 		.4byte	.Ldebug_line0
 137 0025 02       		.uleb128 0x2
 138 0026 01       		.byte	0x1
 139 0027 06       		.byte	0x6
 140 0028 EB010000 		.4byte	.LASF0
 141 002c 02       		.uleb128 0x2
 142 002d 01       		.byte	0x1
 143 002e 08       		.byte	0x8
 144 002f 2E000000 		.4byte	.LASF1
 145 0033 02       		.uleb128 0x2
 146 0034 02       		.byte	0x2
 147 0035 05       		.byte	0x5
 148 0036 27020000 		.4byte	.LASF2
 149 003a 02       		.uleb128 0x2
 150 003b 02       		.byte	0x2
 151 003c 07       		.byte	0x7
 152 003d 0E000000 		.4byte	.LASF3
 153 0041 03       		.uleb128 0x3
 154 0042 03020000 		.4byte	.LASF9
 155 0046 02       		.byte	0x2
 156 0047 3F       		.byte	0x3f
 157 0048 4C000000 		.4byte	0x4c
 158 004c 02       		.uleb128 0x2
 159 004d 04       		.byte	0x4
 160 004e 05       		.byte	0x5
 161 004f 8D010000 		.4byte	.LASF4
 162 0053 02       		.uleb128 0x2
 163 0054 04       		.byte	0x4
 164 0055 07       		.byte	0x7
ARM GAS  C:\Users\bchir\AppData\Local\Temp\ccNB6fuo.s 			page 5


 165 0056 FB000000 		.4byte	.LASF5
 166 005a 02       		.uleb128 0x2
 167 005b 08       		.byte	0x8
 168 005c 05       		.byte	0x5
 169 005d 00000000 		.4byte	.LASF6
 170 0061 02       		.uleb128 0x2
 171 0062 08       		.byte	0x8
 172 0063 07       		.byte	0x7
 173 0064 0D010000 		.4byte	.LASF7
 174 0068 04       		.uleb128 0x4
 175 0069 04       		.byte	0x4
 176 006a 05       		.byte	0x5
 177 006b 696E7400 		.ascii	"int\000"
 178 006f 02       		.uleb128 0x2
 179 0070 04       		.byte	0x4
 180 0071 07       		.byte	0x7
 181 0072 21000000 		.4byte	.LASF8
 182 0076 03       		.uleb128 0x3
 183 0077 31020000 		.4byte	.LASF10
 184 007b 03       		.byte	0x3
 185 007c 2C       		.byte	0x2c
 186 007d 41000000 		.4byte	0x41
 187 0081 02       		.uleb128 0x2
 188 0082 04       		.byte	0x4
 189 0083 04       		.byte	0x4
 190 0084 21020000 		.4byte	.LASF11
 191 0088 02       		.uleb128 0x2
 192 0089 08       		.byte	0x8
 193 008a 04       		.byte	0x4
 194 008b 96010000 		.4byte	.LASF12
 195 008f 02       		.uleb128 0x2
 196 0090 01       		.byte	0x1
 197 0091 08       		.byte	0x8
 198 0092 88010000 		.4byte	.LASF13
 199 0096 02       		.uleb128 0x2
 200 0097 08       		.byte	0x8
 201 0098 04       		.byte	0x4
 202 0099 F7010000 		.4byte	.LASF14
 203 009d 02       		.uleb128 0x2
 204 009e 04       		.byte	0x4
 205 009f 07       		.byte	0x7
 206 00a0 39020000 		.4byte	.LASF15
 207 00a4 05       		.uleb128 0x5
 208 00a5 04       		.byte	0x4
 209 00a6 03       		.uleb128 0x3
 210 00a7 2C010000 		.4byte	.LASF16
 211 00ab 04       		.byte	0x4
 212 00ac 3C       		.byte	0x3c
 213 00ad 53000000 		.4byte	0x53
 214 00b1 03       		.uleb128 0x3
 215 00b2 9D010000 		.4byte	.LASF17
 216 00b6 05       		.byte	0x5
 217 00b7 57       		.byte	0x57
 218 00b8 BC000000 		.4byte	0xbc
 219 00bc 06       		.uleb128 0x6
 220 00bd 04       		.byte	0x4
 221 00be C2000000 		.4byte	0xc2
ARM GAS  C:\Users\bchir\AppData\Local\Temp\ccNB6fuo.s 			page 6


 222 00c2 07       		.uleb128 0x7
 223 00c3 0D020000 		.4byte	.LASF21
 224 00c7 08       		.uleb128 0x8
 225 00c8 44010000 		.4byte	.LASF22
 226 00cc 01       		.byte	0x1
 227 00cd 12       		.byte	0x12
 228 00ce 00000000 		.4byte	.LFB68
 229 00d2 02000000 		.4byte	.LFE68-.LFB68
 230 00d6 01       		.uleb128 0x1
 231 00d7 9C       		.byte	0x9c
 232 00d8 EA000000 		.4byte	0xea
 233 00dc 09       		.uleb128 0x9
 234 00dd 7B010000 		.4byte	.LASF23
 235 00e1 01       		.byte	0x1
 236 00e2 12       		.byte	0x12
 237 00e3 A4000000 		.4byte	0xa4
 238 00e7 01       		.uleb128 0x1
 239 00e8 50       		.byte	0x50
 240 00e9 00       		.byte	0
 241 00ea 0A       		.uleb128 0xa
 242 00eb 5B010000 		.4byte	.LASF24
 243 00ef 01       		.byte	0x1
 244 00f0 2A       		.byte	0x2a
 245 00f1 B1000000 		.4byte	0xb1
 246 00f5 00000000 		.4byte	.LFB69
 247 00f9 0C000000 		.4byte	.LFE69-.LFB69
 248 00fd 01       		.uleb128 0x1
 249 00fe 9C       		.byte	0x9c
 250 00ff 0B       		.uleb128 0xb
 251 0100 51000000 		.4byte	.LASF25
 252 0104 01       		.byte	0x1
 253 0105 30       		.byte	0x30
 254 0106 00000000 		.4byte	.LFB70
 255 010a 2C000000 		.4byte	.LFE70-.LFB70
 256 010e 01       		.uleb128 0x1
 257 010f 9C       		.byte	0x9c
 258 0110 4C010000 		.4byte	0x14c
 259 0114 0C       		.uleb128 0xc
 260 0115 18000000 		.4byte	.LVL1
 261 0119 6E010000 		.4byte	0x16e
 262 011d 0D       		.uleb128 0xd
 263 011e 01       		.uleb128 0x1
 264 011f 50       		.byte	0x50
 265 0120 05       		.uleb128 0x5
 266 0121 03       		.byte	0x3
 267 0122 00000000 		.4byte	TaskMessageConstructor
 268 0126 0D       		.uleb128 0xd
 269 0127 01       		.uleb128 0x1
 270 0128 51       		.byte	0x51
 271 0129 05       		.uleb128 0x5
 272 012a 03       		.byte	0x3
 273 012b 00000000 		.4byte	.LC0
 274 012f 0D       		.uleb128 0xd
 275 0130 01       		.uleb128 0x1
 276 0131 52       		.byte	0x52
 277 0132 02       		.uleb128 0x2
 278 0133 08       		.byte	0x8
ARM GAS  C:\Users\bchir\AppData\Local\Temp\ccNB6fuo.s 			page 7


 279 0134 80       		.byte	0x80
 280 0135 0D       		.uleb128 0xd
 281 0136 01       		.uleb128 0x1
 282 0137 53       		.byte	0x53
 283 0138 01       		.uleb128 0x1
 284 0139 31       		.byte	0x31
 285 013a 0D       		.uleb128 0xd
 286 013b 02       		.uleb128 0x2
 287 013c 7D       		.byte	0x7d
 288 013d 00       		.sleb128 0
 289 013e 01       		.uleb128 0x1
 290 013f 30       		.byte	0x30
 291 0140 0D       		.uleb128 0xd
 292 0141 02       		.uleb128 0x2
 293 0142 7D       		.byte	0x7d
 294 0143 04       		.sleb128 4
 295 0144 05       		.uleb128 0x5
 296 0145 03       		.byte	0x3
 297 0146 00000000 		.4byte	.LANCHOR0
 298 014a 00       		.byte	0
 299 014b 00       		.byte	0
 300 014c 0E       		.uleb128 0xe
 301 014d 24010000 		.4byte	.LASF26
 302 0151 01       		.byte	0x1
 303 0152 10       		.byte	0x10
 304 0153 B1000000 		.4byte	0xb1
 305 0157 05       		.uleb128 0x5
 306 0158 03       		.byte	0x3
 307 0159 00000000 		.4byte	xHandle
 308 015d 0F       		.uleb128 0xf
 309 015e DE010000 		.4byte	.LASF27
 310 0162 06       		.byte	0x6
 311 0163 1207     		.2byte	0x712
 312 0165 69010000 		.4byte	0x169
 313 0169 10       		.uleb128 0x10
 314 016a 76000000 		.4byte	0x76
 315 016e 11       		.uleb128 0x11
 316 016f 38010000 		.4byte	.LASF28
 317 0173 38010000 		.4byte	.LASF28
 318 0177 05       		.byte	0x5
 319 0178 6301     		.2byte	0x163
 320 017a 00       		.byte	0
 321              		.section	.debug_abbrev,"",%progbits
 322              	.Ldebug_abbrev0:
 323 0000 01       		.uleb128 0x1
 324 0001 11       		.uleb128 0x11
 325 0002 01       		.byte	0x1
 326 0003 25       		.uleb128 0x25
 327 0004 0E       		.uleb128 0xe
 328 0005 13       		.uleb128 0x13
 329 0006 0B       		.uleb128 0xb
 330 0007 03       		.uleb128 0x3
 331 0008 0E       		.uleb128 0xe
 332 0009 1B       		.uleb128 0x1b
 333 000a 0E       		.uleb128 0xe
 334 000b 55       		.uleb128 0x55
 335 000c 17       		.uleb128 0x17
ARM GAS  C:\Users\bchir\AppData\Local\Temp\ccNB6fuo.s 			page 8


 336 000d 11       		.uleb128 0x11
 337 000e 01       		.uleb128 0x1
 338 000f 10       		.uleb128 0x10
 339 0010 17       		.uleb128 0x17
 340 0011 00       		.byte	0
 341 0012 00       		.byte	0
 342 0013 02       		.uleb128 0x2
 343 0014 24       		.uleb128 0x24
 344 0015 00       		.byte	0
 345 0016 0B       		.uleb128 0xb
 346 0017 0B       		.uleb128 0xb
 347 0018 3E       		.uleb128 0x3e
 348 0019 0B       		.uleb128 0xb
 349 001a 03       		.uleb128 0x3
 350 001b 0E       		.uleb128 0xe
 351 001c 00       		.byte	0
 352 001d 00       		.byte	0
 353 001e 03       		.uleb128 0x3
 354 001f 16       		.uleb128 0x16
 355 0020 00       		.byte	0
 356 0021 03       		.uleb128 0x3
 357 0022 0E       		.uleb128 0xe
 358 0023 3A       		.uleb128 0x3a
 359 0024 0B       		.uleb128 0xb
 360 0025 3B       		.uleb128 0x3b
 361 0026 0B       		.uleb128 0xb
 362 0027 49       		.uleb128 0x49
 363 0028 13       		.uleb128 0x13
 364 0029 00       		.byte	0
 365 002a 00       		.byte	0
 366 002b 04       		.uleb128 0x4
 367 002c 24       		.uleb128 0x24
 368 002d 00       		.byte	0
 369 002e 0B       		.uleb128 0xb
 370 002f 0B       		.uleb128 0xb
 371 0030 3E       		.uleb128 0x3e
 372 0031 0B       		.uleb128 0xb
 373 0032 03       		.uleb128 0x3
 374 0033 08       		.uleb128 0x8
 375 0034 00       		.byte	0
 376 0035 00       		.byte	0
 377 0036 05       		.uleb128 0x5
 378 0037 0F       		.uleb128 0xf
 379 0038 00       		.byte	0
 380 0039 0B       		.uleb128 0xb
 381 003a 0B       		.uleb128 0xb
 382 003b 00       		.byte	0
 383 003c 00       		.byte	0
 384 003d 06       		.uleb128 0x6
 385 003e 0F       		.uleb128 0xf
 386 003f 00       		.byte	0
 387 0040 0B       		.uleb128 0xb
 388 0041 0B       		.uleb128 0xb
 389 0042 49       		.uleb128 0x49
 390 0043 13       		.uleb128 0x13
 391 0044 00       		.byte	0
 392 0045 00       		.byte	0
ARM GAS  C:\Users\bchir\AppData\Local\Temp\ccNB6fuo.s 			page 9


 393 0046 07       		.uleb128 0x7
 394 0047 13       		.uleb128 0x13
 395 0048 00       		.byte	0
 396 0049 03       		.uleb128 0x3
 397 004a 0E       		.uleb128 0xe
 398 004b 3C       		.uleb128 0x3c
 399 004c 19       		.uleb128 0x19
 400 004d 00       		.byte	0
 401 004e 00       		.byte	0
 402 004f 08       		.uleb128 0x8
 403 0050 2E       		.uleb128 0x2e
 404 0051 01       		.byte	0x1
 405 0052 03       		.uleb128 0x3
 406 0053 0E       		.uleb128 0xe
 407 0054 3A       		.uleb128 0x3a
 408 0055 0B       		.uleb128 0xb
 409 0056 3B       		.uleb128 0x3b
 410 0057 0B       		.uleb128 0xb
 411 0058 27       		.uleb128 0x27
 412 0059 19       		.uleb128 0x19
 413 005a 8701     		.uleb128 0x87
 414 005c 19       		.uleb128 0x19
 415 005d 11       		.uleb128 0x11
 416 005e 01       		.uleb128 0x1
 417 005f 12       		.uleb128 0x12
 418 0060 06       		.uleb128 0x6
 419 0061 40       		.uleb128 0x40
 420 0062 18       		.uleb128 0x18
 421 0063 9742     		.uleb128 0x2117
 422 0065 19       		.uleb128 0x19
 423 0066 01       		.uleb128 0x1
 424 0067 13       		.uleb128 0x13
 425 0068 00       		.byte	0
 426 0069 00       		.byte	0
 427 006a 09       		.uleb128 0x9
 428 006b 05       		.uleb128 0x5
 429 006c 00       		.byte	0
 430 006d 03       		.uleb128 0x3
 431 006e 0E       		.uleb128 0xe
 432 006f 3A       		.uleb128 0x3a
 433 0070 0B       		.uleb128 0xb
 434 0071 3B       		.uleb128 0x3b
 435 0072 0B       		.uleb128 0xb
 436 0073 49       		.uleb128 0x49
 437 0074 13       		.uleb128 0x13
 438 0075 02       		.uleb128 0x2
 439 0076 18       		.uleb128 0x18
 440 0077 00       		.byte	0
 441 0078 00       		.byte	0
 442 0079 0A       		.uleb128 0xa
 443 007a 2E       		.uleb128 0x2e
 444 007b 00       		.byte	0
 445 007c 3F       		.uleb128 0x3f
 446 007d 19       		.uleb128 0x19
 447 007e 03       		.uleb128 0x3
 448 007f 0E       		.uleb128 0xe
 449 0080 3A       		.uleb128 0x3a
ARM GAS  C:\Users\bchir\AppData\Local\Temp\ccNB6fuo.s 			page 10


 450 0081 0B       		.uleb128 0xb
 451 0082 3B       		.uleb128 0x3b
 452 0083 0B       		.uleb128 0xb
 453 0084 49       		.uleb128 0x49
 454 0085 13       		.uleb128 0x13
 455 0086 11       		.uleb128 0x11
 456 0087 01       		.uleb128 0x1
 457 0088 12       		.uleb128 0x12
 458 0089 06       		.uleb128 0x6
 459 008a 40       		.uleb128 0x40
 460 008b 18       		.uleb128 0x18
 461 008c 9742     		.uleb128 0x2117
 462 008e 19       		.uleb128 0x19
 463 008f 00       		.byte	0
 464 0090 00       		.byte	0
 465 0091 0B       		.uleb128 0xb
 466 0092 2E       		.uleb128 0x2e
 467 0093 01       		.byte	0x1
 468 0094 3F       		.uleb128 0x3f
 469 0095 19       		.uleb128 0x19
 470 0096 03       		.uleb128 0x3
 471 0097 0E       		.uleb128 0xe
 472 0098 3A       		.uleb128 0x3a
 473 0099 0B       		.uleb128 0xb
 474 009a 3B       		.uleb128 0x3b
 475 009b 0B       		.uleb128 0xb
 476 009c 11       		.uleb128 0x11
 477 009d 01       		.uleb128 0x1
 478 009e 12       		.uleb128 0x12
 479 009f 06       		.uleb128 0x6
 480 00a0 40       		.uleb128 0x40
 481 00a1 18       		.uleb128 0x18
 482 00a2 9742     		.uleb128 0x2117
 483 00a4 19       		.uleb128 0x19
 484 00a5 01       		.uleb128 0x1
 485 00a6 13       		.uleb128 0x13
 486 00a7 00       		.byte	0
 487 00a8 00       		.byte	0
 488 00a9 0C       		.uleb128 0xc
 489 00aa 898201   		.uleb128 0x4109
 490 00ad 01       		.byte	0x1
 491 00ae 11       		.uleb128 0x11
 492 00af 01       		.uleb128 0x1
 493 00b0 31       		.uleb128 0x31
 494 00b1 13       		.uleb128 0x13
 495 00b2 00       		.byte	0
 496 00b3 00       		.byte	0
 497 00b4 0D       		.uleb128 0xd
 498 00b5 8A8201   		.uleb128 0x410a
 499 00b8 00       		.byte	0
 500 00b9 02       		.uleb128 0x2
 501 00ba 18       		.uleb128 0x18
 502 00bb 9142     		.uleb128 0x2111
 503 00bd 18       		.uleb128 0x18
 504 00be 00       		.byte	0
 505 00bf 00       		.byte	0
 506 00c0 0E       		.uleb128 0xe
ARM GAS  C:\Users\bchir\AppData\Local\Temp\ccNB6fuo.s 			page 11


 507 00c1 34       		.uleb128 0x34
 508 00c2 00       		.byte	0
 509 00c3 03       		.uleb128 0x3
 510 00c4 0E       		.uleb128 0xe
 511 00c5 3A       		.uleb128 0x3a
 512 00c6 0B       		.uleb128 0xb
 513 00c7 3B       		.uleb128 0x3b
 514 00c8 0B       		.uleb128 0xb
 515 00c9 49       		.uleb128 0x49
 516 00ca 13       		.uleb128 0x13
 517 00cb 02       		.uleb128 0x2
 518 00cc 18       		.uleb128 0x18
 519 00cd 00       		.byte	0
 520 00ce 00       		.byte	0
 521 00cf 0F       		.uleb128 0xf
 522 00d0 34       		.uleb128 0x34
 523 00d1 00       		.byte	0
 524 00d2 03       		.uleb128 0x3
 525 00d3 0E       		.uleb128 0xe
 526 00d4 3A       		.uleb128 0x3a
 527 00d5 0B       		.uleb128 0xb
 528 00d6 3B       		.uleb128 0x3b
 529 00d7 05       		.uleb128 0x5
 530 00d8 49       		.uleb128 0x49
 531 00d9 13       		.uleb128 0x13
 532 00da 3F       		.uleb128 0x3f
 533 00db 19       		.uleb128 0x19
 534 00dc 3C       		.uleb128 0x3c
 535 00dd 19       		.uleb128 0x19
 536 00de 00       		.byte	0
 537 00df 00       		.byte	0
 538 00e0 10       		.uleb128 0x10
 539 00e1 35       		.uleb128 0x35
 540 00e2 00       		.byte	0
 541 00e3 49       		.uleb128 0x49
 542 00e4 13       		.uleb128 0x13
 543 00e5 00       		.byte	0
 544 00e6 00       		.byte	0
 545 00e7 11       		.uleb128 0x11
 546 00e8 2E       		.uleb128 0x2e
 547 00e9 00       		.byte	0
 548 00ea 3F       		.uleb128 0x3f
 549 00eb 19       		.uleb128 0x19
 550 00ec 3C       		.uleb128 0x3c
 551 00ed 19       		.uleb128 0x19
 552 00ee 6E       		.uleb128 0x6e
 553 00ef 0E       		.uleb128 0xe
 554 00f0 03       		.uleb128 0x3
 555 00f1 0E       		.uleb128 0xe
 556 00f2 3A       		.uleb128 0x3a
 557 00f3 0B       		.uleb128 0xb
 558 00f4 3B       		.uleb128 0x3b
 559 00f5 05       		.uleb128 0x5
 560 00f6 00       		.byte	0
 561 00f7 00       		.byte	0
 562 00f8 00       		.byte	0
 563              		.section	.debug_aranges,"",%progbits
ARM GAS  C:\Users\bchir\AppData\Local\Temp\ccNB6fuo.s 			page 12


 564 0000 2C000000 		.4byte	0x2c
 565 0004 0200     		.2byte	0x2
 566 0006 00000000 		.4byte	.Ldebug_info0
 567 000a 04       		.byte	0x4
 568 000b 00       		.byte	0
 569 000c 0000     		.2byte	0
 570 000e 0000     		.2byte	0
 571 0010 00000000 		.4byte	.LFB68
 572 0014 02000000 		.4byte	.LFE68-.LFB68
 573 0018 00000000 		.4byte	.LFB69
 574 001c 0C000000 		.4byte	.LFE69-.LFB69
 575 0020 00000000 		.4byte	.LFB70
 576 0024 2C000000 		.4byte	.LFE70-.LFB70
 577 0028 00000000 		.4byte	0
 578 002c 00000000 		.4byte	0
 579              		.section	.debug_ranges,"",%progbits
 580              	.Ldebug_ranges0:
 581 0000 00000000 		.4byte	.LFB68
 582 0004 02000000 		.4byte	.LFE68
 583 0008 00000000 		.4byte	.LFB69
 584 000c 0C000000 		.4byte	.LFE69
 585 0010 00000000 		.4byte	.LFB70
 586 0014 2C000000 		.4byte	.LFE70
 587 0018 00000000 		.4byte	0
 588 001c 00000000 		.4byte	0
 589              		.section	.debug_line,"",%progbits
 590              	.Ldebug_line0:
 591 0000 FD010000 		.section	.debug_str,"MS",%progbits,1
 591      0200C701 
 591      00000201 
 591      FB0E0D00 
 591      01010101 
 592              	.LASF6:
 593 0000 6C6F6E67 		.ascii	"long long int\000"
 593      206C6F6E 
 593      6720696E 
 593      7400
 594              	.LASF3:
 595 000e 73686F72 		.ascii	"short unsigned int\000"
 595      7420756E 
 595      7369676E 
 595      65642069 
 595      6E7400
 596              	.LASF8:
 597 0021 756E7369 		.ascii	"unsigned int\000"
 597      676E6564 
 597      20696E74 
 597      00
 598              	.LASF1:
 599 002e 756E7369 		.ascii	"unsigned char\000"
 599      676E6564 
 599      20636861 
 599      7200
 600              	.LASF19:
 601 003c 4D657373 		.ascii	"MessageConstructor.c\000"
 601      61676543 
 601      6F6E7374 
ARM GAS  C:\Users\bchir\AppData\Local\Temp\ccNB6fuo.s 			page 13


 601      72756374 
 601      6F722E63 
 602              	.LASF25:
 603 0051 73746172 		.ascii	"startTaskMessageConstructor\000"
 603      74546173 
 603      6B4D6573 
 603      73616765 
 603      436F6E73 
 604              	.LASF18:
 605 006d 474E5520 		.ascii	"GNU C11 5.4.1 20160609 (release) [ARM/embedded-5-br"
 605      43313120 
 605      352E342E 
 605      31203230 
 605      31363036 
 606 00a0 616E6368 		.ascii	"anch revision 237715] -mcpu=cortex-m3 -mthumb -g -O"
 606      20726576 
 606      6973696F 
 606      6E203233 
 606      37373135 
 607 00d3 67202D66 		.ascii	"g -ffunction-sections -ffat-lto-objects\000"
 607      66756E63 
 607      74696F6E 
 607      2D736563 
 607      74696F6E 
 608              	.LASF5:
 609 00fb 6C6F6E67 		.ascii	"long unsigned int\000"
 609      20756E73 
 609      69676E65 
 609      6420696E 
 609      7400
 610              	.LASF7:
 611 010d 6C6F6E67 		.ascii	"long long unsigned int\000"
 611      206C6F6E 
 611      6720756E 
 611      7369676E 
 611      65642069 
 612              	.LASF26:
 613 0124 7848616E 		.ascii	"xHandle\000"
 613      646C6500 
 614              	.LASF16:
 615 012c 55426173 		.ascii	"UBaseType_t\000"
 615      65547970 
 615      655F7400 
 616              	.LASF28:
 617 0138 78546173 		.ascii	"xTaskCreate\000"
 617      6B437265 
 617      61746500 
 618              	.LASF22:
 619 0144 5461736B 		.ascii	"TaskMessageConstructor\000"
 619      4D657373 
 619      61676543 
 619      6F6E7374 
 619      72756374 
 620              	.LASF24:
 621 015b 6765744D 		.ascii	"getMessageConstructorTaskHandle\000"
 621      65737361 
 621      6765436F 
ARM GAS  C:\Users\bchir\AppData\Local\Temp\ccNB6fuo.s 			page 14


 621      6E737472 
 621      7563746F 
 622              	.LASF23:
 623 017b 70765061 		.ascii	"pvParameters\000"
 623      72616D65 
 623      74657273 
 623      00
 624              	.LASF13:
 625 0188 63686172 		.ascii	"char\000"
 625      00
 626              	.LASF4:
 627 018d 6C6F6E67 		.ascii	"long int\000"
 627      20696E74 
 627      00
 628              	.LASF12:
 629 0196 646F7562 		.ascii	"double\000"
 629      6C6500
 630              	.LASF17:
 631 019d 5461736B 		.ascii	"TaskHandle_t\000"
 631      48616E64 
 631      6C655F74 
 631      00
 632              	.LASF20:
 633 01aa 453A5C47 		.ascii	"E:\\GIT Hub Project\\protocov\\Protocov\\Protocov.c"
 633      49542048 
 633      75622050 
 633      726F6A65 
 633      63745C70 
 634 01d9 7964736E 		.ascii	"ydsn\000"
 634      00
 635              	.LASF27:
 636 01de 49544D5F 		.ascii	"ITM_RxBuffer\000"
 636      52784275 
 636      66666572 
 636      00
 637              	.LASF0:
 638 01eb 7369676E 		.ascii	"signed char\000"
 638      65642063 
 638      68617200 
 639              	.LASF14:
 640 01f7 6C6F6E67 		.ascii	"long double\000"
 640      20646F75 
 640      626C6500 
 641              	.LASF9:
 642 0203 5F5F696E 		.ascii	"__int32_t\000"
 642      7433325F 
 642      7400
 643              	.LASF21:
 644 020d 74736B54 		.ascii	"tskTaskControlBlock\000"
 644      61736B43 
 644      6F6E7472 
 644      6F6C426C 
 644      6F636B00 
 645              	.LASF11:
 646 0221 666C6F61 		.ascii	"float\000"
 646      7400
 647              	.LASF2:
ARM GAS  C:\Users\bchir\AppData\Local\Temp\ccNB6fuo.s 			page 15


 648 0227 73686F72 		.ascii	"short int\000"
 648      7420696E 
 648      7400
 649              	.LASF10:
 650 0231 696E7433 		.ascii	"int32_t\000"
 650      325F7400 
 651              	.LASF15:
 652 0239 73697A65 		.ascii	"sizetype\000"
 652      74797065 
 652      00
 653              		.ident	"GCC: (GNU Tools for ARM Embedded Processors) 5.4.1 20160609 (release) [ARM/embedded-5-bran
