ARM GAS  C:\Users\bchir\AppData\Local\Temp\cc8uyiOe.s 			page 1


   1              		.syntax unified
   2              		.cpu cortex-m3
   3              		.fpu softvfp
   4              		.eabi_attribute 20, 1
   5              		.eabi_attribute 21, 1
   6              		.eabi_attribute 23, 3
   7              		.eabi_attribute 24, 1
   8              		.eabi_attribute 25, 1
   9              		.eabi_attribute 26, 1
  10              		.eabi_attribute 30, 1
  11              		.eabi_attribute 34, 1
  12              		.eabi_attribute 18, 4
  13              		.thumb
  14              		.syntax unified
  15              		.file	"ProtocovUSB_descr.c"
  16              		.text
  17              	.Ltext0:
  18              		.cfi_sections	.debug_frame
  19              		.global	ProtocovUSB_TABLE
  20              		.global	ProtocovUSB_DEVICE0_TABLE
  21              		.global	ProtocovUSB_DEVICE0_CONFIGURATION0_TABLE
  22              		.global	ProtocovUSB_DEVICE0_CONFIGURATION0_INTERFACE_CLASS
  23              		.global	ProtocovUSB_DEVICE0_CONFIGURATION0_EP_SETTINGS_TABLE
  24              		.global	ProtocovUSB_DEVICE0_CONFIGURATION0_DESCR
  25              		.global	ProtocovUSB_DEVICE0_DESCR
  26              		.section	.rodata
  27              		.align	2
  28              		.type	ProtocovUSB_TABLE, %object
  29              		.size	ProtocovUSB_TABLE, 8
  30              	ProtocovUSB_TABLE:
  31 0000 01       		.byte	1
  32 0001 000000   		.space	3
  33 0004 00000000 		.word	ProtocovUSB_DEVICE0_TABLE
  34              		.type	ProtocovUSB_DEVICE0_TABLE, %object
  35              		.size	ProtocovUSB_DEVICE0_TABLE, 24
  36              	ProtocovUSB_DEVICE0_TABLE:
  37 0008 01       		.byte	1
  38 0009 000000   		.space	3
  39 000c 00000000 		.word	ProtocovUSB_DEVICE0_DESCR
  40 0010 00       		.byte	0
  41 0011 000000   		.space	3
  42 0014 00000000 		.word	0
  43 0018 01       		.byte	1
  44 0019 000000   		.space	3
  45 001c 00000000 		.word	ProtocovUSB_DEVICE0_CONFIGURATION0_TABLE
  46              		.type	ProtocovUSB_DEVICE0_CONFIGURATION0_TABLE, %object
  47              		.size	ProtocovUSB_DEVICE0_CONFIGURATION0_TABLE, 32
  48              	ProtocovUSB_DEVICE0_CONFIGURATION0_TABLE:
  49 0020 01       		.byte	1
  50 0021 000000   		.space	3
  51 0024 00000000 		.word	ProtocovUSB_DEVICE0_CONFIGURATION0_DESCR
  52 0028 01       		.byte	1
  53 0029 000000   		.space	3
  54 002c 00000000 		.word	ProtocovUSB_DEVICE0_CONFIGURATION0_EP_SETTINGS_TABLE
  55 0030 00       		.byte	0
  56 0031 000000   		.space	3
  57 0034 00000000 		.word	0
ARM GAS  C:\Users\bchir\AppData\Local\Temp\cc8uyiOe.s 			page 2


  58 0038 00       		.byte	0
  59 0039 000000   		.space	3
  60 003c 00000000 		.word	ProtocovUSB_DEVICE0_CONFIGURATION0_INTERFACE_CLASS
  61              		.type	ProtocovUSB_DEVICE0_CONFIGURATION0_INTERFACE_CLASS, %object
  62              		.size	ProtocovUSB_DEVICE0_CONFIGURATION0_INTERFACE_CLASS, 1
  63              	ProtocovUSB_DEVICE0_CONFIGURATION0_INTERFACE_CLASS:
  64 0040 00       		.space	1
  65 0041 000000   		.space	3
  66              		.type	ProtocovUSB_DEVICE0_CONFIGURATION0_EP_SETTINGS_TABLE, %object
  67              		.size	ProtocovUSB_DEVICE0_CONFIGURATION0_EP_SETTINGS_TABLE, 8
  68              	ProtocovUSB_DEVICE0_CONFIGURATION0_EP_SETTINGS_TABLE:
  69 0044 00       		.byte	0
  70 0045 00       		.byte	0
  71 0046 01       		.byte	1
  72 0047 02       		.byte	2
  73 0048 0800     		.short	8
  74 004a 00       		.byte	0
  75 004b 00       		.space	1
  76              		.type	ProtocovUSB_DEVICE0_CONFIGURATION0_DESCR, %object
  77              		.size	ProtocovUSB_DEVICE0_CONFIGURATION0_DESCR, 25
  78              	ProtocovUSB_DEVICE0_CONFIGURATION0_DESCR:
  79 004c 09       		.byte	9
  80 004d 02       		.byte	2
  81 004e 19       		.byte	25
  82 004f 00       		.byte	0
  83 0050 01       		.byte	1
  84 0051 01       		.byte	1
  85 0052 00       		.byte	0
  86 0053 80       		.byte	-128
  87 0054 19       		.byte	25
  88 0055 09       		.byte	9
  89 0056 04       		.byte	4
  90 0057 00       		.byte	0
  91 0058 00       		.byte	0
  92 0059 01       		.byte	1
  93 005a 00       		.byte	0
  94 005b 00       		.byte	0
  95 005c 00       		.byte	0
  96 005d 00       		.byte	0
  97 005e 07       		.byte	7
  98 005f 05       		.byte	5
  99 0060 01       		.byte	1
 100 0061 02       		.byte	2
 101 0062 08       		.byte	8
 102 0063 00       		.byte	0
 103 0064 00       		.byte	0
 104 0065 000000   		.space	3
 105              		.type	ProtocovUSB_DEVICE0_DESCR, %object
 106              		.size	ProtocovUSB_DEVICE0_DESCR, 18
 107              	ProtocovUSB_DEVICE0_DESCR:
 108 0068 12       		.byte	18
 109 0069 01       		.byte	1
 110 006a 00       		.byte	0
 111 006b 02       		.byte	2
 112 006c FF       		.byte	-1
 113 006d 00       		.byte	0
 114 006e 00       		.byte	0
ARM GAS  C:\Users\bchir\AppData\Local\Temp\cc8uyiOe.s 			page 3


 115 006f 08       		.byte	8
 116 0070 B4       		.byte	-76
 117 0071 04       		.byte	4
 118 0072 51       		.byte	81
 119 0073 80       		.byte	-128
 120 0074 00       		.byte	0
 121 0075 00       		.byte	0
 122 0076 00       		.byte	0
 123 0077 00       		.byte	0
 124 0078 00       		.byte	0
 125 0079 01       		.byte	1
 126              		.text
 127              	.Letext0:
 128              		.file 1 "Generated_Source\\PSoC5\\cytypes.h"
 129              		.file 2 "Generated_Source\\PSoC5\\ProtocovUSB.h"
 130              		.file 3 "Generated_Source\\PSoC5\\ProtocovUSB_descr.c"
 131              		.section	.debug_info,"",%progbits
 132              	.Ldebug_info0:
 133 0000 41020000 		.4byte	0x241
 134 0004 0400     		.2byte	0x4
 135 0006 00000000 		.4byte	.Ldebug_abbrev0
 136 000a 04       		.byte	0x4
 137 000b 01       		.uleb128 0x1
 138 000c 8D000000 		.4byte	.LASF32
 139 0010 0C       		.byte	0xc
 140 0011 BA020000 		.4byte	.LASF33
 141 0015 DF010000 		.4byte	.LASF34
 142 0019 00000000 		.4byte	.Ldebug_line0
 143 001d 02       		.uleb128 0x2
 144 001e 01       		.byte	0x1
 145 001f 06       		.byte	0x6
 146 0020 9C020000 		.4byte	.LASF0
 147 0024 02       		.uleb128 0x2
 148 0025 01       		.byte	0x1
 149 0026 08       		.byte	0x8
 150 0027 7F000000 		.4byte	.LASF1
 151 002b 02       		.uleb128 0x2
 152 002c 02       		.byte	0x2
 153 002d 05       		.byte	0x5
 154 002e 6D020000 		.4byte	.LASF2
 155 0032 02       		.uleb128 0x2
 156 0033 02       		.byte	0x2
 157 0034 07       		.byte	0x7
 158 0035 12000000 		.4byte	.LASF3
 159 0039 02       		.uleb128 0x2
 160 003a 04       		.byte	0x4
 161 003b 05       		.byte	0x5
 162 003c 87020000 		.4byte	.LASF4
 163 0040 02       		.uleb128 0x2
 164 0041 04       		.byte	0x4
 165 0042 07       		.byte	0x7
 166 0043 26010000 		.4byte	.LASF5
 167 0047 02       		.uleb128 0x2
 168 0048 08       		.byte	0x8
 169 0049 05       		.byte	0x5
 170 004a CC010000 		.4byte	.LASF6
 171 004e 02       		.uleb128 0x2
ARM GAS  C:\Users\bchir\AppData\Local\Temp\cc8uyiOe.s 			page 4


 172 004f 08       		.byte	0x8
 173 0050 07       		.byte	0x7
 174 0051 A5010000 		.4byte	.LASF7
 175 0055 03       		.uleb128 0x3
 176 0056 04       		.byte	0x4
 177 0057 05       		.byte	0x5
 178 0058 696E7400 		.ascii	"int\000"
 179 005c 02       		.uleb128 0x2
 180 005d 04       		.byte	0x4
 181 005e 07       		.byte	0x7
 182 005f 7E010000 		.4byte	.LASF8
 183 0063 04       		.uleb128 0x4
 184 0064 77020000 		.4byte	.LASF9
 185 0068 01       		.byte	0x1
 186 0069 E901     		.2byte	0x1e9
 187 006b 24000000 		.4byte	0x24
 188 006f 04       		.uleb128 0x4
 189 0070 44010000 		.4byte	.LASF10
 190 0074 01       		.byte	0x1
 191 0075 EA01     		.2byte	0x1ea
 192 0077 32000000 		.4byte	0x32
 193 007b 02       		.uleb128 0x2
 194 007c 04       		.byte	0x4
 195 007d 04       		.byte	0x4
 196 007e 6E000000 		.4byte	.LASF11
 197 0082 02       		.uleb128 0x2
 198 0083 08       		.byte	0x8
 199 0084 04       		.byte	0x4
 200 0085 3D010000 		.4byte	.LASF12
 201 0089 02       		.uleb128 0x2
 202 008a 01       		.byte	0x1
 203 008b 08       		.byte	0x8
 204 008c DA010000 		.4byte	.LASF13
 205 0090 02       		.uleb128 0x2
 206 0091 08       		.byte	0x8
 207 0092 04       		.byte	0x4
 208 0093 90020000 		.4byte	.LASF14
 209 0097 02       		.uleb128 0x2
 210 0098 04       		.byte	0x4
 211 0099 07       		.byte	0x7
 212 009a C3010000 		.4byte	.LASF15
 213 009e 05       		.uleb128 0x5
 214 009f 08       		.byte	0x8
 215 00a0 02       		.byte	0x2
 216 00a1 95       		.byte	0x95
 217 00a2 EF000000 		.4byte	0xef
 218 00a6 06       		.uleb128 0x6
 219 00a7 7D020000 		.4byte	.LASF16
 220 00ab 02       		.byte	0x2
 221 00ac 97       		.byte	0x97
 222 00ad 63000000 		.4byte	0x63
 223 00b1 00       		.byte	0
 224 00b2 06       		.uleb128 0x6
 225 00b3 74000000 		.4byte	.LASF17
 226 00b7 02       		.byte	0x2
 227 00b8 98       		.byte	0x98
 228 00b9 63000000 		.4byte	0x63
ARM GAS  C:\Users\bchir\AppData\Local\Temp\cc8uyiOe.s 			page 5


 229 00bd 01       		.byte	0x1
 230 00be 06       		.uleb128 0x6
 231 00bf 38010000 		.4byte	.LASF18
 232 00c3 02       		.byte	0x2
 233 00c4 99       		.byte	0x99
 234 00c5 63000000 		.4byte	0x63
 235 00c9 02       		.byte	0x2
 236 00ca 06       		.uleb128 0x6
 237 00cb 1B010000 		.4byte	.LASF19
 238 00cf 02       		.byte	0x2
 239 00d0 9A       		.byte	0x9a
 240 00d1 63000000 		.4byte	0x63
 241 00d5 03       		.byte	0x3
 242 00d6 06       		.uleb128 0x6
 243 00d7 2D020000 		.4byte	.LASF20
 244 00db 02       		.byte	0x2
 245 00dc 9B       		.byte	0x9b
 246 00dd 6F000000 		.4byte	0x6f
 247 00e1 04       		.byte	0x4
 248 00e2 06       		.uleb128 0x6
 249 00e3 0E030000 		.4byte	.LASF21
 250 00e7 02       		.byte	0x2
 251 00e8 9C       		.byte	0x9c
 252 00e9 63000000 		.4byte	0x63
 253 00ed 06       		.byte	0x6
 254 00ee 00       		.byte	0
 255 00ef 07       		.uleb128 0x7
 256 00f0 4E000000 		.4byte	.LASF22
 257 00f4 02       		.byte	0x2
 258 00f5 9D       		.byte	0x9d
 259 00f6 9E000000 		.4byte	0x9e
 260 00fa 05       		.uleb128 0x5
 261 00fb 08       		.byte	0x8
 262 00fc 02       		.byte	0x2
 263 00fd AC       		.byte	0xac
 264 00fe 19010000 		.4byte	0x119
 265 0102 08       		.uleb128 0x8
 266 0103 6300     		.ascii	"c\000"
 267 0105 02       		.byte	0x2
 268 0106 AE       		.byte	0xae
 269 0107 63000000 		.4byte	0x63
 270 010b 00       		.byte	0
 271 010c 06       		.uleb128 0x6
 272 010d BC010000 		.4byte	.LASF23
 273 0111 02       		.byte	0x2
 274 0112 AF       		.byte	0xaf
 275 0113 19010000 		.4byte	0x119
 276 0117 04       		.byte	0x4
 277 0118 00       		.byte	0
 278 0119 09       		.uleb128 0x9
 279 011a 04       		.byte	0x4
 280 011b 1F010000 		.4byte	0x11f
 281 011f 0A       		.uleb128 0xa
 282 0120 07       		.uleb128 0x7
 283 0121 A8020000 		.4byte	.LASF24
 284 0125 02       		.byte	0x2
 285 0126 B0       		.byte	0xb0
ARM GAS  C:\Users\bchir\AppData\Local\Temp\cc8uyiOe.s 			page 6


 286 0127 FA000000 		.4byte	0xfa
 287 012b 0B       		.uleb128 0xb
 288 012c 3B010000 		.4byte	0x13b
 289 0130 3B010000 		.4byte	0x13b
 290 0134 0C       		.uleb128 0xc
 291 0135 97000000 		.4byte	0x97
 292 0139 11       		.byte	0x11
 293 013a 00       		.byte	0
 294 013b 0D       		.uleb128 0xd
 295 013c 63000000 		.4byte	0x63
 296 0140 0E       		.uleb128 0xe
 297 0141 13020000 		.4byte	.LASF25
 298 0145 03       		.byte	0x3
 299 0146 24       		.byte	0x24
 300 0147 51010000 		.4byte	0x151
 301 014b 05       		.uleb128 0x5
 302 014c 03       		.byte	0x3
 303 014d 00000000 		.4byte	ProtocovUSB_DEVICE0_DESCR
 304 0151 0D       		.uleb128 0xd
 305 0152 2B010000 		.4byte	0x12b
 306 0156 0B       		.uleb128 0xb
 307 0157 3B010000 		.4byte	0x13b
 308 015b 66010000 		.4byte	0x166
 309 015f 0C       		.uleb128 0xc
 310 0160 97000000 		.4byte	0x97
 311 0164 18       		.byte	0x18
 312 0165 00       		.byte	0
 313 0166 0E       		.uleb128 0xe
 314 0167 25000000 		.4byte	.LASF26
 315 016b 03       		.byte	0x3
 316 016c 37       		.byte	0x37
 317 016d 77010000 		.4byte	0x177
 318 0171 05       		.uleb128 0x5
 319 0172 03       		.byte	0x3
 320 0173 00000000 		.4byte	ProtocovUSB_DEVICE0_CONFIGURATION0_DESCR
 321 0177 0D       		.uleb128 0xd
 322 0178 56010000 		.4byte	0x156
 323 017c 0B       		.uleb128 0xb
 324 017d 8C010000 		.4byte	0x18c
 325 0181 8C010000 		.4byte	0x18c
 326 0185 0C       		.uleb128 0xc
 327 0186 97000000 		.4byte	0x97
 328 018a 00       		.byte	0
 329 018b 00       		.byte	0
 330 018c 0D       		.uleb128 0xd
 331 018d EF000000 		.4byte	0xef
 332 0191 0E       		.uleb128 0xe
 333 0192 38020000 		.4byte	.LASF27
 334 0196 03       		.byte	0x3
 335 0197 62       		.byte	0x62
 336 0198 A2010000 		.4byte	0x1a2
 337 019c 05       		.uleb128 0x5
 338 019d 03       		.byte	0x3
 339 019e 00000000 		.4byte	ProtocovUSB_DEVICE0_CONFIGURATION0_EP_SETTINGS_TABLE
 340 01a2 0D       		.uleb128 0xd
 341 01a3 7C010000 		.4byte	0x17c
 342 01a7 0B       		.uleb128 0xb
ARM GAS  C:\Users\bchir\AppData\Local\Temp\cc8uyiOe.s 			page 7


 343 01a8 3B010000 		.4byte	0x13b
 344 01ac B7010000 		.4byte	0x1b7
 345 01b0 0C       		.uleb128 0xc
 346 01b1 97000000 		.4byte	0x97
 347 01b5 00       		.byte	0
 348 01b6 00       		.byte	0
 349 01b7 0E       		.uleb128 0xe
 350 01b8 4B010000 		.4byte	.LASF28
 351 01bc 03       		.byte	0x3
 352 01bd 66       		.byte	0x66
 353 01be C8010000 		.4byte	0x1c8
 354 01c2 05       		.uleb128 0x5
 355 01c3 03       		.byte	0x3
 356 01c4 00000000 		.4byte	ProtocovUSB_DEVICE0_CONFIGURATION0_INTERFACE_CLASS
 357 01c8 0D       		.uleb128 0xd
 358 01c9 A7010000 		.4byte	0x1a7
 359 01cd 0B       		.uleb128 0xb
 360 01ce DD010000 		.4byte	0x1dd
 361 01d2 DD010000 		.4byte	0x1dd
 362 01d6 0C       		.uleb128 0xc
 363 01d7 97000000 		.4byte	0x97
 364 01db 03       		.byte	0x3
 365 01dc 00       		.byte	0
 366 01dd 0D       		.uleb128 0xd
 367 01de 20010000 		.4byte	0x120
 368 01e2 0E       		.uleb128 0xe
 369 01e3 E5020000 		.4byte	.LASF29
 370 01e7 03       		.byte	0x3
 371 01e8 6E       		.byte	0x6e
 372 01e9 F3010000 		.4byte	0x1f3
 373 01ed 05       		.uleb128 0x5
 374 01ee 03       		.byte	0x3
 375 01ef 00000000 		.4byte	ProtocovUSB_DEVICE0_CONFIGURATION0_TABLE
 376 01f3 0D       		.uleb128 0xd
 377 01f4 CD010000 		.4byte	0x1cd
 378 01f8 0B       		.uleb128 0xb
 379 01f9 DD010000 		.4byte	0x1dd
 380 01fd 08020000 		.4byte	0x208
 381 0201 0C       		.uleb128 0xc
 382 0202 97000000 		.4byte	0x97
 383 0206 02       		.byte	0x2
 384 0207 00       		.byte	0
 385 0208 0E       		.uleb128 0xe
 386 0209 8B010000 		.4byte	.LASF30
 387 020d 03       		.byte	0x3
 388 020e 78       		.byte	0x78
 389 020f 19020000 		.4byte	0x219
 390 0213 05       		.uleb128 0x5
 391 0214 03       		.byte	0x3
 392 0215 00000000 		.4byte	ProtocovUSB_DEVICE0_TABLE
 393 0219 0D       		.uleb128 0xd
 394 021a F8010000 		.4byte	0x1f8
 395 021e 0B       		.uleb128 0xb
 396 021f DD010000 		.4byte	0x1dd
 397 0223 2E020000 		.4byte	0x22e
 398 0227 0C       		.uleb128 0xc
 399 0228 97000000 		.4byte	0x97
ARM GAS  C:\Users\bchir\AppData\Local\Temp\cc8uyiOe.s 			page 8


 400 022c 00       		.byte	0
 401 022d 00       		.byte	0
 402 022e 0E       		.uleb128 0xe
 403 022f 00000000 		.4byte	.LASF31
 404 0233 03       		.byte	0x3
 405 0234 80       		.byte	0x80
 406 0235 3F020000 		.4byte	0x23f
 407 0239 05       		.uleb128 0x5
 408 023a 03       		.byte	0x3
 409 023b 00000000 		.4byte	ProtocovUSB_TABLE
 410 023f 0D       		.uleb128 0xd
 411 0240 1E020000 		.4byte	0x21e
 412 0244 00       		.byte	0
 413              		.section	.debug_abbrev,"",%progbits
 414              	.Ldebug_abbrev0:
 415 0000 01       		.uleb128 0x1
 416 0001 11       		.uleb128 0x11
 417 0002 01       		.byte	0x1
 418 0003 25       		.uleb128 0x25
 419 0004 0E       		.uleb128 0xe
 420 0005 13       		.uleb128 0x13
 421 0006 0B       		.uleb128 0xb
 422 0007 03       		.uleb128 0x3
 423 0008 0E       		.uleb128 0xe
 424 0009 1B       		.uleb128 0x1b
 425 000a 0E       		.uleb128 0xe
 426 000b 10       		.uleb128 0x10
 427 000c 17       		.uleb128 0x17
 428 000d 00       		.byte	0
 429 000e 00       		.byte	0
 430 000f 02       		.uleb128 0x2
 431 0010 24       		.uleb128 0x24
 432 0011 00       		.byte	0
 433 0012 0B       		.uleb128 0xb
 434 0013 0B       		.uleb128 0xb
 435 0014 3E       		.uleb128 0x3e
 436 0015 0B       		.uleb128 0xb
 437 0016 03       		.uleb128 0x3
 438 0017 0E       		.uleb128 0xe
 439 0018 00       		.byte	0
 440 0019 00       		.byte	0
 441 001a 03       		.uleb128 0x3
 442 001b 24       		.uleb128 0x24
 443 001c 00       		.byte	0
 444 001d 0B       		.uleb128 0xb
 445 001e 0B       		.uleb128 0xb
 446 001f 3E       		.uleb128 0x3e
 447 0020 0B       		.uleb128 0xb
 448 0021 03       		.uleb128 0x3
 449 0022 08       		.uleb128 0x8
 450 0023 00       		.byte	0
 451 0024 00       		.byte	0
 452 0025 04       		.uleb128 0x4
 453 0026 16       		.uleb128 0x16
 454 0027 00       		.byte	0
 455 0028 03       		.uleb128 0x3
 456 0029 0E       		.uleb128 0xe
ARM GAS  C:\Users\bchir\AppData\Local\Temp\cc8uyiOe.s 			page 9


 457 002a 3A       		.uleb128 0x3a
 458 002b 0B       		.uleb128 0xb
 459 002c 3B       		.uleb128 0x3b
 460 002d 05       		.uleb128 0x5
 461 002e 49       		.uleb128 0x49
 462 002f 13       		.uleb128 0x13
 463 0030 00       		.byte	0
 464 0031 00       		.byte	0
 465 0032 05       		.uleb128 0x5
 466 0033 13       		.uleb128 0x13
 467 0034 01       		.byte	0x1
 468 0035 0B       		.uleb128 0xb
 469 0036 0B       		.uleb128 0xb
 470 0037 3A       		.uleb128 0x3a
 471 0038 0B       		.uleb128 0xb
 472 0039 3B       		.uleb128 0x3b
 473 003a 0B       		.uleb128 0xb
 474 003b 01       		.uleb128 0x1
 475 003c 13       		.uleb128 0x13
 476 003d 00       		.byte	0
 477 003e 00       		.byte	0
 478 003f 06       		.uleb128 0x6
 479 0040 0D       		.uleb128 0xd
 480 0041 00       		.byte	0
 481 0042 03       		.uleb128 0x3
 482 0043 0E       		.uleb128 0xe
 483 0044 3A       		.uleb128 0x3a
 484 0045 0B       		.uleb128 0xb
 485 0046 3B       		.uleb128 0x3b
 486 0047 0B       		.uleb128 0xb
 487 0048 49       		.uleb128 0x49
 488 0049 13       		.uleb128 0x13
 489 004a 38       		.uleb128 0x38
 490 004b 0B       		.uleb128 0xb
 491 004c 00       		.byte	0
 492 004d 00       		.byte	0
 493 004e 07       		.uleb128 0x7
 494 004f 16       		.uleb128 0x16
 495 0050 00       		.byte	0
 496 0051 03       		.uleb128 0x3
 497 0052 0E       		.uleb128 0xe
 498 0053 3A       		.uleb128 0x3a
 499 0054 0B       		.uleb128 0xb
 500 0055 3B       		.uleb128 0x3b
 501 0056 0B       		.uleb128 0xb
 502 0057 49       		.uleb128 0x49
 503 0058 13       		.uleb128 0x13
 504 0059 00       		.byte	0
 505 005a 00       		.byte	0
 506 005b 08       		.uleb128 0x8
 507 005c 0D       		.uleb128 0xd
 508 005d 00       		.byte	0
 509 005e 03       		.uleb128 0x3
 510 005f 08       		.uleb128 0x8
 511 0060 3A       		.uleb128 0x3a
 512 0061 0B       		.uleb128 0xb
 513 0062 3B       		.uleb128 0x3b
ARM GAS  C:\Users\bchir\AppData\Local\Temp\cc8uyiOe.s 			page 10


 514 0063 0B       		.uleb128 0xb
 515 0064 49       		.uleb128 0x49
 516 0065 13       		.uleb128 0x13
 517 0066 38       		.uleb128 0x38
 518 0067 0B       		.uleb128 0xb
 519 0068 00       		.byte	0
 520 0069 00       		.byte	0
 521 006a 09       		.uleb128 0x9
 522 006b 0F       		.uleb128 0xf
 523 006c 00       		.byte	0
 524 006d 0B       		.uleb128 0xb
 525 006e 0B       		.uleb128 0xb
 526 006f 49       		.uleb128 0x49
 527 0070 13       		.uleb128 0x13
 528 0071 00       		.byte	0
 529 0072 00       		.byte	0
 530 0073 0A       		.uleb128 0xa
 531 0074 26       		.uleb128 0x26
 532 0075 00       		.byte	0
 533 0076 00       		.byte	0
 534 0077 00       		.byte	0
 535 0078 0B       		.uleb128 0xb
 536 0079 01       		.uleb128 0x1
 537 007a 01       		.byte	0x1
 538 007b 49       		.uleb128 0x49
 539 007c 13       		.uleb128 0x13
 540 007d 01       		.uleb128 0x1
 541 007e 13       		.uleb128 0x13
 542 007f 00       		.byte	0
 543 0080 00       		.byte	0
 544 0081 0C       		.uleb128 0xc
 545 0082 21       		.uleb128 0x21
 546 0083 00       		.byte	0
 547 0084 49       		.uleb128 0x49
 548 0085 13       		.uleb128 0x13
 549 0086 2F       		.uleb128 0x2f
 550 0087 0B       		.uleb128 0xb
 551 0088 00       		.byte	0
 552 0089 00       		.byte	0
 553 008a 0D       		.uleb128 0xd
 554 008b 26       		.uleb128 0x26
 555 008c 00       		.byte	0
 556 008d 49       		.uleb128 0x49
 557 008e 13       		.uleb128 0x13
 558 008f 00       		.byte	0
 559 0090 00       		.byte	0
 560 0091 0E       		.uleb128 0xe
 561 0092 34       		.uleb128 0x34
 562 0093 00       		.byte	0
 563 0094 03       		.uleb128 0x3
 564 0095 0E       		.uleb128 0xe
 565 0096 3A       		.uleb128 0x3a
 566 0097 0B       		.uleb128 0xb
 567 0098 3B       		.uleb128 0x3b
 568 0099 0B       		.uleb128 0xb
 569 009a 49       		.uleb128 0x49
 570 009b 13       		.uleb128 0x13
ARM GAS  C:\Users\bchir\AppData\Local\Temp\cc8uyiOe.s 			page 11


 571 009c 3F       		.uleb128 0x3f
 572 009d 19       		.uleb128 0x19
 573 009e 02       		.uleb128 0x2
 574 009f 18       		.uleb128 0x18
 575 00a0 00       		.byte	0
 576 00a1 00       		.byte	0
 577 00a2 00       		.byte	0
 578              		.section	.debug_aranges,"",%progbits
 579 0000 14000000 		.4byte	0x14
 580 0004 0200     		.2byte	0x2
 581 0006 00000000 		.4byte	.Ldebug_info0
 582 000a 04       		.byte	0x4
 583 000b 00       		.byte	0
 584 000c 0000     		.2byte	0
 585 000e 0000     		.2byte	0
 586 0010 00000000 		.4byte	0
 587 0014 00000000 		.4byte	0
 588              		.section	.debug_line,"",%progbits
 589              	.Ldebug_line0:
 590 0000 65000000 		.section	.debug_str,"MS",%progbits,1
 590      02005F00 
 590      00000201 
 590      FB0E0D00 
 590      01010101 
 591              	.LASF31:
 592 0000 50726F74 		.ascii	"ProtocovUSB_TABLE\000"
 592      6F636F76 
 592      5553425F 
 592      5441424C 
 592      4500
 593              	.LASF3:
 594 0012 73686F72 		.ascii	"short unsigned int\000"
 594      7420756E 
 594      7369676E 
 594      65642069 
 594      6E7400
 595              	.LASF26:
 596 0025 50726F74 		.ascii	"ProtocovUSB_DEVICE0_CONFIGURATION0_DESCR\000"
 596      6F636F76 
 596      5553425F 
 596      44455649 
 596      4345305F 
 597              	.LASF22:
 598 004e 545F5072 		.ascii	"T_ProtocovUSB_EP_SETTINGS_BLOCK\000"
 598      6F746F63 
 598      6F765553 
 598      425F4550 
 598      5F534554 
 599              	.LASF11:
 600 006e 666C6F61 		.ascii	"float\000"
 600      7400
 601              	.LASF17:
 602 0074 616C7453 		.ascii	"altSetting\000"
 602      65747469 
 602      6E6700
 603              	.LASF1:
 604 007f 756E7369 		.ascii	"unsigned char\000"
ARM GAS  C:\Users\bchir\AppData\Local\Temp\cc8uyiOe.s 			page 12


 604      676E6564 
 604      20636861 
 604      7200
 605              	.LASF32:
 606 008d 474E5520 		.ascii	"GNU C11 5.4.1 20160609 (release) [ARM/embedded-5-br"
 606      43313120 
 606      352E342E 
 606      31203230 
 606      31363036 
 607 00c0 616E6368 		.ascii	"anch revision 237715] -mcpu=cortex-m3 -mthumb -g -O"
 607      20726576 
 607      6973696F 
 607      6E203233 
 607      37373135 
 608 00f3 67202D66 		.ascii	"g -ffunction-sections -ffat-lto-objects\000"
 608      66756E63 
 608      74696F6E 
 608      2D736563 
 608      74696F6E 
 609              	.LASF19:
 610 011b 61747472 		.ascii	"attributes\000"
 610      69627574 
 610      657300
 611              	.LASF5:
 612 0126 6C6F6E67 		.ascii	"long unsigned int\000"
 612      20756E73 
 612      69676E65 
 612      6420696E 
 612      7400
 613              	.LASF18:
 614 0138 61646472 		.ascii	"addr\000"
 614      00
 615              	.LASF12:
 616 013d 646F7562 		.ascii	"double\000"
 616      6C6500
 617              	.LASF10:
 618 0144 75696E74 		.ascii	"uint16\000"
 618      313600
 619              	.LASF28:
 620 014b 50726F74 		.ascii	"ProtocovUSB_DEVICE0_CONFIGURATION0_INTERFACE_CLASS\000"
 620      6F636F76 
 620      5553425F 
 620      44455649 
 620      4345305F 
 621              	.LASF8:
 622 017e 756E7369 		.ascii	"unsigned int\000"
 622      676E6564 
 622      20696E74 
 622      00
 623              	.LASF30:
 624 018b 50726F74 		.ascii	"ProtocovUSB_DEVICE0_TABLE\000"
 624      6F636F76 
 624      5553425F 
 624      44455649 
 624      4345305F 
 625              	.LASF7:
 626 01a5 6C6F6E67 		.ascii	"long long unsigned int\000"
ARM GAS  C:\Users\bchir\AppData\Local\Temp\cc8uyiOe.s 			page 13


 626      206C6F6E 
 626      6720756E 
 626      7369676E 
 626      65642069 
 627              	.LASF23:
 628 01bc 705F6C69 		.ascii	"p_list\000"
 628      737400
 629              	.LASF15:
 630 01c3 73697A65 		.ascii	"sizetype\000"
 630      74797065 
 630      00
 631              	.LASF6:
 632 01cc 6C6F6E67 		.ascii	"long long int\000"
 632      206C6F6E 
 632      6720696E 
 632      7400
 633              	.LASF13:
 634 01da 63686172 		.ascii	"char\000"
 634      00
 635              	.LASF34:
 636 01df 453A5C47 		.ascii	"E:\\GIT Hub Project\\protocov\\Protocov\\Protocov.c"
 636      49542048 
 636      75622050 
 636      726F6A65 
 636      63745C70 
 637 020e 7964736E 		.ascii	"ydsn\000"
 637      00
 638              	.LASF25:
 639 0213 50726F74 		.ascii	"ProtocovUSB_DEVICE0_DESCR\000"
 639      6F636F76 
 639      5553425F 
 639      44455649 
 639      4345305F 
 640              	.LASF20:
 641 022d 62756666 		.ascii	"bufferSize\000"
 641      65725369 
 641      7A6500
 642              	.LASF27:
 643 0238 50726F74 		.ascii	"ProtocovUSB_DEVICE0_CONFIGURATION0_EP_SETTINGS_TABL"
 643      6F636F76 
 643      5553425F 
 643      44455649 
 643      4345305F 
 644 026b 4500     		.ascii	"E\000"
 645              	.LASF2:
 646 026d 73686F72 		.ascii	"short int\000"
 646      7420696E 
 646      7400
 647              	.LASF9:
 648 0277 75696E74 		.ascii	"uint8\000"
 648      3800
 649              	.LASF16:
 650 027d 696E7465 		.ascii	"interface\000"
 650      72666163 
 650      6500
 651              	.LASF4:
 652 0287 6C6F6E67 		.ascii	"long int\000"
ARM GAS  C:\Users\bchir\AppData\Local\Temp\cc8uyiOe.s 			page 14


 652      20696E74 
 652      00
 653              	.LASF14:
 654 0290 6C6F6E67 		.ascii	"long double\000"
 654      20646F75 
 654      626C6500 
 655              	.LASF0:
 656 029c 7369676E 		.ascii	"signed char\000"
 656      65642063 
 656      68617200 
 657              	.LASF24:
 658 02a8 545F5072 		.ascii	"T_ProtocovUSB_LUT\000"
 658      6F746F63 
 658      6F765553 
 658      425F4C55 
 658      5400
 659              	.LASF33:
 660 02ba 47656E65 		.ascii	"Generated_Source\\PSoC5\\ProtocovUSB_descr.c\000"
 660      72617465 
 660      645F536F 
 660      75726365 
 660      5C50536F 
 661              	.LASF29:
 662 02e5 50726F74 		.ascii	"ProtocovUSB_DEVICE0_CONFIGURATION0_TABLE\000"
 662      6F636F76 
 662      5553425F 
 662      44455649 
 662      4345305F 
 663              	.LASF21:
 664 030e 624D6973 		.ascii	"bMisc\000"
 664      6300
 665              		.ident	"GCC: (GNU Tools for ARM Embedded Processors) 5.4.1 20160609 (release) [ARM/embedded-5-bran
