ARM GAS  C:\Users\bchir\AppData\Local\Temp\ccZHhjud.s 			page 1


   1              		.syntax unified
   2              		.cpu cortex-m3
   3              		.fpu softvfp
   4              		.eabi_attribute 20, 1
   5              		.eabi_attribute 21, 1
   6              		.eabi_attribute 23, 3
   7              		.eabi_attribute 24, 1
   8              		.eabi_attribute 25, 1
   9              		.eabi_attribute 26, 1
  10              		.eabi_attribute 30, 1
  11              		.eabi_attribute 34, 1
  12              		.eabi_attribute 18, 4
  13              		.thumb
  14              		.syntax unified
  15              		.file	"SystemMessenger.c"
  16              		.text
  17              	.Ltext0:
  18              		.cfi_sections	.debug_frame
  19              		.section	.text.TaskSystemMessenger,"ax",%progbits
  20              		.align	2
  21              		.thumb
  22              		.thumb_func
  23              		.type	TaskSystemMessenger, %function
  24              	TaskSystemMessenger:
  25              	.LFB68:
  26              		.file 1 "SystemMessenger.c"
   1:SystemMessenger.c **** /* ========================================
   2:SystemMessenger.c ****  *
   3:SystemMessenger.c ****  * Copyright YOUR COMPANY, THE YEAR
   4:SystemMessenger.c ****  * All Rights Reserved
   5:SystemMessenger.c ****  * UNPUBLISHED, LICENSED SOFTWARE.
   6:SystemMessenger.c ****  *
   7:SystemMessenger.c ****  * CONFIDENTIAL AND PROPRIETARY INFORMATION
   8:SystemMessenger.c ****  * WHICH IS THE PROPERTY OF your company.
   9:SystemMessenger.c ****  *
  10:SystemMessenger.c ****  * ========================================
  11:SystemMessenger.c **** */
  12:SystemMessenger.c **** 
  13:SystemMessenger.c **** #include "SystemMessenger.h"
  14:SystemMessenger.c **** #include "BluetoothComms.h"
  15:SystemMessenger.c **** #include "UserButtonControl.h"
  16:SystemMessenger.c **** #include "VehicleBatteryVoltage.h"
  17:SystemMessenger.c **** #include "SystemMessenger.h"
  18:SystemMessenger.c **** #include "PowerMonitoringAndControl.h"
  19:SystemMessenger.c **** 
  20:SystemMessenger.c **** QueueHandle_t sysMessegesQ;
  21:SystemMessenger.c **** 
  22:SystemMessenger.c **** volatile uint8_t sysQSize = 20;
  23:SystemMessenger.c **** uint8_t taskMessageQSize = 5;
  24:SystemMessenger.c **** 
  25:SystemMessenger.c **** const uint8_t msgStartSeq[2] = {0xF, 0xA};
  26:SystemMessenger.c **** const uint8_t msgEndSeq[2] =  {0xC, 0xE};
  27:SystemMessenger.c **** 
  28:SystemMessenger.c **** systemMessagePacket_t msgPacket;
  29:SystemMessenger.c **** 
  30:SystemMessenger.c **** powerMoConDataPacket_t pwrMonControlPacket;
  31:SystemMessenger.c **** 
ARM GAS  C:\Users\bchir\AppData\Local\Temp\ccZHhjud.s 			page 2


  32:SystemMessenger.c **** 
  33:SystemMessenger.c **** static void TaskSystemMessenger( void *pvParameters )
  34:SystemMessenger.c **** {
  27              		.loc 1 34 0
  28              		.cfi_startproc
  29              		@ args = 0, pretend = 0, frame = 0
  30              		@ frame_needed = 0, uses_anonymous_args = 0
  31              	.LVL0:
  32 0000 10B5     		push	{r4, lr}
  33              		.cfi_def_cfa_offset 8
  34              		.cfi_offset 4, -8
  35              		.cfi_offset 14, -4
  36 0002 82B0     		sub	sp, sp, #8
  37              		.cfi_def_cfa_offset 16
  38              	.LVL1:
  35:SystemMessenger.c **** 	
  36:SystemMessenger.c ****     (void)pvParameters;
  37:SystemMessenger.c ****     
  38:SystemMessenger.c ****     BaseType_t xHigherPriorityTaskWoken = pdFALSE;  
  39:SystemMessenger.c ****   
  40:SystemMessenger.c ****     xTaskHandle temp;
  41:SystemMessenger.c ****       
  42:SystemMessenger.c ****     sysMessegesQ = xQueueCreate( sysQSize, sizeof( systemMessagePacket_t ) );
  39              		.loc 1 42 0
  40 0004 1C4C     		ldr	r4, .L6
  41 0006 2078     		ldrb	r0, [r4]	@ zero_extendqisi2
  42              	.LVL2:
  43 0008 0022     		movs	r2, #0
  44 000a 4021     		movs	r1, #64
  45 000c FFF7FEFF 		bl	xQueueGenericCreate
  46              	.LVL3:
  47 0010 1A4B     		ldr	r3, .L6+4
  48 0012 1860     		str	r0, [r3]
  43:SystemMessenger.c ****     taskMessegesQ = xQueueCreate( sysQSize, sizeof( systemMessagePacket_t ) );
  49              		.loc 1 43 0
  50 0014 2078     		ldrb	r0, [r4]	@ zero_extendqisi2
  51 0016 0022     		movs	r2, #0
  52 0018 4021     		movs	r1, #64
  53 001a FFF7FEFF 		bl	xQueueGenericCreate
  54              	.LVL4:
  55 001e 184B     		ldr	r3, .L6+8
  56 0020 1860     		str	r0, [r3]
  44:SystemMessenger.c ****     powerMonConMessegesQ = xQueueCreate( taskMessageQSize, sizeof( powerMoConDataPacket_t ) );
  57              		.loc 1 44 0
  58 0022 0022     		movs	r2, #0
  59 0024 0421     		movs	r1, #4
  60 0026 6078     		ldrb	r0, [r4, #1]	@ zero_extendqisi2
  61 0028 FFF7FEFF 		bl	xQueueGenericCreate
  62              	.LVL5:
  63 002c 154B     		ldr	r3, .L6+12
  64 002e 1860     		str	r0, [r3]
  65              	.L4:
  45:SystemMessenger.c **** 
  46:SystemMessenger.c ****        
  47:SystemMessenger.c **** 	for( ;; )
  48:SystemMessenger.c **** 	{
  49:SystemMessenger.c **** 		
ARM GAS  C:\Users\bchir\AppData\Local\Temp\ccZHhjud.s 			page 3


  50:SystemMessenger.c ****         
  51:SystemMessenger.c ****         xQueueReceive( sysMessegesQ, &msgPacket, portMAX_DELAY);
  66              		.loc 1 51 0
  67 0030 154C     		ldr	r4, .L6+16
  68 0032 4FF0FF32 		mov	r2, #-1
  69 0036 2146     		mov	r1, r4
  70 0038 104B     		ldr	r3, .L6+4
  71 003a 1868     		ldr	r0, [r3]
  72 003c FFF7FEFF 		bl	xQueueReceive
  73              	.LVL6:
  52:SystemMessenger.c ****         
  53:SystemMessenger.c ****         switch(msgPacket.sourceTaskAdd)
  74              		.loc 1 53 0
  75 0040 237B     		ldrb	r3, [r4, #12]	@ zero_extendqisi2
  76 0042 052B     		cmp	r3, #5
  77 0044 11D1     		bne	.L2
  54:SystemMessenger.c ****         {
  55:SystemMessenger.c ****             
  56:SystemMessenger.c ****             case BLUETOOTH_COMMS_ID:
  57:SystemMessenger.c ****             
  58:SystemMessenger.c ****             break;
  59:SystemMessenger.c ****             
  60:SystemMessenger.c ****             case CANBUS_MESSAGE_READ_ID: 
  61:SystemMessenger.c ****             
  62:SystemMessenger.c ****             
  63:SystemMessenger.c ****             break;
  64:SystemMessenger.c ****             
  65:SystemMessenger.c ****             case SYSTEM_MESSENGER_ID:
  66:SystemMessenger.c ****             
  67:SystemMessenger.c ****             break;
  68:SystemMessenger.c ****             
  69:SystemMessenger.c ****             case USER_BUTTON_CONTROL:
  70:SystemMessenger.c ****             
  71:SystemMessenger.c ****             
  72:SystemMessenger.c ****             break;
  73:SystemMessenger.c ****             case VEHICLE_BATT_VOLTAGE_ID:
  74:SystemMessenger.c ****             
  75:SystemMessenger.c ****             //memcpy( &pwrMonControlPacket, msgPacket.payload, sizeof(powerMoConDataPacket_t));
  76:SystemMessenger.c ****             
  77:SystemMessenger.c ****             pwrMonControlPacket = *(powerMoConDataPacket_t*)&msgPacket.payload;
  78              		.loc 1 77 0
  79 0046 1149     		ldr	r1, .L6+20
  80 0048 D4F80E30 		ldr	r3, [r4, #14]	@ unaligned
  81 004c 0B60     		str	r3, [r1]	@ float
  78:SystemMessenger.c ****            
  79:SystemMessenger.c ****             xQueueSendToFront(powerMonConMessegesQ, &pwrMonControlPacket, 10);
  82              		.loc 1 79 0
  83 004e 0123     		movs	r3, #1
  84 0050 0A22     		movs	r2, #10
  85 0052 0C48     		ldr	r0, .L6+12
  86 0054 0068     		ldr	r0, [r0]
  87 0056 FFF7FEFF 		bl	xQueueGenericSend
  88              	.LVL7:
  80:SystemMessenger.c ****             
  81:SystemMessenger.c ****             temp = getPowerMonitoringAndControlTaskHandle();
  89              		.loc 1 81 0
  90 005a FFF7FEFF 		bl	getPowerMonitoringAndControlTaskHandle
ARM GAS  C:\Users\bchir\AppData\Local\Temp\ccZHhjud.s 			page 4


  91              	.LVL8:
  82:SystemMessenger.c ****             
  83:SystemMessenger.c ****             
  84:SystemMessenger.c ****  
  85:SystemMessenger.c ****             xTaskNotifyGive(temp);
  92              		.loc 1 85 0
  93 005e 0021     		movs	r1, #0
  94 0060 0091     		str	r1, [sp]
  95 0062 0223     		movs	r3, #2
  96 0064 0A46     		mov	r2, r1
  97 0066 FFF7FEFF 		bl	xTaskGenericNotify
  98              	.LVL9:
  99              	.L2:
  86:SystemMessenger.c ****             
  87:SystemMessenger.c ****             break;
  88:SystemMessenger.c ****             
  89:SystemMessenger.c ****             default:
  90:SystemMessenger.c ****             
  91:SystemMessenger.c ****             break;
  92:SystemMessenger.c ****             
  93:SystemMessenger.c ****             
  94:SystemMessenger.c ****             
  95:SystemMessenger.c ****         }
  96:SystemMessenger.c ****         
  97:SystemMessenger.c ****         temp = getBluetoothCommsTaskHandle();
 100              		.loc 1 97 0
 101 006a FFF7FEFF 		bl	getBluetoothCommsTaskHandle
 102              	.LVL10:
  98:SystemMessenger.c ****         
  99:SystemMessenger.c ****         
 100:SystemMessenger.c ****         vTaskDelay(1);
 103              		.loc 1 100 0
 104 006e 0120     		movs	r0, #1
 105 0070 FFF7FEFF 		bl	vTaskDelay
 106              	.LVL11:
 101:SystemMessenger.c **** 	}
 107              		.loc 1 101 0
 108 0074 DCE7     		b	.L4
 109              	.L7:
 110 0076 00BF     		.align	2
 111              	.L6:
 112 0078 00000000 		.word	.LANCHOR0
 113 007c 00000000 		.word	sysMessegesQ
 114 0080 00000000 		.word	taskMessegesQ
 115 0084 00000000 		.word	powerMonConMessegesQ
 116 0088 00000000 		.word	msgPacket
 117 008c 00000000 		.word	pwrMonControlPacket
 118              		.cfi_endproc
 119              	.LFE68:
 120              		.size	TaskSystemMessenger, .-TaskSystemMessenger
 121              		.section	.text.createSystemMsgPacket,"ax",%progbits
 122              		.align	2
 123              		.global	createSystemMsgPacket
 124              		.thumb
 125              		.thumb_func
 126              		.type	createSystemMsgPacket, %function
 127              	createSystemMsgPacket:
ARM GAS  C:\Users\bchir\AppData\Local\Temp\ccZHhjud.s 			page 5


 128              	.LFB69:
 102:SystemMessenger.c **** 	
 103:SystemMessenger.c **** }
 104:SystemMessenger.c **** 
 105:SystemMessenger.c **** uint64_t createSystemMsgPacket( systemMessagePacket_t * msg, void* payload , uint8_t size, uint8_t 
 106:SystemMessenger.c **** {
 129              		.loc 1 106 0
 130              		.cfi_startproc
 131              		@ args = 20, pretend = 0, frame = 0
 132              		@ frame_needed = 0, uses_anonymous_args = 0
 133              	.LVL12:
 107:SystemMessenger.c ****     
 108:SystemMessenger.c ****     
 109:SystemMessenger.c ****     
 110:SystemMessenger.c ****     if( msg == NULL || payload == NULL  ) return ( 0 );
 134              		.loc 1 110 0
 135 0000 20B3     		cbz	r0, .L11
 106:SystemMessenger.c ****     
 136              		.loc 1 106 0 discriminator 2
 137 0002 38B5     		push	{r3, r4, r5, lr}
 138              		.cfi_def_cfa_offset 16
 139              		.cfi_offset 3, -16
 140              		.cfi_offset 4, -12
 141              		.cfi_offset 5, -8
 142              		.cfi_offset 14, -4
 143 0004 0446     		mov	r4, r0
 144              		.loc 1 110 0 discriminator 2
 145 0006 21B3     		cbz	r1, .L12
 146 0008 1D46     		mov	r5, r3
 111:SystemMessenger.c ****     
 112:SystemMessenger.c ****     memcpy( msg->payload, payload, size );
 147              		.loc 1 112 0
 148 000a 0E30     		adds	r0, r0, #14
 149              	.LVL13:
 150 000c FFF7FEFF 		bl	memcpy
 151              	.LVL14:
 113:SystemMessenger.c **** 
 114:SystemMessenger.c ****     if(msgID == 0)
 152              		.loc 1 114 0
 153 0010 DDE90623 		ldrd	r2, [sp, #24]
 154 0014 1343     		orrs	r3, r2, r3
 155 0016 04D1     		bne	.L10
 115:SystemMessenger.c ****     {
 116:SystemMessenger.c ****         
 117:SystemMessenger.c ****         msg->packetId = rand();
 156              		.loc 1 117 0
 157 0018 FFF7FEFF 		bl	rand
 158              	.LVL15:
 159 001c C317     		asrs	r3, r0, #31
 160 001e 6060     		str	r0, [r4, #4]	@ unaligned
 161 0020 A360     		str	r3, [r4, #8]	@ unaligned
 162              	.L10:
 118:SystemMessenger.c ****     }
 119:SystemMessenger.c ****     
 120:SystemMessenger.c ****     memcpy(msg->startSeq, msgStartSeq, sizeof(msgStartSeq) / sizeof(msgStartSeq[0]));
 163              		.loc 1 120 0
 164 0022 0D4A     		ldr	r2, .L14
ARM GAS  C:\Users\bchir\AppData\Local\Temp\ccZHhjud.s 			page 6


 165 0024 32F8043B 		ldrh	r3, [r2], #4	@ unaligned
 166 0028 2380     		strh	r3, [r4]	@ unaligned
 121:SystemMessenger.c ****     memcpy(msg->endSeq, msgEndSeq, sizeof(msgEndSeq) / sizeof(msgEndSeq[0]));
 167              		.loc 1 121 0
 168 002a 1388     		ldrh	r3, [r2]	@ unaligned
 169 002c 6380     		strh	r3, [r4, #2]	@ unaligned
 122:SystemMessenger.c ****     msg->packetCount = pcktCount;
 170              		.loc 1 122 0
 171 002e 9DF81030 		ldrb	r3, [sp, #16]	@ zero_extendqisi2
 172 0032 84F83E30 		strb	r3, [r4, #62]
 123:SystemMessenger.c ****     msg->packetPos = pcktPos;
 173              		.loc 1 123 0
 174 0036 9DF81430 		ldrb	r3, [sp, #20]	@ zero_extendqisi2
 175 003a 84F83F30 		strb	r3, [r4, #63]
 124:SystemMessenger.c ****     msg->sourceTaskAdd = srcID;
 176              		.loc 1 124 0
 177 003e 2573     		strb	r5, [r4, #12]
 125:SystemMessenger.c ****     msg->payloadpPriority = priority;
 178              		.loc 1 125 0
 179 0040 9DF82030 		ldrb	r3, [sp, #32]	@ zero_extendqisi2
 180 0044 6373     		strb	r3, [r4, #13]
 126:SystemMessenger.c ****     
 127:SystemMessenger.c ****     return msg->packetId;
 181              		.loc 1 127 0
 182 0046 6068     		ldr	r0, [r4, #4]	@ unaligned
 183 0048 A168     		ldr	r1, [r4, #8]	@ unaligned
 184 004a 38BD     		pop	{r3, r4, r5, pc}
 185              	.LVL16:
 186              	.L11:
 187              		.cfi_def_cfa_offset 0
 188              		.cfi_restore 3
 189              		.cfi_restore 4
 190              		.cfi_restore 5
 191              		.cfi_restore 14
 110:SystemMessenger.c ****     
 192              		.loc 1 110 0
 193 004c 0020     		movs	r0, #0
 194              	.LVL17:
 195 004e 0146     		mov	r1, r0
 196              	.LVL18:
 128:SystemMessenger.c **** }
 197              		.loc 1 128 0
 198 0050 7047     		bx	lr
 199              	.LVL19:
 200              	.L12:
 201              		.cfi_def_cfa_offset 16
 202              		.cfi_offset 3, -16
 203              		.cfi_offset 4, -12
 204              		.cfi_offset 5, -8
 205              		.cfi_offset 14, -4
 110:SystemMessenger.c ****     
 206              		.loc 1 110 0
 207 0052 0020     		movs	r0, #0
 208              	.LVL20:
 209 0054 0146     		mov	r1, r0
 210              	.LVL21:
 211              		.loc 1 128 0
ARM GAS  C:\Users\bchir\AppData\Local\Temp\ccZHhjud.s 			page 7


 212 0056 38BD     		pop	{r3, r4, r5, pc}
 213              	.LVL22:
 214              	.L15:
 215              		.align	2
 216              	.L14:
 217 0058 00000000 		.word	.LANCHOR1
 218              		.cfi_endproc
 219              	.LFE69:
 220              		.size	createSystemMsgPacket, .-createSystemMsgPacket
 221              		.section	.text.getSysMessegesgQ,"ax",%progbits
 222              		.align	2
 223              		.global	getSysMessegesgQ
 224              		.thumb
 225              		.thumb_func
 226              		.type	getSysMessegesgQ, %function
 227              	getSysMessegesgQ:
 228              	.LFB70:
 129:SystemMessenger.c **** 
 130:SystemMessenger.c **** QueueHandle_t getSysMessegesgQ()
 131:SystemMessenger.c **** {
 229              		.loc 1 131 0
 230              		.cfi_startproc
 231              		@ args = 0, pretend = 0, frame = 0
 232              		@ frame_needed = 0, uses_anonymous_args = 0
 233              		@ link register save eliminated.
 132:SystemMessenger.c **** 
 133:SystemMessenger.c ****     return sysMessegesQ;
 134:SystemMessenger.c **** 
 135:SystemMessenger.c **** }
 234              		.loc 1 135 0
 235 0000 014B     		ldr	r3, .L17
 236 0002 1868     		ldr	r0, [r3]
 237 0004 7047     		bx	lr
 238              	.L18:
 239 0006 00BF     		.align	2
 240              	.L17:
 241 0008 00000000 		.word	sysMessegesQ
 242              		.cfi_endproc
 243              	.LFE70:
 244              		.size	getSysMessegesgQ, .-getSysMessegesgQ
 245              		.section	.text.startTaskSystemMessenger,"ax",%progbits
 246              		.align	2
 247              		.global	startTaskSystemMessenger
 248              		.thumb
 249              		.thumb_func
 250              		.type	startTaskSystemMessenger, %function
 251              	startTaskSystemMessenger:
 252              	.LFB71:
 136:SystemMessenger.c **** 
 137:SystemMessenger.c **** void startTaskSystemMessenger()
 138:SystemMessenger.c **** {
 253              		.loc 1 138 0
 254              		.cfi_startproc
 255              		@ args = 0, pretend = 0, frame = 8
 256              		@ frame_needed = 0, uses_anonymous_args = 0
 257 0000 00B5     		push	{lr}
 258              		.cfi_def_cfa_offset 4
ARM GAS  C:\Users\bchir\AppData\Local\Temp\ccZHhjud.s 			page 8


 259              		.cfi_offset 14, -4
 260 0002 85B0     		sub	sp, sp, #20
 261              		.cfi_def_cfa_offset 24
 139:SystemMessenger.c ****     TaskHandle_t xHandle = NULL; 
 262              		.loc 1 139 0
 263 0004 0022     		movs	r2, #0
 264 0006 04AB     		add	r3, sp, #16
 265 0008 43F8042D 		str	r2, [r3, #-4]!
 140:SystemMessenger.c ****  	/* Create the task, storing the handle. */ 
 141:SystemMessenger.c **** 	xTaskCreate(
 266              		.loc 1 141 0
 267 000c 0193     		str	r3, [sp, #4]
 268 000e 0092     		str	r2, [sp]
 269 0010 0123     		movs	r3, #1
 270 0012 8022     		movs	r2, #128
 271 0014 0349     		ldr	r1, .L21
 272 0016 0448     		ldr	r0, .L21+4
 273 0018 FFF7FEFF 		bl	xTaskCreate
 274              	.LVL23:
 142:SystemMessenger.c **** 		TaskSystemMessenger,    /* Function that implements the task. */ 
 143:SystemMessenger.c **** 		"SystemMessenger",  /* Text name for the task. */ 
 144:SystemMessenger.c **** 		128,                        /* Stack size in words, not bytes. */ 
 145:SystemMessenger.c **** 		( void * ) 1,               /* Parameter passed into the task. */ 
 146:SystemMessenger.c **** 		tskIDLE_PRIORITY,           /* Priority at which the task is created. */ 
 147:SystemMessenger.c **** 	&xHandle );                     /* Used to pass out the created task's handle. */ 
 148:SystemMessenger.c ****     
 149:SystemMessenger.c ****     
 150:SystemMessenger.c **** }
 275              		.loc 1 150 0
 276 001c 05B0     		add	sp, sp, #20
 277              		.cfi_def_cfa_offset 4
 278              		@ sp needed
 279 001e 5DF804FB 		ldr	pc, [sp], #4
 280              	.L22:
 281 0022 00BF     		.align	2
 282              	.L21:
 283 0024 00000000 		.word	.LC0
 284 0028 00000000 		.word	TaskSystemMessenger
 285              		.cfi_endproc
 286              	.LFE71:
 287              		.size	startTaskSystemMessenger, .-startTaskSystemMessenger
 288              		.comm	pwrMonControlPacket,4,4
 289              		.comm	msgPacket,64,4
 290              		.global	msgEndSeq
 291              		.global	msgStartSeq
 292              		.global	taskMessageQSize
 293              		.global	sysQSize
 294              		.comm	sysMessegesQ,4,4
 295              		.comm	powerMonConMessegesQ,4,4
 296              		.comm	taskMessegesQ,4,4
 297              		.section	.rodata
 298              		.align	2
 299              		.set	.LANCHOR1,. + 0
 300              		.type	msgStartSeq, %object
 301              		.size	msgStartSeq, 2
 302              	msgStartSeq:
 303 0000 0F       		.byte	15
ARM GAS  C:\Users\bchir\AppData\Local\Temp\ccZHhjud.s 			page 9


 304 0001 0A       		.byte	10
 305 0002 0000     		.space	2
 306              		.type	msgEndSeq, %object
 307              		.size	msgEndSeq, 2
 308              	msgEndSeq:
 309 0004 0C       		.byte	12
 310 0005 0E       		.byte	14
 311              		.data
 312              		.set	.LANCHOR0,. + 0
 313              		.type	sysQSize, %object
 314              		.size	sysQSize, 1
 315              	sysQSize:
 316 0000 14       		.byte	20
 317              		.type	taskMessageQSize, %object
 318              		.size	taskMessageQSize, 1
 319              	taskMessageQSize:
 320 0001 05       		.byte	5
 321              		.section	.rodata.str1.4,"aMS",%progbits,1
 322              		.align	2
 323              	.LC0:
 324 0000 53797374 		.ascii	"SystemMessenger\000"
 324      656D4D65 
 324      7373656E 
 324      67657200 
 325              		.text
 326              	.Letext0:
 327              		.file 2 "c:\\program files (x86)\\cypress\\psoc creator\\4.4\\psoc creator\\import\\gnu\\arm\\5.4.
 328              		.file 3 "c:\\program files (x86)\\cypress\\psoc creator\\4.4\\psoc creator\\import\\gnu\\arm\\5.4.
 329              		.file 4 "..\\..\\..\\FreeRTOS\\FreeRTOS-Kernel\\portable\\GCC\\ARM_CM3/portmacro.h"
 330              		.file 5 "..\\..\\..\\FreeRTOS\\FreeRTOS-Kernel\\include/task.h"
 331              		.file 6 "..\\..\\..\\FreeRTOS\\FreeRTOS-Kernel\\include/queue.h"
 332              		.file 7 "SystemMessenger.h"
 333              		.file 8 "Generated_Source\\PSoC5/core_cm3.h"
 334              		.file 9 "PowerMonitoringAndControl.h"
 335              		.file 10 "BluetoothComms.h"
 336              		.file 11 "c:\\program files (x86)\\cypress\\psoc creator\\4.4\\psoc creator\\import\\gnu\\arm\\5.4
 337              		.section	.debug_info,"",%progbits
 338              	.Ldebug_info0:
 339 0000 83050000 		.4byte	0x583
 340 0004 0400     		.2byte	0x4
 341 0006 00000000 		.4byte	.Ldebug_abbrev0
 342 000a 04       		.byte	0x4
 343 000b 01       		.uleb128 0x1
 344 000c 31040000 		.4byte	.LASF74
 345 0010 0C       		.byte	0xc
 346 0011 05040000 		.4byte	.LASF75
 347 0015 BB030000 		.4byte	.LASF76
 348 0019 00000000 		.4byte	.Ldebug_ranges0+0
 349 001d 00000000 		.4byte	0
 350 0021 00000000 		.4byte	.Ldebug_line0
 351 0025 02       		.uleb128 0x2
 352 0026 01       		.byte	0x1
 353 0027 06       		.byte	0x6
 354 0028 E6010000 		.4byte	.LASF0
 355 002c 03       		.uleb128 0x3
 356 002d F2040000 		.4byte	.LASF4
 357 0031 02       		.byte	0x2
ARM GAS  C:\Users\bchir\AppData\Local\Temp\ccZHhjud.s 			page 10


 358 0032 1D       		.byte	0x1d
 359 0033 37000000 		.4byte	0x37
 360 0037 02       		.uleb128 0x2
 361 0038 01       		.byte	0x1
 362 0039 08       		.byte	0x8
 363 003a C7010000 		.4byte	.LASF1
 364 003e 02       		.uleb128 0x2
 365 003f 02       		.byte	0x2
 366 0040 05       		.byte	0x5
 367 0041 60000000 		.4byte	.LASF2
 368 0045 02       		.uleb128 0x2
 369 0046 02       		.byte	0x2
 370 0047 07       		.byte	0x7
 371 0048 FF020000 		.4byte	.LASF3
 372 004c 03       		.uleb128 0x3
 373 004d 98030000 		.4byte	.LASF5
 374 0051 02       		.byte	0x2
 375 0052 3F       		.byte	0x3f
 376 0053 57000000 		.4byte	0x57
 377 0057 02       		.uleb128 0x2
 378 0058 04       		.byte	0x4
 379 0059 05       		.byte	0x5
 380 005a 45010000 		.4byte	.LASF6
 381 005e 03       		.uleb128 0x3
 382 005f B2000000 		.4byte	.LASF7
 383 0063 02       		.byte	0x2
 384 0064 41       		.byte	0x41
 385 0065 69000000 		.4byte	0x69
 386 0069 02       		.uleb128 0x2
 387 006a 04       		.byte	0x4
 388 006b 07       		.byte	0x7
 389 006c 37030000 		.4byte	.LASF8
 390 0070 02       		.uleb128 0x2
 391 0071 08       		.byte	0x8
 392 0072 05       		.byte	0x5
 393 0073 2C010000 		.4byte	.LASF9
 394 0077 03       		.uleb128 0x3
 395 0078 30000000 		.4byte	.LASF10
 396 007c 02       		.byte	0x2
 397 007d 5B       		.byte	0x5b
 398 007e 82000000 		.4byte	0x82
 399 0082 02       		.uleb128 0x2
 400 0083 08       		.byte	0x8
 401 0084 07       		.byte	0x7
 402 0085 F2010000 		.4byte	.LASF11
 403 0089 04       		.uleb128 0x4
 404 008a 04       		.byte	0x4
 405 008b 05       		.byte	0x5
 406 008c 696E7400 		.ascii	"int\000"
 407 0090 02       		.uleb128 0x2
 408 0091 04       		.byte	0x4
 409 0092 07       		.byte	0x7
 410 0093 47020000 		.4byte	.LASF12
 411 0097 03       		.uleb128 0x3
 412 0098 D0000000 		.4byte	.LASF13
 413 009c 03       		.byte	0x3
 414 009d 18       		.byte	0x18
ARM GAS  C:\Users\bchir\AppData\Local\Temp\ccZHhjud.s 			page 11


 415 009e 2C000000 		.4byte	0x2c
 416 00a2 03       		.uleb128 0x3
 417 00a3 F7020000 		.4byte	.LASF14
 418 00a7 03       		.byte	0x3
 419 00a8 2C       		.byte	0x2c
 420 00a9 4C000000 		.4byte	0x4c
 421 00ad 03       		.uleb128 0x3
 422 00ae 22020000 		.4byte	.LASF15
 423 00b2 03       		.byte	0x3
 424 00b3 30       		.byte	0x30
 425 00b4 5E000000 		.4byte	0x5e
 426 00b8 03       		.uleb128 0x3
 427 00b9 52000000 		.4byte	.LASF16
 428 00bd 03       		.byte	0x3
 429 00be 3C       		.byte	0x3c
 430 00bf 77000000 		.4byte	0x77
 431 00c3 02       		.uleb128 0x2
 432 00c4 04       		.byte	0x4
 433 00c5 04       		.byte	0x4
 434 00c6 26010000 		.4byte	.LASF17
 435 00ca 02       		.uleb128 0x2
 436 00cb 08       		.byte	0x8
 437 00cc 04       		.byte	0x4
 438 00cd 29000000 		.4byte	.LASF18
 439 00d1 02       		.uleb128 0x2
 440 00d2 01       		.byte	0x1
 441 00d3 08       		.byte	0x8
 442 00d4 CF020000 		.4byte	.LASF19
 443 00d8 02       		.uleb128 0x2
 444 00d9 08       		.byte	0x8
 445 00da 04       		.byte	0x4
 446 00db A6000000 		.4byte	.LASF20
 447 00df 02       		.uleb128 0x2
 448 00e0 04       		.byte	0x4
 449 00e1 07       		.byte	0x7
 450 00e2 7E000000 		.4byte	.LASF21
 451 00e6 05       		.uleb128 0x5
 452 00e7 04       		.byte	0x4
 453 00e8 06       		.uleb128 0x6
 454 00e9 97000000 		.4byte	0x97
 455 00ed 03       		.uleb128 0x3
 456 00ee 65020000 		.4byte	.LASF22
 457 00f2 04       		.byte	0x4
 458 00f3 3B       		.byte	0x3b
 459 00f4 57000000 		.4byte	0x57
 460 00f8 03       		.uleb128 0x3
 461 00f9 53030000 		.4byte	.LASF23
 462 00fd 04       		.byte	0x4
 463 00fe 3C       		.byte	0x3c
 464 00ff 69000000 		.4byte	0x69
 465 0103 03       		.uleb128 0x3
 466 0104 3A010000 		.4byte	.LASF24
 467 0108 04       		.byte	0x4
 468 0109 42       		.byte	0x42
 469 010a AD000000 		.4byte	0xad
 470 010e 07       		.uleb128 0x7
 471 010f 97000000 		.4byte	0x97
ARM GAS  C:\Users\bchir\AppData\Local\Temp\ccZHhjud.s 			page 12


 472 0113 1E010000 		.4byte	0x11e
 473 0117 08       		.uleb128 0x8
 474 0118 DF000000 		.4byte	0xdf
 475 011c 01       		.byte	0x1
 476 011d 00       		.byte	0
 477 011e 03       		.uleb128 0x3
 478 011f D2040000 		.4byte	.LASF25
 479 0123 05       		.byte	0x5
 480 0124 57       		.byte	0x57
 481 0125 29010000 		.4byte	0x129
 482 0129 09       		.uleb128 0x9
 483 012a 04       		.byte	0x4
 484 012b 2F010000 		.4byte	0x12f
 485 012f 0A       		.uleb128 0xa
 486 0130 63010000 		.4byte	.LASF32
 487 0134 0B       		.uleb128 0xb
 488 0135 01       		.byte	0x1
 489 0136 37000000 		.4byte	0x37
 490 013a 05       		.byte	0x5
 491 013b 6C       		.byte	0x6c
 492 013c 5F010000 		.4byte	0x15f
 493 0140 0C       		.uleb128 0xc
 494 0141 1F000000 		.4byte	.LASF26
 495 0145 00       		.byte	0
 496 0146 0C       		.uleb128 0xc
 497 0147 FD000000 		.4byte	.LASF27
 498 014b 01       		.byte	0x1
 499 014c 0C       		.uleb128 0xc
 500 014d DF040000 		.4byte	.LASF28
 501 0151 02       		.byte	0x2
 502 0152 0C       		.uleb128 0xc
 503 0153 E0020000 		.4byte	.LASF29
 504 0157 03       		.byte	0x3
 505 0158 0C       		.uleb128 0xc
 506 0159 68030000 		.4byte	.LASF30
 507 015d 04       		.byte	0x4
 508 015e 00       		.byte	0
 509 015f 03       		.uleb128 0x3
 510 0160 85010000 		.4byte	.LASF31
 511 0164 06       		.byte	0x6
 512 0165 33       		.byte	0x33
 513 0166 6A010000 		.4byte	0x16a
 514 016a 09       		.uleb128 0x9
 515 016b 04       		.byte	0x4
 516 016c 70010000 		.4byte	0x170
 517 0170 0A       		.uleb128 0xa
 518 0171 8E020000 		.4byte	.LASF33
 519 0175 0D       		.uleb128 0xd
 520 0176 40       		.byte	0x40
 521 0177 07       		.byte	0x7
 522 0178 1F       		.byte	0x1f
 523 0179 DE010000 		.4byte	0x1de
 524 017d 0E       		.uleb128 0xe
 525 017e D8000000 		.4byte	.LASF34
 526 0182 07       		.byte	0x7
 527 0183 21       		.byte	0x21
 528 0184 0E010000 		.4byte	0x10e
ARM GAS  C:\Users\bchir\AppData\Local\Temp\ccZHhjud.s 			page 13


 529 0188 00       		.byte	0
 530 0189 0E       		.uleb128 0xe
 531 018a 1D040000 		.4byte	.LASF35
 532 018e 07       		.byte	0x7
 533 018f 22       		.byte	0x22
 534 0190 0E010000 		.4byte	0x10e
 535 0194 02       		.byte	0x2
 536 0195 0E       		.uleb128 0xe
 537 0196 5F030000 		.4byte	.LASF36
 538 019a 07       		.byte	0x7
 539 019b 23       		.byte	0x23
 540 019c B8000000 		.4byte	0xb8
 541 01a0 04       		.byte	0x4
 542 01a1 0E       		.uleb128 0xe
 543 01a2 77010000 		.4byte	.LASF37
 544 01a6 07       		.byte	0x7
 545 01a7 24       		.byte	0x24
 546 01a8 97000000 		.4byte	0x97
 547 01ac 0C       		.byte	0xc
 548 01ad 0E       		.uleb128 0xe
 549 01ae 70020000 		.4byte	.LASF38
 550 01b2 07       		.byte	0x7
 551 01b3 25       		.byte	0x25
 552 01b4 97000000 		.4byte	0x97
 553 01b8 0D       		.byte	0xd
 554 01b9 0E       		.uleb128 0xe
 555 01ba EA040000 		.4byte	.LASF39
 556 01be 07       		.byte	0x7
 557 01bf 26       		.byte	0x26
 558 01c0 DE010000 		.4byte	0x1de
 559 01c4 0E       		.byte	0xe
 560 01c5 0E       		.uleb128 0xe
 561 01c6 BD000000 		.4byte	.LASF40
 562 01ca 07       		.byte	0x7
 563 01cb 27       		.byte	0x27
 564 01cc 97000000 		.4byte	0x97
 565 01d0 3E       		.byte	0x3e
 566 01d1 0E       		.uleb128 0xe
 567 01d2 F3000000 		.4byte	.LASF41
 568 01d6 07       		.byte	0x7
 569 01d7 28       		.byte	0x28
 570 01d8 97000000 		.4byte	0x97
 571 01dc 3F       		.byte	0x3f
 572 01dd 00       		.byte	0
 573 01de 07       		.uleb128 0x7
 574 01df 97000000 		.4byte	0x97
 575 01e3 EE010000 		.4byte	0x1ee
 576 01e7 08       		.uleb128 0x8
 577 01e8 DF000000 		.4byte	0xdf
 578 01ec 2F       		.byte	0x2f
 579 01ed 00       		.byte	0
 580 01ee 03       		.uleb128 0x3
 581 01ef 93010000 		.4byte	.LASF42
 582 01f3 07       		.byte	0x7
 583 01f4 2B       		.byte	0x2b
 584 01f5 75010000 		.4byte	0x175
 585 01f9 0D       		.uleb128 0xd
ARM GAS  C:\Users\bchir\AppData\Local\Temp\ccZHhjud.s 			page 14


 586 01fa 04       		.byte	0x4
 587 01fb 07       		.byte	0x7
 588 01fc 2D       		.byte	0x2d
 589 01fd 0E020000 		.4byte	0x20e
 590 0201 0E       		.uleb128 0xe
 591 0202 BF040000 		.4byte	.LASF43
 592 0206 07       		.byte	0x7
 593 0207 2F       		.byte	0x2f
 594 0208 C3000000 		.4byte	0xc3
 595 020c 00       		.byte	0
 596 020d 00       		.byte	0
 597 020e 03       		.uleb128 0x3
 598 020f 00000000 		.4byte	.LASF44
 599 0213 07       		.byte	0x7
 600 0214 31       		.byte	0x31
 601 0215 F9010000 		.4byte	0x1f9
 602 0219 0F       		.uleb128 0xf
 603 021a 92000000 		.4byte	.LASF77
 604 021e 01       		.byte	0x1
 605 021f 21       		.byte	0x21
 606 0220 00000000 		.4byte	.LFB68
 607 0224 90000000 		.4byte	.LFE68-.LFB68
 608 0228 01       		.uleb128 0x1
 609 0229 9C       		.byte	0x9c
 610 022a 22030000 		.4byte	0x322
 611 022e 10       		.uleb128 0x10
 612 022f 81020000 		.4byte	.LASF47
 613 0233 01       		.byte	0x1
 614 0234 21       		.byte	0x21
 615 0235 E6000000 		.4byte	0xe6
 616 0239 00000000 		.4byte	.LLST0
 617 023d 11       		.uleb128 0x11
 618 023e 09020000 		.4byte	.LASF45
 619 0242 01       		.byte	0x1
 620 0243 26       		.byte	0x26
 621 0244 ED000000 		.4byte	0xed
 622 0248 00       		.byte	0
 623 0249 12       		.uleb128 0x12
 624 024a 5B000000 		.4byte	.LASF46
 625 024e 01       		.byte	0x1
 626 024f 28       		.byte	0x28
 627 0250 1E010000 		.4byte	0x11e
 628 0254 21000000 		.4byte	.LLST1
 629 0258 13       		.uleb128 0x13
 630 0259 10000000 		.4byte	.LVL3
 631 025d 14050000 		.4byte	0x514
 632 0261 71020000 		.4byte	0x271
 633 0265 14       		.uleb128 0x14
 634 0266 01       		.uleb128 0x1
 635 0267 51       		.byte	0x51
 636 0268 02       		.uleb128 0x2
 637 0269 08       		.byte	0x8
 638 026a 40       		.byte	0x40
 639 026b 14       		.uleb128 0x14
 640 026c 01       		.uleb128 0x1
 641 026d 52       		.byte	0x52
 642 026e 01       		.uleb128 0x1
ARM GAS  C:\Users\bchir\AppData\Local\Temp\ccZHhjud.s 			page 15


 643 026f 30       		.byte	0x30
 644 0270 00       		.byte	0
 645 0271 13       		.uleb128 0x13
 646 0272 1E000000 		.4byte	.LVL4
 647 0276 14050000 		.4byte	0x514
 648 027a 8A020000 		.4byte	0x28a
 649 027e 14       		.uleb128 0x14
 650 027f 01       		.uleb128 0x1
 651 0280 51       		.byte	0x51
 652 0281 02       		.uleb128 0x2
 653 0282 08       		.byte	0x8
 654 0283 40       		.byte	0x40
 655 0284 14       		.uleb128 0x14
 656 0285 01       		.uleb128 0x1
 657 0286 52       		.byte	0x52
 658 0287 01       		.uleb128 0x1
 659 0288 30       		.byte	0x30
 660 0289 00       		.byte	0
 661 028a 13       		.uleb128 0x13
 662 028b 2C000000 		.4byte	.LVL5
 663 028f 14050000 		.4byte	0x514
 664 0293 A2020000 		.4byte	0x2a2
 665 0297 14       		.uleb128 0x14
 666 0298 01       		.uleb128 0x1
 667 0299 51       		.byte	0x51
 668 029a 01       		.uleb128 0x1
 669 029b 34       		.byte	0x34
 670 029c 14       		.uleb128 0x14
 671 029d 01       		.uleb128 0x1
 672 029e 52       		.byte	0x52
 673 029f 01       		.uleb128 0x1
 674 02a0 30       		.byte	0x30
 675 02a1 00       		.byte	0
 676 02a2 13       		.uleb128 0x13
 677 02a3 40000000 		.4byte	.LVL6
 678 02a7 20050000 		.4byte	0x520
 679 02ab BC020000 		.4byte	0x2bc
 680 02af 14       		.uleb128 0x14
 681 02b0 01       		.uleb128 0x1
 682 02b1 51       		.byte	0x51
 683 02b2 02       		.uleb128 0x2
 684 02b3 74       		.byte	0x74
 685 02b4 00       		.sleb128 0
 686 02b5 14       		.uleb128 0x14
 687 02b6 01       		.uleb128 0x1
 688 02b7 52       		.byte	0x52
 689 02b8 02       		.uleb128 0x2
 690 02b9 09       		.byte	0x9
 691 02ba FF       		.byte	0xff
 692 02bb 00       		.byte	0
 693 02bc 13       		.uleb128 0x13
 694 02bd 5A000000 		.4byte	.LVL7
 695 02c1 2C050000 		.4byte	0x52c
 696 02c5 DD020000 		.4byte	0x2dd
 697 02c9 14       		.uleb128 0x14
 698 02ca 01       		.uleb128 0x1
 699 02cb 51       		.byte	0x51
ARM GAS  C:\Users\bchir\AppData\Local\Temp\ccZHhjud.s 			page 16


 700 02cc 05       		.uleb128 0x5
 701 02cd 03       		.byte	0x3
 702 02ce 00000000 		.4byte	pwrMonControlPacket
 703 02d2 14       		.uleb128 0x14
 704 02d3 01       		.uleb128 0x1
 705 02d4 52       		.byte	0x52
 706 02d5 01       		.uleb128 0x1
 707 02d6 3A       		.byte	0x3a
 708 02d7 14       		.uleb128 0x14
 709 02d8 01       		.uleb128 0x1
 710 02d9 53       		.byte	0x53
 711 02da 01       		.uleb128 0x1
 712 02db 31       		.byte	0x31
 713 02dc 00       		.byte	0
 714 02dd 15       		.uleb128 0x15
 715 02de 5E000000 		.4byte	.LVL8
 716 02e2 38050000 		.4byte	0x538
 717 02e6 13       		.uleb128 0x13
 718 02e7 6A000000 		.4byte	.LVL9
 719 02eb 43050000 		.4byte	0x543
 720 02ef 09030000 		.4byte	0x309
 721 02f3 14       		.uleb128 0x14
 722 02f4 01       		.uleb128 0x1
 723 02f5 51       		.byte	0x51
 724 02f6 01       		.uleb128 0x1
 725 02f7 30       		.byte	0x30
 726 02f8 14       		.uleb128 0x14
 727 02f9 01       		.uleb128 0x1
 728 02fa 52       		.byte	0x52
 729 02fb 01       		.uleb128 0x1
 730 02fc 30       		.byte	0x30
 731 02fd 14       		.uleb128 0x14
 732 02fe 01       		.uleb128 0x1
 733 02ff 53       		.byte	0x53
 734 0300 01       		.uleb128 0x1
 735 0301 32       		.byte	0x32
 736 0302 14       		.uleb128 0x14
 737 0303 02       		.uleb128 0x2
 738 0304 7D       		.byte	0x7d
 739 0305 00       		.sleb128 0
 740 0306 01       		.uleb128 0x1
 741 0307 30       		.byte	0x30
 742 0308 00       		.byte	0
 743 0309 15       		.uleb128 0x15
 744 030a 6E000000 		.4byte	.LVL10
 745 030e 4F050000 		.4byte	0x54f
 746 0312 16       		.uleb128 0x16
 747 0313 74000000 		.4byte	.LVL11
 748 0317 5A050000 		.4byte	0x55a
 749 031b 14       		.uleb128 0x14
 750 031c 01       		.uleb128 0x1
 751 031d 50       		.byte	0x50
 752 031e 01       		.uleb128 0x1
 753 031f 31       		.byte	0x31
 754 0320 00       		.byte	0
 755 0321 00       		.byte	0
 756 0322 17       		.uleb128 0x17
ARM GAS  C:\Users\bchir\AppData\Local\Temp\ccZHhjud.s 			page 17


 757 0323 EF030000 		.4byte	.LASF78
 758 0327 01       		.byte	0x1
 759 0328 69       		.byte	0x69
 760 0329 B8000000 		.4byte	0xb8
 761 032d 00000000 		.4byte	.LFB69
 762 0331 5C000000 		.4byte	.LFE69-.LFB69
 763 0335 01       		.uleb128 0x1
 764 0336 9C       		.byte	0x9c
 765 0337 D8030000 		.4byte	0x3d8
 766 033b 18       		.uleb128 0x18
 767 033c 6D736700 		.ascii	"msg\000"
 768 0340 01       		.byte	0x1
 769 0341 69       		.byte	0x69
 770 0342 D8030000 		.4byte	0x3d8
 771 0346 34000000 		.4byte	.LLST2
 772 034a 10       		.uleb128 0x10
 773 034b EA040000 		.4byte	.LASF39
 774 034f 01       		.byte	0x1
 775 0350 69       		.byte	0x69
 776 0351 E6000000 		.4byte	0xe6
 777 0355 8F000000 		.4byte	.LLST3
 778 0359 10       		.uleb128 0x10
 779 035a 82030000 		.4byte	.LASF48
 780 035e 01       		.byte	0x1
 781 035f 69       		.byte	0x69
 782 0360 97000000 		.4byte	0x97
 783 0364 E2000000 		.4byte	.LLST4
 784 0368 10       		.uleb128 0x10
 785 0369 31030000 		.4byte	.LASF49
 786 036d 01       		.byte	0x1
 787 036e 69       		.byte	0x69
 788 036f 97000000 		.4byte	0x97
 789 0373 0E010000 		.4byte	.LLST5
 790 0377 10       		.uleb128 0x10
 791 0378 A9010000 		.4byte	.LASF50
 792 037c 01       		.byte	0x1
 793 037d 69       		.byte	0x69
 794 037e 97000000 		.4byte	0x97
 795 0382 48010000 		.4byte	.LLST6
 796 0386 10       		.uleb128 0x10
 797 0387 17000000 		.4byte	.LASF51
 798 038b 01       		.byte	0x1
 799 038c 69       		.byte	0x69
 800 038d 97000000 		.4byte	0x97
 801 0391 74010000 		.4byte	.LLST7
 802 0395 10       		.uleb128 0x10
 803 0396 17040000 		.4byte	.LASF52
 804 039a 01       		.byte	0x1
 805 039b 69       		.byte	0x69
 806 039c B8000000 		.4byte	0xb8
 807 03a0 A0010000 		.4byte	.LLST8
 808 03a4 10       		.uleb128 0x10
 809 03a5 49000000 		.4byte	.LASF53
 810 03a9 01       		.byte	0x1
 811 03aa 69       		.byte	0x69
 812 03ab 97000000 		.4byte	0x97
 813 03af CC010000 		.4byte	.LLST9
ARM GAS  C:\Users\bchir\AppData\Local\Temp\ccZHhjud.s 			page 18


 814 03b3 13       		.uleb128 0x13
 815 03b4 10000000 		.4byte	.LVL14
 816 03b8 66050000 		.4byte	0x566
 817 03bc CE030000 		.4byte	0x3ce
 818 03c0 14       		.uleb128 0x14
 819 03c1 01       		.uleb128 0x1
 820 03c2 50       		.byte	0x50
 821 03c3 02       		.uleb128 0x2
 822 03c4 74       		.byte	0x74
 823 03c5 0E       		.sleb128 14
 824 03c6 14       		.uleb128 0x14
 825 03c7 01       		.uleb128 0x1
 826 03c8 51       		.byte	0x51
 827 03c9 03       		.uleb128 0x3
 828 03ca F3       		.byte	0xf3
 829 03cb 01       		.uleb128 0x1
 830 03cc 51       		.byte	0x51
 831 03cd 00       		.byte	0
 832 03ce 15       		.uleb128 0x15
 833 03cf 1C000000 		.4byte	.LVL15
 834 03d3 6F050000 		.4byte	0x56f
 835 03d7 00       		.byte	0
 836 03d8 09       		.uleb128 0x9
 837 03d9 04       		.byte	0x4
 838 03da EE010000 		.4byte	0x1ee
 839 03de 19       		.uleb128 0x19
 840 03df D5010000 		.4byte	.LASF79
 841 03e3 01       		.byte	0x1
 842 03e4 82       		.byte	0x82
 843 03e5 5F010000 		.4byte	0x15f
 844 03e9 00000000 		.4byte	.LFB70
 845 03ed 0C000000 		.4byte	.LFE70-.LFB70
 846 03f1 01       		.uleb128 0x1
 847 03f2 9C       		.byte	0x9c
 848 03f3 1A       		.uleb128 0x1a
 849 03f4 A2030000 		.4byte	.LASF80
 850 03f8 01       		.byte	0x1
 851 03f9 89       		.byte	0x89
 852 03fa 00000000 		.4byte	.LFB71
 853 03fe 2C000000 		.4byte	.LFE71-.LFB71
 854 0402 01       		.uleb128 0x1
 855 0403 9C       		.byte	0x9c
 856 0404 4B040000 		.4byte	0x44b
 857 0408 1B       		.uleb128 0x1b
 858 0409 90030000 		.4byte	.LASF54
 859 040d 01       		.byte	0x1
 860 040e 8B       		.byte	0x8b
 861 040f 1E010000 		.4byte	0x11e
 862 0413 02       		.uleb128 0x2
 863 0414 91       		.byte	0x91
 864 0415 74       		.sleb128 -12
 865 0416 16       		.uleb128 0x16
 866 0417 1C000000 		.4byte	.LVL23
 867 041b 7A050000 		.4byte	0x57a
 868 041f 14       		.uleb128 0x14
 869 0420 01       		.uleb128 0x1
 870 0421 50       		.byte	0x50
ARM GAS  C:\Users\bchir\AppData\Local\Temp\ccZHhjud.s 			page 19


 871 0422 05       		.uleb128 0x5
 872 0423 03       		.byte	0x3
 873 0424 00000000 		.4byte	TaskSystemMessenger
 874 0428 14       		.uleb128 0x14
 875 0429 01       		.uleb128 0x1
 876 042a 51       		.byte	0x51
 877 042b 05       		.uleb128 0x5
 878 042c 03       		.byte	0x3
 879 042d 00000000 		.4byte	.LC0
 880 0431 14       		.uleb128 0x14
 881 0432 01       		.uleb128 0x1
 882 0433 52       		.byte	0x52
 883 0434 02       		.uleb128 0x2
 884 0435 08       		.byte	0x8
 885 0436 80       		.byte	0x80
 886 0437 14       		.uleb128 0x14
 887 0438 01       		.uleb128 0x1
 888 0439 53       		.byte	0x53
 889 043a 01       		.uleb128 0x1
 890 043b 31       		.byte	0x31
 891 043c 14       		.uleb128 0x14
 892 043d 02       		.uleb128 0x2
 893 043e 7D       		.byte	0x7d
 894 043f 00       		.sleb128 0
 895 0440 01       		.uleb128 0x1
 896 0441 30       		.byte	0x30
 897 0442 14       		.uleb128 0x14
 898 0443 02       		.uleb128 0x2
 899 0444 7D       		.byte	0x7d
 900 0445 04       		.sleb128 4
 901 0446 02       		.uleb128 0x2
 902 0447 91       		.byte	0x91
 903 0448 74       		.sleb128 -12
 904 0449 00       		.byte	0
 905 044a 00       		.byte	0
 906 044b 1C       		.uleb128 0x1c
 907 044c 24040000 		.4byte	.LASF55
 908 0450 08       		.byte	0x8
 909 0451 1207     		.2byte	0x712
 910 0453 57040000 		.4byte	0x457
 911 0457 06       		.uleb128 0x6
 912 0458 A2000000 		.4byte	0xa2
 913 045c 1D       		.uleb128 0x1d
 914 045d 18010000 		.4byte	.LASF56
 915 0461 07       		.byte	0x7
 916 0462 3F       		.byte	0x3f
 917 0463 5F010000 		.4byte	0x15f
 918 0467 05       		.uleb128 0x5
 919 0468 03       		.byte	0x3
 920 0469 00000000 		.4byte	taskMessegesQ
 921 046d 1D       		.uleb128 0x1d
 922 046e 4E010000 		.4byte	.LASF57
 923 0472 07       		.byte	0x7
 924 0473 40       		.byte	0x40
 925 0474 5F010000 		.4byte	0x15f
 926 0478 05       		.uleb128 0x5
 927 0479 03       		.byte	0x3
ARM GAS  C:\Users\bchir\AppData\Local\Temp\ccZHhjud.s 			page 20


 928 047a 00000000 		.4byte	powerMonConMessegesQ
 929 047e 1D       		.uleb128 0x1d
 930 047f E1000000 		.4byte	.LASF58
 931 0483 01       		.byte	0x1
 932 0484 14       		.byte	0x14
 933 0485 5F010000 		.4byte	0x15f
 934 0489 05       		.uleb128 0x5
 935 048a 03       		.byte	0x3
 936 048b 00000000 		.4byte	sysMessegesQ
 937 048f 1D       		.uleb128 0x1d
 938 0490 87030000 		.4byte	.LASF59
 939 0494 01       		.byte	0x1
 940 0495 16       		.byte	0x16
 941 0496 E8000000 		.4byte	0xe8
 942 049a 05       		.uleb128 0x5
 943 049b 03       		.byte	0x3
 944 049c 00000000 		.4byte	sysQSize
 945 04a0 1D       		.uleb128 0x1d
 946 04a1 54020000 		.4byte	.LASF60
 947 04a5 01       		.byte	0x1
 948 04a6 17       		.byte	0x17
 949 04a7 97000000 		.4byte	0x97
 950 04ab 05       		.uleb128 0x5
 951 04ac 03       		.byte	0x3
 952 04ad 00000000 		.4byte	taskMessageQSize
 953 04b1 07       		.uleb128 0x7
 954 04b2 C1040000 		.4byte	0x4c1
 955 04b6 C1040000 		.4byte	0x4c1
 956 04ba 08       		.uleb128 0x8
 957 04bb DF000000 		.4byte	0xdf
 958 04bf 01       		.byte	0x1
 959 04c0 00       		.byte	0
 960 04c1 1E       		.uleb128 0x1e
 961 04c2 97000000 		.4byte	0x97
 962 04c6 1D       		.uleb128 0x1d
 963 04c7 D4020000 		.4byte	.LASF61
 964 04cb 01       		.byte	0x1
 965 04cc 19       		.byte	0x19
 966 04cd D7040000 		.4byte	0x4d7
 967 04d1 05       		.uleb128 0x5
 968 04d2 03       		.byte	0x3
 969 04d3 00000000 		.4byte	msgStartSeq
 970 04d7 1E       		.uleb128 0x1e
 971 04d8 B1040000 		.4byte	0x4b1
 972 04dc 1D       		.uleb128 0x1d
 973 04dd 49030000 		.4byte	.LASF62
 974 04e1 01       		.byte	0x1
 975 04e2 1A       		.byte	0x1a
 976 04e3 ED040000 		.4byte	0x4ed
 977 04e7 05       		.uleb128 0x5
 978 04e8 03       		.byte	0x3
 979 04e9 00000000 		.4byte	msgEndSeq
 980 04ed 1E       		.uleb128 0x1e
 981 04ee B1040000 		.4byte	0x4b1
 982 04f2 1D       		.uleb128 0x1d
 983 04f3 9E020000 		.4byte	.LASF63
 984 04f7 01       		.byte	0x1
ARM GAS  C:\Users\bchir\AppData\Local\Temp\ccZHhjud.s 			page 21


 985 04f8 1C       		.byte	0x1c
 986 04f9 EE010000 		.4byte	0x1ee
 987 04fd 05       		.uleb128 0x5
 988 04fe 03       		.byte	0x3
 989 04ff 00000000 		.4byte	msgPacket
 990 0503 1D       		.uleb128 0x1d
 991 0504 6A000000 		.4byte	.LASF64
 992 0508 01       		.byte	0x1
 993 0509 1E       		.byte	0x1e
 994 050a 0E020000 		.4byte	0x20e
 995 050e 05       		.uleb128 0x5
 996 050f 03       		.byte	0x3
 997 0510 00000000 		.4byte	pwrMonControlPacket
 998 0514 1F       		.uleb128 0x1f
 999 0515 B3010000 		.4byte	.LASF65
 1000 0519 B3010000 		.4byte	.LASF65
 1001 051d 06       		.byte	0x6
 1002 051e 2A06     		.2byte	0x62a
 1003 0520 1F       		.uleb128 0x1f
 1004 0521 3B000000 		.4byte	.LASF66
 1005 0525 3B000000 		.4byte	.LASF66
 1006 0529 06       		.byte	0x6
 1007 052a 9103     		.2byte	0x391
 1008 052c 1F       		.uleb128 0x1f
 1009 052d 06010000 		.4byte	.LASF67
 1010 0531 06010000 		.4byte	.LASF67
 1011 0535 06       		.byte	0x6
 1012 0536 AE02     		.2byte	0x2ae
 1013 0538 20       		.uleb128 0x20
 1014 0539 A8020000 		.4byte	.LASF68
 1015 053d A8020000 		.4byte	.LASF68
 1016 0541 09       		.byte	0x9
 1017 0542 15       		.byte	0x15
 1018 0543 1F       		.uleb128 0x1f
 1019 0544 1E030000 		.4byte	.LASF69
 1020 0548 1E030000 		.4byte	.LASF69
 1021 054c 05       		.byte	0x5
 1022 054d 6708     		.2byte	0x867
 1023 054f 20       		.uleb128 0x20
 1024 0550 2B020000 		.4byte	.LASF70
 1025 0554 2B020000 		.4byte	.LASF70
 1026 0558 0A       		.byte	0xa
 1027 0559 14       		.byte	0x14
 1028 055a 1F       		.uleb128 0x1f
 1029 055b 87000000 		.4byte	.LASF71
 1030 055f 87000000 		.4byte	.LASF71
 1031 0563 05       		.byte	0x5
 1032 0564 1A03     		.2byte	0x31a
 1033 0566 21       		.uleb128 0x21
 1034 0567 C9000000 		.4byte	.LASF81
 1035 056b C9000000 		.4byte	.LASF81
 1036 056f 20       		.uleb128 0x20
 1037 0570 EE000000 		.4byte	.LASF72
 1038 0574 EE000000 		.4byte	.LASF72
 1039 0578 0B       		.byte	0xb
 1040 0579 88       		.byte	0x88
 1041 057a 1F       		.uleb128 0x1f
ARM GAS  C:\Users\bchir\AppData\Local\Temp\ccZHhjud.s 			page 22


 1042 057b 12030000 		.4byte	.LASF73
 1043 057f 12030000 		.4byte	.LASF73
 1044 0583 05       		.byte	0x5
 1045 0584 6301     		.2byte	0x163
 1046 0586 00       		.byte	0
 1047              		.section	.debug_abbrev,"",%progbits
 1048              	.Ldebug_abbrev0:
 1049 0000 01       		.uleb128 0x1
 1050 0001 11       		.uleb128 0x11
 1051 0002 01       		.byte	0x1
 1052 0003 25       		.uleb128 0x25
 1053 0004 0E       		.uleb128 0xe
 1054 0005 13       		.uleb128 0x13
 1055 0006 0B       		.uleb128 0xb
 1056 0007 03       		.uleb128 0x3
 1057 0008 0E       		.uleb128 0xe
 1058 0009 1B       		.uleb128 0x1b
 1059 000a 0E       		.uleb128 0xe
 1060 000b 55       		.uleb128 0x55
 1061 000c 17       		.uleb128 0x17
 1062 000d 11       		.uleb128 0x11
 1063 000e 01       		.uleb128 0x1
 1064 000f 10       		.uleb128 0x10
 1065 0010 17       		.uleb128 0x17
 1066 0011 00       		.byte	0
 1067 0012 00       		.byte	0
 1068 0013 02       		.uleb128 0x2
 1069 0014 24       		.uleb128 0x24
 1070 0015 00       		.byte	0
 1071 0016 0B       		.uleb128 0xb
 1072 0017 0B       		.uleb128 0xb
 1073 0018 3E       		.uleb128 0x3e
 1074 0019 0B       		.uleb128 0xb
 1075 001a 03       		.uleb128 0x3
 1076 001b 0E       		.uleb128 0xe
 1077 001c 00       		.byte	0
 1078 001d 00       		.byte	0
 1079 001e 03       		.uleb128 0x3
 1080 001f 16       		.uleb128 0x16
 1081 0020 00       		.byte	0
 1082 0021 03       		.uleb128 0x3
 1083 0022 0E       		.uleb128 0xe
 1084 0023 3A       		.uleb128 0x3a
 1085 0024 0B       		.uleb128 0xb
 1086 0025 3B       		.uleb128 0x3b
 1087 0026 0B       		.uleb128 0xb
 1088 0027 49       		.uleb128 0x49
 1089 0028 13       		.uleb128 0x13
 1090 0029 00       		.byte	0
 1091 002a 00       		.byte	0
 1092 002b 04       		.uleb128 0x4
 1093 002c 24       		.uleb128 0x24
 1094 002d 00       		.byte	0
 1095 002e 0B       		.uleb128 0xb
 1096 002f 0B       		.uleb128 0xb
 1097 0030 3E       		.uleb128 0x3e
 1098 0031 0B       		.uleb128 0xb
ARM GAS  C:\Users\bchir\AppData\Local\Temp\ccZHhjud.s 			page 23


 1099 0032 03       		.uleb128 0x3
 1100 0033 08       		.uleb128 0x8
 1101 0034 00       		.byte	0
 1102 0035 00       		.byte	0
 1103 0036 05       		.uleb128 0x5
 1104 0037 0F       		.uleb128 0xf
 1105 0038 00       		.byte	0
 1106 0039 0B       		.uleb128 0xb
 1107 003a 0B       		.uleb128 0xb
 1108 003b 00       		.byte	0
 1109 003c 00       		.byte	0
 1110 003d 06       		.uleb128 0x6
 1111 003e 35       		.uleb128 0x35
 1112 003f 00       		.byte	0
 1113 0040 49       		.uleb128 0x49
 1114 0041 13       		.uleb128 0x13
 1115 0042 00       		.byte	0
 1116 0043 00       		.byte	0
 1117 0044 07       		.uleb128 0x7
 1118 0045 01       		.uleb128 0x1
 1119 0046 01       		.byte	0x1
 1120 0047 49       		.uleb128 0x49
 1121 0048 13       		.uleb128 0x13
 1122 0049 01       		.uleb128 0x1
 1123 004a 13       		.uleb128 0x13
 1124 004b 00       		.byte	0
 1125 004c 00       		.byte	0
 1126 004d 08       		.uleb128 0x8
 1127 004e 21       		.uleb128 0x21
 1128 004f 00       		.byte	0
 1129 0050 49       		.uleb128 0x49
 1130 0051 13       		.uleb128 0x13
 1131 0052 2F       		.uleb128 0x2f
 1132 0053 0B       		.uleb128 0xb
 1133 0054 00       		.byte	0
 1134 0055 00       		.byte	0
 1135 0056 09       		.uleb128 0x9
 1136 0057 0F       		.uleb128 0xf
 1137 0058 00       		.byte	0
 1138 0059 0B       		.uleb128 0xb
 1139 005a 0B       		.uleb128 0xb
 1140 005b 49       		.uleb128 0x49
 1141 005c 13       		.uleb128 0x13
 1142 005d 00       		.byte	0
 1143 005e 00       		.byte	0
 1144 005f 0A       		.uleb128 0xa
 1145 0060 13       		.uleb128 0x13
 1146 0061 00       		.byte	0
 1147 0062 03       		.uleb128 0x3
 1148 0063 0E       		.uleb128 0xe
 1149 0064 3C       		.uleb128 0x3c
 1150 0065 19       		.uleb128 0x19
 1151 0066 00       		.byte	0
 1152 0067 00       		.byte	0
 1153 0068 0B       		.uleb128 0xb
 1154 0069 04       		.uleb128 0x4
 1155 006a 01       		.byte	0x1
ARM GAS  C:\Users\bchir\AppData\Local\Temp\ccZHhjud.s 			page 24


 1156 006b 0B       		.uleb128 0xb
 1157 006c 0B       		.uleb128 0xb
 1158 006d 49       		.uleb128 0x49
 1159 006e 13       		.uleb128 0x13
 1160 006f 3A       		.uleb128 0x3a
 1161 0070 0B       		.uleb128 0xb
 1162 0071 3B       		.uleb128 0x3b
 1163 0072 0B       		.uleb128 0xb
 1164 0073 01       		.uleb128 0x1
 1165 0074 13       		.uleb128 0x13
 1166 0075 00       		.byte	0
 1167 0076 00       		.byte	0
 1168 0077 0C       		.uleb128 0xc
 1169 0078 28       		.uleb128 0x28
 1170 0079 00       		.byte	0
 1171 007a 03       		.uleb128 0x3
 1172 007b 0E       		.uleb128 0xe
 1173 007c 1C       		.uleb128 0x1c
 1174 007d 0B       		.uleb128 0xb
 1175 007e 00       		.byte	0
 1176 007f 00       		.byte	0
 1177 0080 0D       		.uleb128 0xd
 1178 0081 13       		.uleb128 0x13
 1179 0082 01       		.byte	0x1
 1180 0083 0B       		.uleb128 0xb
 1181 0084 0B       		.uleb128 0xb
 1182 0085 3A       		.uleb128 0x3a
 1183 0086 0B       		.uleb128 0xb
 1184 0087 3B       		.uleb128 0x3b
 1185 0088 0B       		.uleb128 0xb
 1186 0089 01       		.uleb128 0x1
 1187 008a 13       		.uleb128 0x13
 1188 008b 00       		.byte	0
 1189 008c 00       		.byte	0
 1190 008d 0E       		.uleb128 0xe
 1191 008e 0D       		.uleb128 0xd
 1192 008f 00       		.byte	0
 1193 0090 03       		.uleb128 0x3
 1194 0091 0E       		.uleb128 0xe
 1195 0092 3A       		.uleb128 0x3a
 1196 0093 0B       		.uleb128 0xb
 1197 0094 3B       		.uleb128 0x3b
 1198 0095 0B       		.uleb128 0xb
 1199 0096 49       		.uleb128 0x49
 1200 0097 13       		.uleb128 0x13
 1201 0098 38       		.uleb128 0x38
 1202 0099 0B       		.uleb128 0xb
 1203 009a 00       		.byte	0
 1204 009b 00       		.byte	0
 1205 009c 0F       		.uleb128 0xf
 1206 009d 2E       		.uleb128 0x2e
 1207 009e 01       		.byte	0x1
 1208 009f 03       		.uleb128 0x3
 1209 00a0 0E       		.uleb128 0xe
 1210 00a1 3A       		.uleb128 0x3a
 1211 00a2 0B       		.uleb128 0xb
 1212 00a3 3B       		.uleb128 0x3b
ARM GAS  C:\Users\bchir\AppData\Local\Temp\ccZHhjud.s 			page 25


 1213 00a4 0B       		.uleb128 0xb
 1214 00a5 27       		.uleb128 0x27
 1215 00a6 19       		.uleb128 0x19
 1216 00a7 8701     		.uleb128 0x87
 1217 00a9 19       		.uleb128 0x19
 1218 00aa 11       		.uleb128 0x11
 1219 00ab 01       		.uleb128 0x1
 1220 00ac 12       		.uleb128 0x12
 1221 00ad 06       		.uleb128 0x6
 1222 00ae 40       		.uleb128 0x40
 1223 00af 18       		.uleb128 0x18
 1224 00b0 9742     		.uleb128 0x2117
 1225 00b2 19       		.uleb128 0x19
 1226 00b3 01       		.uleb128 0x1
 1227 00b4 13       		.uleb128 0x13
 1228 00b5 00       		.byte	0
 1229 00b6 00       		.byte	0
 1230 00b7 10       		.uleb128 0x10
 1231 00b8 05       		.uleb128 0x5
 1232 00b9 00       		.byte	0
 1233 00ba 03       		.uleb128 0x3
 1234 00bb 0E       		.uleb128 0xe
 1235 00bc 3A       		.uleb128 0x3a
 1236 00bd 0B       		.uleb128 0xb
 1237 00be 3B       		.uleb128 0x3b
 1238 00bf 0B       		.uleb128 0xb
 1239 00c0 49       		.uleb128 0x49
 1240 00c1 13       		.uleb128 0x13
 1241 00c2 02       		.uleb128 0x2
 1242 00c3 17       		.uleb128 0x17
 1243 00c4 00       		.byte	0
 1244 00c5 00       		.byte	0
 1245 00c6 11       		.uleb128 0x11
 1246 00c7 34       		.uleb128 0x34
 1247 00c8 00       		.byte	0
 1248 00c9 03       		.uleb128 0x3
 1249 00ca 0E       		.uleb128 0xe
 1250 00cb 3A       		.uleb128 0x3a
 1251 00cc 0B       		.uleb128 0xb
 1252 00cd 3B       		.uleb128 0x3b
 1253 00ce 0B       		.uleb128 0xb
 1254 00cf 49       		.uleb128 0x49
 1255 00d0 13       		.uleb128 0x13
 1256 00d1 1C       		.uleb128 0x1c
 1257 00d2 0B       		.uleb128 0xb
 1258 00d3 00       		.byte	0
 1259 00d4 00       		.byte	0
 1260 00d5 12       		.uleb128 0x12
 1261 00d6 34       		.uleb128 0x34
 1262 00d7 00       		.byte	0
 1263 00d8 03       		.uleb128 0x3
 1264 00d9 0E       		.uleb128 0xe
 1265 00da 3A       		.uleb128 0x3a
 1266 00db 0B       		.uleb128 0xb
 1267 00dc 3B       		.uleb128 0x3b
 1268 00dd 0B       		.uleb128 0xb
 1269 00de 49       		.uleb128 0x49
ARM GAS  C:\Users\bchir\AppData\Local\Temp\ccZHhjud.s 			page 26


 1270 00df 13       		.uleb128 0x13
 1271 00e0 02       		.uleb128 0x2
 1272 00e1 17       		.uleb128 0x17
 1273 00e2 00       		.byte	0
 1274 00e3 00       		.byte	0
 1275 00e4 13       		.uleb128 0x13
 1276 00e5 898201   		.uleb128 0x4109
 1277 00e8 01       		.byte	0x1
 1278 00e9 11       		.uleb128 0x11
 1279 00ea 01       		.uleb128 0x1
 1280 00eb 31       		.uleb128 0x31
 1281 00ec 13       		.uleb128 0x13
 1282 00ed 01       		.uleb128 0x1
 1283 00ee 13       		.uleb128 0x13
 1284 00ef 00       		.byte	0
 1285 00f0 00       		.byte	0
 1286 00f1 14       		.uleb128 0x14
 1287 00f2 8A8201   		.uleb128 0x410a
 1288 00f5 00       		.byte	0
 1289 00f6 02       		.uleb128 0x2
 1290 00f7 18       		.uleb128 0x18
 1291 00f8 9142     		.uleb128 0x2111
 1292 00fa 18       		.uleb128 0x18
 1293 00fb 00       		.byte	0
 1294 00fc 00       		.byte	0
 1295 00fd 15       		.uleb128 0x15
 1296 00fe 898201   		.uleb128 0x4109
 1297 0101 00       		.byte	0
 1298 0102 11       		.uleb128 0x11
 1299 0103 01       		.uleb128 0x1
 1300 0104 31       		.uleb128 0x31
 1301 0105 13       		.uleb128 0x13
 1302 0106 00       		.byte	0
 1303 0107 00       		.byte	0
 1304 0108 16       		.uleb128 0x16
 1305 0109 898201   		.uleb128 0x4109
 1306 010c 01       		.byte	0x1
 1307 010d 11       		.uleb128 0x11
 1308 010e 01       		.uleb128 0x1
 1309 010f 31       		.uleb128 0x31
 1310 0110 13       		.uleb128 0x13
 1311 0111 00       		.byte	0
 1312 0112 00       		.byte	0
 1313 0113 17       		.uleb128 0x17
 1314 0114 2E       		.uleb128 0x2e
 1315 0115 01       		.byte	0x1
 1316 0116 3F       		.uleb128 0x3f
 1317 0117 19       		.uleb128 0x19
 1318 0118 03       		.uleb128 0x3
 1319 0119 0E       		.uleb128 0xe
 1320 011a 3A       		.uleb128 0x3a
 1321 011b 0B       		.uleb128 0xb
 1322 011c 3B       		.uleb128 0x3b
 1323 011d 0B       		.uleb128 0xb
 1324 011e 27       		.uleb128 0x27
 1325 011f 19       		.uleb128 0x19
 1326 0120 49       		.uleb128 0x49
ARM GAS  C:\Users\bchir\AppData\Local\Temp\ccZHhjud.s 			page 27


 1327 0121 13       		.uleb128 0x13
 1328 0122 11       		.uleb128 0x11
 1329 0123 01       		.uleb128 0x1
 1330 0124 12       		.uleb128 0x12
 1331 0125 06       		.uleb128 0x6
 1332 0126 40       		.uleb128 0x40
 1333 0127 18       		.uleb128 0x18
 1334 0128 9742     		.uleb128 0x2117
 1335 012a 19       		.uleb128 0x19
 1336 012b 01       		.uleb128 0x1
 1337 012c 13       		.uleb128 0x13
 1338 012d 00       		.byte	0
 1339 012e 00       		.byte	0
 1340 012f 18       		.uleb128 0x18
 1341 0130 05       		.uleb128 0x5
 1342 0131 00       		.byte	0
 1343 0132 03       		.uleb128 0x3
 1344 0133 08       		.uleb128 0x8
 1345 0134 3A       		.uleb128 0x3a
 1346 0135 0B       		.uleb128 0xb
 1347 0136 3B       		.uleb128 0x3b
 1348 0137 0B       		.uleb128 0xb
 1349 0138 49       		.uleb128 0x49
 1350 0139 13       		.uleb128 0x13
 1351 013a 02       		.uleb128 0x2
 1352 013b 17       		.uleb128 0x17
 1353 013c 00       		.byte	0
 1354 013d 00       		.byte	0
 1355 013e 19       		.uleb128 0x19
 1356 013f 2E       		.uleb128 0x2e
 1357 0140 00       		.byte	0
 1358 0141 3F       		.uleb128 0x3f
 1359 0142 19       		.uleb128 0x19
 1360 0143 03       		.uleb128 0x3
 1361 0144 0E       		.uleb128 0xe
 1362 0145 3A       		.uleb128 0x3a
 1363 0146 0B       		.uleb128 0xb
 1364 0147 3B       		.uleb128 0x3b
 1365 0148 0B       		.uleb128 0xb
 1366 0149 49       		.uleb128 0x49
 1367 014a 13       		.uleb128 0x13
 1368 014b 11       		.uleb128 0x11
 1369 014c 01       		.uleb128 0x1
 1370 014d 12       		.uleb128 0x12
 1371 014e 06       		.uleb128 0x6
 1372 014f 40       		.uleb128 0x40
 1373 0150 18       		.uleb128 0x18
 1374 0151 9742     		.uleb128 0x2117
 1375 0153 19       		.uleb128 0x19
 1376 0154 00       		.byte	0
 1377 0155 00       		.byte	0
 1378 0156 1A       		.uleb128 0x1a
 1379 0157 2E       		.uleb128 0x2e
 1380 0158 01       		.byte	0x1
 1381 0159 3F       		.uleb128 0x3f
 1382 015a 19       		.uleb128 0x19
 1383 015b 03       		.uleb128 0x3
ARM GAS  C:\Users\bchir\AppData\Local\Temp\ccZHhjud.s 			page 28


 1384 015c 0E       		.uleb128 0xe
 1385 015d 3A       		.uleb128 0x3a
 1386 015e 0B       		.uleb128 0xb
 1387 015f 3B       		.uleb128 0x3b
 1388 0160 0B       		.uleb128 0xb
 1389 0161 11       		.uleb128 0x11
 1390 0162 01       		.uleb128 0x1
 1391 0163 12       		.uleb128 0x12
 1392 0164 06       		.uleb128 0x6
 1393 0165 40       		.uleb128 0x40
 1394 0166 18       		.uleb128 0x18
 1395 0167 9742     		.uleb128 0x2117
 1396 0169 19       		.uleb128 0x19
 1397 016a 01       		.uleb128 0x1
 1398 016b 13       		.uleb128 0x13
 1399 016c 00       		.byte	0
 1400 016d 00       		.byte	0
 1401 016e 1B       		.uleb128 0x1b
 1402 016f 34       		.uleb128 0x34
 1403 0170 00       		.byte	0
 1404 0171 03       		.uleb128 0x3
 1405 0172 0E       		.uleb128 0xe
 1406 0173 3A       		.uleb128 0x3a
 1407 0174 0B       		.uleb128 0xb
 1408 0175 3B       		.uleb128 0x3b
 1409 0176 0B       		.uleb128 0xb
 1410 0177 49       		.uleb128 0x49
 1411 0178 13       		.uleb128 0x13
 1412 0179 02       		.uleb128 0x2
 1413 017a 18       		.uleb128 0x18
 1414 017b 00       		.byte	0
 1415 017c 00       		.byte	0
 1416 017d 1C       		.uleb128 0x1c
 1417 017e 34       		.uleb128 0x34
 1418 017f 00       		.byte	0
 1419 0180 03       		.uleb128 0x3
 1420 0181 0E       		.uleb128 0xe
 1421 0182 3A       		.uleb128 0x3a
 1422 0183 0B       		.uleb128 0xb
 1423 0184 3B       		.uleb128 0x3b
 1424 0185 05       		.uleb128 0x5
 1425 0186 49       		.uleb128 0x49
 1426 0187 13       		.uleb128 0x13
 1427 0188 3F       		.uleb128 0x3f
 1428 0189 19       		.uleb128 0x19
 1429 018a 3C       		.uleb128 0x3c
 1430 018b 19       		.uleb128 0x19
 1431 018c 00       		.byte	0
 1432 018d 00       		.byte	0
 1433 018e 1D       		.uleb128 0x1d
 1434 018f 34       		.uleb128 0x34
 1435 0190 00       		.byte	0
 1436 0191 03       		.uleb128 0x3
 1437 0192 0E       		.uleb128 0xe
 1438 0193 3A       		.uleb128 0x3a
 1439 0194 0B       		.uleb128 0xb
 1440 0195 3B       		.uleb128 0x3b
ARM GAS  C:\Users\bchir\AppData\Local\Temp\ccZHhjud.s 			page 29


 1441 0196 0B       		.uleb128 0xb
 1442 0197 49       		.uleb128 0x49
 1443 0198 13       		.uleb128 0x13
 1444 0199 3F       		.uleb128 0x3f
 1445 019a 19       		.uleb128 0x19
 1446 019b 02       		.uleb128 0x2
 1447 019c 18       		.uleb128 0x18
 1448 019d 00       		.byte	0
 1449 019e 00       		.byte	0
 1450 019f 1E       		.uleb128 0x1e
 1451 01a0 26       		.uleb128 0x26
 1452 01a1 00       		.byte	0
 1453 01a2 49       		.uleb128 0x49
 1454 01a3 13       		.uleb128 0x13
 1455 01a4 00       		.byte	0
 1456 01a5 00       		.byte	0
 1457 01a6 1F       		.uleb128 0x1f
 1458 01a7 2E       		.uleb128 0x2e
 1459 01a8 00       		.byte	0
 1460 01a9 3F       		.uleb128 0x3f
 1461 01aa 19       		.uleb128 0x19
 1462 01ab 3C       		.uleb128 0x3c
 1463 01ac 19       		.uleb128 0x19
 1464 01ad 6E       		.uleb128 0x6e
 1465 01ae 0E       		.uleb128 0xe
 1466 01af 03       		.uleb128 0x3
 1467 01b0 0E       		.uleb128 0xe
 1468 01b1 3A       		.uleb128 0x3a
 1469 01b2 0B       		.uleb128 0xb
 1470 01b3 3B       		.uleb128 0x3b
 1471 01b4 05       		.uleb128 0x5
 1472 01b5 00       		.byte	0
 1473 01b6 00       		.byte	0
 1474 01b7 20       		.uleb128 0x20
 1475 01b8 2E       		.uleb128 0x2e
 1476 01b9 00       		.byte	0
 1477 01ba 3F       		.uleb128 0x3f
 1478 01bb 19       		.uleb128 0x19
 1479 01bc 3C       		.uleb128 0x3c
 1480 01bd 19       		.uleb128 0x19
 1481 01be 6E       		.uleb128 0x6e
 1482 01bf 0E       		.uleb128 0xe
 1483 01c0 03       		.uleb128 0x3
 1484 01c1 0E       		.uleb128 0xe
 1485 01c2 3A       		.uleb128 0x3a
 1486 01c3 0B       		.uleb128 0xb
 1487 01c4 3B       		.uleb128 0x3b
 1488 01c5 0B       		.uleb128 0xb
 1489 01c6 00       		.byte	0
 1490 01c7 00       		.byte	0
 1491 01c8 21       		.uleb128 0x21
 1492 01c9 2E       		.uleb128 0x2e
 1493 01ca 00       		.byte	0
 1494 01cb 3F       		.uleb128 0x3f
 1495 01cc 19       		.uleb128 0x19
 1496 01cd 3C       		.uleb128 0x3c
 1497 01ce 19       		.uleb128 0x19
ARM GAS  C:\Users\bchir\AppData\Local\Temp\ccZHhjud.s 			page 30


 1498 01cf 6E       		.uleb128 0x6e
 1499 01d0 0E       		.uleb128 0xe
 1500 01d1 03       		.uleb128 0x3
 1501 01d2 0E       		.uleb128 0xe
 1502 01d3 00       		.byte	0
 1503 01d4 00       		.byte	0
 1504 01d5 00       		.byte	0
 1505              		.section	.debug_loc,"",%progbits
 1506              	.Ldebug_loc0:
 1507              	.LLST0:
 1508 0000 00000000 		.4byte	.LVL0
 1509 0004 08000000 		.4byte	.LVL2
 1510 0008 0100     		.2byte	0x1
 1511 000a 50       		.byte	0x50
 1512 000b 08000000 		.4byte	.LVL2
 1513 000f 90000000 		.4byte	.LFE68
 1514 0013 0400     		.2byte	0x4
 1515 0015 F3       		.byte	0xf3
 1516 0016 01       		.uleb128 0x1
 1517 0017 50       		.byte	0x50
 1518 0018 9F       		.byte	0x9f
 1519 0019 00000000 		.4byte	0
 1520 001d 00000000 		.4byte	0
 1521              	.LLST1:
 1522 0021 5E000000 		.4byte	.LVL8
 1523 0025 69000000 		.4byte	.LVL9-1
 1524 0029 0100     		.2byte	0x1
 1525 002b 50       		.byte	0x50
 1526 002c 00000000 		.4byte	0
 1527 0030 00000000 		.4byte	0
 1528              	.LLST2:
 1529 0034 00000000 		.4byte	.LVL12
 1530 0038 0C000000 		.4byte	.LVL13
 1531 003c 0100     		.2byte	0x1
 1532 003e 50       		.byte	0x50
 1533 003f 0C000000 		.4byte	.LVL13
 1534 0043 4C000000 		.4byte	.LVL16
 1535 0047 0100     		.2byte	0x1
 1536 0049 54       		.byte	0x54
 1537 004a 4C000000 		.4byte	.LVL16
 1538 004e 4E000000 		.4byte	.LVL17
 1539 0052 0100     		.2byte	0x1
 1540 0054 50       		.byte	0x50
 1541 0055 4E000000 		.4byte	.LVL17
 1542 0059 52000000 		.4byte	.LVL19
 1543 005d 0400     		.2byte	0x4
 1544 005f F3       		.byte	0xf3
 1545 0060 01       		.uleb128 0x1
 1546 0061 50       		.byte	0x50
 1547 0062 9F       		.byte	0x9f
 1548 0063 52000000 		.4byte	.LVL19
 1549 0067 54000000 		.4byte	.LVL20
 1550 006b 0100     		.2byte	0x1
 1551 006d 50       		.byte	0x50
 1552 006e 54000000 		.4byte	.LVL20
 1553 0072 58000000 		.4byte	.LVL22
 1554 0076 0100     		.2byte	0x1
ARM GAS  C:\Users\bchir\AppData\Local\Temp\ccZHhjud.s 			page 31


 1555 0078 54       		.byte	0x54
 1556 0079 58000000 		.4byte	.LVL22
 1557 007d 5C000000 		.4byte	.LFE69
 1558 0081 0400     		.2byte	0x4
 1559 0083 F3       		.byte	0xf3
 1560 0084 01       		.uleb128 0x1
 1561 0085 50       		.byte	0x50
 1562 0086 9F       		.byte	0x9f
 1563 0087 00000000 		.4byte	0
 1564 008b 00000000 		.4byte	0
 1565              	.LLST3:
 1566 008f 00000000 		.4byte	.LVL12
 1567 0093 0F000000 		.4byte	.LVL14-1
 1568 0097 0100     		.2byte	0x1
 1569 0099 51       		.byte	0x51
 1570 009a 0F000000 		.4byte	.LVL14-1
 1571 009e 4C000000 		.4byte	.LVL16
 1572 00a2 0400     		.2byte	0x4
 1573 00a4 F3       		.byte	0xf3
 1574 00a5 01       		.uleb128 0x1
 1575 00a6 51       		.byte	0x51
 1576 00a7 9F       		.byte	0x9f
 1577 00a8 4C000000 		.4byte	.LVL16
 1578 00ac 50000000 		.4byte	.LVL18
 1579 00b0 0100     		.2byte	0x1
 1580 00b2 51       		.byte	0x51
 1581 00b3 50000000 		.4byte	.LVL18
 1582 00b7 52000000 		.4byte	.LVL19
 1583 00bb 0400     		.2byte	0x4
 1584 00bd F3       		.byte	0xf3
 1585 00be 01       		.uleb128 0x1
 1586 00bf 51       		.byte	0x51
 1587 00c0 9F       		.byte	0x9f
 1588 00c1 52000000 		.4byte	.LVL19
 1589 00c5 56000000 		.4byte	.LVL21
 1590 00c9 0100     		.2byte	0x1
 1591 00cb 51       		.byte	0x51
 1592 00cc 56000000 		.4byte	.LVL21
 1593 00d0 5C000000 		.4byte	.LFE69
 1594 00d4 0400     		.2byte	0x4
 1595 00d6 F3       		.byte	0xf3
 1596 00d7 01       		.uleb128 0x1
 1597 00d8 51       		.byte	0x51
 1598 00d9 9F       		.byte	0x9f
 1599 00da 00000000 		.4byte	0
 1600 00de 00000000 		.4byte	0
 1601              	.LLST4:
 1602 00e2 00000000 		.4byte	.LVL12
 1603 00e6 0F000000 		.4byte	.LVL14-1
 1604 00ea 0100     		.2byte	0x1
 1605 00ec 52       		.byte	0x52
 1606 00ed 0F000000 		.4byte	.LVL14-1
 1607 00f1 4C000000 		.4byte	.LVL16
 1608 00f5 0400     		.2byte	0x4
 1609 00f7 F3       		.byte	0xf3
 1610 00f8 01       		.uleb128 0x1
 1611 00f9 52       		.byte	0x52
ARM GAS  C:\Users\bchir\AppData\Local\Temp\ccZHhjud.s 			page 32


 1612 00fa 9F       		.byte	0x9f
 1613 00fb 4C000000 		.4byte	.LVL16
 1614 00ff 5C000000 		.4byte	.LFE69
 1615 0103 0100     		.2byte	0x1
 1616 0105 52       		.byte	0x52
 1617 0106 00000000 		.4byte	0
 1618 010a 00000000 		.4byte	0
 1619              	.LLST5:
 1620 010e 00000000 		.4byte	.LVL12
 1621 0112 0F000000 		.4byte	.LVL14-1
 1622 0116 0100     		.2byte	0x1
 1623 0118 53       		.byte	0x53
 1624 0119 0F000000 		.4byte	.LVL14-1
 1625 011d 4C000000 		.4byte	.LVL16
 1626 0121 0400     		.2byte	0x4
 1627 0123 F3       		.byte	0xf3
 1628 0124 01       		.uleb128 0x1
 1629 0125 53       		.byte	0x53
 1630 0126 9F       		.byte	0x9f
 1631 0127 4C000000 		.4byte	.LVL16
 1632 012b 58000000 		.4byte	.LVL22
 1633 012f 0100     		.2byte	0x1
 1634 0131 53       		.byte	0x53
 1635 0132 58000000 		.4byte	.LVL22
 1636 0136 5C000000 		.4byte	.LFE69
 1637 013a 0400     		.2byte	0x4
 1638 013c F3       		.byte	0xf3
 1639 013d 01       		.uleb128 0x1
 1640 013e 53       		.byte	0x53
 1641 013f 9F       		.byte	0x9f
 1642 0140 00000000 		.4byte	0
 1643 0144 00000000 		.4byte	0
 1644              	.LLST6:
 1645 0148 00000000 		.4byte	.LVL12
 1646 014c 4C000000 		.4byte	.LVL16
 1647 0150 0200     		.2byte	0x2
 1648 0152 91       		.byte	0x91
 1649 0153 00       		.sleb128 0
 1650 0154 4C000000 		.4byte	.LVL16
 1651 0158 58000000 		.4byte	.LVL22
 1652 015c 0200     		.2byte	0x2
 1653 015e 91       		.byte	0x91
 1654 015f 00       		.sleb128 0
 1655 0160 58000000 		.4byte	.LVL22
 1656 0164 5C000000 		.4byte	.LFE69
 1657 0168 0200     		.2byte	0x2
 1658 016a 7D       		.byte	0x7d
 1659 016b 00       		.sleb128 0
 1660 016c 00000000 		.4byte	0
 1661 0170 00000000 		.4byte	0
 1662              	.LLST7:
 1663 0174 00000000 		.4byte	.LVL12
 1664 0178 4C000000 		.4byte	.LVL16
 1665 017c 0200     		.2byte	0x2
 1666 017e 91       		.byte	0x91
 1667 017f 04       		.sleb128 4
 1668 0180 4C000000 		.4byte	.LVL16
ARM GAS  C:\Users\bchir\AppData\Local\Temp\ccZHhjud.s 			page 33


 1669 0184 58000000 		.4byte	.LVL22
 1670 0188 0200     		.2byte	0x2
 1671 018a 91       		.byte	0x91
 1672 018b 04       		.sleb128 4
 1673 018c 58000000 		.4byte	.LVL22
 1674 0190 5C000000 		.4byte	.LFE69
 1675 0194 0200     		.2byte	0x2
 1676 0196 7D       		.byte	0x7d
 1677 0197 04       		.sleb128 4
 1678 0198 00000000 		.4byte	0
 1679 019c 00000000 		.4byte	0
 1680              	.LLST8:
 1681 01a0 00000000 		.4byte	.LVL12
 1682 01a4 4C000000 		.4byte	.LVL16
 1683 01a8 0200     		.2byte	0x2
 1684 01aa 91       		.byte	0x91
 1685 01ab 08       		.sleb128 8
 1686 01ac 4C000000 		.4byte	.LVL16
 1687 01b0 58000000 		.4byte	.LVL22
 1688 01b4 0200     		.2byte	0x2
 1689 01b6 91       		.byte	0x91
 1690 01b7 08       		.sleb128 8
 1691 01b8 58000000 		.4byte	.LVL22
 1692 01bc 5C000000 		.4byte	.LFE69
 1693 01c0 0200     		.2byte	0x2
 1694 01c2 7D       		.byte	0x7d
 1695 01c3 08       		.sleb128 8
 1696 01c4 00000000 		.4byte	0
 1697 01c8 00000000 		.4byte	0
 1698              	.LLST9:
 1699 01cc 00000000 		.4byte	.LVL12
 1700 01d0 4C000000 		.4byte	.LVL16
 1701 01d4 0200     		.2byte	0x2
 1702 01d6 91       		.byte	0x91
 1703 01d7 10       		.sleb128 16
 1704 01d8 4C000000 		.4byte	.LVL16
 1705 01dc 58000000 		.4byte	.LVL22
 1706 01e0 0200     		.2byte	0x2
 1707 01e2 91       		.byte	0x91
 1708 01e3 10       		.sleb128 16
 1709 01e4 58000000 		.4byte	.LVL22
 1710 01e8 5C000000 		.4byte	.LFE69
 1711 01ec 0200     		.2byte	0x2
 1712 01ee 7D       		.byte	0x7d
 1713 01ef 10       		.sleb128 16
 1714 01f0 00000000 		.4byte	0
 1715 01f4 00000000 		.4byte	0
 1716              		.section	.debug_aranges,"",%progbits
 1717 0000 34000000 		.4byte	0x34
 1718 0004 0200     		.2byte	0x2
 1719 0006 00000000 		.4byte	.Ldebug_info0
 1720 000a 04       		.byte	0x4
 1721 000b 00       		.byte	0
 1722 000c 0000     		.2byte	0
 1723 000e 0000     		.2byte	0
 1724 0010 00000000 		.4byte	.LFB68
 1725 0014 90000000 		.4byte	.LFE68-.LFB68
ARM GAS  C:\Users\bchir\AppData\Local\Temp\ccZHhjud.s 			page 34


 1726 0018 00000000 		.4byte	.LFB69
 1727 001c 5C000000 		.4byte	.LFE69-.LFB69
 1728 0020 00000000 		.4byte	.LFB70
 1729 0024 0C000000 		.4byte	.LFE70-.LFB70
 1730 0028 00000000 		.4byte	.LFB71
 1731 002c 2C000000 		.4byte	.LFE71-.LFB71
 1732 0030 00000000 		.4byte	0
 1733 0034 00000000 		.4byte	0
 1734              		.section	.debug_ranges,"",%progbits
 1735              	.Ldebug_ranges0:
 1736 0000 00000000 		.4byte	.LFB68
 1737 0004 90000000 		.4byte	.LFE68
 1738 0008 00000000 		.4byte	.LFB69
 1739 000c 5C000000 		.4byte	.LFE69
 1740 0010 00000000 		.4byte	.LFB70
 1741 0014 0C000000 		.4byte	.LFE70
 1742 0018 00000000 		.4byte	.LFB71
 1743 001c 2C000000 		.4byte	.LFE71
 1744 0020 00000000 		.4byte	0
 1745 0024 00000000 		.4byte	0
 1746              		.section	.debug_line,"",%progbits
 1747              	.Ldebug_line0:
 1748 0000 07030000 		.section	.debug_str,"MS",%progbits,1
 1748      02008B02 
 1748      00000201 
 1748      FB0E0D00 
 1748      01010101 
 1749              	.LASF44:
 1750 0000 706F7765 		.ascii	"powerMoConDataPacket_t\000"
 1750      724D6F43 
 1750      6F6E4461 
 1750      74615061 
 1750      636B6574 
 1751              	.LASF51:
 1752 0017 70636B74 		.ascii	"pcktPos\000"
 1752      506F7300 
 1753              	.LASF26:
 1754 001f 654E6F41 		.ascii	"eNoAction\000"
 1754      6374696F 
 1754      6E00
 1755              	.LASF18:
 1756 0029 646F7562 		.ascii	"double\000"
 1756      6C6500
 1757              	.LASF10:
 1758 0030 5F5F7569 		.ascii	"__uint64_t\000"
 1758      6E743634 
 1758      5F7400
 1759              	.LASF66:
 1760 003b 78517565 		.ascii	"xQueueReceive\000"
 1760      75655265 
 1760      63656976 
 1760      6500
 1761              	.LASF53:
 1762 0049 7072696F 		.ascii	"priority\000"
 1762      72697479 
 1762      00
 1763              	.LASF16:
ARM GAS  C:\Users\bchir\AppData\Local\Temp\ccZHhjud.s 			page 35


 1764 0052 75696E74 		.ascii	"uint64_t\000"
 1764      36345F74 
 1764      00
 1765              	.LASF46:
 1766 005b 74656D70 		.ascii	"temp\000"
 1766      00
 1767              	.LASF2:
 1768 0060 73686F72 		.ascii	"short int\000"
 1768      7420696E 
 1768      7400
 1769              	.LASF64:
 1770 006a 7077724D 		.ascii	"pwrMonControlPacket\000"
 1770      6F6E436F 
 1770      6E74726F 
 1770      6C506163 
 1770      6B657400 
 1771              	.LASF21:
 1772 007e 73697A65 		.ascii	"sizetype\000"
 1772      74797065 
 1772      00
 1773              	.LASF71:
 1774 0087 76546173 		.ascii	"vTaskDelay\000"
 1774      6B44656C 
 1774      617900
 1775              	.LASF77:
 1776 0092 5461736B 		.ascii	"TaskSystemMessenger\000"
 1776      53797374 
 1776      656D4D65 
 1776      7373656E 
 1776      67657200 
 1777              	.LASF20:
 1778 00a6 6C6F6E67 		.ascii	"long double\000"
 1778      20646F75 
 1778      626C6500 
 1779              	.LASF7:
 1780 00b2 5F5F7569 		.ascii	"__uint32_t\000"
 1780      6E743332 
 1780      5F7400
 1781              	.LASF40:
 1782 00bd 7061636B 		.ascii	"packetCount\000"
 1782      6574436F 
 1782      756E7400 
 1783              	.LASF81:
 1784 00c9 6D656D63 		.ascii	"memcpy\000"
 1784      707900
 1785              	.LASF13:
 1786 00d0 75696E74 		.ascii	"uint8_t\000"
 1786      385F7400 
 1787              	.LASF34:
 1788 00d8 73746172 		.ascii	"startSeq\000"
 1788      74536571 
 1788      00
 1789              	.LASF58:
 1790 00e1 7379734D 		.ascii	"sysMessegesQ\000"
 1790      65737365 
 1790      67657351 
 1790      00
ARM GAS  C:\Users\bchir\AppData\Local\Temp\ccZHhjud.s 			page 36


 1791              	.LASF72:
 1792 00ee 72616E64 		.ascii	"rand\000"
 1792      00
 1793              	.LASF41:
 1794 00f3 7061636B 		.ascii	"packetPos\000"
 1794      6574506F 
 1794      7300
 1795              	.LASF27:
 1796 00fd 65536574 		.ascii	"eSetBits\000"
 1796      42697473 
 1796      00
 1797              	.LASF67:
 1798 0106 78517565 		.ascii	"xQueueGenericSend\000"
 1798      75654765 
 1798      6E657269 
 1798      6353656E 
 1798      6400
 1799              	.LASF56:
 1800 0118 7461736B 		.ascii	"taskMessegesQ\000"
 1800      4D657373 
 1800      65676573 
 1800      5100
 1801              	.LASF17:
 1802 0126 666C6F61 		.ascii	"float\000"
 1802      7400
 1803              	.LASF9:
 1804 012c 6C6F6E67 		.ascii	"long long int\000"
 1804      206C6F6E 
 1804      6720696E 
 1804      7400
 1805              	.LASF24:
 1806 013a 5469636B 		.ascii	"TickType_t\000"
 1806      54797065 
 1806      5F7400
 1807              	.LASF6:
 1808 0145 6C6F6E67 		.ascii	"long int\000"
 1808      20696E74 
 1808      00
 1809              	.LASF57:
 1810 014e 706F7765 		.ascii	"powerMonConMessegesQ\000"
 1810      724D6F6E 
 1810      436F6E4D 
 1810      65737365 
 1810      67657351 
 1811              	.LASF32:
 1812 0163 74736B54 		.ascii	"tskTaskControlBlock\000"
 1812      61736B43 
 1812      6F6E7472 
 1812      6F6C426C 
 1812      6F636B00 
 1813              	.LASF37:
 1814 0177 736F7572 		.ascii	"sourceTaskAdd\000"
 1814      63655461 
 1814      736B4164 
 1814      6400
 1815              	.LASF31:
 1816 0185 51756575 		.ascii	"QueueHandle_t\000"
ARM GAS  C:\Users\bchir\AppData\Local\Temp\ccZHhjud.s 			page 37


 1816      6548616E 
 1816      646C655F 
 1816      7400
 1817              	.LASF42:
 1818 0193 73797374 		.ascii	"systemMessagePacket_t\000"
 1818      656D4D65 
 1818      73736167 
 1818      65506163 
 1818      6B65745F 
 1819              	.LASF50:
 1820 01a9 70636B74 		.ascii	"pcktCount\000"
 1820      436F756E 
 1820      7400
 1821              	.LASF65:
 1822 01b3 78517565 		.ascii	"xQueueGenericCreate\000"
 1822      75654765 
 1822      6E657269 
 1822      63437265 
 1822      61746500 
 1823              	.LASF1:
 1824 01c7 756E7369 		.ascii	"unsigned char\000"
 1824      676E6564 
 1824      20636861 
 1824      7200
 1825              	.LASF79:
 1826 01d5 67657453 		.ascii	"getSysMessegesgQ\000"
 1826      79734D65 
 1826      73736567 
 1826      65736751 
 1826      00
 1827              	.LASF0:
 1828 01e6 7369676E 		.ascii	"signed char\000"
 1828      65642063 
 1828      68617200 
 1829              	.LASF11:
 1830 01f2 6C6F6E67 		.ascii	"long long unsigned int\000"
 1830      206C6F6E 
 1830      6720756E 
 1830      7369676E 
 1830      65642069 
 1831              	.LASF45:
 1832 0209 78486967 		.ascii	"xHigherPriorityTaskWoken\000"
 1832      68657250 
 1832      72696F72 
 1832      69747954 
 1832      61736B57 
 1833              	.LASF15:
 1834 0222 75696E74 		.ascii	"uint32_t\000"
 1834      33325F74 
 1834      00
 1835              	.LASF70:
 1836 022b 67657442 		.ascii	"getBluetoothCommsTaskHandle\000"
 1836      6C756574 
 1836      6F6F7468 
 1836      436F6D6D 
 1836      73546173 
 1837              	.LASF12:
ARM GAS  C:\Users\bchir\AppData\Local\Temp\ccZHhjud.s 			page 38


 1838 0247 756E7369 		.ascii	"unsigned int\000"
 1838      676E6564 
 1838      20696E74 
 1838      00
 1839              	.LASF60:
 1840 0254 7461736B 		.ascii	"taskMessageQSize\000"
 1840      4D657373 
 1840      61676551 
 1840      53697A65 
 1840      00
 1841              	.LASF22:
 1842 0265 42617365 		.ascii	"BaseType_t\000"
 1842      54797065 
 1842      5F7400
 1843              	.LASF38:
 1844 0270 7061796C 		.ascii	"payloadpPriority\000"
 1844      6F616470 
 1844      5072696F 
 1844      72697479 
 1844      00
 1845              	.LASF47:
 1846 0281 70765061 		.ascii	"pvParameters\000"
 1846      72616D65 
 1846      74657273 
 1846      00
 1847              	.LASF33:
 1848 028e 51756575 		.ascii	"QueueDefinition\000"
 1848      65446566 
 1848      696E6974 
 1848      696F6E00 
 1849              	.LASF63:
 1850 029e 6D736750 		.ascii	"msgPacket\000"
 1850      61636B65 
 1850      7400
 1851              	.LASF68:
 1852 02a8 67657450 		.ascii	"getPowerMonitoringAndControlTaskHandle\000"
 1852      6F776572 
 1852      4D6F6E69 
 1852      746F7269 
 1852      6E67416E 
 1853              	.LASF19:
 1854 02cf 63686172 		.ascii	"char\000"
 1854      00
 1855              	.LASF61:
 1856 02d4 6D736753 		.ascii	"msgStartSeq\000"
 1856      74617274 
 1856      53657100 
 1857              	.LASF29:
 1858 02e0 65536574 		.ascii	"eSetValueWithOverwrite\000"
 1858      56616C75 
 1858      65576974 
 1858      684F7665 
 1858      72777269 
 1859              	.LASF14:
 1860 02f7 696E7433 		.ascii	"int32_t\000"
 1860      325F7400 
 1861              	.LASF3:
ARM GAS  C:\Users\bchir\AppData\Local\Temp\ccZHhjud.s 			page 39


 1862 02ff 73686F72 		.ascii	"short unsigned int\000"
 1862      7420756E 
 1862      7369676E 
 1862      65642069 
 1862      6E7400
 1863              	.LASF73:
 1864 0312 78546173 		.ascii	"xTaskCreate\000"
 1864      6B437265 
 1864      61746500 
 1865              	.LASF69:
 1866 031e 78546173 		.ascii	"xTaskGenericNotify\000"
 1866      6B47656E 
 1866      65726963 
 1866      4E6F7469 
 1866      667900
 1867              	.LASF49:
 1868 0331 73726349 		.ascii	"srcID\000"
 1868      4400
 1869              	.LASF8:
 1870 0337 6C6F6E67 		.ascii	"long unsigned int\000"
 1870      20756E73 
 1870      69676E65 
 1870      6420696E 
 1870      7400
 1871              	.LASF62:
 1872 0349 6D736745 		.ascii	"msgEndSeq\000"
 1872      6E645365 
 1872      7100
 1873              	.LASF23:
 1874 0353 55426173 		.ascii	"UBaseType_t\000"
 1874      65547970 
 1874      655F7400 
 1875              	.LASF36:
 1876 035f 7061636B 		.ascii	"packetId\000"
 1876      65744964 
 1876      00
 1877              	.LASF30:
 1878 0368 65536574 		.ascii	"eSetValueWithoutOverwrite\000"
 1878      56616C75 
 1878      65576974 
 1878      686F7574 
 1878      4F766572 
 1879              	.LASF48:
 1880 0382 73697A65 		.ascii	"size\000"
 1880      00
 1881              	.LASF59:
 1882 0387 73797351 		.ascii	"sysQSize\000"
 1882      53697A65 
 1882      00
 1883              	.LASF54:
 1884 0390 7848616E 		.ascii	"xHandle\000"
 1884      646C6500 
 1885              	.LASF5:
 1886 0398 5F5F696E 		.ascii	"__int32_t\000"
 1886      7433325F 
 1886      7400
 1887              	.LASF80:
ARM GAS  C:\Users\bchir\AppData\Local\Temp\ccZHhjud.s 			page 40


 1888 03a2 73746172 		.ascii	"startTaskSystemMessenger\000"
 1888      74546173 
 1888      6B537973 
 1888      74656D4D 
 1888      65737365 
 1889              	.LASF76:
 1890 03bb 453A5C47 		.ascii	"E:\\GIT Hub Project\\protocov\\Protocov\\Protocov.c"
 1890      49542048 
 1890      75622050 
 1890      726F6A65 
 1890      63745C70 
 1891 03ea 7964736E 		.ascii	"ydsn\000"
 1891      00
 1892              	.LASF78:
 1893 03ef 63726561 		.ascii	"createSystemMsgPacket\000"
 1893      74655379 
 1893      7374656D 
 1893      4D736750 
 1893      61636B65 
 1894              	.LASF75:
 1895 0405 53797374 		.ascii	"SystemMessenger.c\000"
 1895      656D4D65 
 1895      7373656E 
 1895      6765722E 
 1895      6300
 1896              	.LASF52:
 1897 0417 6D736749 		.ascii	"msgID\000"
 1897      4400
 1898              	.LASF35:
 1899 041d 656E6453 		.ascii	"endSeq\000"
 1899      657100
 1900              	.LASF55:
 1901 0424 49544D5F 		.ascii	"ITM_RxBuffer\000"
 1901      52784275 
 1901      66666572 
 1901      00
 1902              	.LASF74:
 1903 0431 474E5520 		.ascii	"GNU C11 5.4.1 20160609 (release) [ARM/embedded-5-br"
 1903      43313120 
 1903      352E342E 
 1903      31203230 
 1903      31363036 
 1904 0464 616E6368 		.ascii	"anch revision 237715] -mcpu=cortex-m3 -mthumb -g -O"
 1904      20726576 
 1904      6973696F 
 1904      6E203233 
 1904      37373135 
 1905 0497 67202D66 		.ascii	"g -ffunction-sections -ffat-lto-objects\000"
 1905      66756E63 
 1905      74696F6E 
 1905      2D736563 
 1905      74696F6E 
 1906              	.LASF43:
 1907 04bf 76656869 		.ascii	"vehicleBattVoltage\000"
 1907      636C6542 
 1907      61747456 
 1907      6F6C7461 
ARM GAS  C:\Users\bchir\AppData\Local\Temp\ccZHhjud.s 			page 41


 1907      676500
 1908              	.LASF25:
 1909 04d2 5461736B 		.ascii	"TaskHandle_t\000"
 1909      48616E64 
 1909      6C655F74 
 1909      00
 1910              	.LASF28:
 1911 04df 65496E63 		.ascii	"eIncrement\000"
 1911      72656D65 
 1911      6E7400
 1912              	.LASF39:
 1913 04ea 7061796C 		.ascii	"payload\000"
 1913      6F616400 
 1914              	.LASF4:
 1915 04f2 5F5F7569 		.ascii	"__uint8_t\000"
 1915      6E74385F 
 1915      7400
 1916              		.ident	"GCC: (GNU Tools for ARM Embedded Processors) 5.4.1 20160609 (release) [ARM/embedded-5-bran
