ARM GAS  C:\Users\bchir\AppData\Local\Temp\ccSCGIB7.s 			page 1


   1              		.syntax unified
   2              		.cpu cortex-m3
   3              		.fpu softvfp
   4              		.eabi_attribute 20, 1
   5              		.eabi_attribute 21, 1
   6              		.eabi_attribute 23, 3
   7              		.eabi_attribute 24, 1
   8              		.eabi_attribute 25, 1
   9              		.eabi_attribute 26, 1
  10              		.eabi_attribute 30, 1
  11              		.eabi_attribute 34, 1
  12              		.eabi_attribute 18, 4
  13              		.thumb
  14              		.syntax unified
  15              		.file	"UserButtonControl.c"
  16              		.text
  17              	.Ltext0:
  18              		.cfi_sections	.debug_frame
  19              		.section	.text.TaskUserButtonControl,"ax",%progbits
  20              		.align	2
  21              		.thumb
  22              		.thumb_func
  23              		.type	TaskUserButtonControl, %function
  24              	TaskUserButtonControl:
  25              	.LFB68:
  26              		.file 1 "UserButtonControl.c"
   1:UserButtonControl.c **** /* ========================================
   2:UserButtonControl.c ****  *
   3:UserButtonControl.c ****  * Copyright YOUR COMPANY, THE YEAR
   4:UserButtonControl.c ****  * All Rights Reserved
   5:UserButtonControl.c ****  * UNPUBLISHED, LICENSED SOFTWARE.
   6:UserButtonControl.c ****  *
   7:UserButtonControl.c ****  * CONFIDENTIAL AND PROPRIETARY INFORMATION
   8:UserButtonControl.c ****  * WHICH IS THE PROPERTY OF your company.
   9:UserButtonControl.c ****  *
  10:UserButtonControl.c ****  * ========================================
  11:UserButtonControl.c **** */
  12:UserButtonControl.c **** 
  13:UserButtonControl.c **** #include "UserButtonControl.h"
  14:UserButtonControl.c **** 
  15:UserButtonControl.c **** static TaskHandle_t xHandle;
  16:UserButtonControl.c **** 
  17:UserButtonControl.c **** static void TaskUserButtonControl( void *pvParameters )
  18:UserButtonControl.c **** {
  27              		.loc 1 18 0
  28              		.cfi_startproc
  29              		@ Volatile: function does not return.
  30              		@ args = 0, pretend = 0, frame = 0
  31              		@ frame_needed = 0, uses_anonymous_args = 0
  32              	.LVL0:
  33 0000 08B5     		push	{r3, lr}
  34              		.cfi_def_cfa_offset 8
  35              		.cfi_offset 3, -8
  36              		.cfi_offset 14, -4
  19:UserButtonControl.c **** 	
  20:UserButtonControl.c ****     (void)pvParameters;
  21:UserButtonControl.c ****     
ARM GAS  C:\Users\bchir\AppData\Local\Temp\ccSCGIB7.s 			page 2


  22:UserButtonControl.c ****     PlayPauseButton_SetDriveMode ( PIN_DM_DIG_HIZ  );
  37              		.loc 1 22 0
  38 0002 0220     		movs	r0, #2
  39              	.LVL1:
  40 0004 FFF7FEFF 		bl	PlayPauseButton_SetDriveMode
  41              	.LVL2:
  42              	.L2:
  23:UserButtonControl.c ****   
  24:UserButtonControl.c **** 	for( ;; )
  25:UserButtonControl.c **** 	{
  26:UserButtonControl.c **** 		
  27:UserButtonControl.c ****         vTaskDelay(1);
  43              		.loc 1 27 0 discriminator 1
  44 0008 0120     		movs	r0, #1
  45 000a FFF7FEFF 		bl	vTaskDelay
  46              	.LVL3:
  47 000e FBE7     		b	.L2
  48              		.cfi_endproc
  49              	.LFE68:
  50              		.size	TaskUserButtonControl, .-TaskUserButtonControl
  51              		.section	.text.startTaskUserButtonControl,"ax",%progbits
  52              		.align	2
  53              		.global	startTaskUserButtonControl
  54              		.thumb
  55              		.thumb_func
  56              		.type	startTaskUserButtonControl, %function
  57              	startTaskUserButtonControl:
  58              	.LFB69:
  28:UserButtonControl.c **** 	}
  29:UserButtonControl.c **** 	
  30:UserButtonControl.c **** }
  31:UserButtonControl.c **** 
  32:UserButtonControl.c **** 
  33:UserButtonControl.c **** void startTaskUserButtonControl()
  34:UserButtonControl.c **** {
  59              		.loc 1 34 0
  60              		.cfi_startproc
  61              		@ args = 0, pretend = 0, frame = 0
  62              		@ frame_needed = 0, uses_anonymous_args = 0
  63 0000 00B5     		push	{lr}
  64              		.cfi_def_cfa_offset 4
  65              		.cfi_offset 14, -4
  66 0002 83B0     		sub	sp, sp, #12
  67              		.cfi_def_cfa_offset 16
  35:UserButtonControl.c ****     xHandle = NULL; 
  68              		.loc 1 35 0
  69 0004 064A     		ldr	r2, .L6
  70 0006 0023     		movs	r3, #0
  71 0008 1360     		str	r3, [r2]
  36:UserButtonControl.c ****  	/* Create the task, storing the handle. */ 
  37:UserButtonControl.c **** 	xTaskCreate(
  72              		.loc 1 37 0
  73 000a 0192     		str	r2, [sp, #4]
  74 000c 0093     		str	r3, [sp]
  75 000e 0123     		movs	r3, #1
  76 0010 8022     		movs	r2, #128
  77 0012 0449     		ldr	r1, .L6+4
ARM GAS  C:\Users\bchir\AppData\Local\Temp\ccSCGIB7.s 			page 3


  78 0014 0448     		ldr	r0, .L6+8
  79 0016 FFF7FEFF 		bl	xTaskCreate
  80              	.LVL4:
  38:UserButtonControl.c **** 		TaskUserButtonControl,    /* Function that implements the task. */ 
  39:UserButtonControl.c **** 		"UserButtonControl",  /* Text name for the task. */ 
  40:UserButtonControl.c **** 		128,                        /* Stack size in words, not bytes. */ 
  41:UserButtonControl.c **** 		( void * ) 1,               /* Parameter passed into the task. */ 
  42:UserButtonControl.c **** 		tskIDLE_PRIORITY,           /* Priority at which the task is created. */ 
  43:UserButtonControl.c **** 	&xHandle );                     /* Used to pass out the created task's handle. */ 
  44:UserButtonControl.c ****     
  45:UserButtonControl.c ****     
  46:UserButtonControl.c **** }
  81              		.loc 1 46 0
  82 001a 03B0     		add	sp, sp, #12
  83              		.cfi_def_cfa_offset 4
  84              		@ sp needed
  85 001c 5DF804FB 		ldr	pc, [sp], #4
  86              	.L7:
  87              		.align	2
  88              	.L6:
  89 0020 00000000 		.word	.LANCHOR0
  90 0024 00000000 		.word	.LC0
  91 0028 00000000 		.word	TaskUserButtonControl
  92              		.cfi_endproc
  93              	.LFE69:
  94              		.size	startTaskUserButtonControl, .-startTaskUserButtonControl
  95              		.section	.rodata.str1.4,"aMS",%progbits,1
  96              		.align	2
  97              	.LC0:
  98 0000 55736572 		.ascii	"UserButtonControl\000"
  98      42757474 
  98      6F6E436F 
  98      6E74726F 
  98      6C00
  99              		.bss
 100              		.align	2
 101              		.set	.LANCHOR0,. + 0
 102              		.type	xHandle, %object
 103              		.size	xHandle, 4
 104              	xHandle:
 105 0000 00000000 		.space	4
 106              		.text
 107              	.Letext0:
 108              		.file 2 "c:\\program files (x86)\\cypress\\psoc creator\\4.4\\psoc creator\\import\\gnu\\arm\\5.4.
 109              		.file 3 "c:\\program files (x86)\\cypress\\psoc creator\\4.4\\psoc creator\\import\\gnu\\arm\\5.4.
 110              		.file 4 "Generated_Source\\PSoC5/cytypes.h"
 111              		.file 5 "..\\..\\..\\FreeRTOS\\FreeRTOS-Kernel\\portable\\GCC\\ARM_CM3/portmacro.h"
 112              		.file 6 "..\\..\\..\\FreeRTOS\\FreeRTOS-Kernel\\include/task.h"
 113              		.file 7 "Generated_Source\\PSoC5/PlayPauseButton.h"
 114              		.file 8 "Generated_Source\\PSoC5/core_cm3.h"
 115              		.section	.debug_info,"",%progbits
 116              	.Ldebug_info0:
 117 0000 A9010000 		.4byte	0x1a9
 118 0004 0400     		.2byte	0x4
 119 0006 00000000 		.4byte	.Ldebug_abbrev0
 120 000a 04       		.byte	0x4
 121 000b 01       		.uleb128 0x1
ARM GAS  C:\Users\bchir\AppData\Local\Temp\ccSCGIB7.s 			page 4


 122 000c 3A000000 		.4byte	.LASF22
 123 0010 0C       		.byte	0xc
 124 0011 25020000 		.4byte	.LASF23
 125 0015 99010000 		.4byte	.LASF24
 126 0019 00000000 		.4byte	.Ldebug_ranges0+0
 127 001d 00000000 		.4byte	0
 128 0021 00000000 		.4byte	.Ldebug_line0
 129 0025 02       		.uleb128 0x2
 130 0026 01       		.byte	0x1
 131 0027 06       		.byte	0x6
 132 0028 19020000 		.4byte	.LASF0
 133 002c 02       		.uleb128 0x2
 134 002d 01       		.byte	0x1
 135 002e 08       		.byte	0x8
 136 002f FA000000 		.4byte	.LASF1
 137 0033 02       		.uleb128 0x2
 138 0034 02       		.byte	0x2
 139 0035 05       		.byte	0x5
 140 0036 CD010000 		.4byte	.LASF2
 141 003a 02       		.uleb128 0x2
 142 003b 02       		.byte	0x2
 143 003c 07       		.byte	0x7
 144 003d DA000000 		.4byte	.LASF3
 145 0041 03       		.uleb128 0x3
 146 0042 16000000 		.4byte	.LASF9
 147 0046 02       		.byte	0x2
 148 0047 3F       		.byte	0x3f
 149 0048 4C000000 		.4byte	0x4c
 150 004c 02       		.uleb128 0x2
 151 004d 04       		.byte	0x4
 152 004e 05       		.byte	0x5
 153 004f EA010000 		.4byte	.LASF4
 154 0053 02       		.uleb128 0x2
 155 0054 04       		.byte	0x4
 156 0055 07       		.byte	0x7
 157 0056 C8000000 		.4byte	.LASF5
 158 005a 02       		.uleb128 0x2
 159 005b 08       		.byte	0x8
 160 005c 05       		.byte	0x5
 161 005d 79010000 		.4byte	.LASF6
 162 0061 02       		.uleb128 0x2
 163 0062 08       		.byte	0x8
 164 0063 07       		.byte	0x7
 165 0064 4D010000 		.4byte	.LASF7
 166 0068 04       		.uleb128 0x4
 167 0069 04       		.byte	0x4
 168 006a 05       		.byte	0x5
 169 006b 696E7400 		.ascii	"int\000"
 170 006f 02       		.uleb128 0x2
 171 0070 04       		.byte	0x4
 172 0071 07       		.byte	0x7
 173 0072 40010000 		.4byte	.LASF8
 174 0076 03       		.uleb128 0x3
 175 0077 20000000 		.4byte	.LASF10
 176 007b 03       		.byte	0x3
 177 007c 2C       		.byte	0x2c
 178 007d 41000000 		.4byte	0x41
ARM GAS  C:\Users\bchir\AppData\Local\Temp\ccSCGIB7.s 			page 5


 179 0081 05       		.uleb128 0x5
 180 0082 D7010000 		.4byte	.LASF11
 181 0086 04       		.byte	0x4
 182 0087 E901     		.2byte	0x1e9
 183 0089 2C000000 		.4byte	0x2c
 184 008d 02       		.uleb128 0x2
 185 008e 04       		.byte	0x4
 186 008f 04       		.byte	0x4
 187 0090 28000000 		.4byte	.LASF12
 188 0094 02       		.uleb128 0x2
 189 0095 08       		.byte	0x8
 190 0096 04       		.byte	0x4
 191 0097 08010000 		.4byte	.LASF13
 192 009b 02       		.uleb128 0x2
 193 009c 01       		.byte	0x1
 194 009d 08       		.byte	0x8
 195 009e 87010000 		.4byte	.LASF14
 196 00a2 02       		.uleb128 0x2
 197 00a3 08       		.byte	0x8
 198 00a4 04       		.byte	0x4
 199 00a5 64010000 		.4byte	.LASF15
 200 00a9 02       		.uleb128 0x2
 201 00aa 04       		.byte	0x4
 202 00ab 07       		.byte	0x7
 203 00ac 70010000 		.4byte	.LASF16
 204 00b0 06       		.uleb128 0x6
 205 00b1 04       		.byte	0x4
 206 00b2 03       		.uleb128 0x3
 207 00b3 2E000000 		.4byte	.LASF17
 208 00b7 05       		.byte	0x5
 209 00b8 3C       		.byte	0x3c
 210 00b9 53000000 		.4byte	0x53
 211 00bd 03       		.uleb128 0x3
 212 00be DD010000 		.4byte	.LASF18
 213 00c2 06       		.byte	0x6
 214 00c3 57       		.byte	0x57
 215 00c4 C8000000 		.4byte	0xc8
 216 00c8 07       		.uleb128 0x7
 217 00c9 04       		.byte	0x4
 218 00ca CE000000 		.4byte	0xce
 219 00ce 08       		.uleb128 0x8
 220 00cf 0F010000 		.4byte	.LASF25
 221 00d3 09       		.uleb128 0x9
 222 00d4 00000000 		.4byte	.LASF26
 223 00d8 01       		.byte	0x1
 224 00d9 11       		.byte	0x11
 225 00da 00000000 		.4byte	.LFB68
 226 00de 10000000 		.4byte	.LFE68-.LFB68
 227 00e2 01       		.uleb128 0x1
 228 00e3 9C       		.byte	0x9c
 229 00e4 1A010000 		.4byte	0x11a
 230 00e8 0A       		.uleb128 0xa
 231 00e9 8C010000 		.4byte	.LASF27
 232 00ed 01       		.byte	0x1
 233 00ee 11       		.byte	0x11
 234 00ef B0000000 		.4byte	0xb0
 235 00f3 00000000 		.4byte	.LLST0
ARM GAS  C:\Users\bchir\AppData\Local\Temp\ccSCGIB7.s 			page 6


 236 00f7 0B       		.uleb128 0xb
 237 00f8 08000000 		.4byte	.LVL2
 238 00fc 89010000 		.4byte	0x189
 239 0100 0A010000 		.4byte	0x10a
 240 0104 0C       		.uleb128 0xc
 241 0105 01       		.uleb128 0x1
 242 0106 50       		.byte	0x50
 243 0107 01       		.uleb128 0x1
 244 0108 32       		.byte	0x32
 245 0109 00       		.byte	0
 246 010a 0D       		.uleb128 0xd
 247 010b 0E000000 		.4byte	.LVL3
 248 010f 94010000 		.4byte	0x194
 249 0113 0C       		.uleb128 0xc
 250 0114 01       		.uleb128 0x1
 251 0115 50       		.byte	0x50
 252 0116 01       		.uleb128 0x1
 253 0117 31       		.byte	0x31
 254 0118 00       		.byte	0
 255 0119 00       		.byte	0
 256 011a 0E       		.uleb128 0xe
 257 011b FE010000 		.4byte	.LASF28
 258 011f 01       		.byte	0x1
 259 0120 21       		.byte	0x21
 260 0121 00000000 		.4byte	.LFB69
 261 0125 2C000000 		.4byte	.LFE69-.LFB69
 262 0129 01       		.uleb128 0x1
 263 012a 9C       		.byte	0x9c
 264 012b 67010000 		.4byte	0x167
 265 012f 0D       		.uleb128 0xd
 266 0130 1A000000 		.4byte	.LVL4
 267 0134 A0010000 		.4byte	0x1a0
 268 0138 0C       		.uleb128 0xc
 269 0139 01       		.uleb128 0x1
 270 013a 50       		.byte	0x50
 271 013b 05       		.uleb128 0x5
 272 013c 03       		.byte	0x3
 273 013d 00000000 		.4byte	TaskUserButtonControl
 274 0141 0C       		.uleb128 0xc
 275 0142 01       		.uleb128 0x1
 276 0143 51       		.byte	0x51
 277 0144 05       		.uleb128 0x5
 278 0145 03       		.byte	0x3
 279 0146 00000000 		.4byte	.LC0
 280 014a 0C       		.uleb128 0xc
 281 014b 01       		.uleb128 0x1
 282 014c 52       		.byte	0x52
 283 014d 02       		.uleb128 0x2
 284 014e 08       		.byte	0x8
 285 014f 80       		.byte	0x80
 286 0150 0C       		.uleb128 0xc
 287 0151 01       		.uleb128 0x1
 288 0152 53       		.byte	0x53
 289 0153 01       		.uleb128 0x1
 290 0154 31       		.byte	0x31
 291 0155 0C       		.uleb128 0xc
 292 0156 02       		.uleb128 0x2
ARM GAS  C:\Users\bchir\AppData\Local\Temp\ccSCGIB7.s 			page 7


 293 0157 7D       		.byte	0x7d
 294 0158 00       		.sleb128 0
 295 0159 01       		.uleb128 0x1
 296 015a 30       		.byte	0x30
 297 015b 0C       		.uleb128 0xc
 298 015c 02       		.uleb128 0x2
 299 015d 7D       		.byte	0x7d
 300 015e 04       		.sleb128 4
 301 015f 05       		.uleb128 0x5
 302 0160 03       		.byte	0x3
 303 0161 00000000 		.4byte	.LANCHOR0
 304 0165 00       		.byte	0
 305 0166 00       		.byte	0
 306 0167 0F       		.uleb128 0xf
 307 0168 45020000 		.4byte	.LASF29
 308 016c 01       		.byte	0x1
 309 016d 0F       		.byte	0xf
 310 016e BD000000 		.4byte	0xbd
 311 0172 05       		.uleb128 0x5
 312 0173 03       		.byte	0x3
 313 0174 00000000 		.4byte	xHandle
 314 0178 10       		.uleb128 0x10
 315 0179 ED000000 		.4byte	.LASF30
 316 017d 08       		.byte	0x8
 317 017e 1207     		.2byte	0x712
 318 0180 84010000 		.4byte	0x184
 319 0184 11       		.uleb128 0x11
 320 0185 76000000 		.4byte	0x76
 321 0189 12       		.uleb128 0x12
 322 018a 23010000 		.4byte	.LASF19
 323 018e 23010000 		.4byte	.LASF19
 324 0192 07       		.byte	0x7
 325 0193 27       		.byte	0x27
 326 0194 13       		.uleb128 0x13
 327 0195 F3010000 		.4byte	.LASF20
 328 0199 F3010000 		.4byte	.LASF20
 329 019d 06       		.byte	0x6
 330 019e 1A03     		.2byte	0x31a
 331 01a0 13       		.uleb128 0x13
 332 01a1 39020000 		.4byte	.LASF21
 333 01a5 39020000 		.4byte	.LASF21
 334 01a9 06       		.byte	0x6
 335 01aa 6301     		.2byte	0x163
 336 01ac 00       		.byte	0
 337              		.section	.debug_abbrev,"",%progbits
 338              	.Ldebug_abbrev0:
 339 0000 01       		.uleb128 0x1
 340 0001 11       		.uleb128 0x11
 341 0002 01       		.byte	0x1
 342 0003 25       		.uleb128 0x25
 343 0004 0E       		.uleb128 0xe
 344 0005 13       		.uleb128 0x13
 345 0006 0B       		.uleb128 0xb
 346 0007 03       		.uleb128 0x3
 347 0008 0E       		.uleb128 0xe
 348 0009 1B       		.uleb128 0x1b
 349 000a 0E       		.uleb128 0xe
ARM GAS  C:\Users\bchir\AppData\Local\Temp\ccSCGIB7.s 			page 8


 350 000b 55       		.uleb128 0x55
 351 000c 17       		.uleb128 0x17
 352 000d 11       		.uleb128 0x11
 353 000e 01       		.uleb128 0x1
 354 000f 10       		.uleb128 0x10
 355 0010 17       		.uleb128 0x17
 356 0011 00       		.byte	0
 357 0012 00       		.byte	0
 358 0013 02       		.uleb128 0x2
 359 0014 24       		.uleb128 0x24
 360 0015 00       		.byte	0
 361 0016 0B       		.uleb128 0xb
 362 0017 0B       		.uleb128 0xb
 363 0018 3E       		.uleb128 0x3e
 364 0019 0B       		.uleb128 0xb
 365 001a 03       		.uleb128 0x3
 366 001b 0E       		.uleb128 0xe
 367 001c 00       		.byte	0
 368 001d 00       		.byte	0
 369 001e 03       		.uleb128 0x3
 370 001f 16       		.uleb128 0x16
 371 0020 00       		.byte	0
 372 0021 03       		.uleb128 0x3
 373 0022 0E       		.uleb128 0xe
 374 0023 3A       		.uleb128 0x3a
 375 0024 0B       		.uleb128 0xb
 376 0025 3B       		.uleb128 0x3b
 377 0026 0B       		.uleb128 0xb
 378 0027 49       		.uleb128 0x49
 379 0028 13       		.uleb128 0x13
 380 0029 00       		.byte	0
 381 002a 00       		.byte	0
 382 002b 04       		.uleb128 0x4
 383 002c 24       		.uleb128 0x24
 384 002d 00       		.byte	0
 385 002e 0B       		.uleb128 0xb
 386 002f 0B       		.uleb128 0xb
 387 0030 3E       		.uleb128 0x3e
 388 0031 0B       		.uleb128 0xb
 389 0032 03       		.uleb128 0x3
 390 0033 08       		.uleb128 0x8
 391 0034 00       		.byte	0
 392 0035 00       		.byte	0
 393 0036 05       		.uleb128 0x5
 394 0037 16       		.uleb128 0x16
 395 0038 00       		.byte	0
 396 0039 03       		.uleb128 0x3
 397 003a 0E       		.uleb128 0xe
 398 003b 3A       		.uleb128 0x3a
 399 003c 0B       		.uleb128 0xb
 400 003d 3B       		.uleb128 0x3b
 401 003e 05       		.uleb128 0x5
 402 003f 49       		.uleb128 0x49
 403 0040 13       		.uleb128 0x13
 404 0041 00       		.byte	0
 405 0042 00       		.byte	0
 406 0043 06       		.uleb128 0x6
ARM GAS  C:\Users\bchir\AppData\Local\Temp\ccSCGIB7.s 			page 9


 407 0044 0F       		.uleb128 0xf
 408 0045 00       		.byte	0
 409 0046 0B       		.uleb128 0xb
 410 0047 0B       		.uleb128 0xb
 411 0048 00       		.byte	0
 412 0049 00       		.byte	0
 413 004a 07       		.uleb128 0x7
 414 004b 0F       		.uleb128 0xf
 415 004c 00       		.byte	0
 416 004d 0B       		.uleb128 0xb
 417 004e 0B       		.uleb128 0xb
 418 004f 49       		.uleb128 0x49
 419 0050 13       		.uleb128 0x13
 420 0051 00       		.byte	0
 421 0052 00       		.byte	0
 422 0053 08       		.uleb128 0x8
 423 0054 13       		.uleb128 0x13
 424 0055 00       		.byte	0
 425 0056 03       		.uleb128 0x3
 426 0057 0E       		.uleb128 0xe
 427 0058 3C       		.uleb128 0x3c
 428 0059 19       		.uleb128 0x19
 429 005a 00       		.byte	0
 430 005b 00       		.byte	0
 431 005c 09       		.uleb128 0x9
 432 005d 2E       		.uleb128 0x2e
 433 005e 01       		.byte	0x1
 434 005f 03       		.uleb128 0x3
 435 0060 0E       		.uleb128 0xe
 436 0061 3A       		.uleb128 0x3a
 437 0062 0B       		.uleb128 0xb
 438 0063 3B       		.uleb128 0x3b
 439 0064 0B       		.uleb128 0xb
 440 0065 27       		.uleb128 0x27
 441 0066 19       		.uleb128 0x19
 442 0067 8701     		.uleb128 0x87
 443 0069 19       		.uleb128 0x19
 444 006a 11       		.uleb128 0x11
 445 006b 01       		.uleb128 0x1
 446 006c 12       		.uleb128 0x12
 447 006d 06       		.uleb128 0x6
 448 006e 40       		.uleb128 0x40
 449 006f 18       		.uleb128 0x18
 450 0070 9742     		.uleb128 0x2117
 451 0072 19       		.uleb128 0x19
 452 0073 01       		.uleb128 0x1
 453 0074 13       		.uleb128 0x13
 454 0075 00       		.byte	0
 455 0076 00       		.byte	0
 456 0077 0A       		.uleb128 0xa
 457 0078 05       		.uleb128 0x5
 458 0079 00       		.byte	0
 459 007a 03       		.uleb128 0x3
 460 007b 0E       		.uleb128 0xe
 461 007c 3A       		.uleb128 0x3a
 462 007d 0B       		.uleb128 0xb
 463 007e 3B       		.uleb128 0x3b
ARM GAS  C:\Users\bchir\AppData\Local\Temp\ccSCGIB7.s 			page 10


 464 007f 0B       		.uleb128 0xb
 465 0080 49       		.uleb128 0x49
 466 0081 13       		.uleb128 0x13
 467 0082 02       		.uleb128 0x2
 468 0083 17       		.uleb128 0x17
 469 0084 00       		.byte	0
 470 0085 00       		.byte	0
 471 0086 0B       		.uleb128 0xb
 472 0087 898201   		.uleb128 0x4109
 473 008a 01       		.byte	0x1
 474 008b 11       		.uleb128 0x11
 475 008c 01       		.uleb128 0x1
 476 008d 31       		.uleb128 0x31
 477 008e 13       		.uleb128 0x13
 478 008f 01       		.uleb128 0x1
 479 0090 13       		.uleb128 0x13
 480 0091 00       		.byte	0
 481 0092 00       		.byte	0
 482 0093 0C       		.uleb128 0xc
 483 0094 8A8201   		.uleb128 0x410a
 484 0097 00       		.byte	0
 485 0098 02       		.uleb128 0x2
 486 0099 18       		.uleb128 0x18
 487 009a 9142     		.uleb128 0x2111
 488 009c 18       		.uleb128 0x18
 489 009d 00       		.byte	0
 490 009e 00       		.byte	0
 491 009f 0D       		.uleb128 0xd
 492 00a0 898201   		.uleb128 0x4109
 493 00a3 01       		.byte	0x1
 494 00a4 11       		.uleb128 0x11
 495 00a5 01       		.uleb128 0x1
 496 00a6 31       		.uleb128 0x31
 497 00a7 13       		.uleb128 0x13
 498 00a8 00       		.byte	0
 499 00a9 00       		.byte	0
 500 00aa 0E       		.uleb128 0xe
 501 00ab 2E       		.uleb128 0x2e
 502 00ac 01       		.byte	0x1
 503 00ad 3F       		.uleb128 0x3f
 504 00ae 19       		.uleb128 0x19
 505 00af 03       		.uleb128 0x3
 506 00b0 0E       		.uleb128 0xe
 507 00b1 3A       		.uleb128 0x3a
 508 00b2 0B       		.uleb128 0xb
 509 00b3 3B       		.uleb128 0x3b
 510 00b4 0B       		.uleb128 0xb
 511 00b5 11       		.uleb128 0x11
 512 00b6 01       		.uleb128 0x1
 513 00b7 12       		.uleb128 0x12
 514 00b8 06       		.uleb128 0x6
 515 00b9 40       		.uleb128 0x40
 516 00ba 18       		.uleb128 0x18
 517 00bb 9742     		.uleb128 0x2117
 518 00bd 19       		.uleb128 0x19
 519 00be 01       		.uleb128 0x1
 520 00bf 13       		.uleb128 0x13
ARM GAS  C:\Users\bchir\AppData\Local\Temp\ccSCGIB7.s 			page 11


 521 00c0 00       		.byte	0
 522 00c1 00       		.byte	0
 523 00c2 0F       		.uleb128 0xf
 524 00c3 34       		.uleb128 0x34
 525 00c4 00       		.byte	0
 526 00c5 03       		.uleb128 0x3
 527 00c6 0E       		.uleb128 0xe
 528 00c7 3A       		.uleb128 0x3a
 529 00c8 0B       		.uleb128 0xb
 530 00c9 3B       		.uleb128 0x3b
 531 00ca 0B       		.uleb128 0xb
 532 00cb 49       		.uleb128 0x49
 533 00cc 13       		.uleb128 0x13
 534 00cd 02       		.uleb128 0x2
 535 00ce 18       		.uleb128 0x18
 536 00cf 00       		.byte	0
 537 00d0 00       		.byte	0
 538 00d1 10       		.uleb128 0x10
 539 00d2 34       		.uleb128 0x34
 540 00d3 00       		.byte	0
 541 00d4 03       		.uleb128 0x3
 542 00d5 0E       		.uleb128 0xe
 543 00d6 3A       		.uleb128 0x3a
 544 00d7 0B       		.uleb128 0xb
 545 00d8 3B       		.uleb128 0x3b
 546 00d9 05       		.uleb128 0x5
 547 00da 49       		.uleb128 0x49
 548 00db 13       		.uleb128 0x13
 549 00dc 3F       		.uleb128 0x3f
 550 00dd 19       		.uleb128 0x19
 551 00de 3C       		.uleb128 0x3c
 552 00df 19       		.uleb128 0x19
 553 00e0 00       		.byte	0
 554 00e1 00       		.byte	0
 555 00e2 11       		.uleb128 0x11
 556 00e3 35       		.uleb128 0x35
 557 00e4 00       		.byte	0
 558 00e5 49       		.uleb128 0x49
 559 00e6 13       		.uleb128 0x13
 560 00e7 00       		.byte	0
 561 00e8 00       		.byte	0
 562 00e9 12       		.uleb128 0x12
 563 00ea 2E       		.uleb128 0x2e
 564 00eb 00       		.byte	0
 565 00ec 3F       		.uleb128 0x3f
 566 00ed 19       		.uleb128 0x19
 567 00ee 3C       		.uleb128 0x3c
 568 00ef 19       		.uleb128 0x19
 569 00f0 6E       		.uleb128 0x6e
 570 00f1 0E       		.uleb128 0xe
 571 00f2 03       		.uleb128 0x3
 572 00f3 0E       		.uleb128 0xe
 573 00f4 3A       		.uleb128 0x3a
 574 00f5 0B       		.uleb128 0xb
 575 00f6 3B       		.uleb128 0x3b
 576 00f7 0B       		.uleb128 0xb
 577 00f8 00       		.byte	0
ARM GAS  C:\Users\bchir\AppData\Local\Temp\ccSCGIB7.s 			page 12


 578 00f9 00       		.byte	0
 579 00fa 13       		.uleb128 0x13
 580 00fb 2E       		.uleb128 0x2e
 581 00fc 00       		.byte	0
 582 00fd 3F       		.uleb128 0x3f
 583 00fe 19       		.uleb128 0x19
 584 00ff 3C       		.uleb128 0x3c
 585 0100 19       		.uleb128 0x19
 586 0101 6E       		.uleb128 0x6e
 587 0102 0E       		.uleb128 0xe
 588 0103 03       		.uleb128 0x3
 589 0104 0E       		.uleb128 0xe
 590 0105 3A       		.uleb128 0x3a
 591 0106 0B       		.uleb128 0xb
 592 0107 3B       		.uleb128 0x3b
 593 0108 05       		.uleb128 0x5
 594 0109 00       		.byte	0
 595 010a 00       		.byte	0
 596 010b 00       		.byte	0
 597              		.section	.debug_loc,"",%progbits
 598              	.Ldebug_loc0:
 599              	.LLST0:
 600 0000 00000000 		.4byte	.LVL0
 601 0004 04000000 		.4byte	.LVL1
 602 0008 0100     		.2byte	0x1
 603 000a 50       		.byte	0x50
 604 000b 04000000 		.4byte	.LVL1
 605 000f 10000000 		.4byte	.LFE68
 606 0013 0400     		.2byte	0x4
 607 0015 F3       		.byte	0xf3
 608 0016 01       		.uleb128 0x1
 609 0017 50       		.byte	0x50
 610 0018 9F       		.byte	0x9f
 611 0019 00000000 		.4byte	0
 612 001d 00000000 		.4byte	0
 613              		.section	.debug_aranges,"",%progbits
 614 0000 24000000 		.4byte	0x24
 615 0004 0200     		.2byte	0x2
 616 0006 00000000 		.4byte	.Ldebug_info0
 617 000a 04       		.byte	0x4
 618 000b 00       		.byte	0
 619 000c 0000     		.2byte	0
 620 000e 0000     		.2byte	0
 621 0010 00000000 		.4byte	.LFB68
 622 0014 10000000 		.4byte	.LFE68-.LFB68
 623 0018 00000000 		.4byte	.LFB69
 624 001c 2C000000 		.4byte	.LFE69-.LFB69
 625 0020 00000000 		.4byte	0
 626 0024 00000000 		.4byte	0
 627              		.section	.debug_ranges,"",%progbits
 628              	.Ldebug_ranges0:
 629 0000 00000000 		.4byte	.LFB68
 630 0004 10000000 		.4byte	.LFE68
 631 0008 00000000 		.4byte	.LFB69
 632 000c 2C000000 		.4byte	.LFE69
 633 0010 00000000 		.4byte	0
 634 0014 00000000 		.4byte	0
ARM GAS  C:\Users\bchir\AppData\Local\Temp\ccSCGIB7.s 			page 13


 635              		.section	.debug_line,"",%progbits
 636              	.Ldebug_line0:
 637 0000 17020000 		.section	.debug_str,"MS",%progbits,1
 637      0200E801 
 637      00000201 
 637      FB0E0D00 
 637      01010101 
 638              	.LASF26:
 639 0000 5461736B 		.ascii	"TaskUserButtonControl\000"
 639      55736572 
 639      42757474 
 639      6F6E436F 
 639      6E74726F 
 640              	.LASF9:
 641 0016 5F5F696E 		.ascii	"__int32_t\000"
 641      7433325F 
 641      7400
 642              	.LASF10:
 643 0020 696E7433 		.ascii	"int32_t\000"
 643      325F7400 
 644              	.LASF12:
 645 0028 666C6F61 		.ascii	"float\000"
 645      7400
 646              	.LASF17:
 647 002e 55426173 		.ascii	"UBaseType_t\000"
 647      65547970 
 647      655F7400 
 648              	.LASF22:
 649 003a 474E5520 		.ascii	"GNU C11 5.4.1 20160609 (release) [ARM/embedded-5-br"
 649      43313120 
 649      352E342E 
 649      31203230 
 649      31363036 
 650 006d 616E6368 		.ascii	"anch revision 237715] -mcpu=cortex-m3 -mthumb -g -O"
 650      20726576 
 650      6973696F 
 650      6E203233 
 650      37373135 
 651 00a0 67202D66 		.ascii	"g -ffunction-sections -ffat-lto-objects\000"
 651      66756E63 
 651      74696F6E 
 651      2D736563 
 651      74696F6E 
 652              	.LASF5:
 653 00c8 6C6F6E67 		.ascii	"long unsigned int\000"
 653      20756E73 
 653      69676E65 
 653      6420696E 
 653      7400
 654              	.LASF3:
 655 00da 73686F72 		.ascii	"short unsigned int\000"
 655      7420756E 
 655      7369676E 
 655      65642069 
 655      6E7400
 656              	.LASF30:
 657 00ed 49544D5F 		.ascii	"ITM_RxBuffer\000"
ARM GAS  C:\Users\bchir\AppData\Local\Temp\ccSCGIB7.s 			page 14


 657      52784275 
 657      66666572 
 657      00
 658              	.LASF1:
 659 00fa 756E7369 		.ascii	"unsigned char\000"
 659      676E6564 
 659      20636861 
 659      7200
 660              	.LASF13:
 661 0108 646F7562 		.ascii	"double\000"
 661      6C6500
 662              	.LASF25:
 663 010f 74736B54 		.ascii	"tskTaskControlBlock\000"
 663      61736B43 
 663      6F6E7472 
 663      6F6C426C 
 663      6F636B00 
 664              	.LASF19:
 665 0123 506C6179 		.ascii	"PlayPauseButton_SetDriveMode\000"
 665      50617573 
 665      65427574 
 665      746F6E5F 
 665      53657444 
 666              	.LASF8:
 667 0140 756E7369 		.ascii	"unsigned int\000"
 667      676E6564 
 667      20696E74 
 667      00
 668              	.LASF7:
 669 014d 6C6F6E67 		.ascii	"long long unsigned int\000"
 669      206C6F6E 
 669      6720756E 
 669      7369676E 
 669      65642069 
 670              	.LASF15:
 671 0164 6C6F6E67 		.ascii	"long double\000"
 671      20646F75 
 671      626C6500 
 672              	.LASF16:
 673 0170 73697A65 		.ascii	"sizetype\000"
 673      74797065 
 673      00
 674              	.LASF6:
 675 0179 6C6F6E67 		.ascii	"long long int\000"
 675      206C6F6E 
 675      6720696E 
 675      7400
 676              	.LASF14:
 677 0187 63686172 		.ascii	"char\000"
 677      00
 678              	.LASF27:
 679 018c 70765061 		.ascii	"pvParameters\000"
 679      72616D65 
 679      74657273 
 679      00
 680              	.LASF24:
 681 0199 453A5C47 		.ascii	"E:\\GIT Hub Project\\protocov\\Protocov\\Protocov.c"
ARM GAS  C:\Users\bchir\AppData\Local\Temp\ccSCGIB7.s 			page 15


 681      49542048 
 681      75622050 
 681      726F6A65 
 681      63745C70 
 682 01c8 7964736E 		.ascii	"ydsn\000"
 682      00
 683              	.LASF2:
 684 01cd 73686F72 		.ascii	"short int\000"
 684      7420696E 
 684      7400
 685              	.LASF11:
 686 01d7 75696E74 		.ascii	"uint8\000"
 686      3800
 687              	.LASF18:
 688 01dd 5461736B 		.ascii	"TaskHandle_t\000"
 688      48616E64 
 688      6C655F74 
 688      00
 689              	.LASF4:
 690 01ea 6C6F6E67 		.ascii	"long int\000"
 690      20696E74 
 690      00
 691              	.LASF20:
 692 01f3 76546173 		.ascii	"vTaskDelay\000"
 692      6B44656C 
 692      617900
 693              	.LASF28:
 694 01fe 73746172 		.ascii	"startTaskUserButtonControl\000"
 694      74546173 
 694      6B557365 
 694      72427574 
 694      746F6E43 
 695              	.LASF0:
 696 0219 7369676E 		.ascii	"signed char\000"
 696      65642063 
 696      68617200 
 697              	.LASF23:
 698 0225 55736572 		.ascii	"UserButtonControl.c\000"
 698      42757474 
 698      6F6E436F 
 698      6E74726F 
 698      6C2E6300 
 699              	.LASF21:
 700 0239 78546173 		.ascii	"xTaskCreate\000"
 700      6B437265 
 700      61746500 
 701              	.LASF29:
 702 0245 7848616E 		.ascii	"xHandle\000"
 702      646C6500 
 703              		.ident	"GCC: (GNU Tools for ARM Embedded Processors) 5.4.1 20160609 (release) [ARM/embedded-5-bran
