ARM GAS  C:\Users\bchir\AppData\Local\Temp\ccw3m9cf.s 			page 1


   1              		.syntax unified
   2              		.cpu cortex-m3
   3              		.fpu softvfp
   4              		.eabi_attribute 20, 1
   5              		.eabi_attribute 21, 1
   6              		.eabi_attribute 23, 3
   7              		.eabi_attribute 24, 1
   8              		.eabi_attribute 25, 1
   9              		.eabi_attribute 26, 1
  10              		.eabi_attribute 30, 1
  11              		.eabi_attribute 34, 1
  12              		.eabi_attribute 18, 4
  13              		.thumb
  14              		.syntax unified
  15              		.file	"VehicleBatteryVoltage.c"
  16              		.text
  17              	.Ltext0:
  18              		.cfi_sections	.debug_frame
  19              		.global	__aeabi_i2f
  20              		.global	__aeabi_fmul
  21              		.global	__aeabi_fsub
  22              		.global	__aeabi_f2uiz
  23              		.section	.text.TaskVehicleBatteryVoltage,"ax",%progbits
  24              		.align	2
  25              		.thumb
  26              		.thumb_func
  27              		.type	TaskVehicleBatteryVoltage, %function
  28              	TaskVehicleBatteryVoltage:
  29              	.LFB68:
  30              		.file 1 "VehicleBatteryVoltage.c"
   1:VehicleBatteryVoltage.c **** /* ========================================
   2:VehicleBatteryVoltage.c ****  *
   3:VehicleBatteryVoltage.c ****  * Copyright YOUR COMPANY, THE YEAR
   4:VehicleBatteryVoltage.c ****  * All Rights Reserved
   5:VehicleBatteryVoltage.c ****  * UNPUBLISHED, LICENSED SOFTWARE.
   6:VehicleBatteryVoltage.c ****  *
   7:VehicleBatteryVoltage.c ****  * CONFIDENTIAL AND PROPRIETARY INFORMATION
   8:VehicleBatteryVoltage.c ****  * WHICH IS THE PROPERTY OF your company.
   9:VehicleBatteryVoltage.c ****  *
  10:VehicleBatteryVoltage.c ****  * ========================================
  11:VehicleBatteryVoltage.c **** */
  12:VehicleBatteryVoltage.c **** 
  13:VehicleBatteryVoltage.c **** #include "VehicleBatteryVoltage.h"
  14:VehicleBatteryVoltage.c **** #include "SystemMessenger.h"
  15:VehicleBatteryVoltage.c **** 
  16:VehicleBatteryVoltage.c **** static void TaskVehicleBatteryVoltage( void *pvParameters )
  17:VehicleBatteryVoltage.c **** {
  31              		.loc 1 17 0
  32              		.cfi_startproc
  33              		@ args = 0, pretend = 0, frame = 72
  34              		@ frame_needed = 0, uses_anonymous_args = 0
  35              	.LVL0:
  36 0000 30B5     		push	{r4, r5, lr}
  37              		.cfi_def_cfa_offset 12
  38              		.cfi_offset 4, -12
  39              		.cfi_offset 5, -8
  40              		.cfi_offset 14, -4
ARM GAS  C:\Users\bchir\AppData\Local\Temp\ccw3m9cf.s 			page 2


  41 0002 97B0     		sub	sp, sp, #92
  42              		.cfi_def_cfa_offset 104
  18:VehicleBatteryVoltage.c **** 	
  19:VehicleBatteryVoltage.c ****     (void)pvParameters;
  20:VehicleBatteryVoltage.c **** 
  21:VehicleBatteryVoltage.c ****     ClockVehicleBattVoltageADC_Start();
  43              		.loc 1 21 0
  44 0004 FFF7FEFF 		bl	ClockVehicleBattVoltageADC_Start
  45              	.LVL1:
  22:VehicleBatteryVoltage.c ****     VehicleBattVoltageAdc_Start();
  46              		.loc 1 22 0
  47 0008 FFF7FEFF 		bl	VehicleBattVoltageAdc_Start
  48              	.LVL2:
  23:VehicleBatteryVoltage.c ****     VehicleBattVoltageAdc_StartConvert();
  49              		.loc 1 23 0
  50 000c FFF7FEFF 		bl	VehicleBattVoltageAdc_StartConvert
  51              	.LVL3:
  24:VehicleBatteryVoltage.c **** 
  25:VehicleBatteryVoltage.c ****     volatile uint16_t battVoltage_mV = 0;
  52              		.loc 1 25 0
  53 0010 0023     		movs	r3, #0
  54 0012 ADF85630 		strh	r3, [sp, #86]	@ movhi
  26:VehicleBatteryVoltage.c ****     volatile uint16_t battVoltage_count = 0;
  55              		.loc 1 26 0
  56 0016 ADF85430 		strh	r3, [sp, #84]	@ movhi
  57              	.LVL4:
  27:VehicleBatteryVoltage.c ****     
  28:VehicleBatteryVoltage.c ****     systemMessagePacket_t datapack;
  29:VehicleBatteryVoltage.c ****     
  30:VehicleBatteryVoltage.c ****     uint16_t RawData;
  31:VehicleBatteryVoltage.c ****     float LPF_Beta = 0.05; // 0<ß<1
  32:VehicleBatteryVoltage.c ****     
  33:VehicleBatteryVoltage.c ****     uint16_t filteredVoltage =0;
  58              		.loc 1 33 0
  59 001a ADF81230 		strh	r3, [sp, #18]	@ movhi
  34:VehicleBatteryVoltage.c ****     
  35:VehicleBatteryVoltage.c ****     
  36:VehicleBatteryVoltage.c ****     battVoltage_count = VehicleBattVoltageAdc_GetResult16();
  60              		.loc 1 36 0
  61 001e FFF7FEFF 		bl	VehicleBattVoltageAdc_GetResult16
  62              	.LVL5:
  63 0022 80B2     		uxth	r0, r0
  64 0024 ADF85400 		strh	r0, [sp, #84]	@ movhi
  37:VehicleBatteryVoltage.c ****         
  38:VehicleBatteryVoltage.c ****     VehicleBattVoltageAdc_CountsTo_mVolts( battVoltage_count );
  65              		.loc 1 38 0
  66 0028 BDF85400 		ldrh	r0, [sp, #84]
  67 002c 00B2     		sxth	r0, r0
  68 002e FFF7FEFF 		bl	VehicleBattVoltageAdc_CountsTo_mVolts
  69              	.LVL6:
  39:VehicleBatteryVoltage.c ****         
  40:VehicleBatteryVoltage.c ****     battVoltage_mV = VehicleBattVoltageAdc_CountsTo_mVolts( battVoltage_count );
  70              		.loc 1 40 0
  71 0032 BDF85400 		ldrh	r0, [sp, #84]
  72 0036 00B2     		sxth	r0, r0
  73 0038 FFF7FEFF 		bl	VehicleBattVoltageAdc_CountsTo_mVolts
  74              	.LVL7:
ARM GAS  C:\Users\bchir\AppData\Local\Temp\ccw3m9cf.s 			page 3


  75 003c 80B2     		uxth	r0, r0
  76 003e ADF85600 		strh	r0, [sp, #86]	@ movhi
  41:VehicleBatteryVoltage.c ****     
  42:VehicleBatteryVoltage.c ****     filteredVoltage = battVoltage_mV;
  77              		.loc 1 42 0
  78 0042 BDF85630 		ldrh	r3, [sp, #86]
  79 0046 ADF81230 		strh	r3, [sp, #18]	@ movhi
  80              	.L2:
  43:VehicleBatteryVoltage.c ****     
  44:VehicleBatteryVoltage.c **** 	for( ;; )
  45:VehicleBatteryVoltage.c **** 	{
  46:VehicleBatteryVoltage.c **** 		
  47:VehicleBatteryVoltage.c ****         
  48:VehicleBatteryVoltage.c ****         battVoltage_count = VehicleBattVoltageAdc_GetResult16();
  81              		.loc 1 48 0
  82 004a FFF7FEFF 		bl	VehicleBattVoltageAdc_GetResult16
  83              	.LVL8:
  84 004e 80B2     		uxth	r0, r0
  85 0050 ADF85400 		strh	r0, [sp, #84]	@ movhi
  49:VehicleBatteryVoltage.c ****         
  50:VehicleBatteryVoltage.c ****         VehicleBattVoltageAdc_CountsTo_mVolts( battVoltage_count );
  86              		.loc 1 50 0
  87 0054 BDF85400 		ldrh	r0, [sp, #84]
  88 0058 00B2     		sxth	r0, r0
  89 005a FFF7FEFF 		bl	VehicleBattVoltageAdc_CountsTo_mVolts
  90              	.LVL9:
  51:VehicleBatteryVoltage.c ****         
  52:VehicleBatteryVoltage.c ****         battVoltage_mV = VehicleBattVoltageAdc_CountsTo_mVolts( battVoltage_count );
  91              		.loc 1 52 0
  92 005e BDF85400 		ldrh	r0, [sp, #84]
  93 0062 00B2     		sxth	r0, r0
  94 0064 FFF7FEFF 		bl	VehicleBattVoltageAdc_CountsTo_mVolts
  95              	.LVL10:
  96 0068 80B2     		uxth	r0, r0
  97 006a ADF85600 		strh	r0, [sp, #86]	@ movhi
  53:VehicleBatteryVoltage.c ****         
  54:VehicleBatteryVoltage.c ****         
  55:VehicleBatteryVoltage.c ****         // Function that brings Fresh Data into RawData
  56:VehicleBatteryVoltage.c ****         filteredVoltage = filteredVoltage - (LPF_Beta * (filteredVoltage - battVoltage_mV));
  98              		.loc 1 56 0
  99 006e BDF81240 		ldrh	r4, [sp, #18]
 100 0072 BDF85600 		ldrh	r0, [sp, #86]
 101 0076 80B2     		uxth	r0, r0
 102 0078 201A     		subs	r0, r4, r0
 103 007a FFF7FEFF 		bl	__aeabi_i2f
 104              	.LVL11:
 105 007e 1549     		ldr	r1, .L5
 106 0080 FFF7FEFF 		bl	__aeabi_fmul
 107              	.LVL12:
 108 0084 0546     		mov	r5, r0
 109 0086 2046     		mov	r0, r4
 110 0088 FFF7FEFF 		bl	__aeabi_i2f
 111              	.LVL13:
 112 008c 2946     		mov	r1, r5
 113 008e FFF7FEFF 		bl	__aeabi_fsub
 114              	.LVL14:
 115 0092 FFF7FEFF 		bl	__aeabi_f2uiz
ARM GAS  C:\Users\bchir\AppData\Local\Temp\ccw3m9cf.s 			page 4


 116              	.LVL15:
 117 0096 16A9     		add	r1, sp, #88
 118 0098 21F8460D 		strh	r0, [r1, #-70]!	@ movhi
  57:VehicleBatteryVoltage.c ****         
  58:VehicleBatteryVoltage.c ****         createSystemMsgPacket( &datapack, &filteredVoltage, sizeof(float), VEHICLE_BATT_VOLTAGE_ID,
 119              		.loc 1 58 0
 120 009c 0022     		movs	r2, #0
 121 009e 0023     		movs	r3, #0
 122 00a0 CDE90223 		strd	r2, [sp, #8]
 123 00a4 0023     		movs	r3, #0
 124 00a6 0193     		str	r3, [sp, #4]
 125 00a8 0093     		str	r3, [sp]
 126 00aa 0523     		movs	r3, #5
 127 00ac 0422     		movs	r2, #4
 128 00ae 05A8     		add	r0, sp, #20
 129 00b0 FFF7FEFF 		bl	createSystemMsgPacket
 130              	.LVL16:
  59:VehicleBatteryVoltage.c ****         
  60:VehicleBatteryVoltage.c ****         if( getSysMessegesgQ() == NULL ) continue;
 131              		.loc 1 60 0
 132 00b4 FFF7FEFF 		bl	getSysMessegesgQ
 133              	.LVL17:
 134 00b8 0028     		cmp	r0, #0
 135 00ba C6D0     		beq	.L2
  61:VehicleBatteryVoltage.c ****         
  62:VehicleBatteryVoltage.c ****         xQueueSendToBack( getSysMessegesgQ(),&datapack, portMAX_DELAY );
 136              		.loc 1 62 0
 137 00bc FFF7FEFF 		bl	getSysMessegesgQ
 138              	.LVL18:
 139 00c0 0023     		movs	r3, #0
 140 00c2 4FF0FF32 		mov	r2, #-1
 141 00c6 05A9     		add	r1, sp, #20
 142 00c8 FFF7FEFF 		bl	xQueueGenericSend
 143              	.LVL19:
  63:VehicleBatteryVoltage.c ****         
  64:VehicleBatteryVoltage.c ****         vTaskDelay(10);
 144              		.loc 1 64 0
 145 00cc 0A20     		movs	r0, #10
 146 00ce FFF7FEFF 		bl	vTaskDelay
 147              	.LVL20:
 148 00d2 BAE7     		b	.L2
 149              	.L6:
 150              		.align	2
 151              	.L5:
 152 00d4 CDCC4C3D 		.word	1028443341
 153              		.cfi_endproc
 154              	.LFE68:
 155              		.size	TaskVehicleBatteryVoltage, .-TaskVehicleBatteryVoltage
 156              		.section	.text.startTaskVehicleBatteryVoltage,"ax",%progbits
 157              		.align	2
 158              		.global	startTaskVehicleBatteryVoltage
 159              		.thumb
 160              		.thumb_func
 161              		.type	startTaskVehicleBatteryVoltage, %function
 162              	startTaskVehicleBatteryVoltage:
 163              	.LFB69:
  65:VehicleBatteryVoltage.c ****         
ARM GAS  C:\Users\bchir\AppData\Local\Temp\ccw3m9cf.s 			page 5


  66:VehicleBatteryVoltage.c ****         
  67:VehicleBatteryVoltage.c ****     }
  68:VehicleBatteryVoltage.c **** }
  69:VehicleBatteryVoltage.c **** 
  70:VehicleBatteryVoltage.c **** 
  71:VehicleBatteryVoltage.c ****         
  72:VehicleBatteryVoltage.c ****        
  73:VehicleBatteryVoltage.c **** 
  74:VehicleBatteryVoltage.c **** 
  75:VehicleBatteryVoltage.c **** 
  76:VehicleBatteryVoltage.c **** void startTaskVehicleBatteryVoltage()
  77:VehicleBatteryVoltage.c **** {
 164              		.loc 1 77 0
 165              		.cfi_startproc
 166              		@ args = 0, pretend = 0, frame = 8
 167              		@ frame_needed = 0, uses_anonymous_args = 0
 168 0000 00B5     		push	{lr}
 169              		.cfi_def_cfa_offset 4
 170              		.cfi_offset 14, -4
 171 0002 85B0     		sub	sp, sp, #20
 172              		.cfi_def_cfa_offset 24
  78:VehicleBatteryVoltage.c ****     TaskHandle_t xHandle = NULL; 
 173              		.loc 1 78 0
 174 0004 0022     		movs	r2, #0
 175 0006 04AB     		add	r3, sp, #16
 176 0008 43F8042D 		str	r2, [r3, #-4]!
  79:VehicleBatteryVoltage.c ****  	/* Create the task, storing the handle. */ 
  80:VehicleBatteryVoltage.c **** 	xTaskCreate(
 177              		.loc 1 80 0
 178 000c 0193     		str	r3, [sp, #4]
 179 000e 0092     		str	r2, [sp]
 180 0010 0123     		movs	r3, #1
 181 0012 8022     		movs	r2, #128
 182 0014 0349     		ldr	r1, .L9
 183 0016 0448     		ldr	r0, .L9+4
 184 0018 FFF7FEFF 		bl	xTaskCreate
 185              	.LVL21:
  81:VehicleBatteryVoltage.c **** 		TaskVehicleBatteryVoltage,    /* Function that implements the task. */ 
  82:VehicleBatteryVoltage.c **** 		"VehicleBatteryVoltage",  /* Text name for the task. */ 
  83:VehicleBatteryVoltage.c **** 		128,                        /* Stack size in words, not bytes. */ 
  84:VehicleBatteryVoltage.c **** 		( void * ) 1,               /* Parameter passed into the task. */ 
  85:VehicleBatteryVoltage.c **** 		tskIDLE_PRIORITY,           /* Priority at which the task is created. */ 
  86:VehicleBatteryVoltage.c **** 	&xHandle );                     /* Used to pass out the created task's handle. */ 
  87:VehicleBatteryVoltage.c ****     
  88:VehicleBatteryVoltage.c ****     
  89:VehicleBatteryVoltage.c **** }
 186              		.loc 1 89 0
 187 001c 05B0     		add	sp, sp, #20
 188              		.cfi_def_cfa_offset 4
 189              		@ sp needed
 190 001e 5DF804FB 		ldr	pc, [sp], #4
 191              	.L10:
 192 0022 00BF     		.align	2
 193              	.L9:
 194 0024 00000000 		.word	.LC0
 195 0028 00000000 		.word	TaskVehicleBatteryVoltage
 196              		.cfi_endproc
ARM GAS  C:\Users\bchir\AppData\Local\Temp\ccw3m9cf.s 			page 6


 197              	.LFE69:
 198              		.size	startTaskVehicleBatteryVoltage, .-startTaskVehicleBatteryVoltage
 199              		.section	.rodata.str1.4,"aMS",%progbits,1
 200              		.align	2
 201              	.LC0:
 202 0000 56656869 		.ascii	"VehicleBatteryVoltage\000"
 202      636C6542 
 202      61747465 
 202      7279566F 
 202      6C746167 
 203              		.text
 204              	.Letext0:
 205              		.file 2 "c:\\program files (x86)\\cypress\\psoc creator\\4.4\\psoc creator\\import\\gnu\\arm\\5.4.
 206              		.file 3 "c:\\program files (x86)\\cypress\\psoc creator\\4.4\\psoc creator\\import\\gnu\\arm\\5.4.
 207              		.file 4 "..\\..\\..\\FreeRTOS\\FreeRTOS-Kernel\\portable\\GCC\\ARM_CM3/portmacro.h"
 208              		.file 5 "..\\..\\..\\FreeRTOS\\FreeRTOS-Kernel\\include/task.h"
 209              		.file 6 "SystemMessenger.h"
 210              		.file 7 "Generated_Source\\PSoC5/ClockVehicleBattVoltageADC.h"
 211              		.file 8 "Generated_Source\\PSoC5/VehicleBattVoltageAdc.h"
 212              		.file 9 "..\\..\\..\\FreeRTOS\\FreeRTOS-Kernel\\include/queue.h"
 213              		.file 10 "Generated_Source\\PSoC5/core_cm3.h"
 214              		.section	.debug_info,"",%progbits
 215              	.Ldebug_info0:
 216 0000 E3030000 		.4byte	0x3e3
 217 0004 0400     		.2byte	0x4
 218 0006 00000000 		.4byte	.Ldebug_abbrev0
 219 000a 04       		.byte	0x4
 220 000b 01       		.uleb128 0x1
 221 000c AB000000 		.4byte	.LASF53
 222 0010 0C       		.byte	0xc
 223 0011 44010000 		.4byte	.LASF54
 224 0015 3A030000 		.4byte	.LASF55
 225 0019 00000000 		.4byte	.Ldebug_ranges0+0
 226 001d 00000000 		.4byte	0
 227 0021 00000000 		.4byte	.Ldebug_line0
 228 0025 02       		.uleb128 0x2
 229 0026 01       		.byte	0x1
 230 0027 06       		.byte	0x6
 231 0028 ED030000 		.4byte	.LASF0
 232 002c 03       		.uleb128 0x3
 233 002d 43000000 		.4byte	.LASF3
 234 0031 02       		.byte	0x2
 235 0032 1D       		.byte	0x1d
 236 0033 37000000 		.4byte	0x37
 237 0037 02       		.uleb128 0x2
 238 0038 01       		.byte	0x1
 239 0039 08       		.byte	0x8
 240 003a 9D000000 		.4byte	.LASF1
 241 003e 02       		.uleb128 0x2
 242 003f 02       		.byte	0x2
 243 0040 05       		.byte	0x5
 244 0041 14020000 		.4byte	.LASF2
 245 0045 03       		.uleb128 0x3
 246 0046 02020000 		.4byte	.LASF4
 247 004a 02       		.byte	0x2
 248 004b 2B       		.byte	0x2b
 249 004c 50000000 		.4byte	0x50
ARM GAS  C:\Users\bchir\AppData\Local\Temp\ccw3m9cf.s 			page 7


 250 0050 02       		.uleb128 0x2
 251 0051 02       		.byte	0x2
 252 0052 07       		.byte	0x7
 253 0053 6E010000 		.4byte	.LASF5
 254 0057 03       		.uleb128 0x3
 255 0058 4D000000 		.4byte	.LASF6
 256 005c 02       		.byte	0x2
 257 005d 3F       		.byte	0x3f
 258 005e 62000000 		.4byte	0x62
 259 0062 02       		.uleb128 0x2
 260 0063 04       		.byte	0x4
 261 0064 05       		.byte	0x5
 262 0065 A4010000 		.4byte	.LASF7
 263 0069 03       		.uleb128 0x3
 264 006a 39010000 		.4byte	.LASF8
 265 006e 02       		.byte	0x2
 266 006f 41       		.byte	0x41
 267 0070 74000000 		.4byte	0x74
 268 0074 02       		.uleb128 0x2
 269 0075 04       		.byte	0x4
 270 0076 07       		.byte	0x7
 271 0077 5C010000 		.4byte	.LASF9
 272 007b 02       		.uleb128 0x2
 273 007c 08       		.byte	0x8
 274 007d 05       		.byte	0x5
 275 007e 1A030000 		.4byte	.LASF10
 276 0082 03       		.uleb128 0x3
 277 0083 78030000 		.4byte	.LASF11
 278 0087 02       		.byte	0x2
 279 0088 5B       		.byte	0x5b
 280 0089 8D000000 		.4byte	0x8d
 281 008d 02       		.uleb128 0x2
 282 008e 08       		.byte	0x8
 283 008f 07       		.byte	0x7
 284 0090 86000000 		.4byte	.LASF12
 285 0094 04       		.uleb128 0x4
 286 0095 04       		.byte	0x4
 287 0096 05       		.byte	0x5
 288 0097 696E7400 		.ascii	"int\000"
 289 009b 02       		.uleb128 0x2
 290 009c 04       		.byte	0x4
 291 009d 07       		.byte	0x7
 292 009e 70020000 		.4byte	.LASF13
 293 00a2 03       		.uleb128 0x3
 294 00a3 66000000 		.4byte	.LASF14
 295 00a7 03       		.byte	0x3
 296 00a8 18       		.byte	0x18
 297 00a9 2C000000 		.4byte	0x2c
 298 00ad 03       		.uleb128 0x3
 299 00ae 83030000 		.4byte	.LASF15
 300 00b2 03       		.byte	0x3
 301 00b3 24       		.byte	0x24
 302 00b4 45000000 		.4byte	0x45
 303 00b8 03       		.uleb128 0x3
 304 00b9 F3020000 		.4byte	.LASF16
 305 00bd 03       		.byte	0x3
 306 00be 2C       		.byte	0x2c
ARM GAS  C:\Users\bchir\AppData\Local\Temp\ccw3m9cf.s 			page 8


 307 00bf 57000000 		.4byte	0x57
 308 00c3 03       		.uleb128 0x3
 309 00c4 99030000 		.4byte	.LASF17
 310 00c8 03       		.byte	0x3
 311 00c9 30       		.byte	0x30
 312 00ca 69000000 		.4byte	0x69
 313 00ce 03       		.uleb128 0x3
 314 00cf 6E000000 		.4byte	.LASF18
 315 00d3 03       		.byte	0x3
 316 00d4 3C       		.byte	0x3c
 317 00d5 82000000 		.4byte	0x82
 318 00d9 02       		.uleb128 0x2
 319 00da 04       		.byte	0x4
 320 00db 04       		.byte	0x4
 321 00dc 77000000 		.4byte	.LASF19
 322 00e0 02       		.uleb128 0x2
 323 00e1 08       		.byte	0x8
 324 00e2 04       		.byte	0x4
 325 00e3 0D020000 		.4byte	.LASF20
 326 00e7 02       		.uleb128 0x2
 327 00e8 01       		.byte	0x1
 328 00e9 08       		.byte	0x8
 329 00ea 28030000 		.4byte	.LASF21
 330 00ee 02       		.uleb128 0x2
 331 00ef 08       		.byte	0x8
 332 00f0 04       		.byte	0x4
 333 00f1 E1030000 		.4byte	.LASF22
 334 00f5 02       		.uleb128 0x2
 335 00f6 04       		.byte	0x4
 336 00f7 07       		.byte	0x7
 337 00f8 FB020000 		.4byte	.LASF23
 338 00fc 05       		.uleb128 0x5
 339 00fd 04       		.byte	0x4
 340 00fe 06       		.uleb128 0x6
 341 00ff AD000000 		.4byte	0xad
 342 0103 03       		.uleb128 0x3
 343 0104 0E040000 		.4byte	.LASF24
 344 0108 04       		.byte	0x4
 345 0109 3B       		.byte	0x3b
 346 010a 62000000 		.4byte	0x62
 347 010e 03       		.uleb128 0x3
 348 010f F9030000 		.4byte	.LASF25
 349 0113 04       		.byte	0x4
 350 0114 3C       		.byte	0x3c
 351 0115 74000000 		.4byte	0x74
 352 0119 03       		.uleb128 0x3
 353 011a 30000000 		.4byte	.LASF26
 354 011e 04       		.byte	0x4
 355 011f 42       		.byte	0x42
 356 0120 C3000000 		.4byte	0xc3
 357 0124 07       		.uleb128 0x7
 358 0125 A2000000 		.4byte	0xa2
 359 0129 34010000 		.4byte	0x134
 360 012d 08       		.uleb128 0x8
 361 012e F5000000 		.4byte	0xf5
 362 0132 01       		.byte	0x1
 363 0133 00       		.byte	0
ARM GAS  C:\Users\bchir\AppData\Local\Temp\ccw3m9cf.s 			page 9


 364 0134 03       		.uleb128 0x3
 365 0135 8C030000 		.4byte	.LASF27
 366 0139 05       		.byte	0x5
 367 013a 57       		.byte	0x57
 368 013b 3F010000 		.4byte	0x13f
 369 013f 09       		.uleb128 0x9
 370 0140 04       		.byte	0x4
 371 0141 45010000 		.4byte	0x145
 372 0145 0A       		.uleb128 0xa
 373 0146 97020000 		.4byte	.LASF56
 374 014a 0B       		.uleb128 0xb
 375 014b 40       		.byte	0x40
 376 014c 06       		.byte	0x6
 377 014d 20       		.byte	0x20
 378 014e B3010000 		.4byte	0x1b3
 379 0152 0C       		.uleb128 0xc
 380 0153 27000000 		.4byte	.LASF28
 381 0157 06       		.byte	0x6
 382 0158 22       		.byte	0x22
 383 0159 24010000 		.4byte	0x124
 384 015d 00       		.byte	0
 385 015e 0C       		.uleb128 0xc
 386 015f 12000000 		.4byte	.LASF29
 387 0163 06       		.byte	0x6
 388 0164 23       		.byte	0x23
 389 0165 24010000 		.4byte	0x124
 390 0169 02       		.byte	0x2
 391 016a 0C       		.uleb128 0xc
 392 016b 7D000000 		.4byte	.LASF30
 393 016f 06       		.byte	0x6
 394 0170 24       		.byte	0x24
 395 0171 CE000000 		.4byte	0xce
 396 0175 04       		.byte	0x4
 397 0176 0C       		.uleb128 0xc
 398 0177 19000000 		.4byte	.LASF31
 399 017b 06       		.byte	0x6
 400 017c 25       		.byte	0x25
 401 017d A2000000 		.4byte	0xa2
 402 0181 0C       		.byte	0xc
 403 0182 0C       		.uleb128 0xc
 404 0183 F6010000 		.4byte	.LASF32
 405 0187 06       		.byte	0x6
 406 0188 26       		.byte	0x26
 407 0189 A2000000 		.4byte	0xa2
 408 018d 0D       		.byte	0xd
 409 018e 0C       		.uleb128 0xc
 410 018f EB020000 		.4byte	.LASF33
 411 0193 06       		.byte	0x6
 412 0194 27       		.byte	0x27
 413 0195 B3010000 		.4byte	0x1b3
 414 0199 0E       		.byte	0xe
 415 019a 0C       		.uleb128 0xc
 416 019b AD010000 		.4byte	.LASF34
 417 019f 06       		.byte	0x6
 418 01a0 28       		.byte	0x28
 419 01a1 A2000000 		.4byte	0xa2
 420 01a5 3E       		.byte	0x3e
ARM GAS  C:\Users\bchir\AppData\Local\Temp\ccw3m9cf.s 			page 10


 421 01a6 0C       		.uleb128 0xc
 422 01a7 6E030000 		.4byte	.LASF35
 423 01ab 06       		.byte	0x6
 424 01ac 29       		.byte	0x29
 425 01ad A2000000 		.4byte	0xa2
 426 01b1 3F       		.byte	0x3f
 427 01b2 00       		.byte	0
 428 01b3 07       		.uleb128 0x7
 429 01b4 A2000000 		.4byte	0xa2
 430 01b8 C3010000 		.4byte	0x1c3
 431 01bc 08       		.uleb128 0x8
 432 01bd F5000000 		.4byte	0xf5
 433 01c1 2F       		.byte	0x2f
 434 01c2 00       		.byte	0
 435 01c3 03       		.uleb128 0x3
 436 01c4 AB020000 		.4byte	.LASF36
 437 01c8 06       		.byte	0x6
 438 01c9 2C       		.byte	0x2c
 439 01ca 4A010000 		.4byte	0x14a
 440 01ce 0D       		.uleb128 0xd
 441 01cf 7D020000 		.4byte	.LASF57
 442 01d3 01       		.byte	0x1
 443 01d4 10       		.byte	0x10
 444 01d5 00000000 		.4byte	.LFB68
 445 01d9 D8000000 		.4byte	.LFE68-.LFB68
 446 01dd 01       		.uleb128 0x1
 447 01de 9C       		.byte	0x9c
 448 01df 0C030000 		.4byte	0x30c
 449 01e3 0E       		.uleb128 0xe
 450 01e4 2D030000 		.4byte	.LASF58
 451 01e8 01       		.byte	0x1
 452 01e9 10       		.byte	0x10
 453 01ea FC000000 		.4byte	0xfc
 454 01ee 00000000 		.4byte	.LLST0
 455 01f2 0F       		.uleb128 0xf
 456 01f3 57000000 		.4byte	.LASF37
 457 01f7 01       		.byte	0x1
 458 01f8 19       		.byte	0x19
 459 01f9 FE000000 		.4byte	0xfe
 460 01fd 02       		.uleb128 0x2
 461 01fe 91       		.byte	0x91
 462 01ff 6E       		.sleb128 -18
 463 0200 0F       		.uleb128 0xf
 464 0201 A2030000 		.4byte	.LASF38
 465 0205 01       		.byte	0x1
 466 0206 1A       		.byte	0x1a
 467 0207 FE000000 		.4byte	0xfe
 468 020b 02       		.uleb128 0x2
 469 020c 91       		.byte	0x91
 470 020d 6C       		.sleb128 -20
 471 020e 0F       		.uleb128 0xf
 472 020f 05040000 		.4byte	.LASF39
 473 0213 01       		.byte	0x1
 474 0214 1C       		.byte	0x1c
 475 0215 C3010000 		.4byte	0x1c3
 476 0219 03       		.uleb128 0x3
 477 021a 91       		.byte	0x91
ARM GAS  C:\Users\bchir\AppData\Local\Temp\ccw3m9cf.s 			page 11


 478 021b AC7F     		.sleb128 -84
 479 021d 10       		.uleb128 0x10
 480 021e 3B000000 		.4byte	.LASF59
 481 0222 01       		.byte	0x1
 482 0223 1E       		.byte	0x1e
 483 0224 AD000000 		.4byte	0xad
 484 0228 11       		.uleb128 0x11
 485 0229 E2020000 		.4byte	.LASF40
 486 022d 01       		.byte	0x1
 487 022e 1F       		.byte	0x1f
 488 022f D9000000 		.4byte	0xd9
 489 0233 04       		.byte	0x4
 490 0234 CDCC4C3D 		.4byte	0x3d4ccccd
 491 0238 0F       		.uleb128 0xf
 492 0239 1E020000 		.4byte	.LASF41
 493 023d 01       		.byte	0x1
 494 023e 21       		.byte	0x21
 495 023f AD000000 		.4byte	0xad
 496 0243 03       		.uleb128 0x3
 497 0244 91       		.byte	0x91
 498 0245 AA7F     		.sleb128 -86
 499 0247 12       		.uleb128 0x12
 500 0248 08000000 		.4byte	.LVL1
 501 024c 75030000 		.4byte	0x375
 502 0250 12       		.uleb128 0x12
 503 0251 0C000000 		.4byte	.LVL2
 504 0255 80030000 		.4byte	0x380
 505 0259 12       		.uleb128 0x12
 506 025a 10000000 		.4byte	.LVL3
 507 025e 8B030000 		.4byte	0x38b
 508 0262 12       		.uleb128 0x12
 509 0263 22000000 		.4byte	.LVL5
 510 0267 96030000 		.4byte	0x396
 511 026b 12       		.uleb128 0x12
 512 026c 32000000 		.4byte	.LVL6
 513 0270 A1030000 		.4byte	0x3a1
 514 0274 12       		.uleb128 0x12
 515 0275 3C000000 		.4byte	.LVL7
 516 0279 A1030000 		.4byte	0x3a1
 517 027d 12       		.uleb128 0x12
 518 027e 4E000000 		.4byte	.LVL8
 519 0282 96030000 		.4byte	0x396
 520 0286 12       		.uleb128 0x12
 521 0287 5E000000 		.4byte	.LVL9
 522 028b A1030000 		.4byte	0x3a1
 523 028f 12       		.uleb128 0x12
 524 0290 68000000 		.4byte	.LVL10
 525 0294 A1030000 		.4byte	0x3a1
 526 0298 13       		.uleb128 0x13
 527 0299 B4000000 		.4byte	.LVL16
 528 029d AC030000 		.4byte	0x3ac
 529 02a1 CA020000 		.4byte	0x2ca
 530 02a5 14       		.uleb128 0x14
 531 02a6 01       		.uleb128 0x1
 532 02a7 50       		.byte	0x50
 533 02a8 03       		.uleb128 0x3
 534 02a9 91       		.byte	0x91
ARM GAS  C:\Users\bchir\AppData\Local\Temp\ccw3m9cf.s 			page 12


 535 02aa AC7F     		.sleb128 -84
 536 02ac 14       		.uleb128 0x14
 537 02ad 01       		.uleb128 0x1
 538 02ae 51       		.byte	0x51
 539 02af 03       		.uleb128 0x3
 540 02b0 91       		.byte	0x91
 541 02b1 AA7F     		.sleb128 -86
 542 02b3 14       		.uleb128 0x14
 543 02b4 01       		.uleb128 0x1
 544 02b5 52       		.byte	0x52
 545 02b6 01       		.uleb128 0x1
 546 02b7 34       		.byte	0x34
 547 02b8 14       		.uleb128 0x14
 548 02b9 01       		.uleb128 0x1
 549 02ba 53       		.byte	0x53
 550 02bb 01       		.uleb128 0x1
 551 02bc 35       		.byte	0x35
 552 02bd 14       		.uleb128 0x14
 553 02be 02       		.uleb128 0x2
 554 02bf 7D       		.byte	0x7d
 555 02c0 00       		.sleb128 0
 556 02c1 01       		.uleb128 0x1
 557 02c2 30       		.byte	0x30
 558 02c3 14       		.uleb128 0x14
 559 02c4 02       		.uleb128 0x2
 560 02c5 7D       		.byte	0x7d
 561 02c6 04       		.sleb128 4
 562 02c7 01       		.uleb128 0x1
 563 02c8 30       		.byte	0x30
 564 02c9 00       		.byte	0
 565 02ca 12       		.uleb128 0x12
 566 02cb B8000000 		.4byte	.LVL17
 567 02cf B7030000 		.4byte	0x3b7
 568 02d3 12       		.uleb128 0x12
 569 02d4 C0000000 		.4byte	.LVL18
 570 02d8 B7030000 		.4byte	0x3b7
 571 02dc 13       		.uleb128 0x13
 572 02dd CC000000 		.4byte	.LVL19
 573 02e1 C2030000 		.4byte	0x3c2
 574 02e5 FC020000 		.4byte	0x2fc
 575 02e9 14       		.uleb128 0x14
 576 02ea 01       		.uleb128 0x1
 577 02eb 51       		.byte	0x51
 578 02ec 03       		.uleb128 0x3
 579 02ed 91       		.byte	0x91
 580 02ee AC7F     		.sleb128 -84
 581 02f0 14       		.uleb128 0x14
 582 02f1 01       		.uleb128 0x1
 583 02f2 52       		.byte	0x52
 584 02f3 02       		.uleb128 0x2
 585 02f4 09       		.byte	0x9
 586 02f5 FF       		.byte	0xff
 587 02f6 14       		.uleb128 0x14
 588 02f7 01       		.uleb128 0x1
 589 02f8 53       		.byte	0x53
 590 02f9 01       		.uleb128 0x1
 591 02fa 30       		.byte	0x30
ARM GAS  C:\Users\bchir\AppData\Local\Temp\ccw3m9cf.s 			page 13


 592 02fb 00       		.byte	0
 593 02fc 15       		.uleb128 0x15
 594 02fd D2000000 		.4byte	.LVL20
 595 0301 CE030000 		.4byte	0x3ce
 596 0305 14       		.uleb128 0x14
 597 0306 01       		.uleb128 0x1
 598 0307 50       		.byte	0x50
 599 0308 01       		.uleb128 0x1
 600 0309 3A       		.byte	0x3a
 601 030a 00       		.byte	0
 602 030b 00       		.byte	0
 603 030c 16       		.uleb128 0x16
 604 030d D7010000 		.4byte	.LASF60
 605 0311 01       		.byte	0x1
 606 0312 4C       		.byte	0x4c
 607 0313 00000000 		.4byte	.LFB69
 608 0317 2C000000 		.4byte	.LFE69-.LFB69
 609 031b 01       		.uleb128 0x1
 610 031c 9C       		.byte	0x9c
 611 031d 64030000 		.4byte	0x364
 612 0321 0F       		.uleb128 0xf
 613 0322 25040000 		.4byte	.LASF42
 614 0326 01       		.byte	0x1
 615 0327 4E       		.byte	0x4e
 616 0328 34010000 		.4byte	0x134
 617 032c 02       		.uleb128 0x2
 618 032d 91       		.byte	0x91
 619 032e 74       		.sleb128 -12
 620 032f 15       		.uleb128 0x15
 621 0330 1C000000 		.4byte	.LVL21
 622 0334 DA030000 		.4byte	0x3da
 623 0338 14       		.uleb128 0x14
 624 0339 01       		.uleb128 0x1
 625 033a 50       		.byte	0x50
 626 033b 05       		.uleb128 0x5
 627 033c 03       		.byte	0x3
 628 033d 00000000 		.4byte	TaskVehicleBatteryVoltage
 629 0341 14       		.uleb128 0x14
 630 0342 01       		.uleb128 0x1
 631 0343 51       		.byte	0x51
 632 0344 05       		.uleb128 0x5
 633 0345 03       		.byte	0x3
 634 0346 00000000 		.4byte	.LC0
 635 034a 14       		.uleb128 0x14
 636 034b 01       		.uleb128 0x1
 637 034c 52       		.byte	0x52
 638 034d 02       		.uleb128 0x2
 639 034e 08       		.byte	0x8
 640 034f 80       		.byte	0x80
 641 0350 14       		.uleb128 0x14
 642 0351 01       		.uleb128 0x1
 643 0352 53       		.byte	0x53
 644 0353 01       		.uleb128 0x1
 645 0354 31       		.byte	0x31
 646 0355 14       		.uleb128 0x14
 647 0356 02       		.uleb128 0x2
 648 0357 7D       		.byte	0x7d
ARM GAS  C:\Users\bchir\AppData\Local\Temp\ccw3m9cf.s 			page 14


 649 0358 00       		.sleb128 0
 650 0359 01       		.uleb128 0x1
 651 035a 30       		.byte	0x30
 652 035b 14       		.uleb128 0x14
 653 035c 02       		.uleb128 0x2
 654 035d 7D       		.byte	0x7d
 655 035e 04       		.sleb128 4
 656 035f 02       		.uleb128 0x2
 657 0360 91       		.byte	0x91
 658 0361 74       		.sleb128 -12
 659 0362 00       		.byte	0
 660 0363 00       		.byte	0
 661 0364 17       		.uleb128 0x17
 662 0365 B9010000 		.4byte	.LASF61
 663 0369 0A       		.byte	0xa
 664 036a 1207     		.2byte	0x712
 665 036c 70030000 		.4byte	0x370
 666 0370 06       		.uleb128 0x6
 667 0371 B8000000 		.4byte	0xb8
 668 0375 18       		.uleb128 0x18
 669 0376 C1020000 		.4byte	.LASF43
 670 037a C1020000 		.4byte	.LASF43
 671 037e 07       		.byte	0x7
 672 037f 27       		.byte	0x27
 673 0380 18       		.uleb128 0x18
 674 0381 2E020000 		.4byte	.LASF44
 675 0385 2E020000 		.4byte	.LASF44
 676 0389 08       		.byte	0x8
 677 038a 34       		.byte	0x34
 678 038b 18       		.uleb128 0x18
 679 038c 81010000 		.4byte	.LASF45
 680 0390 81010000 		.4byte	.LASF45
 681 0394 08       		.byte	0x8
 682 0395 D1       		.byte	0xd1
 683 0396 18       		.uleb128 0x18
 684 0397 BF030000 		.4byte	.LASF46
 685 039b BF030000 		.4byte	.LASF46
 686 039f 08       		.byte	0x8
 687 03a0 3B       		.byte	0x3b
 688 03a1 18       		.uleb128 0x18
 689 03a2 4A020000 		.4byte	.LASF47
 690 03a6 4A020000 		.4byte	.LASF47
 691 03aa 08       		.byte	0x8
 692 03ab 3F       		.byte	0x3f
 693 03ac 18       		.uleb128 0x18
 694 03ad 04030000 		.4byte	.LASF48
 695 03b1 04030000 		.4byte	.LASF48
 696 03b5 06       		.byte	0x6
 697 03b6 2E       		.byte	0x2e
 698 03b7 18       		.uleb128 0x18
 699 03b8 C6010000 		.4byte	.LASF49
 700 03bc C6010000 		.4byte	.LASF49
 701 03c0 06       		.byte	0x6
 702 03c1 31       		.byte	0x31
 703 03c2 19       		.uleb128 0x19
 704 03c3 00000000 		.4byte	.LASF50
 705 03c7 00000000 		.4byte	.LASF50
ARM GAS  C:\Users\bchir\AppData\Local\Temp\ccw3m9cf.s 			page 15


 706 03cb 09       		.byte	0x9
 707 03cc AE02     		.2byte	0x2ae
 708 03ce 19       		.uleb128 0x19
 709 03cf B4030000 		.4byte	.LASF51
 710 03d3 B4030000 		.4byte	.LASF51
 711 03d7 05       		.byte	0x5
 712 03d8 1A03     		.2byte	0x31a
 713 03da 19       		.uleb128 0x19
 714 03db 19040000 		.4byte	.LASF52
 715 03df 19040000 		.4byte	.LASF52
 716 03e3 05       		.byte	0x5
 717 03e4 6301     		.2byte	0x163
 718 03e6 00       		.byte	0
 719              		.section	.debug_abbrev,"",%progbits
 720              	.Ldebug_abbrev0:
 721 0000 01       		.uleb128 0x1
 722 0001 11       		.uleb128 0x11
 723 0002 01       		.byte	0x1
 724 0003 25       		.uleb128 0x25
 725 0004 0E       		.uleb128 0xe
 726 0005 13       		.uleb128 0x13
 727 0006 0B       		.uleb128 0xb
 728 0007 03       		.uleb128 0x3
 729 0008 0E       		.uleb128 0xe
 730 0009 1B       		.uleb128 0x1b
 731 000a 0E       		.uleb128 0xe
 732 000b 55       		.uleb128 0x55
 733 000c 17       		.uleb128 0x17
 734 000d 11       		.uleb128 0x11
 735 000e 01       		.uleb128 0x1
 736 000f 10       		.uleb128 0x10
 737 0010 17       		.uleb128 0x17
 738 0011 00       		.byte	0
 739 0012 00       		.byte	0
 740 0013 02       		.uleb128 0x2
 741 0014 24       		.uleb128 0x24
 742 0015 00       		.byte	0
 743 0016 0B       		.uleb128 0xb
 744 0017 0B       		.uleb128 0xb
 745 0018 3E       		.uleb128 0x3e
 746 0019 0B       		.uleb128 0xb
 747 001a 03       		.uleb128 0x3
 748 001b 0E       		.uleb128 0xe
 749 001c 00       		.byte	0
 750 001d 00       		.byte	0
 751 001e 03       		.uleb128 0x3
 752 001f 16       		.uleb128 0x16
 753 0020 00       		.byte	0
 754 0021 03       		.uleb128 0x3
 755 0022 0E       		.uleb128 0xe
 756 0023 3A       		.uleb128 0x3a
 757 0024 0B       		.uleb128 0xb
 758 0025 3B       		.uleb128 0x3b
 759 0026 0B       		.uleb128 0xb
 760 0027 49       		.uleb128 0x49
 761 0028 13       		.uleb128 0x13
 762 0029 00       		.byte	0
ARM GAS  C:\Users\bchir\AppData\Local\Temp\ccw3m9cf.s 			page 16


 763 002a 00       		.byte	0
 764 002b 04       		.uleb128 0x4
 765 002c 24       		.uleb128 0x24
 766 002d 00       		.byte	0
 767 002e 0B       		.uleb128 0xb
 768 002f 0B       		.uleb128 0xb
 769 0030 3E       		.uleb128 0x3e
 770 0031 0B       		.uleb128 0xb
 771 0032 03       		.uleb128 0x3
 772 0033 08       		.uleb128 0x8
 773 0034 00       		.byte	0
 774 0035 00       		.byte	0
 775 0036 05       		.uleb128 0x5
 776 0037 0F       		.uleb128 0xf
 777 0038 00       		.byte	0
 778 0039 0B       		.uleb128 0xb
 779 003a 0B       		.uleb128 0xb
 780 003b 00       		.byte	0
 781 003c 00       		.byte	0
 782 003d 06       		.uleb128 0x6
 783 003e 35       		.uleb128 0x35
 784 003f 00       		.byte	0
 785 0040 49       		.uleb128 0x49
 786 0041 13       		.uleb128 0x13
 787 0042 00       		.byte	0
 788 0043 00       		.byte	0
 789 0044 07       		.uleb128 0x7
 790 0045 01       		.uleb128 0x1
 791 0046 01       		.byte	0x1
 792 0047 49       		.uleb128 0x49
 793 0048 13       		.uleb128 0x13
 794 0049 01       		.uleb128 0x1
 795 004a 13       		.uleb128 0x13
 796 004b 00       		.byte	0
 797 004c 00       		.byte	0
 798 004d 08       		.uleb128 0x8
 799 004e 21       		.uleb128 0x21
 800 004f 00       		.byte	0
 801 0050 49       		.uleb128 0x49
 802 0051 13       		.uleb128 0x13
 803 0052 2F       		.uleb128 0x2f
 804 0053 0B       		.uleb128 0xb
 805 0054 00       		.byte	0
 806 0055 00       		.byte	0
 807 0056 09       		.uleb128 0x9
 808 0057 0F       		.uleb128 0xf
 809 0058 00       		.byte	0
 810 0059 0B       		.uleb128 0xb
 811 005a 0B       		.uleb128 0xb
 812 005b 49       		.uleb128 0x49
 813 005c 13       		.uleb128 0x13
 814 005d 00       		.byte	0
 815 005e 00       		.byte	0
 816 005f 0A       		.uleb128 0xa
 817 0060 13       		.uleb128 0x13
 818 0061 00       		.byte	0
 819 0062 03       		.uleb128 0x3
ARM GAS  C:\Users\bchir\AppData\Local\Temp\ccw3m9cf.s 			page 17


 820 0063 0E       		.uleb128 0xe
 821 0064 3C       		.uleb128 0x3c
 822 0065 19       		.uleb128 0x19
 823 0066 00       		.byte	0
 824 0067 00       		.byte	0
 825 0068 0B       		.uleb128 0xb
 826 0069 13       		.uleb128 0x13
 827 006a 01       		.byte	0x1
 828 006b 0B       		.uleb128 0xb
 829 006c 0B       		.uleb128 0xb
 830 006d 3A       		.uleb128 0x3a
 831 006e 0B       		.uleb128 0xb
 832 006f 3B       		.uleb128 0x3b
 833 0070 0B       		.uleb128 0xb
 834 0071 01       		.uleb128 0x1
 835 0072 13       		.uleb128 0x13
 836 0073 00       		.byte	0
 837 0074 00       		.byte	0
 838 0075 0C       		.uleb128 0xc
 839 0076 0D       		.uleb128 0xd
 840 0077 00       		.byte	0
 841 0078 03       		.uleb128 0x3
 842 0079 0E       		.uleb128 0xe
 843 007a 3A       		.uleb128 0x3a
 844 007b 0B       		.uleb128 0xb
 845 007c 3B       		.uleb128 0x3b
 846 007d 0B       		.uleb128 0xb
 847 007e 49       		.uleb128 0x49
 848 007f 13       		.uleb128 0x13
 849 0080 38       		.uleb128 0x38
 850 0081 0B       		.uleb128 0xb
 851 0082 00       		.byte	0
 852 0083 00       		.byte	0
 853 0084 0D       		.uleb128 0xd
 854 0085 2E       		.uleb128 0x2e
 855 0086 01       		.byte	0x1
 856 0087 03       		.uleb128 0x3
 857 0088 0E       		.uleb128 0xe
 858 0089 3A       		.uleb128 0x3a
 859 008a 0B       		.uleb128 0xb
 860 008b 3B       		.uleb128 0x3b
 861 008c 0B       		.uleb128 0xb
 862 008d 27       		.uleb128 0x27
 863 008e 19       		.uleb128 0x19
 864 008f 8701     		.uleb128 0x87
 865 0091 19       		.uleb128 0x19
 866 0092 11       		.uleb128 0x11
 867 0093 01       		.uleb128 0x1
 868 0094 12       		.uleb128 0x12
 869 0095 06       		.uleb128 0x6
 870 0096 40       		.uleb128 0x40
 871 0097 18       		.uleb128 0x18
 872 0098 9642     		.uleb128 0x2116
 873 009a 19       		.uleb128 0x19
 874 009b 01       		.uleb128 0x1
 875 009c 13       		.uleb128 0x13
 876 009d 00       		.byte	0
ARM GAS  C:\Users\bchir\AppData\Local\Temp\ccw3m9cf.s 			page 18


 877 009e 00       		.byte	0
 878 009f 0E       		.uleb128 0xe
 879 00a0 05       		.uleb128 0x5
 880 00a1 00       		.byte	0
 881 00a2 03       		.uleb128 0x3
 882 00a3 0E       		.uleb128 0xe
 883 00a4 3A       		.uleb128 0x3a
 884 00a5 0B       		.uleb128 0xb
 885 00a6 3B       		.uleb128 0x3b
 886 00a7 0B       		.uleb128 0xb
 887 00a8 49       		.uleb128 0x49
 888 00a9 13       		.uleb128 0x13
 889 00aa 02       		.uleb128 0x2
 890 00ab 17       		.uleb128 0x17
 891 00ac 00       		.byte	0
 892 00ad 00       		.byte	0
 893 00ae 0F       		.uleb128 0xf
 894 00af 34       		.uleb128 0x34
 895 00b0 00       		.byte	0
 896 00b1 03       		.uleb128 0x3
 897 00b2 0E       		.uleb128 0xe
 898 00b3 3A       		.uleb128 0x3a
 899 00b4 0B       		.uleb128 0xb
 900 00b5 3B       		.uleb128 0x3b
 901 00b6 0B       		.uleb128 0xb
 902 00b7 49       		.uleb128 0x49
 903 00b8 13       		.uleb128 0x13
 904 00b9 02       		.uleb128 0x2
 905 00ba 18       		.uleb128 0x18
 906 00bb 00       		.byte	0
 907 00bc 00       		.byte	0
 908 00bd 10       		.uleb128 0x10
 909 00be 34       		.uleb128 0x34
 910 00bf 00       		.byte	0
 911 00c0 03       		.uleb128 0x3
 912 00c1 0E       		.uleb128 0xe
 913 00c2 3A       		.uleb128 0x3a
 914 00c3 0B       		.uleb128 0xb
 915 00c4 3B       		.uleb128 0x3b
 916 00c5 0B       		.uleb128 0xb
 917 00c6 49       		.uleb128 0x49
 918 00c7 13       		.uleb128 0x13
 919 00c8 00       		.byte	0
 920 00c9 00       		.byte	0
 921 00ca 11       		.uleb128 0x11
 922 00cb 34       		.uleb128 0x34
 923 00cc 00       		.byte	0
 924 00cd 03       		.uleb128 0x3
 925 00ce 0E       		.uleb128 0xe
 926 00cf 3A       		.uleb128 0x3a
 927 00d0 0B       		.uleb128 0xb
 928 00d1 3B       		.uleb128 0x3b
 929 00d2 0B       		.uleb128 0xb
 930 00d3 49       		.uleb128 0x49
 931 00d4 13       		.uleb128 0x13
 932 00d5 1C       		.uleb128 0x1c
 933 00d6 0A       		.uleb128 0xa
ARM GAS  C:\Users\bchir\AppData\Local\Temp\ccw3m9cf.s 			page 19


 934 00d7 00       		.byte	0
 935 00d8 00       		.byte	0
 936 00d9 12       		.uleb128 0x12
 937 00da 898201   		.uleb128 0x4109
 938 00dd 00       		.byte	0
 939 00de 11       		.uleb128 0x11
 940 00df 01       		.uleb128 0x1
 941 00e0 31       		.uleb128 0x31
 942 00e1 13       		.uleb128 0x13
 943 00e2 00       		.byte	0
 944 00e3 00       		.byte	0
 945 00e4 13       		.uleb128 0x13
 946 00e5 898201   		.uleb128 0x4109
 947 00e8 01       		.byte	0x1
 948 00e9 11       		.uleb128 0x11
 949 00ea 01       		.uleb128 0x1
 950 00eb 31       		.uleb128 0x31
 951 00ec 13       		.uleb128 0x13
 952 00ed 01       		.uleb128 0x1
 953 00ee 13       		.uleb128 0x13
 954 00ef 00       		.byte	0
 955 00f0 00       		.byte	0
 956 00f1 14       		.uleb128 0x14
 957 00f2 8A8201   		.uleb128 0x410a
 958 00f5 00       		.byte	0
 959 00f6 02       		.uleb128 0x2
 960 00f7 18       		.uleb128 0x18
 961 00f8 9142     		.uleb128 0x2111
 962 00fa 18       		.uleb128 0x18
 963 00fb 00       		.byte	0
 964 00fc 00       		.byte	0
 965 00fd 15       		.uleb128 0x15
 966 00fe 898201   		.uleb128 0x4109
 967 0101 01       		.byte	0x1
 968 0102 11       		.uleb128 0x11
 969 0103 01       		.uleb128 0x1
 970 0104 31       		.uleb128 0x31
 971 0105 13       		.uleb128 0x13
 972 0106 00       		.byte	0
 973 0107 00       		.byte	0
 974 0108 16       		.uleb128 0x16
 975 0109 2E       		.uleb128 0x2e
 976 010a 01       		.byte	0x1
 977 010b 3F       		.uleb128 0x3f
 978 010c 19       		.uleb128 0x19
 979 010d 03       		.uleb128 0x3
 980 010e 0E       		.uleb128 0xe
 981 010f 3A       		.uleb128 0x3a
 982 0110 0B       		.uleb128 0xb
 983 0111 3B       		.uleb128 0x3b
 984 0112 0B       		.uleb128 0xb
 985 0113 11       		.uleb128 0x11
 986 0114 01       		.uleb128 0x1
 987 0115 12       		.uleb128 0x12
 988 0116 06       		.uleb128 0x6
 989 0117 40       		.uleb128 0x40
 990 0118 18       		.uleb128 0x18
ARM GAS  C:\Users\bchir\AppData\Local\Temp\ccw3m9cf.s 			page 20


 991 0119 9742     		.uleb128 0x2117
 992 011b 19       		.uleb128 0x19
 993 011c 01       		.uleb128 0x1
 994 011d 13       		.uleb128 0x13
 995 011e 00       		.byte	0
 996 011f 00       		.byte	0
 997 0120 17       		.uleb128 0x17
 998 0121 34       		.uleb128 0x34
 999 0122 00       		.byte	0
 1000 0123 03       		.uleb128 0x3
 1001 0124 0E       		.uleb128 0xe
 1002 0125 3A       		.uleb128 0x3a
 1003 0126 0B       		.uleb128 0xb
 1004 0127 3B       		.uleb128 0x3b
 1005 0128 05       		.uleb128 0x5
 1006 0129 49       		.uleb128 0x49
 1007 012a 13       		.uleb128 0x13
 1008 012b 3F       		.uleb128 0x3f
 1009 012c 19       		.uleb128 0x19
 1010 012d 3C       		.uleb128 0x3c
 1011 012e 19       		.uleb128 0x19
 1012 012f 00       		.byte	0
 1013 0130 00       		.byte	0
 1014 0131 18       		.uleb128 0x18
 1015 0132 2E       		.uleb128 0x2e
 1016 0133 00       		.byte	0
 1017 0134 3F       		.uleb128 0x3f
 1018 0135 19       		.uleb128 0x19
 1019 0136 3C       		.uleb128 0x3c
 1020 0137 19       		.uleb128 0x19
 1021 0138 6E       		.uleb128 0x6e
 1022 0139 0E       		.uleb128 0xe
 1023 013a 03       		.uleb128 0x3
 1024 013b 0E       		.uleb128 0xe
 1025 013c 3A       		.uleb128 0x3a
 1026 013d 0B       		.uleb128 0xb
 1027 013e 3B       		.uleb128 0x3b
 1028 013f 0B       		.uleb128 0xb
 1029 0140 00       		.byte	0
 1030 0141 00       		.byte	0
 1031 0142 19       		.uleb128 0x19
 1032 0143 2E       		.uleb128 0x2e
 1033 0144 00       		.byte	0
 1034 0145 3F       		.uleb128 0x3f
 1035 0146 19       		.uleb128 0x19
 1036 0147 3C       		.uleb128 0x3c
 1037 0148 19       		.uleb128 0x19
 1038 0149 6E       		.uleb128 0x6e
 1039 014a 0E       		.uleb128 0xe
 1040 014b 03       		.uleb128 0x3
 1041 014c 0E       		.uleb128 0xe
 1042 014d 3A       		.uleb128 0x3a
 1043 014e 0B       		.uleb128 0xb
 1044 014f 3B       		.uleb128 0x3b
 1045 0150 05       		.uleb128 0x5
 1046 0151 00       		.byte	0
 1047 0152 00       		.byte	0
ARM GAS  C:\Users\bchir\AppData\Local\Temp\ccw3m9cf.s 			page 21


 1048 0153 00       		.byte	0
 1049              		.section	.debug_loc,"",%progbits
 1050              	.Ldebug_loc0:
 1051              	.LLST0:
 1052 0000 00000000 		.4byte	.LVL0
 1053 0004 07000000 		.4byte	.LVL1-1
 1054 0008 0100     		.2byte	0x1
 1055 000a 50       		.byte	0x50
 1056 000b 07000000 		.4byte	.LVL1-1
 1057 000f D8000000 		.4byte	.LFE68
 1058 0013 0400     		.2byte	0x4
 1059 0015 F3       		.byte	0xf3
 1060 0016 01       		.uleb128 0x1
 1061 0017 50       		.byte	0x50
 1062 0018 9F       		.byte	0x9f
 1063 0019 00000000 		.4byte	0
 1064 001d 00000000 		.4byte	0
 1065              		.section	.debug_aranges,"",%progbits
 1066 0000 24000000 		.4byte	0x24
 1067 0004 0200     		.2byte	0x2
 1068 0006 00000000 		.4byte	.Ldebug_info0
 1069 000a 04       		.byte	0x4
 1070 000b 00       		.byte	0
 1071 000c 0000     		.2byte	0
 1072 000e 0000     		.2byte	0
 1073 0010 00000000 		.4byte	.LFB68
 1074 0014 D8000000 		.4byte	.LFE68-.LFB68
 1075 0018 00000000 		.4byte	.LFB69
 1076 001c 2C000000 		.4byte	.LFE69-.LFB69
 1077 0020 00000000 		.4byte	0
 1078 0024 00000000 		.4byte	0
 1079              		.section	.debug_ranges,"",%progbits
 1080              	.Ldebug_ranges0:
 1081 0000 00000000 		.4byte	.LFB68
 1082 0004 D8000000 		.4byte	.LFE68
 1083 0008 00000000 		.4byte	.LFB69
 1084 000c 2C000000 		.4byte	.LFE69
 1085 0010 00000000 		.4byte	0
 1086 0014 00000000 		.4byte	0
 1087              		.section	.debug_line,"",%progbits
 1088              	.Ldebug_line0:
 1089 0000 62020000 		.section	.debug_str,"MS",%progbits,1
 1089      02002502 
 1089      00000201 
 1089      FB0E0D00 
 1089      01010101 
 1090              	.LASF50:
 1091 0000 78517565 		.ascii	"xQueueGenericSend\000"
 1091      75654765 
 1091      6E657269 
 1091      6353656E 
 1091      6400
 1092              	.LASF29:
 1093 0012 656E6453 		.ascii	"endSeq\000"
 1093      657100
 1094              	.LASF31:
 1095 0019 736F7572 		.ascii	"sourceTaskAdd\000"
ARM GAS  C:\Users\bchir\AppData\Local\Temp\ccw3m9cf.s 			page 22


 1095      63655461 
 1095      736B4164 
 1095      6400
 1096              	.LASF28:
 1097 0027 73746172 		.ascii	"startSeq\000"
 1097      74536571 
 1097      00
 1098              	.LASF26:
 1099 0030 5469636B 		.ascii	"TickType_t\000"
 1099      54797065 
 1099      5F7400
 1100              	.LASF59:
 1101 003b 52617744 		.ascii	"RawData\000"
 1101      61746100 
 1102              	.LASF3:
 1103 0043 5F5F7569 		.ascii	"__uint8_t\000"
 1103      6E74385F 
 1103      7400
 1104              	.LASF6:
 1105 004d 5F5F696E 		.ascii	"__int32_t\000"
 1105      7433325F 
 1105      7400
 1106              	.LASF37:
 1107 0057 62617474 		.ascii	"battVoltage_mV\000"
 1107      566F6C74 
 1107      6167655F 
 1107      6D5600
 1108              	.LASF14:
 1109 0066 75696E74 		.ascii	"uint8_t\000"
 1109      385F7400 
 1110              	.LASF18:
 1111 006e 75696E74 		.ascii	"uint64_t\000"
 1111      36345F74 
 1111      00
 1112              	.LASF19:
 1113 0077 666C6F61 		.ascii	"float\000"
 1113      7400
 1114              	.LASF30:
 1115 007d 7061636B 		.ascii	"packetId\000"
 1115      65744964 
 1115      00
 1116              	.LASF12:
 1117 0086 6C6F6E67 		.ascii	"long long unsigned int\000"
 1117      206C6F6E 
 1117      6720756E 
 1117      7369676E 
 1117      65642069 
 1118              	.LASF1:
 1119 009d 756E7369 		.ascii	"unsigned char\000"
 1119      676E6564 
 1119      20636861 
 1119      7200
 1120              	.LASF53:
 1121 00ab 474E5520 		.ascii	"GNU C11 5.4.1 20160609 (release) [ARM/embedded-5-br"
 1121      43313120 
 1121      352E342E 
 1121      31203230 
ARM GAS  C:\Users\bchir\AppData\Local\Temp\ccw3m9cf.s 			page 23


 1121      31363036 
 1122 00de 616E6368 		.ascii	"anch revision 237715] -mcpu=cortex-m3 -mthumb -g -O"
 1122      20726576 
 1122      6973696F 
 1122      6E203233 
 1122      37373135 
 1123 0111 67202D66 		.ascii	"g -ffunction-sections -ffat-lto-objects\000"
 1123      66756E63 
 1123      74696F6E 
 1123      2D736563 
 1123      74696F6E 
 1124              	.LASF8:
 1125 0139 5F5F7569 		.ascii	"__uint32_t\000"
 1125      6E743332 
 1125      5F7400
 1126              	.LASF54:
 1127 0144 56656869 		.ascii	"VehicleBatteryVoltage.c\000"
 1127      636C6542 
 1127      61747465 
 1127      7279566F 
 1127      6C746167 
 1128              	.LASF9:
 1129 015c 6C6F6E67 		.ascii	"long unsigned int\000"
 1129      20756E73 
 1129      69676E65 
 1129      6420696E 
 1129      7400
 1130              	.LASF5:
 1131 016e 73686F72 		.ascii	"short unsigned int\000"
 1131      7420756E 
 1131      7369676E 
 1131      65642069 
 1131      6E7400
 1132              	.LASF45:
 1133 0181 56656869 		.ascii	"VehicleBattVoltageAdc_StartConvert\000"
 1133      636C6542 
 1133      61747456 
 1133      6F6C7461 
 1133      67654164 
 1134              	.LASF7:
 1135 01a4 6C6F6E67 		.ascii	"long int\000"
 1135      20696E74 
 1135      00
 1136              	.LASF34:
 1137 01ad 7061636B 		.ascii	"packetCount\000"
 1137      6574436F 
 1137      756E7400 
 1138              	.LASF61:
 1139 01b9 49544D5F 		.ascii	"ITM_RxBuffer\000"
 1139      52784275 
 1139      66666572 
 1139      00
 1140              	.LASF49:
 1141 01c6 67657453 		.ascii	"getSysMessegesgQ\000"
 1141      79734D65 
 1141      73736567 
 1141      65736751 
ARM GAS  C:\Users\bchir\AppData\Local\Temp\ccw3m9cf.s 			page 24


 1141      00
 1142              	.LASF60:
 1143 01d7 73746172 		.ascii	"startTaskVehicleBatteryVoltage\000"
 1143      74546173 
 1143      6B566568 
 1143      69636C65 
 1143      42617474 
 1144              	.LASF32:
 1145 01f6 7061796C 		.ascii	"payloadDesc\000"
 1145      6F616444 
 1145      65736300 
 1146              	.LASF4:
 1147 0202 5F5F7569 		.ascii	"__uint16_t\000"
 1147      6E743136 
 1147      5F7400
 1148              	.LASF20:
 1149 020d 646F7562 		.ascii	"double\000"
 1149      6C6500
 1150              	.LASF2:
 1151 0214 73686F72 		.ascii	"short int\000"
 1151      7420696E 
 1151      7400
 1152              	.LASF41:
 1153 021e 66696C74 		.ascii	"filteredVoltage\000"
 1153      65726564 
 1153      566F6C74 
 1153      61676500 
 1154              	.LASF44:
 1155 022e 56656869 		.ascii	"VehicleBattVoltageAdc_Start\000"
 1155      636C6542 
 1155      61747456 
 1155      6F6C7461 
 1155      67654164 
 1156              	.LASF47:
 1157 024a 56656869 		.ascii	"VehicleBattVoltageAdc_CountsTo_mVolts\000"
 1157      636C6542 
 1157      61747456 
 1157      6F6C7461 
 1157      67654164 
 1158              	.LASF13:
 1159 0270 756E7369 		.ascii	"unsigned int\000"
 1159      676E6564 
 1159      20696E74 
 1159      00
 1160              	.LASF57:
 1161 027d 5461736B 		.ascii	"TaskVehicleBatteryVoltage\000"
 1161      56656869 
 1161      636C6542 
 1161      61747465 
 1161      7279566F 
 1162              	.LASF56:
 1163 0297 74736B54 		.ascii	"tskTaskControlBlock\000"
 1163      61736B43 
 1163      6F6E7472 
 1163      6F6C426C 
 1163      6F636B00 
 1164              	.LASF36:
ARM GAS  C:\Users\bchir\AppData\Local\Temp\ccw3m9cf.s 			page 25


 1165 02ab 73797374 		.ascii	"systemMessagePacket_t\000"
 1165      656D4D65 
 1165      73736167 
 1165      65506163 
 1165      6B65745F 
 1166              	.LASF43:
 1167 02c1 436C6F63 		.ascii	"ClockVehicleBattVoltageADC_Start\000"
 1167      6B566568 
 1167      69636C65 
 1167      42617474 
 1167      566F6C74 
 1168              	.LASF40:
 1169 02e2 4C50465F 		.ascii	"LPF_Beta\000"
 1169      42657461 
 1169      00
 1170              	.LASF33:
 1171 02eb 7061796C 		.ascii	"payload\000"
 1171      6F616400 
 1172              	.LASF16:
 1173 02f3 696E7433 		.ascii	"int32_t\000"
 1173      325F7400 
 1174              	.LASF23:
 1175 02fb 73697A65 		.ascii	"sizetype\000"
 1175      74797065 
 1175      00
 1176              	.LASF48:
 1177 0304 63726561 		.ascii	"createSystemMsgPacket\000"
 1177      74655379 
 1177      7374656D 
 1177      4D736750 
 1177      61636B65 
 1178              	.LASF10:
 1179 031a 6C6F6E67 		.ascii	"long long int\000"
 1179      206C6F6E 
 1179      6720696E 
 1179      7400
 1180              	.LASF21:
 1181 0328 63686172 		.ascii	"char\000"
 1181      00
 1182              	.LASF58:
 1183 032d 70765061 		.ascii	"pvParameters\000"
 1183      72616D65 
 1183      74657273 
 1183      00
 1184              	.LASF55:
 1185 033a 453A5C47 		.ascii	"E:\\GIT Hub Project\\protocov\\Protocov\\Protocov.c"
 1185      49542048 
 1185      75622050 
 1185      726F6A65 
 1185      63745C70 
 1186 0369 7964736E 		.ascii	"ydsn\000"
 1186      00
 1187              	.LASF35:
 1188 036e 7061636B 		.ascii	"packetPos\000"
 1188      6574506F 
 1188      7300
 1189              	.LASF11:
ARM GAS  C:\Users\bchir\AppData\Local\Temp\ccw3m9cf.s 			page 26


 1190 0378 5F5F7569 		.ascii	"__uint64_t\000"
 1190      6E743634 
 1190      5F7400
 1191              	.LASF15:
 1192 0383 75696E74 		.ascii	"uint16_t\000"
 1192      31365F74 
 1192      00
 1193              	.LASF27:
 1194 038c 5461736B 		.ascii	"TaskHandle_t\000"
 1194      48616E64 
 1194      6C655F74 
 1194      00
 1195              	.LASF17:
 1196 0399 75696E74 		.ascii	"uint32_t\000"
 1196      33325F74 
 1196      00
 1197              	.LASF38:
 1198 03a2 62617474 		.ascii	"battVoltage_count\000"
 1198      566F6C74 
 1198      6167655F 
 1198      636F756E 
 1198      7400
 1199              	.LASF51:
 1200 03b4 76546173 		.ascii	"vTaskDelay\000"
 1200      6B44656C 
 1200      617900
 1201              	.LASF46:
 1202 03bf 56656869 		.ascii	"VehicleBattVoltageAdc_GetResult16\000"
 1202      636C6542 
 1202      61747456 
 1202      6F6C7461 
 1202      67654164 
 1203              	.LASF22:
 1204 03e1 6C6F6E67 		.ascii	"long double\000"
 1204      20646F75 
 1204      626C6500 
 1205              	.LASF0:
 1206 03ed 7369676E 		.ascii	"signed char\000"
 1206      65642063 
 1206      68617200 
 1207              	.LASF25:
 1208 03f9 55426173 		.ascii	"UBaseType_t\000"
 1208      65547970 
 1208      655F7400 
 1209              	.LASF39:
 1210 0405 64617461 		.ascii	"datapack\000"
 1210      7061636B 
 1210      00
 1211              	.LASF24:
 1212 040e 42617365 		.ascii	"BaseType_t\000"
 1212      54797065 
 1212      5F7400
 1213              	.LASF52:
 1214 0419 78546173 		.ascii	"xTaskCreate\000"
 1214      6B437265 
 1214      61746500 
 1215              	.LASF42:
ARM GAS  C:\Users\bchir\AppData\Local\Temp\ccw3m9cf.s 			page 27


 1216 0425 7848616E 		.ascii	"xHandle\000"
 1216      646C6500 
 1217              		.ident	"GCC: (GNU Tools for ARM Embedded Processors) 5.4.1 20160609 (release) [ARM/embedded-5-bran
