--------------- Build Started: 10/28/2023 19:54:47 Project: Protocov, Configuration: ARM GCC 5.4-2016-q2-update Debug ---------------
The code generation step is up to date.
arm-none-eabi-gcc.exe -mcpu=cortex-m3 -mthumb -I..\..\..\FreeRTOS\FreeRTOS-Kernel\include -I..\..\..\FreeRTOS\FreeRTOS-Kernel\portable\GCC\ARM_CM3 -I. -IGenerated_Source\PSoC5 -Wa,-alh=.\CortexM3\ARM_GCC_541\Debug/main.lst -g -D DEBUG -D CY_CORE_ID=0 -Wall -ffunction-sections -ffat-lto-objects -Og -c main.c -o .\CortexM3\ARM_GCC_541\Debug\main.o
arm-none-eabi-gcc.exe -mcpu=cortex-m3 -mthumb -I..\..\..\FreeRTOS\FreeRTOS-Kernel\include -I..\..\..\FreeRTOS\FreeRTOS-Kernel\portable\GCC\ARM_CM3 -I. -IGenerated_Source\PSoC5 -Wa,-alh=.\CortexM3\ARM_GCC_541\Debug/BluetoothComms.lst -g -D DEBUG -D CY_CORE_ID=0 -Wall -ffunction-sections -ffat-lto-objects -Og -c BluetoothComms.c -o .\CortexM3\ARM_GCC_541\Debug\BluetoothComms.o
BluetoothComms.c: In function 'TaskBluetoothComms':
BluetoothComms.c:49:20: warning: unused variable 'xHigherPriorityTaskWoken' [-Wunused-variable]
         BaseType_t xHigherPriorityTaskWoken = pdFALSE;
                    ^
BluetoothComms.c:45:14: warning: unused variable 'awoken' [-Wunused-variable]
     uint32_t awoken = 0;
              ^
BluetoothComms.c:44:13: warning: unused variable 'readData' [-Wunused-variable]
     uint8_t readData = 0;
             ^
BluetoothComms.c:43:14: warning: unused variable 'errorLog' [-Wunused-variable]
     uint16_t errorLog = 0;
              ^
arm-none-eabi-gcc.exe -mcpu=cortex-m3 -mthumb -I..\..\..\FreeRTOS\FreeRTOS-Kernel\include -I..\..\..\FreeRTOS\FreeRTOS-Kernel\portable\GCC\ARM_CM3 -I. -IGenerated_Source\PSoC5 -Wa,-alh=.\CortexM3\ARM_GCC_541\Debug/CanBusMessageRead.lst -g -D DEBUG -D CY_CORE_ID=0 -Wall -ffunction-sections -ffat-lto-objects -Og -c CanBusMessageRead.c -o .\CortexM3\ARM_GCC_541\Debug\CanBusMessageRead.o
CanBusMessageRead.c: In function 'TaskCanbusMessageRead':
arm-none-eabi-gcc.exe -mcpu=cortex-m3 -mthumb -I..\..\..\FreeRTOS\FreeRTOS-Kernel\include -I..\..\..\FreeRTOS\FreeRTOS-Kernel\portable\GCC\ARM_CM3 -I. -IGenerated_Source\PSoC5 -Wa,-alh=.\CortexM3\ARM_GCC_541\Debug/UserButtonControl.lst -g -D DEBUG -D CY_CORE_ID=0 -Wall -ffunction-sections -ffat-lto-objects -Og -c UserButtonControl.c -o .\CortexM3\ARM_GCC_541\Debug\UserButtonControl.o
CanBusMessageRead.c:52:13: warning: cast from pointer to integer of different size [-Wpointer-to-int-cast]
         if( (uint16_t)canbusRecMgsBuffer[recMsgBufferPos].rxid.byte == 0 )
             ^
arm-none-eabi-gcc.exe -mcpu=cortex-m3 -mthumb -I..\..\..\FreeRTOS\FreeRTOS-Kernel\include -I..\..\..\FreeRTOS\FreeRTOS-Kernel\portable\GCC\ARM_CM3 -I. -IGenerated_Source\PSoC5 -Wa,-alh=.\CortexM3\ARM_GCC_541\Debug/VehicleBatteryVoltage.lst -g -D DEBUG -D CY_CORE_ID=0 -Wall -ffunction-sections -ffat-lto-objects -Og -c VehicleBatteryVoltage.c -o .\CortexM3\ARM_GCC_541\Debug\VehicleBatteryVoltage.o
VehicleBatteryVoltage.c: In function 'TaskVehicleBatteryVoltage':
VehicleBatteryVoltage.c:30:14: warning: unused variable 'RawData' [-Wunused-variable]
     uint16_t RawData;
              ^
arm-none-eabi-gcc.exe -mcpu=cortex-m3 -mthumb -I..\..\..\FreeRTOS\FreeRTOS-Kernel\include -I..\..\..\FreeRTOS\FreeRTOS-Kernel\portable\GCC\ARM_CM3 -I. -IGenerated_Source\PSoC5 -Wa,-alh=.\CortexM3\ARM_GCC_541\Debug/SystemMessenger.lst -g -D DEBUG -D CY_CORE_ID=0 -Wall -ffunction-sections -ffat-lto-objects -Og -c SystemMessenger.c -o .\CortexM3\ARM_GCC_541\Debug\SystemMessenger.o
arm-none-eabi-gcc.exe -mcpu=cortex-m3 -mthumb -I..\..\..\FreeRTOS\FreeRTOS-Kernel\include -I..\..\..\FreeRTOS\FreeRTOS-Kernel\portable\GCC\ARM_CM3 -I. -IGenerated_Source\PSoC5 -Wa,-alh=.\CortexM3\ARM_GCC_541\Debug/port.lst -g -D DEBUG -D CY_CORE_ID=0 -Wall -ffunction-sections -ffat-lto-objects -Og -c ..\..\..\FreeRTOS\FreeRTOS-Kernel\portable\GCC\ARM_CM3\port.c -o .\CortexM3\ARM_GCC_541\Debug\port.o
arm-none-eabi-gcc.exe -mcpu=cortex-m3 -mthumb -I..\..\..\FreeRTOS\FreeRTOS-Kernel\include -I..\..\..\FreeRTOS\FreeRTOS-Kernel\portable\GCC\ARM_CM3 -I. -IGenerated_Source\PSoC5 -Wa,-alh=.\CortexM3\ARM_GCC_541\Debug/queue.lst -g -D DEBUG -D CY_CORE_ID=0 -Wall -ffunction-sections -ffat-lto-objects -Og -c ..\..\..\FreeRTOS\FreeRTOS-Kernel\queue.c -o .\CortexM3\ARM_GCC_541\Debug\queue.o
arm-none-eabi-gcc.exe -mcpu=cortex-m3 -mthumb -I..\..\..\FreeRTOS\FreeRTOS-Kernel\include -I..\..\..\FreeRTOS\FreeRTOS-Kernel\portable\GCC\ARM_CM3 -I. -IGenerated_Source\PSoC5 -Wa,-alh=.\CortexM3\ARM_GCC_541\Debug/tasks.lst -g -D DEBUG -D CY_CORE_ID=0 -Wall -ffunction-sections -ffat-lto-objects -Og -c ..\..\..\FreeRTOS\FreeRTOS-Kernel\tasks.c -o .\CortexM3\ARM_GCC_541\Debug\tasks.o
arm-none-eabi-gcc.exe -mcpu=cortex-m3 -mthumb -I..\..\..\FreeRTOS\FreeRTOS-Kernel\include -I..\..\..\FreeRTOS\FreeRTOS-Kernel\portable\GCC\ARM_CM3 -I. -IGenerated_Source\PSoC5 -Wa,-alh=.\CortexM3\ARM_GCC_541\Debug/timers.lst -g -D DEBUG -D CY_CORE_ID=0 -Wall -ffunction-sections -ffat-lto-objects -Og -c ..\..\..\FreeRTOS\FreeRTOS-Kernel\timers.c -o .\CortexM3\ARM_GCC_541\Debug\timers.o
arm-none-eabi-gcc.exe -mcpu=cortex-m3 -mthumb -I..\..\..\FreeRTOS\FreeRTOS-Kernel\include -I..\..\..\FreeRTOS\FreeRTOS-Kernel\portable\GCC\ARM_CM3 -I. -IGenerated_Source\PSoC5 -Wa,-alh=.\CortexM3\ARM_GCC_541\Debug/heap_1.lst -g -D DEBUG -D CY_CORE_ID=0 -Wall -ffunction-sections -ffat-lto-objects -Og -c ..\..\..\FreeRTOS\FreeRTOS-Kernel\portable\MemMang\heap_1.c -o .\CortexM3\ARM_GCC_541\Debug\heap_1.o
arm-none-eabi-gcc.exe -mcpu=cortex-m3 -mthumb -I..\..\..\FreeRTOS\FreeRTOS-Kernel\include -I..\..\..\FreeRTOS\FreeRTOS-Kernel\portable\GCC\ARM_CM3 -I. -IGenerated_Source\PSoC5 -Wa,-alh=.\CortexM3\ARM_GCC_541\Debug/BluetoothUART_INT.lst -g -D DEBUG -D CY_CORE_ID=0 -Wall -ffunction-sections -ffat-lto-objects -Og -c Generated_Source\PSoC5\BluetoothUART_INT.c -o .\CortexM3\ARM_GCC_541\Debug\BluetoothUART_INT.o
arm-none-eabi-gcc.exe -mcpu=cortex-m3 -mthumb -I..\..\..\FreeRTOS\FreeRTOS-Kernel\include -I..\..\..\FreeRTOS\FreeRTOS-Kernel\portable\GCC\ARM_CM3 -I. -IGenerated_Source\PSoC5 -Wa,-alh=.\CortexM3\ARM_GCC_541\Debug/IntBluetoothUART.lst -g -D DEBUG -D CY_CORE_ID=0 -Wall -ffunction-sections -ffat-lto-objects -Og -c Generated_Source\PSoC5\IntBluetoothUART.c -o .\CortexM3\ARM_GCC_541\Debug\IntBluetoothUART.o
arm-none-eabi-gcc.exe -mcpu=cortex-m3 -mthumb -I..\..\..\FreeRTOS\FreeRTOS-Kernel\include -I..\..\..\FreeRTOS\FreeRTOS-Kernel\portable\GCC\ARM_CM3 -I. -IGenerated_Source\PSoC5 -Wa,-alh=.\CortexM3\ARM_GCC_541\Debug/VehicleCAN_TX_RX_func.lst -g -D DEBUG -D CY_CORE_ID=0 -Wall -ffunction-sections -ffat-lto-objects -Og -c Generated_Source\PSoC5\VehicleCAN_TX_RX_func.c -o .\CortexM3\ARM_GCC_541\Debug\VehicleCAN_TX_RX_func.o
arm-none-eabi-ar.exe -rs .\CortexM3\ARM_GCC_541\Debug\Protocov.a .\CortexM3\ARM_GCC_541\Debug\PlayPauseButton.o .\CortexM3\ARM_GCC_541\Debug\NextButton.o .\CortexM3\ARM_GCC_541\Debug\PreviousButton.o .\CortexM3\ARM_GCC_541\Debug\PowerEnableSelf.o .\CortexM3\ARM_GCC_541\Debug\PowerEnableBatt.o .\CortexM3\ARM_GCC_541\Debug\PowerEnableACC.o .\CortexM3\ARM_GCC_541\Debug\CanRx.o .\CortexM3\ARM_GCC_541\Debug\CanTx.o .\CortexM3\ARM_GCC_541\Debug\CyDmac.o .\CortexM3\ARM_GCC_541\Debug\CyFlash.o .\CortexM3\ARM_GCC_541\Debug\CyLib.o .\CortexM3\ARM_GCC_541\Debug\cyPm.o .\CortexM3\ARM_GCC_541\Debug\CySpc.o .\CortexM3\ARM_GCC_541\Debug\cyutils.o .\CortexM3\ARM_GCC_541\Debug\cy_em_eeprom.o .\CortexM3\ARM_GCC_541\Debug\BluetoothUART.o .\CortexM3\ARM_GCC_541\Debug\BluetoothUART_PM.o .\CortexM3\ARM_GCC_541\Debug\BluetoothUART_INT.o .\CortexM3\ARM_GCC_541\Debug\BluetoothUART_BOOT.o .\CortexM3\ARM_GCC_541\Debug\BluetoothUART_IntClock.o .\CortexM3\ARM_GCC_541\Debug\IntBluetoothUART.o .\CortexM3\ARM_GCC_541\Debug\Clock_1.o .\CortexM3\ARM_GCC_541\Debug\Counter_1.o .\CortexM3\ARM_GCC_541\Debug\Counter_1_PM.o .\CortexM3\ARM_GCC_541\Debug\Clock_2.o .\CortexM3\ARM_GCC_541\Debug\VehicleCAN.o .\CortexM3\ARM_GCC_541\Debug\VehicleCAN_INT.o .\CortexM3\ARM_GCC_541\Debug\VehicleCAN_PM.o .\CortexM3\ARM_GCC_541\Debug\VehicleCAN_TX_RX_func.o .\CortexM3\ARM_GCC_541\Debug\ProtocovUSB.o .\CortexM3\ARM_GCC_541\Debug\ProtocovUSB_audio.o .\CortexM3\ARM_GCC_541\Debug\ProtocovUSB_boot.o .\CortexM3\ARM_GCC_541\Debug\ProtocovUSB_cdc.o .\CortexM3\ARM_GCC_541\Debug\ProtocovUSB_cls.o .\CortexM3\ARM_GCC_541\Debug\ProtocovUSB_descr.o .\CortexM3\ARM_GCC_541\Debug\ProtocovUSB_drv.o .\CortexM3\ARM_GCC_541\Debug\ProtocovUSB_episr.o .\CortexM3\ARM_GCC_541\Debug\ProtocovUSB_hid.o .\CortexM3\ARM_GCC_541\Debug\ProtocovUSB_pm.o .\CortexM3\ARM_GCC_541\Debug\ProtocovUSB_std.o .\CortexM3\ARM_GCC_541\Debug\ProtocovUSB_vnd.o .\CortexM3\ARM_GCC_541\Debug\ProtocovUSB_midi.o .\CortexM3\ARM_GCC_541\Debug\ProtocovUSB_msc.o .\CortexM3\ARM_GCC_541\Debug\ProtocovUSB_Dm.o .\CortexM3\ARM_GCC_541\Debug\ProtocovUSB_Dp.o .\CortexM3\ARM_GCC_541\Debug\VehicleCarBattVoltage.o .\CortexM3\ARM_GCC_541\Debug\VehicleBattVoltageAdc.o .\CortexM3\ARM_GCC_541\Debug\VehicleBattVoltageAdc_INT.o .\CortexM3\ARM_GCC_541\Debug\VehicleBattVoltageAdc_PM.o .\CortexM3\ARM_GCC_541\Debug\VehicleBattVoltageAdc_IRQ.o .\CortexM3\ARM_GCC_541\Debug\ClockVehicleBattVoltageADC.o .\CortexM3\ARM_GCC_541\Debug\CyBootAsmGnu.o
arm-none-eabi-ar.exe: creating .\CortexM3\ARM_GCC_541\Debug\Protocov.a
arm-none-eabi-gcc.exe -Wl,--start-group -o "E:\GIT Hub Project\protocov\Protocov\Protocov.cydsn\CortexM3\ARM_GCC_541\Debug\Protocov.elf" .\CortexM3\ARM_GCC_541\Debug\main.o .\CortexM3\ARM_GCC_541\Debug\BluetoothComms.o .\CortexM3\ARM_GCC_541\Debug\CanBusMessageRead.o .\CortexM3\ARM_GCC_541\Debug\UserButtonControl.o .\CortexM3\ARM_GCC_541\Debug\VehicleBatteryVoltage.o .\CortexM3\ARM_GCC_541\Debug\SystemMessenger.o .\CortexM3\ARM_GCC_541\Debug\port.o .\CortexM3\ARM_GCC_541\Debug\list.o .\CortexM3\ARM_GCC_541\Debug\queue.o .\CortexM3\ARM_GCC_541\Debug\tasks.o .\CortexM3\ARM_GCC_541\Debug\timers.o .\CortexM3\ARM_GCC_541\Debug\heap_1.o .\CortexM3\ARM_GCC_541\Debug\cyfitter_cfg.o .\CortexM3\ARM_GCC_541\Debug\cymetadata.o .\CortexM3\ARM_GCC_541\Debug\Cm3Start.o .\CortexM3\ARM_GCC_541\Debug\Protocov.a "C:\Program Files (x86)\Cypress\PSoC Creator\4.4\PSoC Creator\psoc\content\cycomponentlibrary\CyComponentLibrary.cylib\CortexM3\ARM_GCC_541\Debug\CyComponentLibrary.a" -mcpu=cortex-m3 -mthumb -L Generated_Source\PSoC5 -Wl,-Map,.\CortexM3\ARM_GCC_541\Debug/Protocov.map -T Generated_Source\PSoC5\cm3gcc.ld -specs=nano.specs -Wl,--gc-sections -g -ffunction-sections -Og -ffat-lto-objects -Wl,--end-group
cyelftool.exe -C "E:\GIT Hub Project\protocov\Protocov\Protocov.cydsn\CortexM3\ARM_GCC_541\Debug\Protocov.elf" --flash_row_size 256 --flash_size 262144 --flash_offset 0x00000000
No ELF section .cychecksum found, creating one
Application checksum calculated and stored in ELF section .cychecksum
Checksum calculated and stored in ELF section .cymeta
cyelftool.exe -S "E:\GIT Hub Project\protocov\Protocov\Protocov.cydsn\CortexM3\ARM_GCC_541\Debug\Protocov.elf"
Flash used: 9856 of 262144 bytes (3.8%).
SRAM used: 36497 of 65536 bytes (55.7%). Stack: 2048 bytes. Heap: 128 bytes.
--------------- Build Succeeded: 10/28/2023 19:54:52 ---------------
