--------------- Clean Started: 10/28/2023 10:14:48 Project: Protocov, Configuration: ARM GCC 5.4-2016-q2-update Debug ---------------
Deleting file ".\CortexM3\ARM_GCC_541\Debug\main.o"
Deleting file ".\CortexM3\ARM_GCC_541\Debug\BluetoothComms.o"
Deleting file ".\CortexM3\ARM_GCC_541\Debug\CanBusMessageRead.o"
Deleting file ".\CortexM3\ARM_GCC_541\Debug\UserButtonControl.o"
Deleting file ".\CortexM3\ARM_GCC_541\Debug\port.o"
Deleting file ".\CortexM3\ARM_GCC_541\Debug\list.o"
Deleting file ".\CortexM3\ARM_GCC_541\Debug\queue.o"
Deleting file ".\CortexM3\ARM_GCC_541\Debug\tasks.o"
Deleting file ".\CortexM3\ARM_GCC_541\Debug\timers.o"
Deleting file ".\CortexM3\ARM_GCC_541\Debug\heap_1.o"
Deleting file ".\CortexM3\ARM_GCC_541\Debug\cyfitter_cfg.o"
Deleting file ".\CortexM3\ARM_GCC_541\Debug\cymetadata.o"
Deleting file ".\CortexM3\ARM_GCC_541\Debug\PlayPauseButton.o"
Deleting file ".\CortexM3\ARM_GCC_541\Debug\NextButton.o"
Deleting file ".\CortexM3\ARM_GCC_541\Debug\PreviousButton.o"
Deleting file ".\CortexM3\ARM_GCC_541\Debug\PowerEnableSelf.o"
Deleting file ".\CortexM3\ARM_GCC_541\Debug\PowerEnableBatt.o"
Deleting file ".\CortexM3\ARM_GCC_541\Debug\PowerEnableACC.o"
Deleting file ".\CortexM3\ARM_GCC_541\Debug\CanRx.o"
Deleting file ".\CortexM3\ARM_GCC_541\Debug\CanTx.o"
Deleting file ".\CortexM3\ARM_GCC_541\Debug\Cm3Start.o"
Deleting file ".\CortexM3\ARM_GCC_541\Debug\CyBootAsmGnu.o"
Deleting file ".\CortexM3\ARM_GCC_541\Debug\CyDmac.o"
Deleting file ".\CortexM3\ARM_GCC_541\Debug\CyFlash.o"
Deleting file ".\CortexM3\ARM_GCC_541\Debug\CyLib.o"
Deleting file ".\CortexM3\ARM_GCC_541\Debug\cyPm.o"
Deleting file ".\CortexM3\ARM_GCC_541\Debug\CySpc.o"
Deleting file ".\CortexM3\ARM_GCC_541\Debug\cyutils.o"
Deleting file ".\CortexM3\ARM_GCC_541\Debug\cy_em_eeprom.o"
Deleting file ".\CortexM3\ARM_GCC_541\Debug\BluetoothUART.o"
Deleting file ".\CortexM3\ARM_GCC_541\Debug\BluetoothUART_PM.o"
Deleting file ".\CortexM3\ARM_GCC_541\Debug\BluetoothUART_INT.o"
Deleting file ".\CortexM3\ARM_GCC_541\Debug\BluetoothUART_BOOT.o"
Deleting file ".\CortexM3\ARM_GCC_541\Debug\BluetoothUART_IntClock.o"
Deleting file ".\CortexM3\ARM_GCC_541\Debug\IntBluetoothUART.o"
Deleting file ".\CortexM3\ARM_GCC_541\Debug\Clock_1.o"
Deleting file ".\CortexM3\ARM_GCC_541\Debug\Counter_1.o"
Deleting file ".\CortexM3\ARM_GCC_541\Debug\Counter_1_PM.o"
Deleting file ".\CortexM3\ARM_GCC_541\Debug\Clock_2.o"
Deleting file ".\CortexM3\ARM_GCC_541\Debug\VehicleCAN.o"
Deleting file ".\CortexM3\ARM_GCC_541\Debug\VehicleCAN_INT.o"
Deleting file ".\CortexM3\ARM_GCC_541\Debug\VehicleCAN_PM.o"
Deleting file ".\CortexM3\ARM_GCC_541\Debug\VehicleCAN_TX_RX_func.o"
Deleting file ".\CortexM3\ARM_GCC_541\Debug\ProtocovUSB.o"
Deleting file ".\CortexM3\ARM_GCC_541\Debug\ProtocovUSB_audio.o"
Deleting file ".\CortexM3\ARM_GCC_541\Debug\ProtocovUSB_boot.o"
Deleting file ".\CortexM3\ARM_GCC_541\Debug\ProtocovUSB_cdc.o"
Deleting file ".\CortexM3\ARM_GCC_541\Debug\ProtocovUSB_cls.o"
Deleting file ".\CortexM3\ARM_GCC_541\Debug\ProtocovUSB_descr.o"
Deleting file ".\CortexM3\ARM_GCC_541\Debug\ProtocovUSB_drv.o"
Deleting file ".\CortexM3\ARM_GCC_541\Debug\ProtocovUSB_episr.o"
Deleting file ".\CortexM3\ARM_GCC_541\Debug\ProtocovUSB_hid.o"
Deleting file ".\CortexM3\ARM_GCC_541\Debug\ProtocovUSB_pm.o"
Deleting file ".\CortexM3\ARM_GCC_541\Debug\ProtocovUSB_std.o"
Deleting file ".\CortexM3\ARM_GCC_541\Debug\ProtocovUSB_vnd.o"
Deleting file ".\CortexM3\ARM_GCC_541\Debug\ProtocovUSB_midi.o"
Deleting file ".\CortexM3\ARM_GCC_541\Debug\ProtocovUSB_msc.o"
Deleting file ".\CortexM3\ARM_GCC_541\Debug\ProtocovUSB_Dm.o"
Deleting file ".\CortexM3\ARM_GCC_541\Debug\ProtocovUSB_Dp.o"
Deleting file ".\CortexM3\ARM_GCC_541\Debug\IntVehicleBattVoltage.o"
Deleting file ".\CortexM3\ARM_GCC_541\Debug\VehicleCarBattVoltage.o"
Deleting file ".\CortexM3\ARM_GCC_541\Debug\VehicleBattVoltageAdc.o"
Deleting file ".\CortexM3\ARM_GCC_541\Debug\VehicleBattVoltageAdc_INT.o"
Deleting file ".\CortexM3\ARM_GCC_541\Debug\VehicleBattVoltageAdc_PM.o"
Deleting file ".\CortexM3\ARM_GCC_541\Debug\VehicleBattVoltageAdc_IRQ.o"
Deleting file ".\CortexM3\ARM_GCC_541\Debug\VehicleBattVoltageAdc_theACLK.o"
Deleting file ".\CortexM3\ARM_GCC_541\Debug\VehicleBattVoltageAdc_Bypass.o"
Deleting file ".\CortexM3\ARM_GCC_541\Debug\Protocov.hex"
Deleting file ".\CortexM3\ARM_GCC_541\Debug\Protocov.elf"
Deleting file ".\CortexM3\ARM_GCC_541\Debug\Protocov.map"
Deleting file ".\Protocov.cycdx"
Deleting file ".\Protocov.svd"
Deleting file ".\Protocov.rpt"
Deleting file ".\Protocov_timing.html"
Deleting file ".\CortexM3\ARM_GCC_541\Debug\.deps\SOURCE_C__ARM_GCC_GENERIC.P"
Deleting file ".\CortexM3\ARM_GCC_541\Debug\.deps\SOURCE_ASM__ARM_GCC_GENERIC.P"
--------------- Clean Succeeded: 10/28/2023 10:14:49 ---------------
